Log file open, 01/12/22 15:37:18
LogWindows: Failed to load 'aqProf.dll' (GetLastError=126)
LogWindows: File 'aqProf.dll' does not exist
LogWindows: Failed to load 'VtuneApi.dll' (GetLastError=126)
LogWindows: File 'VtuneApi.dll' does not exist
LogWindows: Failed to load 'VtuneApi32e.dll' (GetLastError=126)
LogWindows: File 'VtuneApi32e.dll' does not exist
LogConsoleResponse: Display: Failed to find resolution value strings in scalability ini. Falling back to default.
LogConsoleResponse: Display: Failed to find resolution value strings in scalability ini. Falling back to default.
LogInit: Display: Running engine for game: BossGame
LogPlatformFile: Not using cached read wrapper
LogTaskGraph: Started task graph with 5 named threads and 71 total threads with 3 sets of task threads.
LogStats: Stats thread started at 0.182993
LogICUInternationalization: ICU TimeZone Detection - Raw Offset: +8:00, Platform Override: ''
LogInit: Display: Loading text-based GConfig....
LogPluginManager: Mounting plugin MegascansPlugin
LogPluginManager: Mounting plugin MeshPainting
LogPluginManager: Mounting plugin XGEController
LogPluginManager: Mounting plugin Paper2D
LogPluginManager: Mounting plugin AISupport
LogPluginManager: Mounting plugin EnvironmentQueryEditor
LogPluginManager: Mounting plugin LiveLink
LogPluginManager: Mounting plugin GameplayCameras
LogPluginManager: Mounting plugin CameraShakePreviewer
LogPluginManager: Mounting plugin AnimationSharing
LogPluginManager: Mounting plugin DatasmithContent
LogPluginManager: Mounting plugin Niagara
LogPluginManager: Mounting plugin VariantManagerContent
LogPluginManager: Mounting plugin AndroidMedia
LogPluginManager: Mounting plugin LuminPlatformFeatures
LogPluginManager: Mounting plugin MagicLeap
LogPluginManager: Mounting plugin TcpMessaging
LogPluginManager: Mounting plugin UdpMessaging
LogPluginManager: Mounting plugin AvfMedia
LogPluginManager: Mounting plugin ImgMedia
LogPluginManager: Mounting plugin MagicLeapMedia
LogPluginManager: Mounting plugin MagicLeapLightEstimation
LogPluginManager: Mounting plugin MediaCompositing
LogPluginManager: Mounting plugin MagicLeapPassableWorld
LogPluginManager: Mounting plugin AlembicImporter
LogPluginManager: Mounting plugin MediaPlayerEditor
LogPluginManager: Mounting plugin WmfMedia
LogPluginManager: Mounting plugin WebMMedia
LogPluginManager: Mounting plugin MLSDK
LogPluginManager: Mounting plugin AutomationUtils
LogPluginManager: Mounting plugin BackChannel
LogPluginManager: Mounting plugin ChaosCloth
LogPluginManager: Mounting plugin ChaosNiagara
LogPluginManager: Mounting plugin ChaosClothEditor
LogPluginManager: Mounting plugin ChaosEditor
LogPluginManager: Mounting plugin ChaosSolverPlugin
LogPluginManager: Mounting plugin CharacterAI
LogPluginManager: Mounting plugin GeometryCache
LogPluginManager: Mounting plugin GeometryCollectionPlugin
LogPluginManager: Mounting plugin GeometryProcessing
LogPluginManager: Mounting plugin OpenImageDenoise
LogPluginManager: Mounting plugin MotoSynth
LogPluginManager: Mounting plugin ActorSequence
LogPluginManager: Mounting plugin PlanarCut
LogPluginManager: Mounting plugin PlatformCrypto
LogPluginManager: Mounting plugin ProxyLODPlugin
LogPluginManager: Mounting plugin PythonScriptPlugin
LogPluginManager: Mounting plugin LevelSequenceEditor
LogPluginManager: Mounting plugin MatineeToLevelSequence
LogPluginManager: Mounting plugin Text3D
LogPluginManager: Mounting plugin SkeletalReduction
LogPluginManager: Mounting plugin LauncherChunkInstaller
LogPluginManager: Mounting plugin TemplateSequence
LogPluginManager: Mounting plugin OnlineSubsystem
LogPluginManager: Mounting plugin OnlineSubsystemNull
LogPluginManager: Mounting plugin OnlineSubsystemUtils
LogPluginManager: Mounting plugin ActorLayerUtilities
LogPluginManager: Mounting plugin AndroidDeviceProfileSelector
LogPluginManager: Mounting plugin AndroidMoviePlayer
LogPluginManager: Mounting plugin Takes
LogPluginManager: Mounting plugin AndroidPermission
LogPluginManager: Mounting plugin AppleImageUtils
LogPluginManager: Mounting plugin AudioCapture
LogPluginManager: Mounting plugin ArchVisCharacter
LogPluginManager: Mounting plugin AppleMoviePlayer
LogPluginManager: Mounting plugin AssetTags
LogPluginManager: Mounting plugin AudioSynesthesia
LogPluginManager: Mounting plugin CableComponent
LogPluginManager: Mounting plugin ChunkDownloader
LogPluginManager: Mounting plugin CustomMeshComponent
LogPluginManager: Mounting plugin EditableMesh
LogPluginManager: Mounting plugin ExampleDeviceProfileSelector
LogPluginManager: Mounting plugin GoogleCloudMessaging
LogPluginManager: Mounting plugin ScreenshotTools
LogPluginManager: Mounting plugin GooglePAD
LogPluginManager: Mounting plugin IOSDeviceProfileSelector
LogPluginManager: Mounting plugin LinuxDeviceProfileSelector
LogPluginManager: Mounting plugin LocationServicesBPLibrary
LogPluginManager: Mounting plugin MobilePatchingUtils
LogPluginManager: Mounting plugin OpenXR
LogPluginManager: Mounting plugin OpenXREyeTracker
LogPluginManager: Mounting plugin OpenXRHandTracking
LogPluginManager: Mounting plugin PostSplashScreen
LogPluginManager: Mounting plugin PhysXVehicles
LogPluginManager: Mounting plugin ProceduralMeshComponent
LogPluginManager: Mounting plugin PropertyAccessEditor
LogPluginManager: Mounting plugin RuntimePhysXCooking
LogPluginManager: Mounting plugin SignificanceManager
LogPluginManager: Mounting plugin SoundFields
LogPluginManager: Mounting plugin Synthesis
LogPluginManager: Mounting plugin WebMMoviePlayer
LogPluginManager: Mounting plugin WindowsMoviePlayer
LogPluginManager: Mounting plugin CLionSourceCodeAccess
LogPluginManager: Mounting plugin CodeLiteSourceCodeAccess
LogPluginManager: Mounting plugin GitSourceControl
LogPluginManager: Mounting plugin NullSourceCodeAccess
LogPluginManager: Mounting plugin KDevelopSourceCodeAccess
LogPluginManager: Mounting plugin PerforceSourceControl
LogPluginManager: Mounting plugin PlasticSourceControl
LogPluginManager: Mounting plugin PixWinPlugin
LogPluginManager: Mounting plugin PropertyAccessNode
LogPluginManager: Mounting plugin PluginUtils
LogPluginManager: Mounting plugin RiderSourceCodeAccess
LogPluginManager: Mounting plugin SubversionSourceControl
LogPluginManager: Mounting plugin TextureFormatOodle
LogPluginManager: Mounting plugin UObjectPlugin
LogPluginManager: Mounting plugin XCodeSourceCodeAccess
LogPluginManager: Mounting plugin VisualStudioCodeSourceCodeAccess
LogPluginManager: Mounting plugin VisualStudioSourceCodeAccess
LogPluginManager: Mounting plugin OodleData
LogPluginManager: Mounting plugin OodleNetwork
LogPluginManager: Mounting plugin AssetManagerEditor
LogPluginManager: Mounting plugin LightPropagationVolume
LogPluginManager: Mounting plugin CryptoKeys
LogPluginManager: Mounting plugin CurveEditorTools
LogPluginManager: Mounting plugin DataValidation
LogPluginManager: Mounting plugin FacialAnimation
LogPluginManager: Mounting plugin EditorScriptingUtilities
LogPluginManager: Mounting plugin GeometryMode
LogPluginManager: Mounting plugin GameplayTagsEditor
LogPluginManager: Mounting plugin MacGraphicsSwitching
LogPluginManager: Mounting plugin MaterialAnalyzer
LogPluginManager: Mounting plugin MobileLauncherProfileWizard
LogPluginManager: Mounting plugin PluginBrowser
LogPluginManager: Mounting plugin SpeedTreeImporter
LogPluginManager: Mounting plugin OnlineSubsystemIOS
LogPluginManager: Mounting plugin OnlineSubsystemGooglePlay
LogPluginManager: Mounting plugin SQLiteCore
LogPluginManager: Mounting plugin DatabaseSupport
LogPluginManager: Mounting plugin SQLiteSupport
LogPluginManager: Mounting plugin OculusVR
LogPluginManager: Mounting plugin SteamVR
LogPluginManager: Mounting plugin ContentBrowserFileDataSource
LogPluginManager: Mounting plugin ContentBrowserClassDataSource
LogPluginManager: Mounting plugin ContentBrowserAssetDataSource
LogInit: Using libcurl 7.55.1-DEV
LogInit:  - built for x86_64-pc-win32
LogInit:  - supports SSL with OpenSSL/1.1.1
LogInit:  - supports HTTP deflate (compression) using libz 1.2.8
LogInit:  - other features:
LogInit:      CURL_VERSION_SSL
LogInit:      CURL_VERSION_LIBZ
LogInit:      CURL_VERSION_IPV6
LogInit:      CURL_VERSION_ASYNCHDNS
LogInit:      CURL_VERSION_LARGEFILE
LogInit:      CURL_VERSION_IDN
LogInit:  CurlRequestOptions (configurable via config and command line):
LogInit:  - bVerifyPeer = true  - Libcurl will verify peer certificate
LogInit:  - bUseHttpProxy = false  - Libcurl will NOT use HTTP proxy
LogInit:  - bDontReuseConnections = false  - Libcurl will reuse connections
LogInit:  - MaxHostConnections = 16  - Libcurl will limit the number of connections to a host
LogInit:  - LocalHostAddr = Default
LogInit:  - BufferSize = 65536
LogOnline: OSS: Creating online subsystem instance for: NULL
LogInit: WinSock: version 1.1 (2.2), MaxSocks=32767, MaxUdp=65467
LogOnline: OSS: TryLoadSubsystemAndSetDefault: Loaded subsystem for module [NULL]
PixWinPlugin: PIX capture plugin failed to initialize! Check that the process is launched from PIX.
LogOculusPluginWrapper: OculusPlugin initialized successfully
LogHMD: Failed initializing OVRPlugin 1.59.0
LogInit: Build: ++UE4+Release-4.27-CL-18319896
LogInit: Engine Version: 4.27.2-18319896+++UE4+Release-4.27
LogInit: Compatible Engine Version: 4.27.0-17155196+++UE4+Release-4.27
LogInit: Net CL: 17155196
LogInit: OS: Windows 10 (Release 2009) (), CPU: AMD Ryzen 9 5900X 12-Core Processor            , GPU: NVIDIA GeForce RTX 3060
LogInit: Compiled (64-bit): Nov 30 2021 07:12:08
LogInit: Compiled with Visual C++: 19.24.28315.00
LogInit: Build Configuration: Development
LogInit: Branch Name: ++UE4+Release-4.27
LogInit: Command Line:  /Game/ThirdPersonBP/Maps/ThirdPersonExampleMap -game -PIEVIACONSOLE -Multiprocess "GameUserSettingsINI=D:/Unity Projects/Game/Saved/Config/Windows/PIEGameUserSettings0.ini" -MultiprocessSaveConfig -forcepassthrough -messaging -SessionName="Play in Standalone Game" -featureleveles31 -faketouches -MultiprocessSaveConfig -windowed -ResX=720 -ResY=1280 -ForceRes
LogInit: Base Directory: C:/Program Files/Epic Games/UE_4.27/Engine/Binaries/Win64/
LogInit: Allocator: TBB
LogInit: Installed Engine Build: 1
LogDevObjectVersion: Number of dev versions registered: 29
LogDevObjectVersion:   Dev-Blueprints (B0D832E4-1F89-4F0D-ACCF-7EB736FD4AA2): 10
LogDevObjectVersion:   Dev-Build (E1C64328-A22C-4D53-A36C-8E866417BD8C): 0
LogDevObjectVersion:   Dev-Core (375EC13C-06E4-48FB-B500-84F0262A717E): 4
LogDevObjectVersion:   Dev-Editor (E4B068ED-F494-42E9-A231-DA0B2E46BB41): 40
LogDevObjectVersion:   Dev-Framework (CFFC743F-43B0-4480-9391-14DF171D2073): 37
LogDevObjectVersion:   Dev-Mobile (B02B49B5-BB20-44E9-A304-32B752E40360): 3
LogDevObjectVersion:   Dev-Networking (A4E4105C-59A1-49B5-A7C5-40C4547EDFEE): 0
LogDevObjectVersion:   Dev-Online (39C831C9-5AE6-47DC-9A44-9C173E1C8E7C): 0
LogDevObjectVersion:   Dev-Physics (78F01B33-EBEA-4F98-B9B4-84EACCB95AA2): 14
LogDevObjectVersion:   Dev-Platform (6631380F-2D4D-43E0-8009-CF276956A95A): 0
LogDevObjectVersion:   Dev-Rendering (12F88B9F-8875-4AFC-A67C-D90C383ABD29): 45
LogDevObjectVersion:   Dev-Sequencer (7B5AE74C-D270-4C10-A958-57980B212A5A): 13
LogDevObjectVersion:   Dev-VR (D7296918-1DD6-4BDD-9DE2-64A83CC13884): 3
LogDevObjectVersion:   Dev-LoadTimes (C2A15278-BFE7-4AFE-6C17-90FF531DF755): 1
LogDevObjectVersion:   Private-Geometry (6EACA3D4-40EC-4CC1-B786-8BED09428FC5): 3
LogDevObjectVersion:   Dev-AnimPhys (29E575DD-E0A3-4627-9D10-D276232CDCEA): 17
LogDevObjectVersion:   Dev-Anim (AF43A65D-7FD3-4947-9873-3E8ED9C1BB05): 15
LogDevObjectVersion:   Dev-ReflectionCapture (6B266CEC-1EC7-4B8F-A30B-E4D90942FC07): 1
LogDevObjectVersion:   Dev-Automation (0DF73D61-A23F-47EA-B727-89E90C41499A): 1
LogDevObjectVersion:   FortniteMain (601D1886-AC64-4F84-AA16-D3DE0DEAC7D6): 47
LogDevObjectVersion:   FortniteRelease (E7086368-6B23-4C58-8439-1B7016265E91): 1
LogDevObjectVersion:   Dev-Enterprise (9DFFBCD6-494F-0158-E221-12823C92A888): 10
LogDevObjectVersion:   Dev-Niagara (F2AED0AC-9AFE-416F-8664-AA7FFA26D6FC): 1
LogDevObjectVersion:   Dev-Destruction (174F1F0B-B4C6-45A5-B13F-2EE8D0FB917D): 10
LogDevObjectVersion:   Dev-Physics-Ext (35F94A83-E258-406C-A318-09F59610247C): 41
LogDevObjectVersion:   Dev-PhysicsMaterial-Chaos (B68FC16E-8B1B-42E2-B453-215C058844FE): 1
LogDevObjectVersion:   Dev-CineCamera (B2E18506-4273-CFC2-A54E-F4BB758BBA07): 1
LogDevObjectVersion:   Dev-VirtualProduction (64F58936-FD1B-42BA-BA96-7289D5D0FA4E): 1
LogDevObjectVersion:   Dev-MediaFramework (6F0ED827-A609-4895-9C91-998D90180EA4): 2
LogInit: Presizing for max 25165824 objects, including 0 objects not considered by GC, pre-allocating 0 bytes for permanent pool.
LogConfig: Applying CVar settings from Section [/Script/Engine.StreamingSettings] File [D:/Unity Projects/Game/Saved/Config/Windows/Engine.ini]
LogConfig: Setting CVar [[s.MinBulkDataSizeForAsyncLoading:131072]]
LogConfig: Setting CVar [[s.AsyncLoadingThreadEnabled:0]]
LogConfig: Setting CVar [[s.EventDrivenLoaderEnabled:1]]
LogConfig: Setting CVar [[s.WarnIfTimeLimitExceeded:0]]
LogConfig: Setting CVar [[s.TimeLimitExceededMultiplier:1.5]]
LogConfig: Setting CVar [[s.TimeLimitExceededMinTime:0.005]]
LogConfig: Setting CVar [[s.UseBackgroundLevelStreaming:1]]
LogConfig: Setting CVar [[s.PriorityAsyncLoadingExtraTime:15.0]]
LogConfig: Setting CVar [[s.LevelStreamingActorsUpdateTimeLimit:5.0]]
LogConfig: Setting CVar [[s.PriorityLevelStreamingActorsUpdateExtraTime:5.0]]
LogConfig: Setting CVar [[s.LevelStreamingComponentsRegistrationGranularity:10]]
LogConfig: Setting CVar [[s.UnregisterComponentsTimeLimit:1.0]]
LogConfig: Setting CVar [[s.LevelStreamingComponentsUnregistrationGranularity:5]]
LogConfig: Setting CVar [[s.FlushStreamingOnExit:1]]
LogInit: Object subsystem initialized
LogConfig: Setting CVar [[con.DebugEarlyDefault:1]]
LogConfig: Setting CVar [[r.setres:1280x720]]
[2022.01.12-07.37.18:935][  0]LogConfig: Setting CVar [[con.DebugEarlyDefault:1]]
[2022.01.12-07.37.18:935][  0]LogConfig: Setting CVar [[r.setres:1280x720]]
[2022.01.12-07.37.18:935][  0]LogConfig: Applying CVar settings from Section [/Script/Engine.RendererSettings] File [D:/Unity Projects/Game/Saved/Config/Windows/Engine.ini]
[2022.01.12-07.37.18:935][  0]LogConfig: Setting CVar [[r.GPUCrashDebugging:0]]
[2022.01.12-07.37.18:935][  0]LogConfig: Applying CVar settings from Section [/Script/Engine.RendererOverrideSettings] File [D:/Unity Projects/Game/Saved/Config/Windows/Engine.ini]
[2022.01.12-07.37.18:935][  0]LogConfig: Applying CVar settings from Section [/Script/Engine.StreamingSettings] File [D:/Unity Projects/Game/Saved/Config/Windows/Engine.ini]
[2022.01.12-07.37.18:935][  0]LogConfig: Setting CVar [[s.MinBulkDataSizeForAsyncLoading:131072]]
[2022.01.12-07.37.18:935][  0]LogConfig: Setting CVar [[s.AsyncLoadingThreadEnabled:0]]
[2022.01.12-07.37.18:935][  0]LogConfig: Setting CVar [[s.EventDrivenLoaderEnabled:1]]
[2022.01.12-07.37.18:935][  0]LogConfig: Setting CVar [[s.WarnIfTimeLimitExceeded:0]]
[2022.01.12-07.37.18:935][  0]LogConfig: Setting CVar [[s.TimeLimitExceededMultiplier:1.5]]
[2022.01.12-07.37.18:935][  0]LogConfig: Setting CVar [[s.TimeLimitExceededMinTime:0.005]]
[2022.01.12-07.37.18:935][  0]LogConfig: Setting CVar [[s.UseBackgroundLevelStreaming:1]]
[2022.01.12-07.37.18:935][  0]LogConfig: Setting CVar [[s.PriorityAsyncLoadingExtraTime:15.0]]
[2022.01.12-07.37.18:935][  0]LogConfig: Setting CVar [[s.LevelStreamingActorsUpdateTimeLimit:5.0]]
[2022.01.12-07.37.18:935][  0]LogConfig: Setting CVar [[s.PriorityLevelStreamingActorsUpdateExtraTime:5.0]]
[2022.01.12-07.37.18:935][  0]LogConfig: Setting CVar [[s.LevelStreamingComponentsRegistrationGranularity:10]]
[2022.01.12-07.37.18:935][  0]LogConfig: Setting CVar [[s.UnregisterComponentsTimeLimit:1.0]]
[2022.01.12-07.37.18:935][  0]LogConfig: Setting CVar [[s.LevelStreamingComponentsUnregistrationGranularity:5]]
[2022.01.12-07.37.18:935][  0]LogConfig: Setting CVar [[s.FlushStreamingOnExit:1]]
[2022.01.12-07.37.18:935][  0]LogConfig: Applying CVar settings from Section [/Script/Engine.GarbageCollectionSettings] File [D:/Unity Projects/Game/Saved/Config/Windows/Engine.ini]
[2022.01.12-07.37.18:935][  0]LogConfig: Setting CVar [[gc.MaxObjectsNotConsideredByGC:1]]
[2022.01.12-07.37.18:935][  0]LogConfig: Setting CVar [[gc.SizeOfPermanentObjectPool:0]]
[2022.01.12-07.37.18:935][  0]LogConfig: Setting CVar [[gc.FlushStreamingOnGC:0]]
[2022.01.12-07.37.18:935][  0]LogConfig: Setting CVar [[gc.NumRetriesBeforeForcingGC:10]]
[2022.01.12-07.37.18:935][  0]LogConfig: Setting CVar [[gc.AllowParallelGC:1]]
[2022.01.12-07.37.18:935][  0]LogConfig: Setting CVar [[gc.TimeBetweenPurgingPendingKillObjects:61.1]]
[2022.01.12-07.37.18:935][  0]LogConfig: Setting CVar [[gc.MaxObjectsInEditor:25165824]]
[2022.01.12-07.37.18:935][  0]LogConfig: Setting CVar [[gc.IncrementalBeginDestroyEnabled:1]]
[2022.01.12-07.37.18:935][  0]LogConfig: Setting CVar [[gc.CreateGCClusters:1]]
[2022.01.12-07.37.18:935][  0]LogConfig: Setting CVar [[gc.MinGCClusterSize:5]]
[2022.01.12-07.37.18:935][  0]LogConfig: Setting CVar [[gc.ActorClusteringEnabled:0]]
[2022.01.12-07.37.18:935][  0]LogConfig: Setting CVar [[gc.BlueprintClusteringEnabled:0]]
[2022.01.12-07.37.18:935][  0]LogConfig: Setting CVar [[gc.UseDisregardForGCOnDedicatedServers:0]]
[2022.01.12-07.37.18:935][  0]LogConfig: Setting CVar [[gc.MultithreadedDestructionEnabled:1]]
[2022.01.12-07.37.18:935][  0]LogConfig: Applying CVar settings from Section [/Script/Engine.NetworkSettings] File [D:/Unity Projects/Game/Saved/Config/Windows/Engine.ini]
[2022.01.12-07.37.18:935][  0]LogConfig: Applying CVar settings from Section [/Script/UnrealEd.CookerSettings] File [D:/Unity Projects/Game/Saved/Config/Windows/Engine.ini]
[2022.01.12-07.37.18:943][  0]LogConfig: Applying CVar settings from Section [ViewDistanceQuality@3] File [D:/Unity Projects/Game/Saved/Config/Windows/Scalability.ini]
[2022.01.12-07.37.18:943][  0]LogConfig: Setting CVar [[r.SkeletalMeshLODBias:0]]
[2022.01.12-07.37.18:943][  0]LogConfig: Setting CVar [[r.ViewDistanceScale:1.0]]
[2022.01.12-07.37.18:943][  0]LogConfig: Applying CVar settings from Section [AntiAliasingQuality@3] File [D:/Unity Projects/Game/Saved/Config/Windows/Scalability.ini]
[2022.01.12-07.37.18:943][  0]LogConfig: Setting CVar [[r.PostProcessAAQuality:4]]
[2022.01.12-07.37.18:943][  0]LogConfig: Applying CVar settings from Section [ShadowQuality@3] File [D:/Unity Projects/Game/Saved/Config/Windows/Scalability.ini]
[2022.01.12-07.37.18:943][  0]LogConfig: Setting CVar [[r.LightFunctionQuality:1]]
[2022.01.12-07.37.18:943][  0]LogConfig: Setting CVar [[r.ShadowQuality:5]]
[2022.01.12-07.37.18:943][  0]LogConfig: Setting CVar [[r.Shadow.CSM.MaxCascades:10]]
[2022.01.12-07.37.18:943][  0]LogConfig: Setting CVar [[r.Shadow.MaxResolution:2048]]
[2022.01.12-07.37.18:943][  0]LogConfig: Setting CVar [[r.Shadow.MaxCSMResolution:2048]]
[2022.01.12-07.37.18:943][  0]LogConfig: Setting CVar [[r.Shadow.RadiusThreshold:0.01]]
[2022.01.12-07.37.18:943][  0]LogConfig: Setting CVar [[r.Shadow.DistanceScale:1.0]]
[2022.01.12-07.37.18:943][  0]LogConfig: Setting CVar [[r.Shadow.CSM.TransitionScale:1.0]]
[2022.01.12-07.37.18:943][  0]LogConfig: Setting CVar [[r.Shadow.PreShadowResolutionFactor:1.0]]
[2022.01.12-07.37.18:943][  0]LogConfig: Setting CVar [[r.DistanceFieldShadowing:1]]
[2022.01.12-07.37.18:943][  0]LogConfig: Setting CVar [[r.DistanceFieldAO:1]]
[2022.01.12-07.37.18:943][  0]LogConfig: Setting CVar [[r.AOQuality:2]]
[2022.01.12-07.37.18:943][  0]LogConfig: Setting CVar [[r.VolumetricFog:1]]
[2022.01.12-07.37.18:943][  0]LogConfig: Setting CVar [[r.VolumetricFog.GridPixelSize:8]]
[2022.01.12-07.37.18:943][  0]LogConfig: Setting CVar [[r.VolumetricFog.GridSizeZ:128]]
[2022.01.12-07.37.18:943][  0]LogConfig: Setting CVar [[r.VolumetricFog.HistoryMissSupersampleCount:4]]
[2022.01.12-07.37.18:943][  0]LogConfig: Setting CVar [[r.LightMaxDrawDistanceScale:1]]
[2022.01.12-07.37.18:943][  0]LogConfig: Setting CVar [[r.CapsuleShadows:1]]
[2022.01.12-07.37.18:943][  0]LogConfig: Applying CVar settings from Section [PostProcessQuality@3] File [D:/Unity Projects/Game/Saved/Config/Windows/Scalability.ini]
[2022.01.12-07.37.18:943][  0]LogConfig: Setting CVar [[r.MotionBlurQuality:4]]
[2022.01.12-07.37.18:943][  0]LogConfig: Setting CVar [[r.AmbientOcclusionMipLevelFactor:0.4]]
[2022.01.12-07.37.18:943][  0]LogConfig: Setting CVar [[r.AmbientOcclusionMaxQuality:100]]
[2022.01.12-07.37.18:943][  0]LogConfig: Setting CVar [[r.AmbientOcclusionLevels:-1]]
[2022.01.12-07.37.18:943][  0]LogConfig: Setting CVar [[r.AmbientOcclusionRadiusScale:1.0]]
[2022.01.12-07.37.18:943][  0]LogConfig: Setting CVar [[r.DepthOfFieldQuality:2]]
[2022.01.12-07.37.18:943][  0]LogConfig: Setting CVar [[r.RenderTargetPoolMin:400]]
[2022.01.12-07.37.18:943][  0]LogConfig: Setting CVar [[r.LensFlareQuality:2]]
[2022.01.12-07.37.18:943][  0]LogConfig: Setting CVar [[r.SceneColorFringeQuality:1]]
[2022.01.12-07.37.18:943][  0]LogConfig: Setting CVar [[r.EyeAdaptationQuality:2]]
[2022.01.12-07.37.18:943][  0]LogConfig: Setting CVar [[r.BloomQuality:5]]
[2022.01.12-07.37.18:943][  0]LogConfig: Setting CVar [[r.FastBlurThreshold:100]]
[2022.01.12-07.37.18:943][  0]LogConfig: Setting CVar [[r.Upscale.Quality:3]]
[2022.01.12-07.37.18:943][  0]LogConfig: Setting CVar [[r.Tonemapper.GrainQuantization:1]]
[2022.01.12-07.37.18:943][  0]LogConfig: Setting CVar [[r.LightShaftQuality:1]]
[2022.01.12-07.37.18:943][  0]LogConfig: Setting CVar [[r.Filter.SizeScale:1]]
[2022.01.12-07.37.18:943][  0]LogConfig: Setting CVar [[r.Tonemapper.Quality:5]]
[2022.01.12-07.37.18:943][  0]LogConfig: Setting CVar [[r.DOF.Gather.AccumulatorQuality:1        ; higher gathering accumulator quality]]
[2022.01.12-07.37.18:943][  0]LogConfig: Setting CVar [[r.DOF.Gather.PostfilterMethod:1          ; Median3x3 postfilering method]]
[2022.01.12-07.37.18:943][  0]LogConfig: Setting CVar [[r.DOF.Gather.EnableBokehSettings:0       ; no bokeh simulation when gathering]]
[2022.01.12-07.37.18:943][  0]LogConfig: Setting CVar [[r.DOF.Gather.RingCount:4                 ; medium number of samples when gathering]]
[2022.01.12-07.37.18:943][  0]LogConfig: Setting CVar [[r.DOF.Scatter.ForegroundCompositing:1    ; additive foreground scattering]]
[2022.01.12-07.37.18:943][  0]LogConfig: Setting CVar [[r.DOF.Scatter.BackgroundCompositing:2    ; additive background scattering]]
[2022.01.12-07.37.18:943][  0]LogConfig: Setting CVar [[r.DOF.Scatter.EnableBokehSettings:1      ; bokeh simulation when scattering]]
[2022.01.12-07.37.18:943][  0]LogConfig: Setting CVar [[r.DOF.Scatter.MaxSpriteRatio:0.1         ; only a maximum of 10% of scattered bokeh]]
[2022.01.12-07.37.18:943][  0]LogConfig: Setting CVar [[r.DOF.Recombine.Quality:1                ; cheap slight out of focus]]
[2022.01.12-07.37.18:943][  0]LogConfig: Setting CVar [[r.DOF.Recombine.EnableBokehSettings:0    ; no bokeh simulation on slight out of focus]]
[2022.01.12-07.37.18:943][  0]LogConfig: Setting CVar [[r.DOF.TemporalAAQuality:1                ; more stable temporal accumulation]]
[2022.01.12-07.37.18:943][  0]LogConfig: Setting CVar [[r.DOF.Kernel.MaxForegroundRadius:0.025]]
[2022.01.12-07.37.18:943][  0]LogConfig: Setting CVar [[r.DOF.Kernel.MaxBackgroundRadius:0.025]]
[2022.01.12-07.37.18:943][  0]LogConfig: Applying CVar settings from Section [TextureQuality@3] File [D:/Unity Projects/Game/Saved/Config/Windows/Scalability.ini]
[2022.01.12-07.37.18:943][  0]LogConfig: Setting CVar [[r.Streaming.MipBias:0]]
[2022.01.12-07.37.18:943][  0]LogConfig: Setting CVar [[r.Streaming.AmortizeCPUToGPUCopy:0]]
[2022.01.12-07.37.18:943][  0]LogConfig: Setting CVar [[r.Streaming.MaxNumTexturesToStreamPerFrame:0]]
[2022.01.12-07.37.18:943][  0]LogConfig: Setting CVar [[r.Streaming.Boost:1]]
[2022.01.12-07.37.18:943][  0]LogConfig: Setting CVar [[r.MaxAnisotropy:8]]
[2022.01.12-07.37.18:943][  0]LogConfig: Setting CVar [[r.VT.MaxAnisotropy:8]]
[2022.01.12-07.37.18:943][  0]LogConfig: Setting CVar [[r.Streaming.LimitPoolSizeToVRAM:0]]
[2022.01.12-07.37.18:943][  0]LogConfig: Setting CVar [[r.Streaming.PoolSize:1000]]
[2022.01.12-07.37.18:943][  0]LogConfig: Setting CVar [[r.Streaming.MaxEffectiveScreenSize:0]]
[2022.01.12-07.37.18:943][  0]LogConfig: Applying CVar settings from Section [EffectsQuality@3] File [D:/Unity Projects/Game/Saved/Config/Windows/Scalability.ini]
[2022.01.12-07.37.18:943][  0]LogConfig: Setting CVar [[r.TranslucencyLightingVolumeDim:64]]
[2022.01.12-07.37.18:943][  0]LogConfig: Setting CVar [[r.RefractionQuality:2]]
[2022.01.12-07.37.18:943][  0]LogConfig: Setting CVar [[r.SSR.Quality:3]]
[2022.01.12-07.37.18:943][  0]LogConfig: Setting CVar [[r.SSR.HalfResSceneColor:0]]
[2022.01.12-07.37.18:943][  0]LogConfig: Setting CVar [[r.SceneColorFormat:4]]
[2022.01.12-07.37.18:943][  0]LogConfig: Setting CVar [[r.DetailMode:2]]
[2022.01.12-07.37.18:943][  0]LogConfig: Setting CVar [[r.TranslucencyVolumeBlur:1]]
[2022.01.12-07.37.18:943][  0]LogConfig: Setting CVar [[r.MaterialQualityLevel:1 ; High quality]]
[2022.01.12-07.37.18:943][  0]LogConfig: Setting CVar [[r.AnisotropicMaterials:1]]
[2022.01.12-07.37.18:943][  0]LogConfig: Setting CVar [[r.SSS.Scale:1]]
[2022.01.12-07.37.18:943][  0]LogConfig: Setting CVar [[r.SSS.SampleSet:2]]
[2022.01.12-07.37.18:943][  0]LogConfig: Setting CVar [[r.SSS.Quality:1]]
[2022.01.12-07.37.18:943][  0]LogConfig: Setting CVar [[r.SSS.HalfRes:0]]
[2022.01.12-07.37.18:943][  0]LogConfig: Setting CVar [[r.SSGI.Quality:3]]
[2022.01.12-07.37.18:943][  0]LogConfig: Setting CVar [[r.EmitterSpawnRateScale:1.0]]
[2022.01.12-07.37.18:943][  0]LogConfig: Setting CVar [[r.ParticleLightQuality:2]]
[2022.01.12-07.37.18:943][  0]LogConfig: Setting CVar [[r.SkyAtmosphere.AerialPerspectiveLUT.FastApplyOnOpaque:1 ; Always have FastSkyLUT 1 in this case to avoid wrong sky]]
[2022.01.12-07.37.18:943][  0]LogConfig: Setting CVar [[r.SkyAtmosphere.AerialPerspectiveLUT.SampleCountMaxPerSlice:4]]
[2022.01.12-07.37.18:943][  0]LogConfig: Setting CVar [[r.SkyAtmosphere.AerialPerspectiveLUT.DepthResolution:16.0]]
[2022.01.12-07.37.18:943][  0]LogConfig: Setting CVar [[r.SkyAtmosphere.FastSkyLUT:1]]
[2022.01.12-07.37.18:944][  0]LogConfig: Setting CVar [[r.SkyAtmosphere.FastSkyLUT.SampleCountMin:4.0]]
[2022.01.12-07.37.18:944][  0]LogConfig: Setting CVar [[r.SkyAtmosphere.FastSkyLUT.SampleCountMax:128.0]]
[2022.01.12-07.37.18:944][  0]LogConfig: Setting CVar [[r.SkyAtmosphere.SampleCountMin:4.0]]
[2022.01.12-07.37.18:944][  0]LogConfig: Setting CVar [[r.SkyAtmosphere.SampleCountMax:128.0]]
[2022.01.12-07.37.18:944][  0]LogConfig: Setting CVar [[r.SkyAtmosphere.TransmittanceLUT.UseSmallFormat:0]]
[2022.01.12-07.37.18:944][  0]LogConfig: Setting CVar [[r.SkyAtmosphere.TransmittanceLUT.SampleCount:10.0]]
[2022.01.12-07.37.18:944][  0]LogConfig: Setting CVar [[r.SkyAtmosphere.MultiScatteringLUT.SampleCount:15.0]]
[2022.01.12-07.37.18:944][  0]LogConfig: Setting CVar [[r.SkyLight.RealTimeReflectionCapture:1]]
[2022.01.12-07.37.18:944][  0]LogConfig: Applying CVar settings from Section [FoliageQuality@3] File [D:/Unity Projects/Game/Saved/Config/Windows/Scalability.ini]
[2022.01.12-07.37.18:944][  0]LogConfig: Setting CVar [[foliage.DensityScale:1.0]]
[2022.01.12-07.37.18:944][  0]LogConfig: Setting CVar [[grass.DensityScale:1.0]]
[2022.01.12-07.37.18:944][  0]LogConfig: Applying CVar settings from Section [ShadingQuality@3] File [D:/Unity Projects/Game/Saved/Config/Windows/Scalability.ini]
[2022.01.12-07.37.18:944][  0]LogConfig: Setting CVar [[r.HairStrands.SkyLighting.IntegrationType:2]]
[2022.01.12-07.37.18:944][  0]LogConfig: Setting CVar [[r.HairStrands.SkyAO.SampleCount:4]]
[2022.01.12-07.37.18:944][  0]LogConfig: Setting CVar [[r.HairStrands.Visibility.MSAA.SamplePerPixel:4]]
[2022.01.12-07.37.18:944][  0]LogInit: Selected Device Profile: [Windows]
[2022.01.12-07.37.18:944][  0]LogInit: Applying CVar settings loaded from the selected device profile: [Windows]
[2022.01.12-07.37.18:944][  0]LogHAL: Display: Platform has ~ 64 GB [68618350592 / 68719476736 / 64], which maps to Largest [LargestMinGB=32, LargerMinGB=12, DefaultMinGB=8, SmallerMinGB=6, SmallestMinGB=0)
[2022.01.12-07.37.18:944][  0]LogInit: Going up to parent DeviceProfile []
[2022.01.12-07.37.18:944][  0]LogConfig: Applying CVar settings from Section [ViewDistanceQuality@3] File [D:/Unity Projects/Game/Saved/Config/Windows/Scalability.ini]
[2022.01.12-07.37.18:944][  0]LogConfig: Setting CVar [[r.SkeletalMeshLODBias:0]]
[2022.01.12-07.37.18:944][  0]LogConfig: Setting CVar [[r.ViewDistanceScale:1.0]]
[2022.01.12-07.37.18:944][  0]LogConfig: Applying CVar settings from Section [AntiAliasingQuality@3] File [D:/Unity Projects/Game/Saved/Config/Windows/Scalability.ini]
[2022.01.12-07.37.18:944][  0]LogConfig: Setting CVar [[r.PostProcessAAQuality:4]]
[2022.01.12-07.37.18:944][  0]LogConfig: Applying CVar settings from Section [ShadowQuality@3] File [D:/Unity Projects/Game/Saved/Config/Windows/Scalability.ini]
[2022.01.12-07.37.18:944][  0]LogConfig: Setting CVar [[r.LightFunctionQuality:1]]
[2022.01.12-07.37.18:944][  0]LogConfig: Setting CVar [[r.ShadowQuality:5]]
[2022.01.12-07.37.18:944][  0]LogConfig: Setting CVar [[r.Shadow.CSM.MaxCascades:10]]
[2022.01.12-07.37.18:944][  0]LogConfig: Setting CVar [[r.Shadow.MaxResolution:2048]]
[2022.01.12-07.37.18:944][  0]LogConfig: Setting CVar [[r.Shadow.MaxCSMResolution:2048]]
[2022.01.12-07.37.18:944][  0]LogConfig: Setting CVar [[r.Shadow.RadiusThreshold:0.01]]
[2022.01.12-07.37.18:944][  0]LogConfig: Setting CVar [[r.Shadow.DistanceScale:1.0]]
[2022.01.12-07.37.18:944][  0]LogConfig: Setting CVar [[r.Shadow.CSM.TransitionScale:1.0]]
[2022.01.12-07.37.18:944][  0]LogConfig: Setting CVar [[r.Shadow.PreShadowResolutionFactor:1.0]]
[2022.01.12-07.37.18:944][  0]LogConfig: Setting CVar [[r.DistanceFieldShadowing:1]]
[2022.01.12-07.37.18:944][  0]LogConfig: Setting CVar [[r.DistanceFieldAO:1]]
[2022.01.12-07.37.18:944][  0]LogConfig: Setting CVar [[r.AOQuality:2]]
[2022.01.12-07.37.18:944][  0]LogConfig: Setting CVar [[r.VolumetricFog:1]]
[2022.01.12-07.37.18:944][  0]LogConfig: Setting CVar [[r.VolumetricFog.GridPixelSize:8]]
[2022.01.12-07.37.18:944][  0]LogConfig: Setting CVar [[r.VolumetricFog.GridSizeZ:128]]
[2022.01.12-07.37.18:944][  0]LogConfig: Setting CVar [[r.VolumetricFog.HistoryMissSupersampleCount:4]]
[2022.01.12-07.37.18:944][  0]LogConfig: Setting CVar [[r.LightMaxDrawDistanceScale:1]]
[2022.01.12-07.37.18:944][  0]LogConfig: Setting CVar [[r.CapsuleShadows:1]]
[2022.01.12-07.37.18:944][  0]LogConfig: Applying CVar settings from Section [PostProcessQuality@3] File [D:/Unity Projects/Game/Saved/Config/Windows/Scalability.ini]
[2022.01.12-07.37.18:944][  0]LogConfig: Setting CVar [[r.MotionBlurQuality:4]]
[2022.01.12-07.37.18:944][  0]LogConfig: Setting CVar [[r.AmbientOcclusionMipLevelFactor:0.4]]
[2022.01.12-07.37.18:944][  0]LogConfig: Setting CVar [[r.AmbientOcclusionMaxQuality:100]]
[2022.01.12-07.37.18:944][  0]LogConfig: Setting CVar [[r.AmbientOcclusionLevels:-1]]
[2022.01.12-07.37.18:944][  0]LogConfig: Setting CVar [[r.AmbientOcclusionRadiusScale:1.0]]
[2022.01.12-07.37.18:944][  0]LogConfig: Setting CVar [[r.DepthOfFieldQuality:2]]
[2022.01.12-07.37.18:944][  0]LogConfig: Setting CVar [[r.RenderTargetPoolMin:400]]
[2022.01.12-07.37.18:944][  0]LogConfig: Setting CVar [[r.LensFlareQuality:2]]
[2022.01.12-07.37.18:944][  0]LogConfig: Setting CVar [[r.SceneColorFringeQuality:1]]
[2022.01.12-07.37.18:944][  0]LogConfig: Setting CVar [[r.EyeAdaptationQuality:2]]
[2022.01.12-07.37.18:944][  0]LogConfig: Setting CVar [[r.BloomQuality:5]]
[2022.01.12-07.37.18:944][  0]LogConfig: Setting CVar [[r.FastBlurThreshold:100]]
[2022.01.12-07.37.18:944][  0]LogConfig: Setting CVar [[r.Upscale.Quality:3]]
[2022.01.12-07.37.18:944][  0]LogConfig: Setting CVar [[r.Tonemapper.GrainQuantization:1]]
[2022.01.12-07.37.18:944][  0]LogConfig: Setting CVar [[r.LightShaftQuality:1]]
[2022.01.12-07.37.18:944][  0]LogConfig: Setting CVar [[r.Filter.SizeScale:1]]
[2022.01.12-07.37.18:944][  0]LogConfig: Setting CVar [[r.Tonemapper.Quality:5]]
[2022.01.12-07.37.18:944][  0]LogConfig: Setting CVar [[r.DOF.Gather.AccumulatorQuality:1        ; higher gathering accumulator quality]]
[2022.01.12-07.37.18:944][  0]LogConfig: Setting CVar [[r.DOF.Gather.PostfilterMethod:1          ; Median3x3 postfilering method]]
[2022.01.12-07.37.18:944][  0]LogConfig: Setting CVar [[r.DOF.Gather.EnableBokehSettings:0       ; no bokeh simulation when gathering]]
[2022.01.12-07.37.18:944][  0]LogConfig: Setting CVar [[r.DOF.Gather.RingCount:4                 ; medium number of samples when gathering]]
[2022.01.12-07.37.18:944][  0]LogConfig: Setting CVar [[r.DOF.Scatter.ForegroundCompositing:1    ; additive foreground scattering]]
[2022.01.12-07.37.18:944][  0]LogConfig: Setting CVar [[r.DOF.Scatter.BackgroundCompositing:2    ; additive background scattering]]
[2022.01.12-07.37.18:944][  0]LogConfig: Setting CVar [[r.DOF.Scatter.EnableBokehSettings:1      ; bokeh simulation when scattering]]
[2022.01.12-07.37.18:944][  0]LogConfig: Setting CVar [[r.DOF.Scatter.MaxSpriteRatio:0.1         ; only a maximum of 10% of scattered bokeh]]
[2022.01.12-07.37.18:944][  0]LogConfig: Setting CVar [[r.DOF.Recombine.Quality:1                ; cheap slight out of focus]]
[2022.01.12-07.37.18:944][  0]LogConfig: Setting CVar [[r.DOF.Recombine.EnableBokehSettings:0    ; no bokeh simulation on slight out of focus]]
[2022.01.12-07.37.18:944][  0]LogConfig: Setting CVar [[r.DOF.TemporalAAQuality:1                ; more stable temporal accumulation]]
[2022.01.12-07.37.18:944][  0]LogConfig: Setting CVar [[r.DOF.Kernel.MaxForegroundRadius:0.025]]
[2022.01.12-07.37.18:944][  0]LogConfig: Setting CVar [[r.DOF.Kernel.MaxBackgroundRadius:0.025]]
[2022.01.12-07.37.18:944][  0]LogConfig: Applying CVar settings from Section [TextureQuality@3] File [D:/Unity Projects/Game/Saved/Config/Windows/Scalability.ini]
[2022.01.12-07.37.18:944][  0]LogConfig: Setting CVar [[r.Streaming.MipBias:0]]
[2022.01.12-07.37.18:944][  0]LogConfig: Setting CVar [[r.Streaming.AmortizeCPUToGPUCopy:0]]
[2022.01.12-07.37.18:944][  0]LogConfig: Setting CVar [[r.Streaming.MaxNumTexturesToStreamPerFrame:0]]
[2022.01.12-07.37.18:944][  0]LogConfig: Setting CVar [[r.Streaming.Boost:1]]
[2022.01.12-07.37.18:944][  0]LogConfig: Setting CVar [[r.MaxAnisotropy:8]]
[2022.01.12-07.37.18:944][  0]LogConfig: Setting CVar [[r.VT.MaxAnisotropy:8]]
[2022.01.12-07.37.18:944][  0]LogConfig: Setting CVar [[r.Streaming.LimitPoolSizeToVRAM:0]]
[2022.01.12-07.37.18:944][  0]LogConfig: Setting CVar [[r.Streaming.PoolSize:1000]]
[2022.01.12-07.37.18:944][  0]LogConfig: Setting CVar [[r.Streaming.MaxEffectiveScreenSize:0]]
[2022.01.12-07.37.18:944][  0]LogConfig: Applying CVar settings from Section [EffectsQuality@3] File [D:/Unity Projects/Game/Saved/Config/Windows/Scalability.ini]
[2022.01.12-07.37.18:944][  0]LogConfig: Setting CVar [[r.TranslucencyLightingVolumeDim:64]]
[2022.01.12-07.37.18:944][  0]LogConfig: Setting CVar [[r.RefractionQuality:2]]
[2022.01.12-07.37.18:944][  0]LogConfig: Setting CVar [[r.SSR.Quality:3]]
[2022.01.12-07.37.18:944][  0]LogConfig: Setting CVar [[r.SSR.HalfResSceneColor:0]]
[2022.01.12-07.37.18:944][  0]LogConfig: Setting CVar [[r.SceneColorFormat:4]]
[2022.01.12-07.37.18:944][  0]LogConfig: Setting CVar [[r.DetailMode:2]]
[2022.01.12-07.37.18:944][  0]LogConfig: Setting CVar [[r.TranslucencyVolumeBlur:1]]
[2022.01.12-07.37.18:944][  0]LogConfig: Setting CVar [[r.MaterialQualityLevel:1 ; High quality]]
[2022.01.12-07.37.18:944][  0]LogConfig: Setting CVar [[r.AnisotropicMaterials:1]]
[2022.01.12-07.37.18:944][  0]LogConfig: Setting CVar [[r.SSS.Scale:1]]
[2022.01.12-07.37.18:944][  0]LogConfig: Setting CVar [[r.SSS.SampleSet:2]]
[2022.01.12-07.37.18:944][  0]LogConfig: Setting CVar [[r.SSS.Quality:1]]
[2022.01.12-07.37.18:944][  0]LogConfig: Setting CVar [[r.SSS.HalfRes:0]]
[2022.01.12-07.37.18:944][  0]LogConfig: Setting CVar [[r.SSGI.Quality:3]]
[2022.01.12-07.37.18:944][  0]LogConfig: Setting CVar [[r.EmitterSpawnRateScale:1.0]]
[2022.01.12-07.37.18:944][  0]LogConfig: Setting CVar [[r.ParticleLightQuality:2]]
[2022.01.12-07.37.18:944][  0]LogConfig: Setting CVar [[r.SkyAtmosphere.AerialPerspectiveLUT.FastApplyOnOpaque:1 ; Always have FastSkyLUT 1 in this case to avoid wrong sky]]
[2022.01.12-07.37.18:944][  0]LogConfig: Setting CVar [[r.SkyAtmosphere.AerialPerspectiveLUT.SampleCountMaxPerSlice:4]]
[2022.01.12-07.37.18:944][  0]LogConfig: Setting CVar [[r.SkyAtmosphere.AerialPerspectiveLUT.DepthResolution:16.0]]
[2022.01.12-07.37.18:944][  0]LogConfig: Setting CVar [[r.SkyAtmosphere.FastSkyLUT:1]]
[2022.01.12-07.37.18:944][  0]LogConfig: Setting CVar [[r.SkyAtmosphere.FastSkyLUT.SampleCountMin:4.0]]
[2022.01.12-07.37.18:944][  0]LogConfig: Setting CVar [[r.SkyAtmosphere.FastSkyLUT.SampleCountMax:128.0]]
[2022.01.12-07.37.18:944][  0]LogConfig: Setting CVar [[r.SkyAtmosphere.SampleCountMin:4.0]]
[2022.01.12-07.37.18:944][  0]LogConfig: Setting CVar [[r.SkyAtmosphere.SampleCountMax:128.0]]
[2022.01.12-07.37.18:944][  0]LogConfig: Setting CVar [[r.SkyAtmosphere.TransmittanceLUT.UseSmallFormat:0]]
[2022.01.12-07.37.18:944][  0]LogConfig: Setting CVar [[r.SkyAtmosphere.TransmittanceLUT.SampleCount:10.0]]
[2022.01.12-07.37.18:944][  0]LogConfig: Setting CVar [[r.SkyAtmosphere.MultiScatteringLUT.SampleCount:15.0]]
[2022.01.12-07.37.18:944][  0]LogConfig: Setting CVar [[r.SkyLight.RealTimeReflectionCapture:1]]
[2022.01.12-07.37.18:944][  0]LogConfig: Applying CVar settings from Section [FoliageQuality@3] File [D:/Unity Projects/Game/Saved/Config/Windows/Scalability.ini]
[2022.01.12-07.37.18:944][  0]LogConfig: Setting CVar [[foliage.DensityScale:1.0]]
[2022.01.12-07.37.18:944][  0]LogConfig: Setting CVar [[grass.DensityScale:1.0]]
[2022.01.12-07.37.18:944][  0]LogConfig: Applying CVar settings from Section [ShadingQuality@3] File [D:/Unity Projects/Game/Saved/Config/Windows/Scalability.ini]
[2022.01.12-07.37.18:944][  0]LogConfig: Setting CVar [[r.HairStrands.SkyLighting.IntegrationType:2]]
[2022.01.12-07.37.18:944][  0]LogConfig: Setting CVar [[r.HairStrands.SkyAO.SampleCount:4]]
[2022.01.12-07.37.18:944][  0]LogConfig: Setting CVar [[r.HairStrands.Visibility.MSAA.SamplePerPixel:4]]
[2022.01.12-07.37.18:944][  0]LogConfig: Applying CVar settings from Section [Startup] File [../../../Engine/Config/ConsoleVariables.ini]
[2022.01.12-07.37.18:945][  0]LogConfig: Setting CVar [[net.UseAdaptiveNetUpdateFrequency:0]]
[2022.01.12-07.37.18:945][  0]LogConfig: Setting CVar [[p.chaos.AllowCreatePhysxBodies:1]]
[2022.01.12-07.37.18:945][  0]LogConfig: Setting CVar [[fx.SkipVectorVMBackendOptimizations:1]]
[2022.01.12-07.37.18:945][  0]LogConfig: Applying CVar settings from Section [ConsoleVariables] File [D:/Unity Projects/Game/Saved/Config/Windows/Engine.ini]
[2022.01.12-07.37.18:945][  0]LogConfig: Applying CVar settings from Section [ConsoleVariables] File [D:/Unity Projects/Game/Saved/Config/Windows/Editor.ini]
[2022.01.12-07.37.18:945][  0]LogInit: Computer: DESKTOP-P7FM20K
[2022.01.12-07.37.18:945][  0]LogInit: User: USER
[2022.01.12-07.37.18:945][  0]LogInit: CPU Page size=4096, Cores=12
[2022.01.12-07.37.18:945][  0]LogInit: High frequency timer resolution =10.000000 MHz
[2022.01.12-07.37.18:945][  0]LogMemory: Memory total: Physical=63.9GB (64GB approx)
[2022.01.12-07.37.18:945][  0]LogMemory: Platform Memory Stats for Windows
[2022.01.12-07.37.18:945][  0]LogMemory: Process Physical Memory: 153.07 MB used, 153.08 MB peak
[2022.01.12-07.37.18:945][  0]LogMemory: Process Virtual Memory: 135.87 MB used, 135.87 MB peak
[2022.01.12-07.37.18:945][  0]LogMemory: Physical Memory: 20353.69 MB used,  45085.87 MB free, 65439.56 MB total
[2022.01.12-07.37.18:945][  0]LogMemory: Virtual Memory: 134171072.00 MB used,  46654.10 MB free, 134217728.00 MB total
[2022.01.12-07.37.18:950][  0]LogWindows: WindowsPlatformFeatures enabled
[2022.01.12-07.37.18:977][  0]LogInit: Physics initialised using underlying interface: PhysX
[2022.01.12-07.37.18:977][  0]LogInit: Using OS detected language (zh-TW).
[2022.01.12-07.37.18:977][  0]LogInit: Using OS detected locale (zh-TW).
[2022.01.12-07.37.18:982][  0]LogTextLocalizationManager: No localization for 'zh-TW' exists, so 'en' will be used for the language.
[2022.01.12-07.37.18:985][  0]LogTextLocalizationManager: No localization for 'zh-TW' exists, so 'en' will be used for the locale.
[2022.01.12-07.37.19:118][  0]LogWindowsTextInputMethodSystem: Display: IME system deactivated.
[2022.01.12-07.37.19:138][  0]LogSlate: New Slate User Created.  User Index 0, Is Virtual User: 0
[2022.01.12-07.37.19:138][  0]LogSlate: Slate User Registered.  User Index 0, Is Virtual User: 0
[2022.01.12-07.37.19:150][  0]LogD3D11RHI: Loaded GFSDK_Aftermath_Lib.x64.dll
[2022.01.12-07.37.19:151][  0]LogHMD: Failed to initialize OpenVR with code 110
[2022.01.12-07.37.19:152][  0]LogD3D11RHI: D3D11 min allowed feature level: 11_0
[2022.01.12-07.37.19:152][  0]LogD3D11RHI: D3D11 max allowed feature level: 11_0
[2022.01.12-07.37.19:152][  0]LogD3D11RHI: D3D11 adapters:
[2022.01.12-07.37.19:220][  0]LogD3D11RHI:    0. 'NVIDIA GeForce RTX 3060' (Feature Level 11_0)
[2022.01.12-07.37.19:220][  0]LogD3D11RHI:       12138/0/32719 MB DedicatedVideo/DedicatedSystem/SharedSystem, Outputs:2, VendorId:0x10de
[2022.01.12-07.37.19:222][  0]LogD3D11RHI:    1. 'Microsoft Basic Render Driver' (Feature Level 11_0)
[2022.01.12-07.37.19:222][  0]LogD3D11RHI:       0/0/32719 MB DedicatedVideo/DedicatedSystem/SharedSystem, Outputs:0, VendorId:0x1414
[2022.01.12-07.37.19:222][  0]LogD3D11RHI: Chosen D3D11 Adapter:
[2022.01.12-07.37.19:222][  0]LogD3D11RHI:     Description : NVIDIA GeForce RTX 3060
[2022.01.12-07.37.19:222][  0]LogD3D11RHI:     VendorId    : 10de
[2022.01.12-07.37.19:222][  0]LogD3D11RHI:     DeviceId    : 2487
[2022.01.12-07.37.19:222][  0]LogD3D11RHI:     SubSysId    : 153010de
[2022.01.12-07.37.19:222][  0]LogD3D11RHI:     Revision    : 00a1
[2022.01.12-07.37.19:222][  0]LogD3D11RHI:     DedicatedVideoMemory : 12727615488 bytes
[2022.01.12-07.37.19:222][  0]LogD3D11RHI:     DedicatedSystemMemory : 0 bytes
[2022.01.12-07.37.19:222][  0]LogD3D11RHI:     SharedSystemMemory : 34309175296 bytes
[2022.01.12-07.37.19:222][  0]LogD3D11RHI:     AdapterLuid : 0 60391
[2022.01.12-07.37.19:228][  0]LogD3D11RHI: Creating new Direct3DDevice
[2022.01.12-07.37.19:229][  0]LogD3D11RHI:     GPU DeviceId: 0x2487 (for the marketing name, search the web for "GPU Device Id")
[2022.01.12-07.37.19:229][  0]LogWindows: EnumDisplayDevices:
[2022.01.12-07.37.19:229][  0]LogWindows:    0. 'NVIDIA GeForce RTX 3060' (P:1 D:1)
[2022.01.12-07.37.19:229][  0]LogWindows:    1. 'NVIDIA GeForce RTX 3060' (P:0 D:1)
[2022.01.12-07.37.19:229][  0]LogWindows:    2. 'NVIDIA GeForce RTX 3060' (P:0 D:0)
[2022.01.12-07.37.19:229][  0]LogWindows:    3. 'NVIDIA GeForce RTX 3060' (P:0 D:0)
[2022.01.12-07.37.19:229][  0]LogWindows: DebugString: FoundDriverCount:4 
[2022.01.12-07.37.19:229][  0]LogD3D11RHI:     Adapter Name: NVIDIA GeForce RTX 3060
[2022.01.12-07.37.19:229][  0]LogD3D11RHI:   Driver Version: 497.29 (internal:30.0.14.9729, unified:497.29)
[2022.01.12-07.37.19:229][  0]LogD3D11RHI:      Driver Date: 12-15-2021
[2022.01.12-07.37.19:229][  0]LogRHI: Texture pool is 8496 MB (70% of 12138 MB)
[2022.01.12-07.37.19:229][  0]LogD3D11RHI: Creating D3DDevice using adapter:
[2022.01.12-07.37.19:229][  0]LogD3D11RHI:     Description : NVIDIA GeForce RTX 3060
[2022.01.12-07.37.19:229][  0]LogD3D11RHI:     VendorId    : 10de
[2022.01.12-07.37.19:229][  0]LogD3D11RHI:     DeviceId    : 2487
[2022.01.12-07.37.19:229][  0]LogD3D11RHI:     SubSysId    : 153010de
[2022.01.12-07.37.19:229][  0]LogD3D11RHI:     Revision    : 00a1
[2022.01.12-07.37.19:229][  0]LogD3D11RHI:     DedicatedVideoMemory : 12727615488 bytes
[2022.01.12-07.37.19:229][  0]LogD3D11RHI:     DedicatedSystemMemory : 0 bytes
[2022.01.12-07.37.19:229][  0]LogD3D11RHI:     SharedSystemMemory : 34309175296 bytes
[2022.01.12-07.37.19:229][  0]LogD3D11RHI:     AdapterLuid : 0 60391
[2022.01.12-07.37.19:270][  0]LogD3D11RHI: RHI has support for 64 bit atomics
[2022.01.12-07.37.19:270][  0]LogD3D11RHI: Async texture creation enabled
[2022.01.12-07.37.19:270][  0]LogD3D11RHI: Array index from any shader is supported
[2022.01.12-07.37.19:285][  0]LogD3D11RHI: GPU Timing Frequency: 1000.000000 (Debug: 2 1)
[2022.01.12-07.37.19:302][  0]LogRHI: GeForceNow SDK initialized: 1
[2022.01.12-07.37.19:510][  0]LogTargetPlatformManager: Display: Loaded TargetPlatform 'WindowsNoEditor'
[2022.01.12-07.37.19:513][  0]LogTargetPlatformManager: Display: Loaded TargetPlatform 'Windows'
[2022.01.12-07.37.19:517][  0]LogTargetPlatformManager: Display: Loaded TargetPlatform 'WindowsClient'
[2022.01.12-07.37.19:521][  0]LogTargetPlatformManager: Display: Loaded TargetPlatform 'WindowsServer'
[2022.01.12-07.37.19:521][  0]LogTargetPlatformManager: Display: Building Assets For Windows
[2022.01.12-07.37.19:526][  0]LogAudioDebug: Display: Lib vorbis DLL was dynamically loaded.
[2022.01.12-07.37.19:549][  0]LogTextureFormatOodle: Display: Oodle Texture 2.9.0 init RDO Off
[2022.01.12-07.37.19:571][  0]LogRendererCore: Ray tracing is disabled. Reason: r.RayTracing=0.
[2022.01.12-07.37.19:571][  0]LogShaderCompilers: Guid format shader working directory is 22 characters bigger than the processId version (D:/Unity Projects/Game/Intermediate/Shaders/WorkingDirectory/22080/).
[2022.01.12-07.37.19:571][  0]LogShaderCompilers: Cleaned the shader compiler working directory 'C:/Users/USER/AppData/Local/Temp/UnrealShaderWorkingDir/8785E49B426FDDB8311469A410976E0B/'.
[2022.01.12-07.37.19:571][  0]LogXGEController: Cannot use XGE Controller as Incredibuild is not installed on this machine.
[2022.01.12-07.37.19:571][  0]LogShaderCompilers: Cannot use XGE Shader Compiler as Incredibuild is not installed on this machine.
[2022.01.12-07.37.19:571][  0]LogShaderCompilers: Display: Using Local Shader Compiler.
[2022.01.12-07.37.20:052][  0]LogDerivedDataCache: Display: Max Cache Size: 512 MB
[2022.01.12-07.37.20:087][  0]LogDerivedDataCache: Loaded boot cache 0.03s 94MB C:/Users/USER/AppData/Local/UnrealEngine/4.27/DerivedDataCache/Boot.ddc.
[2022.01.12-07.37.20:087][  0]LogDerivedDataCache: Display: Loaded Boot cache: C:/Users/USER/AppData/Local/UnrealEngine/4.27/DerivedDataCache/Boot.ddc
[2022.01.12-07.37.20:087][  0]LogDerivedDataCache: FDerivedDataBackendGraph:  Pak pak cache file D:/Unity Projects/Game/DerivedDataCache/DDC.ddp not found, will not use a pak cache.
[2022.01.12-07.37.20:087][  0]LogDerivedDataCache: Unable to find inner node Pak for hierarchical cache Hierarchy.
[2022.01.12-07.37.20:087][  0]LogDerivedDataCache: FDerivedDataBackendGraph:  CompressedPak pak cache file D:/Unity Projects/Game/DerivedDataCache/Compressed.ddp not found, will not use a pak cache.
[2022.01.12-07.37.20:087][  0]LogDerivedDataCache: Unable to find inner node CompressedPak for hierarchical cache Hierarchy.
[2022.01.12-07.37.20:100][  0]LogDerivedDataCache: Display: Pak cache opened for reading ../../../Engine/DerivedDataCache/Compressed.ddp.
[2022.01.12-07.37.20:100][  0]LogDerivedDataCache: FDerivedDataBackendGraph:  EnterprisePak pak cache file ../../../Enterprise/DerivedDataCache/Compressed.ddp not found, will not use a pak cache.
[2022.01.12-07.37.20:100][  0]LogDerivedDataCache: Unable to find inner node EnterprisePak for hierarchical cache Hierarchy.
[2022.01.12-07.37.20:107][  0]LogDerivedDataCache: Speed tests for C:/Users/USER/AppData/Local/UnrealEngine/Common/DerivedDataCache took 0.01 seconds
[2022.01.12-07.37.20:107][  0]LogDerivedDataCache: Display: Performance to C:/Users/USER/AppData/Local/UnrealEngine/Common/DerivedDataCache: Latency=0.03ms. RandomReadSpeed=364.14MBs, RandomWriteSpeed=229.97MBs. Assigned SpeedClass 'Local'
[2022.01.12-07.37.20:108][  0]LogDerivedDataCache: Using Local data cache path C:/Users/USER/AppData/Local/UnrealEngine/Common/DerivedDataCache: Writable
[2022.01.12-07.37.20:108][  0]LogDerivedDataCache: Shared data cache path not found in *engine.ini, will not use an Shared cache.
[2022.01.12-07.37.20:108][  0]LogDerivedDataCache: Unable to find inner node Shared for hierarchical cache Hierarchy.
[2022.01.12-07.37.20:117][  0]LogSlate: Using FreeType 2.10.0
[2022.01.12-07.37.20:117][  0]LogSlate: SlateFontServices - WITH_FREETYPE: 1, WITH_HARFBUZZ: 1
[2022.01.12-07.37.20:168][  0]LogInit: Using OS detected language (zh-TW).
[2022.01.12-07.37.20:168][  0]LogInit: Using OS detected locale (zh-TW).
[2022.01.12-07.37.20:168][  0]LogTextLocalizationManager: No localization for 'zh-TW' exists, so 'en' will be used for the language.
[2022.01.12-07.37.20:168][  0]LogTextLocalizationManager: No localization for 'zh-TW' exists, so 'en' will be used for the locale.
[2022.01.12-07.37.20:171][  0]LogTextLocalizationManager: Compacting localization data took   0.01ms
[2022.01.12-07.37.20:171][  0]LogAssetRegistry: FAssetRegistry took 0.0017 seconds to start up
[2022.01.12-07.37.20:288][  0]LogPackageLocalizationCache: Processed 28 localized package path(s) for 1 prioritized culture(s) in 0.000861 seconds
[2022.01.12-07.37.20:329][  0]LogInit: Selected Device Profile: [Windows]
[2022.01.12-07.37.20:329][  0]LogInit: Active device profile: [0000026749496E00][00000267483BCC00 49] Windows
[2022.01.12-07.37.20:329][  0]LogInit: Profiles: [0000026749496E00][00000267483BCC00 49] Windows, [0000026749436200][0000026740614D80 49] WindowsNoEditor, [0000026749496100][0000026740618F00 49] WindowsServer, [0000026749436E00][000002674061D080 49] WindowsClient, [0000026749495500][0000026740621200 49] IOS, [0000026749437800][0000026740625380 49] iPadAir, [0000026749494A00][0000026740629500 49] iPadAir2, [00000267493E2300][00000267406317C0 49] IPadPro, [00000267493E2400][000002674062D800 49] iPadAir3, [0000026749437100][0000026740635980 49] iPadAir4, [00000267493E3200][0000026740639B00 49] iPadMini2, [0000026749436600][000002674063C100 49] iPadMini3, [00000267493E3E00][0000026740640280 49] iPadMini4, [0000026749435B00][0000026740644400 49] iPadMini5, [0000026749441C00][00000267480306C0 49] iPhone6, [0000026749441D00][0000026740648700 49] iPodTouch6, [0000026749496A00][0000026748034940 49] iPhone7, [0000026749496D00][00000267483B8980 49] iPodTouch7, [00000267493E1E00][0000026748038AC0 49] iPhone5S, [0000026749496200][000002674803CC00 49] iPhone6Plus, [00000267493E1800][0000026748044D80 49] iPhone6S, [0000026749497900][0000026748048F00 49] iPhone6SPlus, [00000267493E1300][000002674804D080 49] iPhone7Plus, [0000026749497500][0000026748051200 49] iPhoneSE, [00000267493E1000][0000026748055380 49] iPhone8, [0000026749495900][0000026748059500 49] iPhone8Plus, [00000267493E3C00][000002674805D680 49] iPhoneX, [0000026749440400][0000026748061800 49] iPhoneXS, [0000026749495100][0000026748065980 49] iPhoneXSMax, [0000026749440700][0000026748069B00 49] iPhoneXR, [0000026749496900][000002674806C100 49] iPhone11, [0000026749440900][0000026748070280 49] iPhone11Pro, [0000026749497A00][0000026748074400 49] iPhone11ProMax, [0000026749440A00][0000026748078580 49] iPhoneSE2, [00000267493E1200][000002674A58E700 49] iPhone12Mini, [0000026749440600][000002674A592880 49] iPhone12, [00000267493E0D00][000002674A596A00 49] iPhone12Pro, [0000026749441100][0000026748040B40 49] iPhone12ProMax, [00000267493E1600][000002674A59AC80 49] iPadPro105, [0000026749441F00][000002674A59EDC0 49] iPadPro129, [00000267493E0A00][000002674A5A6F40 49] iPadPro97, [0000026749441600][000002674A5AB0C0 49] iPadPro2_129, [00000267493E1A00][000002674A5AF240 49] iPad5, [0000026749442700][000002674A5B33C0 49] iPad6, [00000267493E0800][000002674A5B7540 49] iPad7, [0000026749441A00][000002674A5BB6C0 49] iPad8, [00000267493E3900][000002674A5BF840 49] iPadPro11, [0000026749442900][000002674A5C39C0 49] iPadPro2_11, [00000267493E2E00][000002674A5C7B40 49] iPadPro3_129, [0000026749443E00][000002674A5CA140 49] iPadPro4_129, [00000267493E2100][000002674A5CE2C0 49] AppleTV, [0000026749441500][000002674A5D2440 49] AppleTV4K, [00000267493E2B00][000002674A5D65C0 49] TVOS, [0000026749442100][000002674A5DA740 49] Mac, [00000267493E3700][000002674A5DE8C0 49] MacClient, [0000026749440F00][000002674A5E2A40 49] MacNoEditor, [00000267493E2700][000002674A5E6BC0 49] MacServer, [0000026749443B00][000002674A5A2D00 49] Linux, [00000267493E0600][000002674A5EAE40 49] LinuxAArch64, [0000026749443400][000002674A5EEF80 49] LinuxNoEditor, [00000267493E1400][000002674A5F30C0 49] LinuxAArch64NoEditor, [0000026749442D00][000002674A5FB240 49] LinuxClient, [00000267493E2800][000002674A5FF3C0 49] LinuxAArch64Client, [0000026749442500][000002674A603540 49] LinuxServer, [00000267493E2A00][000002674A6076C0 49] LinuxAArch64Server, [0000026749443700][000002674A60B840 49] Android, [00000267493E0900][000002674A60F9C0 49] Android_Low, [0000026749440100][000002674A613B40 49] Android_Mid, [00000267493E3A00][000002674A616140 49] Android_High, [0000026749442E00][000002674A61A2C0 49] Android_Default, [00000267493E1C00][000002674A61E440 49] Android_Adreno4xx, [0000026749441300][000002674A6225C0 49] Android_Adreno5xx_Low, [00000267493E0100][000002674A626740 49] Android_Adreno5xx, [0000026749440500][000002674A62A8C0 49] Android_Adreno6xx, [00000267493E0C00][000002674A62EA40 49] Android_Adreno6xx_Vulkan, [0000026749441200][000002674A632BC0 49] Android_Mali_T6xx, [00000267493E1B00][000002674A636D40 49] Android_Mali_T7xx, [0000026749443D00][000002674A5F6E80 49] Android_Mali_T8xx, [00000267493E0300][000002674A63AFC0 49] Android_Mali_G71, [0000026749440300][000002674A63F100 49] Android_Mali_G72, [00000267493E2200][000002674A643240 49] Android_Mali_G72_Vulkan, [0000026749442000][000002674A64B3C0 49] Android_Mali_G76, [00000267493E0F00][000002674A64F540 49] Android_Mali_G76_Vulkan, [0000026749441B00][000002674A6536C0 49] Android_Mali_G77, [00000267493E3D00][000002674A657840 49] Android_Mali_G77_Vulkan, [0000026749442800][000002674A65B9C0 49] Android_Mali_G78, [0000026749435C00][000002674A65FB40 49] Android_Mali_G78_Vulkan, [0000026749497600][000002674A662140 49] Android_Mali_G710, [0000026749437900][000002674A6662C0 49] Android_Mali_G710_Vulkan, [0000026749495800][000002674A66A440 49] Android_Vulkan_SM5, [0000026749434500][000002674A66E5C0 49] Android_PowerVR_G6xxx, [0000026749494900][000002674A672740 49] Android_PowerVR_GT7xxx, [0000026749434B00][000002674A6768C0 49] Android_PowerVR_GE8xxx, [0000026749497400][000002674A67AA40 49] Android_PowerVR_GM9xxx, [0000026749437500][000002674A67EBC0 49] Android_PowerVR_GM9xxx_Vulkan, [0000026749496500][000002674A682D40 49] Android_TegraK1, [0000026749437B00][000002674A686EC0 49] Android_Unknown_Vulkan, [0000026749496400][000002674A68B040 49] Lumin, [0000026749436B00][000002674A647180 49] Lumin_Desktop, [0000026749497200][000002674A68F2C0 49] HoloLens, 
[2022.01.12-07.37.20:400][  0]LogMeshReduction: Using QuadricMeshReduction for automatic static mesh reduction
[2022.01.12-07.37.20:400][  0]LogMeshReduction: Using SimplygonMeshReduction for automatic skeletal mesh reduction
[2022.01.12-07.37.20:400][  0]LogMeshReduction: Using ProxyLODMeshReduction for automatic mesh merging
[2022.01.12-07.37.20:400][  0]LogMeshReduction: No distributed automatic mesh merging module available
[2022.01.12-07.37.20:400][  0]LogMeshMerging: No distributed automatic mesh merging module available
[2022.01.12-07.37.20:415][  0]LogNetVersion: BossGame 1.0.0, NetCL: 17155196, EngineNetVer: 17, GameNetVer: 0 (Checksum: 2323582888)
[2022.01.12-07.37.20:459][  0]LogTexture: Warning: VolumeTexture /Engine/EngineSky/VolumetricClouds/T_VolumeNoiseErosion32.T_VolumeNoiseErosion32 cannot be created, rhi does not support format DXT1.
[2022.01.12-07.37.20:459][  0]LogTexture: Warning: VolumeTexture /Engine/EngineSky/VolumetricClouds/T_VolumeNoiseShape64.T_VolumeNoiseShape64 cannot be created, rhi does not support format DXT1.
[2022.01.12-07.37.20:571][  0]LogTexture: Default maximum texture size for cubemaps generated from long-lat sources has been changed from 512 to unlimited. In order to preserve old behaiour for '/Engine/MapTemplates/Sky/DaylightAmbientCubemap.DaylightAmbientCubemap', its maximum texture size has been explicitly set to 512.
[2022.01.12-07.37.20:609][  0]LogHMD: PokeAHoleMaterial loaded successfully
[2022.01.12-07.37.20:682][  0]LogMoviePlayer: Initializing movie player
[2022.01.12-07.37.20:766][  0]LogNiagaraDebuggerClient: Niagara Debugger Client Initialized | Session: 95D2C1F842E707F6E6A4078B710B52B4 | Instance: 247E27F4443CD882CA2A8EA90440189C (DESKTOP-P7FM20K-22080).
[2022.01.12-07.37.20:781][  0]LogCollectionManager: Loaded 0 collections in 0.001507 seconds
[2022.01.12-07.37.20:783][  0]LogFileCache: Scanning file cache for directory 'D:/Unity Projects/Game/Saved/Collections/' took 0.00s
[2022.01.12-07.37.20:783][  0]LogFileCache: Scanning file cache for directory 'D:/Unity Projects/Game/Content/Developers/USER/Collections/' took 0.00s
[2022.01.12-07.37.20:783][  0]LogFileCache: Scanning file cache for directory 'D:/Unity Projects/Game/Content/Collections/' took 0.00s
[2022.01.12-07.37.20:783][  0]LogCollectionManager: Fixed up redirectors for 0 collections in 0.000001 seconds (updated 0 objects)
[2022.01.12-07.37.20:848][  0]LogTcpMessaging: Initializing TcpMessaging bridge
[2022.01.12-07.37.20:852][  0]LogUdpMessaging: Initializing bridge on interface 0.0.0.0:0 to multicast group 230.0.0.1:6666.
[2022.01.12-07.37.20:863][  0]LogPython: Using Python 3.7.7
[2022.01.12-07.37.21:289][  0]LogOpenImageDenoise: OIDN starting up
[2022.01.12-07.37.21:305][  0]LogAndroidPermission: UAndroidPermissionCallbackProxy::GetInstance
[2022.01.12-07.37.21:313][  0]LogAudioCaptureCore: Display: No Audio Capture implementations found. Audio input will be silent.
[2022.01.12-07.37.21:313][  0]LogAudioCaptureCore: Display: No Audio Capture implementations found. Audio input will be silent.
[2022.01.12-07.37.21:361][  0]SourceControl: Source control is disabled
[2022.01.12-07.37.21:362][  0]SourceControl: Source control is disabled
[2022.01.12-07.37.21:364][  0]SourceControl: Source control is disabled
[2022.01.12-07.37.21:368][  0]LogUProjectInfo: Found projects:
[2022.01.12-07.37.21:373][  0]LogVSAccessor: Display: Unable to create Visual Studio setup instance: 80040154
[2022.01.12-07.37.21:373][  0]LogVSAccessor: Display: Unable to create Visual Studio setup instance: 80040154
[2022.01.12-07.37.21:374][  0]LogVSAccessor: Display: Unable to create Visual Studio setup instance: 80040154
[2022.01.12-07.37.21:391][  0]LogOcInput: OculusInput pre-init called
[2022.01.12-07.37.21:398][  0]LogUObjectArray: 22185 objects as part of root set at end of initial load.
[2022.01.12-07.37.21:398][  0]LogUObjectAllocator: 5997984 out of 0 bytes used by permanent object pool.
[2022.01.12-07.37.21:398][  0]LogUObjectArray: CloseDisregardForGC: 0/0 objects in disregard for GC pool
[2022.01.12-07.37.21:435][  0]LogEngine: Initializing Engine...
[2022.01.12-07.37.21:437][  0]LogHMD: Failed to enumerate extensions. Please check that you have a valid OpenXR runtime installed.
[2022.01.12-07.37.21:437][  0]LogHMD: Failed to initialize OpenVR with code 110
[2022.01.12-07.37.21:437][  0]LogMagicLeap: Warning: VR disabled because ZI is not enabled.  To enable, in the editor, Edit -> Project Settings -> Plugins -> Magic Leap Plugin -> Enable Zero Iteration
[2022.01.12-07.37.21:438][  0]LogStats: UGameplayTagsManager::InitializeManager -  0.000 s
[2022.01.12-07.37.21:494][  0]LogInit: Initializing FReadOnlyCVARCache
[2022.01.12-07.37.21:494][  0]LogAudio: Display: Initializing Audio Device Manager...
[2022.01.12-07.37.21:497][  0]LogAudio: Display: Loading Default Audio Settings Objects...
[2022.01.12-07.37.21:498][  0]LogAudio: Display: No default SoundConcurrencyObject specified (or failed to load).
[2022.01.12-07.37.21:498][  0]LogAudio: Display: Audio Device Manager Initialized
[2022.01.12-07.37.21:498][  0]LogAudio: Display: Creating Audio Device:                 Id: 1, Scope: Shared, Realtime: True
[2022.01.12-07.37.21:498][  0]LogAudioMixer: Display: Audio Mixer Platform Settings:
[2022.01.12-07.37.21:498][  0]LogAudioMixer: Display: 	Sample Rate:						  48000
[2022.01.12-07.37.21:498][  0]LogAudioMixer: Display: 	Callback Buffer Frame Size Requested: 1024
[2022.01.12-07.37.21:498][  0]LogAudioMixer: Display: 	Callback Buffer Frame Size To Use:	  1024
[2022.01.12-07.37.21:498][  0]LogAudioMixer: Display: 	Number of buffers to queue:			  2
[2022.01.12-07.37.21:498][  0]LogAudioMixer: Display: 	Max Channels (voices):				  32
[2022.01.12-07.37.21:498][  0]LogAudioMixer: Display: 	Number of Async Source Workers:		  0
[2022.01.12-07.37.21:498][  0]LogAudio: Display: AudioDevice MaxSources: 32
[2022.01.12-07.37.21:498][  0]LogAudio: Display: Audio Spatialization Plugin: None (built-in).
[2022.01.12-07.37.21:498][  0]LogAudio: Display: Audio Reverb Plugin: None (built-in).
[2022.01.12-07.37.21:498][  0]LogAudio: Display: Audio Occlusion Plugin: None (built-in).
[2022.01.12-07.37.21:498][  0]LogAudioMixer: Display: Initializing audio mixer.
[2022.01.12-07.37.21:506][  0]LogAudioMixer: Display: 0: FrontLeft
[2022.01.12-07.37.21:506][  0]LogAudioMixer: Display: 1: FrontRight
[2022.01.12-07.37.21:518][  0]LogAudioMixer: Display: Using Audio Device Realtek HD Audio 2nd output (Realtek(R) Audio)
[2022.01.12-07.37.21:520][  0]LogAudioMixer: Display: Initializing Sound Submixes...
[2022.01.12-07.37.21:521][  0]LogAudioMixer: Display: Creating Master Submix 'MasterSubmixDefault'
[2022.01.12-07.37.21:521][  0]LogAudioMixer: Display: Creating Master Submix 'MasterReverbSubmixDefault'
[2022.01.12-07.37.21:522][  0]LogAudioMixer: Display: Creating Master Submix 'MasterEQSubmixDefault'
[2022.01.12-07.37.21:522][  0]LogAudioMixer: FMixerPlatformXAudio2::StartAudioStream() called
[2022.01.12-07.37.21:522][  0]LogAudioMixer: Display: Output buffers initialized: Frames=1024, Channels=2, Samples=2048
[2022.01.12-07.37.21:522][  0]LogAudioMixer: Display: Starting AudioMixerPlatformInterface::RunInternal()
[2022.01.12-07.37.21:522][  0]LogAudioMixer: Display: FMixerPlatformXAudio2::SubmitBuffer() called for the first time
[2022.01.12-07.37.21:522][  0]LogInit: FAudioDevice initialized.
[2022.01.12-07.37.21:523][  0]LogNetVersion: Set ProjectVersion to 1.0.0.0. Version Checksum will be recalculated on next use.
[2022.01.12-07.37.21:524][  0]LogInit: Texture streaming: Enabled
[2022.01.12-07.37.21:566][  0]LogAudio: Display: Audio Device (ID: 1) registered with world 'Untitled'.
[2022.01.12-07.37.21:566][  0]LogSlate: Updating window title bar state: overlay mode, drag disabled, window buttons hidden, title bar hidden
[2022.01.12-07.37.21:567][  0]LogInit: Display: Game Engine Initialized.
[2022.01.12-07.37.21:567][  0]LogNiagaraEditor: GEditor isn't valid! Particle reset commands will not work for Niagara components!
[2022.01.12-07.37.21:646][  0]LogInit: Display: Starting Game.
[2022.01.12-07.37.21:646][  0]LogNet: Browse: /Game/ThirdPersonBP/Maps/ThirdPersonExampleMap?Name=Player
[2022.01.12-07.37.21:646][  0]LogLoad: LoadMap: /Game/ThirdPersonBP/Maps/ThirdPersonExampleMap?Name=Player
[2022.01.12-07.37.21:646][  0]LogWorld: BeginTearingDown for /Temp/Untitled_0
[2022.01.12-07.37.21:647][  0]LogWorld: UWorld::CleanupWorld for Untitled, bSessionEnded=true, bCleanupResources=true
[2022.01.12-07.37.21:647][  0]LogSlate: InvalidateAllWidgets triggered.  All widgets were invalidated
[2022.01.12-07.37.21:650][  0]LogAudio: Display: Audio Device unregistered from world 'None'.
[2022.01.12-07.37.21:652][  0]LogUObjectHash: Compacting FUObjectHashTables data took   0.61ms
[2022.01.12-07.37.21:882][  0]LogAudio: Display: Audio Device (ID: 1) registered with world 'ThirdPersonExampleMap'.
[2022.01.12-07.37.21:888][  0]LogAIModule: Creating AISystem for world ThirdPersonExampleMap
[2022.01.12-07.37.21:888][  0]LogLoad: Game class is 'GM_MouseControl_C'
[2022.01.12-07.37.21:890][  0]LogWorld: Bringing World /Game/ThirdPersonBP/Maps/ThirdPersonExampleMap.ThirdPersonExampleMap up for play (max tick rate 0) at 2022.01.12-15.37.21
[2022.01.12-07.37.21:890][  0]LogWorld: Bringing up level for play took: 0.001946
[2022.01.12-07.37.21:893][  0]LogGameMode: Display: Match State Changed from EnteringMap to WaitingToStart
[2022.01.12-07.37.21:893][  0]LogGameState: Match State Changed from EnteringMap to WaitingToStart
[2022.01.12-07.37.21:893][  0]LogGameMode: Display: Match State Changed from WaitingToStart to InProgress
[2022.01.12-07.37.21:894][  0]LogGameState: Match State Changed from WaitingToStart to InProgress
[2022.01.12-07.37.21:894][  0]LogLoad: Took 0.247343 seconds to LoadMap(/Game/ThirdPersonBP/Maps/ThirdPersonExampleMap)
[2022.01.12-07.37.21:931][  0]LogSlate: Took 0.000122 seconds to synchronously load lazily loaded font '../../../Engine/Content/Slate/Fonts/Roboto-Regular.ttf' (155K)
[2022.01.12-07.37.21:951][  0]LogRenderer: Reallocating scene render targets to support 720x1280 Format 10 NumSamples 1 (Frame:1).
[2022.01.12-07.37.21:951][  0]LogInit: Display: Engine is initialized. Leaving FEngineLoop::Init()
[2022.01.12-07.37.21:951][  0]LogLoad: (Engine Initialization) Total time: 4.01 seconds
[2022.01.12-07.37.21:951][  0]LogLoad: (Engine Initialization) Total Blueprint compile time: 0.00 seconds
[2022.01.12-07.37.21:952][  0]LogContentStreaming: Texture pool size now 1000 MB
[2022.01.12-07.37.21:956][  1]LogRenderer: Reallocating scene render targets to support 128x128 Format 10 NumSamples 1 (Frame:1).
[2022.01.12-07.37.21:964][  2]LogRenderer: Reallocating scene render targets to support 720x1280 Format 10 NumSamples 1 (Frame:2).
[2022.01.12-07.37.32:930][603]LogSlate: Window 'BossGame (64-bit Development PCD3D_ES31) ' being destroyed
[2022.01.12-07.37.32:932][603]LogSlate: Updating window title bar state: overlay mode, drag disabled, window buttons hidden, title bar hidden
[2022.01.12-07.37.32:932][603]LogEngine: All Windows Closed
[2022.01.12-07.37.32:932][603]LogWindows: FPlatformMisc::RequestExit(0)
[2022.01.12-07.37.32:932][603]LogWindows: FPlatformMisc::RequestExitWithStatus(0, 0)
[2022.01.12-07.37.32:932][603]LogCore: Engine exit requested (reason: Win RequestExit)
[2022.01.12-07.37.32:932][604]LogCore: Engine exit requested (reason: EngineExit() was called; note: exit was already requested)
[2022.01.12-07.37.32:932][604]LogInit: Display: PreExit Game.
[2022.01.12-07.37.32:938][604]LogWorld: BeginTearingDown for /Game/ThirdPersonBP/Maps/ThirdPersonExampleMap
[2022.01.12-07.37.32:938][604]LogWorld: UWorld::CleanupWorld for ThirdPersonExampleMap, bSessionEnded=true, bCleanupResources=true
[2022.01.12-07.37.32:939][604]LogSlate: InvalidateAllWidgets triggered.  All widgets were invalidated
[2022.01.12-07.37.33:446][604]LogAudio: Display: Beginning Audio Device Manager Shutdown (Module: AudioMixerXAudio2)...
[2022.01.12-07.37.33:446][604]LogAudio: Display: Destroying 1 Remaining Audio Device(s)...
[2022.01.12-07.37.33:446][604]LogAudio: Display: Audio Device unregistered from world 'ThirdPersonExampleMap'.
[2022.01.12-07.37.33:486][604]LogAudioMixer: FMixerPlatformXAudio2::StopAudioStream() called
[2022.01.12-07.37.33:486][604]LogAudioMixer: FMixerPlatformXAudio2::StopAudioStream() called
[2022.01.12-07.37.33:488][604]LogAudio: Display: Audio Device Manager Shutdown
[2022.01.12-07.37.33:490][604]LogExit: Preparing to exit.
[2022.01.12-07.37.33:499][604]LogSlate: Updating window title bar state: overlay mode, drag disabled, window buttons hidden, title bar hidden
[2022.01.12-07.37.33:501][604]LogUObjectHash: Compacting FUObjectHashTables data took   0.65ms
[2022.01.12-07.37.33:863][604]LogMoviePlayer: Shutting down movie player
[2022.01.12-07.37.33:951][604]LogDemo: Cleaned up 0 splitscreen connections with owner deletion
[2022.01.12-07.37.33:954][604]LogExit: Game engine shut down
[2022.01.12-07.37.33:982][604]LogExit: Object subsystem successfully closed.
[2022.01.12-07.37.33:996][604]LogShaderCompilers: Display: === FShaderJobCache stats ===
[2022.01.12-07.37.33:996][604]LogShaderCompilers: Display: Total job queries 0, among them cache hits 0 (0.00%)
[2022.01.12-07.37.33:996][604]LogShaderCompilers: Display: Tracking 0 distinct input hashes that result in 0 distinct outputs (0.00%)
[2022.01.12-07.37.33:996][604]LogShaderCompilers: Display: RAM used: 0.00 MB (0.00 GB) of 3276.80 MB (3.20 GB) budget. Usage: 0.00%
[2022.01.12-07.37.33:996][604]LogShaderCompilers: Display: ================================================
[2022.01.12-07.37.34:002][604]LogShaderCompilers: Display: Shaders left to compile 0
[2022.01.12-07.37.34:014][604]LogModuleManager: Shutting down and abandoning module SequenceRecorderSections (568)
[2022.01.12-07.37.34:014][604]LogModuleManager: Shutting down and abandoning module SequenceRecorder (566)
[2022.01.12-07.37.34:014][604]LogModuleManager: Shutting down and abandoning module AutomationController (564)
[2022.01.12-07.37.34:014][604]LogModuleManager: Shutting down and abandoning module AutomationWorker (562)
[2022.01.12-07.37.34:014][604]LogModuleManager: Shutting down and abandoning module Voice (560)
[2022.01.12-07.37.34:014][604]LogModuleManager: Shutting down and abandoning module AIModule (558)
[2022.01.12-07.37.34:014][604]LogModuleManager: Shutting down and abandoning module GameplayDebugger (557)
[2022.01.12-07.37.34:014][604]LogModuleManager: Shutting down and abandoning module AITestSuite (555)
[2022.01.12-07.37.34:014][604]LogModuleManager: Shutting down and abandoning module NavigationSystem (553)
[2022.01.12-07.37.34:014][604]LogModuleManager: Shutting down and abandoning module AnimGraph (550)
[2022.01.12-07.37.34:014][604]LogModuleManager: Shutting down and abandoning module SteamVREditor (548)
[2022.01.12-07.37.34:014][604]LogModuleManager: Shutting down and abandoning module ToolMenus (547)
[2022.01.12-07.37.34:014][604]LogModuleManager: Shutting down and abandoning module OculusMR (544)
[2022.01.12-07.37.34:014][604]LogModuleManager: Shutting down and abandoning module OpenXRInput (542)
[2022.01.12-07.37.34:014][604]LogModuleManager: Shutting down and abandoning module TakeRecorderSources (540)
[2022.01.12-07.37.34:015][604]LogModuleManager: Shutting down and abandoning module TakeRecorder (539)
[2022.01.12-07.37.34:015][604]LogModuleManager: Shutting down and abandoning module TakeTrackRecorders (536)
[2022.01.12-07.37.34:015][604]LogModuleManager: Shutting down and abandoning module TakesCore (534)
[2022.01.12-07.37.34:015][604]LogModuleManager: Shutting down and abandoning module PlanarCut (532)
[2022.01.12-07.37.34:015][604]LogModuleManager: Shutting down and abandoning module CharacterAI (530)
[2022.01.12-07.37.34:015][604]LogModuleManager: Shutting down and abandoning module WebMMediaFactory (528)
[2022.01.12-07.37.34:015][604]LogModuleManager: Shutting down and abandoning module WebMMedia (526)
[2022.01.12-07.37.34:015][604]LogModuleManager: Shutting down and abandoning module WmfMediaFactory (524)
[2022.01.12-07.37.34:015][604]LogModuleManager: Shutting down and abandoning module MagicLeapMediaCodecFactory (522)
[2022.01.12-07.37.34:015][604]LogModuleManager: Shutting down and abandoning module MagicLeapMediaFactory (520)
[2022.01.12-07.37.34:015][604]LogModuleManager: Shutting down and abandoning module OpenExrWrapper (518)
[2022.01.12-07.37.34:015][604]LogModuleManager: Shutting down and abandoning module ImgMediaFactory (516)
[2022.01.12-07.37.34:015][604]LogModuleManager: Shutting down and abandoning module AvfMediaFactory (514)
[2022.01.12-07.37.34:015][604]LogModuleManager: Shutting down and abandoning module SessionServices (512)
[2022.01.12-07.37.34:015][604]LogModuleManager: Shutting down and abandoning module MovieSceneCapture (510)
[2022.01.12-07.37.34:015][604]LogModuleManager: Shutting down and abandoning module LiveCoding (508)
[2022.01.12-07.37.34:015][604]LogModuleManager: Shutting down and abandoning module LevelSequence (506)
[2022.01.12-07.37.34:015][604]LogModuleManager: Shutting down and abandoning module MovieSceneTracks (504)
[2022.01.12-07.37.34:015][604]LogModuleManager: Shutting down and abandoning module MovieScene (502)
[2022.01.12-07.37.34:015][604]LogModuleManager: Shutting down and abandoning module StreamingPauseRendering (500)
[2022.01.12-07.37.34:015][604]LogModuleManager: Shutting down and abandoning module PortalServices (498)
[2022.01.12-07.37.34:015][604]LogModuleManager: Shutting down and abandoning module PortalRpc (496)
[2022.01.12-07.37.34:015][604]LogModuleManager: Shutting down and abandoning module MessagingRpc (494)
[2022.01.12-07.37.34:015][604]LogModuleManager: Shutting down and abandoning module AudioMixerXAudio2 (492)
[2022.01.12-07.37.34:015][604]LogModuleManager: Shutting down and abandoning module AudioMixerCore (491)
[2022.01.12-07.37.34:015][604]LogModuleManager: Shutting down and abandoning module ImageWriteQueue (488)
[2022.01.12-07.37.34:018][604]LogModuleManager: Shutting down and abandoning module ProfilerService (486)
[2022.01.12-07.37.34:176][604]LogModuleManager: Shutting down and abandoning module TaskGraph (484)
[2022.01.12-07.37.34:176][604]LogModuleManager: Shutting down and abandoning module OculusInput (482)
[2022.01.12-07.37.34:176][604]LogModuleManager: Shutting down and abandoning module SQLiteSupport (480)
[2022.01.12-07.37.34:176][604]LogModuleManager: Shutting down and abandoning module DatabaseSupport (478)
[2022.01.12-07.37.34:176][604]LogModuleManager: Shutting down and abandoning module OodleNetworkHandlerComponent (476)
[2022.01.12-07.37.34:176][604]LogModuleManager: Shutting down and abandoning module VisualStudioSourceCodeAccess (474)
[2022.01.12-07.37.34:176][604]LogModuleManager: Shutting down and abandoning module HotReload (473)
[2022.01.12-07.37.34:176][604]LogModuleManager: Shutting down and abandoning module VisualStudioCodeSourceCodeAccess (470)
[2022.01.12-07.37.34:177][604]LogModuleManager: Shutting down and abandoning module UObjectPlugin (468)
[2022.01.12-07.37.34:177][604]LogModuleManager: Shutting down and abandoning module SubversionSourceControl (466)
[2022.01.12-07.37.34:177][604]LogModuleManager: Shutting down and abandoning module PerforceSourceControl (464)
[2022.01.12-07.37.34:177][604]LogModuleManager: Shutting down and abandoning module SourceControl (463)
[2022.01.12-07.37.34:177][604]LogModuleManager: Shutting down and abandoning module CLionSourceCodeAccess (460)
[2022.01.12-07.37.34:177][604]LogModuleManager: Shutting down and abandoning module Synthesis (458)
[2022.01.12-07.37.34:177][604]LogModuleManager: Shutting down and abandoning module ProceduralMeshComponent (456)
[2022.01.12-07.37.34:177][604]LogModuleManager: Shutting down and abandoning module MobilePatchingUtils (454)
[2022.01.12-07.37.34:177][604]LogModuleManager: Shutting down and abandoning module GooglePAD (452)
[2022.01.12-07.37.34:177][604]LogModuleManager: Shutting down and abandoning module EditableMesh (450)
[2022.01.12-07.37.34:177][604]LogModuleManager: Shutting down and abandoning module CustomMeshComponent (448)
[2022.01.12-07.37.34:177][604]LogModuleManager: Shutting down and abandoning module CableComponent (446)
[2022.01.12-07.37.34:177][604]LogModuleManager: Shutting down and abandoning module AssetTags (444)
[2022.01.12-07.37.34:177][604]LogModuleManager: Shutting down and abandoning module ArchVisCharacter (442)
[2022.01.12-07.37.34:177][604]LogModuleManager: Shutting down and abandoning module AudioCapture (440)
[2022.01.12-07.37.34:177][604]LogModuleManager: Shutting down and abandoning module AudioCaptureRtAudio (439)
[2022.01.12-07.37.34:177][604]LogModuleManager: Shutting down and abandoning module AppleImageUtilsBlueprintSupport (436)
[2022.01.12-07.37.34:177][604]LogModuleManager: Shutting down and abandoning module AppleImageUtils (434)
[2022.01.12-07.37.34:177][604]LogModuleManager: Shutting down and abandoning module AndroidPermission (432)
[2022.01.12-07.37.34:177][604]LogModuleManager: Shutting down and abandoning module TakeMovieScene (430)
[2022.01.12-07.37.34:177][604]LogModuleManager: Shutting down and abandoning module ActorLayerUtilities (428)
[2022.01.12-07.37.34:177][604]LogModuleManager: Shutting down and abandoning module TemplateSequence (426)
[2022.01.12-07.37.34:177][604]LogModuleManager: Shutting down and abandoning module Text3D (424)
[2022.01.12-07.37.34:177][604]LogModuleManager: Shutting down and abandoning module MotoSynth (422)
[2022.01.12-07.37.34:177][604]LogModuleManager: Shutting down and abandoning module OpenImageDenoise (420)
[2022.01.12-07.37.34:177][604]LogOpenImageDenoise: OIDN shutting down
[2022.01.12-07.37.34:177][604]LogModuleManager: Shutting down and abandoning module MeshConversion (418)
[2022.01.12-07.37.34:177][604]LogModuleManager: Shutting down and abandoning module DynamicMesh (416)
[2022.01.12-07.37.34:177][604]LogModuleManager: Shutting down and abandoning module GeometryAlgorithms (414)
[2022.01.12-07.37.34:177][604]LogModuleManager: Shutting down and abandoning module GeometricObjects (412)
[2022.01.12-07.37.34:177][604]LogModuleManager: Shutting down and abandoning module GeometryCollectionTracks (410)
[2022.01.12-07.37.34:177][604]LogModuleManager: Shutting down and abandoning module GeometryCollectionSequencer (409)
[2022.01.12-07.37.34:177][604]LogModuleManager: Shutting down and abandoning module GeometryCacheTracks (406)
[2022.01.12-07.37.34:177][604]LogModuleManager: Shutting down and abandoning module GeometryCacheSequencer (405)
[2022.01.12-07.37.34:177][604]LogModuleManager: Shutting down and abandoning module GeometryCache (402)
[2022.01.12-07.37.34:177][604]LogModuleManager: Shutting down and abandoning module GeometryCacheEd (401)
[2022.01.12-07.37.34:177][604]LogModuleManager: Shutting down and abandoning module ChaosNiagara (398)
[2022.01.12-07.37.34:177][604]LogModuleManager: Shutting down and abandoning module FieldSystemEngine (397)
[2022.01.12-07.37.34:177][604]LogModuleManager: Shutting down and abandoning module BackChannel (394)
[2022.01.12-07.37.34:177][604]LogModuleManager: Shutting down and abandoning module AutomationUtils (392)
[2022.01.12-07.37.34:177][604]LogModuleManager: Shutting down and abandoning module MagicLeapSharedWorld (390)
[2022.01.12-07.37.34:177][604]LogModuleManager: Shutting down and abandoning module MediaCompositing (388)
[2022.01.12-07.37.34:177][604]LogModuleManager: Shutting down and abandoning module MagicLeapLightEstimation (386)
[2022.01.12-07.37.34:177][604]LogModuleManager: Shutting down and abandoning module ImgMedia (384)
[2022.01.12-07.37.34:177][604]LogModuleManager: Shutting down and abandoning module MagicLeapHelperVulkan (382)
[2022.01.12-07.37.34:177][604]LogModuleManager: Shutting down and abandoning module MagicLeapHelperOpenGL (380)
[2022.01.12-07.37.34:177][604]LogModuleManager: Shutting down and abandoning module MagicLeapAudio (378)
[2022.01.12-07.37.34:177][604]LogModuleManager: Shutting down and abandoning module LiveLinkSequencer (376)
[2022.01.12-07.37.34:177][604]LogModuleManager: Shutting down and abandoning module LiveLinkMovieScene (374)
[2022.01.12-07.37.34:177][604]LogModuleManager: Shutting down and abandoning module LiveLinkGraphNode (372)
[2022.01.12-07.37.34:177][604]LogModuleManager: Shutting down and abandoning module LiveLinkComponents (370)
[2022.01.12-07.37.34:177][604]LogModuleManager: Shutting down and abandoning module LiveLink (368)
[2022.01.12-07.37.34:207][604]LogModuleManager: Shutting down and abandoning module SQLiteCore (366)
[2022.01.12-07.37.34:207][604]LogModuleManager: Shutting down and abandoning module GameplayTagsEditor (364)
[2022.01.12-07.37.34:207][604]LogModuleManager: Shutting down and abandoning module FacialAnimation (362)
[2022.01.12-07.37.34:207][604]LogModuleManager: Shutting down and abandoning module LightPropagationVolumeRuntime (360)
[2022.01.12-07.37.34:207][604]LogModuleManager: Shutting down and abandoning module AssetManagerEditor (358)
[2022.01.12-07.37.34:207][604]LogModuleManager: Shutting down and abandoning module TreeMap (357)
[2022.01.12-07.37.34:207][604]LogModuleManager: Shutting down and abandoning module PropertyAccessNode (354)
[2022.01.12-07.37.34:207][604]LogModuleManager: Shutting down and abandoning module SoundFields (352)
[2022.01.12-07.37.34:207][604]LogModuleManager: Shutting down and abandoning module SignificanceManager (350)
[2022.01.12-07.37.34:207][604]LogModuleManager: Shutting down and abandoning module RuntimePhysXCooking (348)
[2022.01.12-07.37.34:207][604]LogModuleManager: Shutting down and abandoning module PropertyAccessEditor (346)
[2022.01.12-07.37.34:207][604]LogModuleManager: Shutting down and abandoning module PhysXVehiclesEditor (344)
[2022.01.12-07.37.34:207][604]LogModuleManager: Shutting down and abandoning module LocationServicesBPLibrary (340)
[2022.01.12-07.37.34:207][604]LogModuleManager: Shutting down and abandoning module AudioSynesthesia (338)
[2022.01.12-07.37.34:207][604]LogModuleManager: Shutting down and abandoning module AudioSynesthesiaCore (336)
[2022.01.12-07.37.34:207][604]LogModuleManager: Shutting down and abandoning module PythonScriptPlugin (334)
[2022.01.12-07.37.34:207][604]LogModuleManager: Shutting down and abandoning module ActorSequence (332)
[2022.01.12-07.37.34:207][604]LogModuleManager: Shutting down and abandoning module MagicLeapARPin (330)
[2022.01.12-07.37.34:207][604]LogModuleManager: Shutting down and abandoning module ImgMediaEngine (328)
[2022.01.12-07.37.34:207][604]LogModuleManager: Shutting down and abandoning module UdpMessaging (326)
[2022.01.12-07.37.34:308][604]LogModuleManager: Shutting down and abandoning module TcpMessaging (324)
[2022.01.12-07.37.34:859][604]LogModuleManager: Shutting down and abandoning module MagicLeapHandMeshing (322)
[2022.01.12-07.37.34:859][604]LogModuleManager: Shutting down and abandoning module MagicLeapSecureStorage (320)
[2022.01.12-07.37.34:859][604]LogModuleManager: Shutting down and abandoning module MagicLeapPrivileges (318)
[2022.01.12-07.37.34:859][604]LogModuleManager: Shutting down and abandoning module MagicLeapPlanes (316)
[2022.01.12-07.37.34:859][604]LogMagicLeapPlanes: Planes tracker already destroyed.
[2022.01.12-07.37.34:859][604]LogModuleManager: Shutting down and abandoning module MagicLeapImageTracker (314)
[2022.01.12-07.37.34:859][604]LogModuleManager: Shutting down and abandoning module MagicLeapIdentity (312)
[2022.01.12-07.37.34:859][604]LogModuleManager: Shutting down and abandoning module MagicLeapHandTracking (310)
[2022.01.12-07.37.34:859][604]LogModuleManager: Shutting down and abandoning module MagicLeapEyeTracker (308)
[2022.01.12-07.37.34:859][604]LogModuleManager: Shutting down and abandoning module MagicLeapController (306)
[2022.01.12-07.37.34:859][604]LogModuleManager: Shutting down and abandoning module MagicLeapARPinImpl (304)
[2022.01.12-07.37.34:859][604]LogModuleManager: Shutting down and abandoning module MagicLeapAR (302)
[2022.01.12-07.37.34:859][604]LogModuleManager: Shutting down and abandoning module NiagaraAnimNotifies (300)
[2022.01.12-07.37.34:859][604]LogModuleManager: Shutting down and abandoning module Niagara (298)
[2022.01.12-07.37.34:859][604]LogModuleManager: Shutting down and abandoning module SignalProcessing (297)
[2022.01.12-07.37.34:859][604]LogModuleManager: Shutting down and abandoning module NiagaraEditor (295)
[2022.01.12-07.37.34:860][604]LogModuleManager: Shutting down and abandoning module ContentBrowser (294)
[2022.01.12-07.37.34:860][604]LogModuleManager: Shutting down and abandoning module CollectionManager (293)
[2022.01.12-07.37.34:860][604]LogModuleManager: Shutting down and abandoning module DirectoryWatcher (292)
[2022.01.12-07.37.34:860][604]LogModuleManager: Shutting down and abandoning module ContentBrowserData (289)
[2022.01.12-07.37.34:860][604]LogModuleManager: Shutting down and abandoning module NiagaraCore (284)
[2022.01.12-07.37.34:860][604]LogModuleManager: Shutting down and abandoning module AnimationSharing (282)
[2022.01.12-07.37.34:860][604]LogModuleManager: Shutting down and abandoning module GameplayCameras (280)
[2022.01.12-07.37.34:860][604]LogModuleManager: Shutting down and abandoning module EnvironmentQueryEditor (278)
[2022.01.12-07.37.34:860][604]LogModuleManager: Shutting down and abandoning module Paper2D (276)
[2022.01.12-07.37.34:860][604]LogModuleManager: Shutting down and abandoning module WindowsMoviePlayer (274)
[2022.01.12-07.37.34:860][604]LogModuleManager: Shutting down and abandoning module WebMMoviePlayer (272)
[2022.01.12-07.37.34:860][604]LogModuleManager: Shutting down and abandoning module NetworkReplayStreaming (270)
[2022.01.12-07.37.34:860][604]LogModuleManager: Shutting down and abandoning module PacketHandler (268)
[2022.01.12-07.37.34:860][604]LogModuleManager: Shutting down and abandoning module ClothingSystemEditor (266)
[2022.01.12-07.37.34:860][604]LogModuleManager: Shutting down and abandoning module ClothingSystemRuntimeNv (264)
[2022.01.12-07.37.34:860][604]LogModuleManager: Shutting down and abandoning module MediaAssets (262)
[2022.01.12-07.37.34:860][604]LogModuleManager: Shutting down and abandoning module Overlay (260)
[2022.01.12-07.37.34:860][604]LogModuleManager: Shutting down and abandoning module OverlayEditor (259)
[2022.01.12-07.37.34:860][604]LogModuleManager: Shutting down and abandoning module VREditor (256)
[2022.01.12-07.37.34:860][604]LogModuleManager: Shutting down and abandoning module StringTableEditor (254)
[2022.01.12-07.37.34:860][604]LogModuleManager: Shutting down and abandoning module GameplayTasksEditor (252)
[2022.01.12-07.37.34:860][604]LogModuleManager: Shutting down and abandoning module BehaviorTreeEditor (250)
[2022.01.12-07.37.34:860][604]LogModuleManager: Shutting down and abandoning module FunctionalTesting (248)
[2022.01.12-07.37.34:860][604]LogModuleManager: Shutting down and abandoning module CollisionAnalyzer (246)
[2022.01.12-07.37.34:860][604]LogModuleManager: Shutting down and abandoning module WorkspaceMenuStructure (245)
[2022.01.12-07.37.34:860][604]LogModuleManager: Shutting down and abandoning module UMG (242)
[2022.01.12-07.37.34:860][604]LogModuleManager: Shutting down and abandoning module UMGEditor (241)
[2022.01.12-07.37.34:860][604]LogModuleManager: Shutting down and abandoning module Sequencer (240)
[2022.01.12-07.37.34:860][604]LogModuleManager: Shutting down and abandoning module MessageLog (237)
[2022.01.12-07.37.34:861][604]LogModuleManager: Shutting down and abandoning module SlateReflector (232)
[2022.01.12-07.37.34:861][604]LogModuleManager: Shutting down and abandoning module Slate (230)
[2022.01.12-07.37.34:861][604]LogModuleManager: Shutting down and abandoning module SlateCore (228)
[2022.01.12-07.37.34:861][604]LogModuleManager: Shutting down and abandoning module LandscapeEditorUtilities (226)
[2022.01.12-07.37.34:861][604]LogModuleManager: Shutting down and abandoning module UnrealEd (224)
[2022.01.12-07.37.34:861][604]LogModuleManager: Shutting down and abandoning module MRMesh (222)
[2022.01.12-07.37.34:861][604]LogModuleManager: Shutting down and abandoning module Messaging (220)
[2022.01.12-07.37.34:861][604]LogModuleManager: Shutting down and abandoning module SourceCodeAccess (218)
[2022.01.12-07.37.34:861][604]LogModuleManager: Shutting down and abandoning module HeadMountedDisplay (216)
[2022.01.12-07.37.34:861][604]LogModuleManager: Shutting down and abandoning module XAudio2 (214)
[2022.01.12-07.37.34:861][604]LogModuleManager: Shutting down and abandoning module Networking (212)
[2022.01.12-07.37.34:861][604]LogModuleManager: Shutting down and abandoning module Core (210)
[2022.01.12-07.37.34:861][604]LogModuleManager: Shutting down and abandoning module MaterialEditor (208)
[2022.01.12-07.37.34:861][604]LogModuleManager: Shutting down and abandoning module MovieSceneTools (206)
[2022.01.12-07.37.34:861][604]LogModuleManager: Shutting down and abandoning module EditorStyle (205)
[2022.01.12-07.37.34:862][604]LogModuleManager: Shutting down and abandoning module KismetCompiler (202)
[2022.01.12-07.37.34:862][604]LogModuleManager: Shutting down and abandoning module MeshBuilder (200)
[2022.01.12-07.37.34:862][604]LogModuleManager: Shutting down and abandoning module MeshUtilities (198)
[2022.01.12-07.37.34:862][604]LogModuleManager: Shutting down and abandoning module MeshMergeUtilities (197)
[2022.01.12-07.37.34:862][604]LogModuleManager: Shutting down and abandoning module MeshReductionInterface (196)
[2022.01.12-07.37.34:862][604]LogModuleManager: Shutting down and abandoning module MeshBoneReduction (195)
[2022.01.12-07.37.34:862][604]LogModuleManager: Shutting down and abandoning module SkeletalMeshReduction (193)
[2022.01.12-07.37.34:862][604]LogModuleManager: Shutting down and abandoning module ProxyLODMeshReduction (191)
[2022.01.12-07.37.34:862][604]LogModuleManager: Shutting down and abandoning module QuadricMeshReduction (189)
[2022.01.12-07.37.34:862][604]LogModuleManager: Shutting down and abandoning module MaterialBaking (185)
[2022.01.12-07.37.34:862][604]LogModuleManager: Shutting down and abandoning module NullInstallBundleManager (180)
[2022.01.12-07.37.34:862][604]LogModuleManager: Shutting down and abandoning module PIEPreviewDeviceProfileSelector (178)
[2022.01.12-07.37.34:862][604]LogModuleManager: Shutting down and abandoning module DerivedDataCache (176)
[2022.01.12-07.37.34:862][604]LogModuleManager: Shutting down and abandoning module TargetPlatform (174)
[2022.01.12-07.37.34:862][604]LogModuleManager: Shutting down and abandoning module VulkanShaderFormat (173)
[2022.01.12-07.37.34:862][604]LogModuleManager: Shutting down and abandoning module ShaderFormatVectorVM (171)
[2022.01.12-07.37.34:862][604]LogModuleManager: Shutting down and abandoning module ShaderFormatOpenGL (169)
[2022.01.12-07.37.34:862][604]LogModuleManager: Shutting down and abandoning module ShaderFormatD3D (167)
[2022.01.12-07.37.34:862][604]LogModuleManager: Shutting down and abandoning module MetalShaderFormat (165)
[2022.01.12-07.37.34:862][604]LogModuleManager: Shutting down and abandoning module TextureFormatOodle (163)
[2022.01.12-07.37.34:862][604]LogModuleManager: Shutting down and abandoning module TextureFormatUncompressed (161)
[2022.01.12-07.37.34:862][604]LogModuleManager: Shutting down and abandoning module TextureFormatPVR (159)
[2022.01.12-07.37.34:862][604]LogModuleManager: Shutting down and abandoning module TextureFormatETC2 (157)
[2022.01.12-07.37.34:862][604]LogModuleManager: Shutting down and abandoning module TextureFormatDXT (155)
[2022.01.12-07.37.34:862][604]LogModuleManager: Shutting down and abandoning module TextureFormatIntelISPCTexComp (153)
[2022.01.12-07.37.34:862][604]LogModuleManager: Shutting down and abandoning module TextureFormatASTC (151)
[2022.01.12-07.37.34:862][604]LogModuleManager: Shutting down and abandoning module ImageWrapper (150)
[2022.01.12-07.37.34:862][604]LogModuleManager: Shutting down and abandoning module AudioFormatOpus (147)
[2022.01.12-07.37.34:862][604]LogModuleManager: Shutting down and abandoning module AudioFormatOgg (145)
[2022.01.12-07.37.34:862][604]LogModuleManager: Shutting down and abandoning module AudioFormatADPCM (143)
[2022.01.12-07.37.34:862][604]LogModuleManager: Shutting down and abandoning module WindowsServerTargetPlatform (141)
[2022.01.12-07.37.34:862][604]LogModuleManager: Shutting down and abandoning module WindowsClientTargetPlatform (139)
[2022.01.12-07.37.34:862][604]LogModuleManager: Shutting down and abandoning module WindowsTargetPlatform (137)
[2022.01.12-07.37.34:862][604]LogModuleManager: Shutting down and abandoning module WindowsNoEditorTargetPlatform (135)
[2022.01.12-07.37.34:862][604]LogModuleManager: Shutting down and abandoning module D3D11RHI (132)
[2022.01.12-07.37.34:862][604]LogModuleManager: Shutting down and abandoning module InputCore (130)
[2022.01.12-07.37.34:862][604]LogModuleManager: Shutting down and abandoning module Settings (128)
[2022.01.12-07.37.34:862][604]LogModuleManager: Shutting down and abandoning module PhysXCooking (126)
[2022.01.12-07.37.34:862][604]LogModuleManager: Shutting down and abandoning module Chaos (124)
[2022.01.12-07.37.34:862][604]LogModuleManager: Shutting down and abandoning module WindowsPlatformFeatures (122)
[2022.01.12-07.37.34:862][604]LogModuleManager: Shutting down and abandoning module GameplayMediaEncoder (121)
[2022.01.12-07.37.34:862][604]LogModuleManager: Shutting down and abandoning module AVEncoder (120)
[2022.01.12-07.37.34:862][604]LogModuleManager: Shutting down and abandoning module SteamVRInputDevice (116)
[2022.01.12-07.37.34:862][604]LogModuleManager: Shutting down and abandoning module SteamVRInput (114)
[2022.01.12-07.37.34:862][604]LogModuleManager: Shutting down and abandoning module SteamVR (112)
[2022.01.12-07.37.34:862][604]LogHMD: Freeing OpenVRDLLHandle.
[2022.01.12-07.37.34:862][604]LogModuleManager: Shutting down and abandoning module OculusHMD (110)
[2022.01.12-07.37.34:862][604]LogModuleManager: Shutting down and abandoning module PixWinPlugin (108)
[2022.01.12-07.37.34:862][604]LogModuleManager: Shutting down and abandoning module OpenXRHandTracking (106)
[2022.01.12-07.37.34:862][604]LogSlate: Slate User Destroyed.  User Index 0, Is Virtual User: 0
[2022.01.12-07.37.34:862][604]LogModuleManager: Shutting down and abandoning module OpenXREyeTracker (104)
[2022.01.12-07.37.34:862][604]LogModuleManager: Shutting down and abandoning module OpenXRAR (102)
[2022.01.12-07.37.34:862][604]LogModuleManager: Shutting down and abandoning module AugmentedReality (101)
[2022.01.12-07.37.34:862][604]LogModuleManager: Shutting down and abandoning module OpenXRHMD (98)
[2022.01.12-07.37.34:862][604]LogModuleManager: Shutting down and abandoning module ExampleDeviceProfileSelector (96)
[2022.01.12-07.37.34:862][604]LogModuleManager: Shutting down and abandoning module ChunkDownloader (94)
[2022.01.12-07.37.34:862][604]LogModuleManager: Shutting down and abandoning module OnlineBlueprintSupport (92)
[2022.01.12-07.37.34:862][604]LogModuleManager: Shutting down and abandoning module OnlineSubsystem (88)
[2022.01.12-07.37.34:863][604]LogModuleManager: Shutting down and abandoning module XMPP (83)
[2022.01.12-07.37.34:863][604]LogModuleManager: Shutting down and abandoning module WebSockets (82)
[2022.01.12-07.37.34:895][604]LogModuleManager: Shutting down and abandoning module HTTP (79)
[2022.01.12-07.37.34:895][604]LogHttp: Display: cleaning up 0 outstanding Http requests.
[2022.01.12-07.37.34:927][604]LogModuleManager: Shutting down and abandoning module SSL (78)
[2022.01.12-07.37.34:928][604]LogModuleManager: Shutting down and abandoning module LauncherChunkInstaller (74)
[2022.01.12-07.37.34:928][604]LogModuleManager: Shutting down and abandoning module ChaosCloth (72)
[2022.01.12-07.37.34:928][604]LogModuleManager: Shutting down and abandoning module MLSDK (70)
[2022.01.12-07.37.34:928][604]LogModuleManager: Shutting down and abandoning module WmfMedia (68)
[2022.01.12-07.37.34:928][604]LogModuleManager: Shutting down and abandoning module Media (67)
[2022.01.12-07.37.34:929][604]LogModuleManager: Shutting down and abandoning module MediaInfo (66)
[2022.01.12-07.37.34:929][604]LogModuleManager: Shutting down and abandoning module ExrReaderGpu (62)
[2022.01.12-07.37.34:929][604]LogModuleManager: Shutting down and abandoning module MagicLeap (60)
[2022.01.12-07.37.34:929][604]LogModuleManager: Shutting down and abandoning module VariantManagerContent (58)
[2022.01.12-07.37.34:929][604]LogModuleManager: Shutting down and abandoning module NiagaraVertexFactories (56)
[2022.01.12-07.37.34:929][604]LogModuleManager: Shutting down and abandoning module NiagaraShader (54)
[2022.01.12-07.37.34:929][604]LogModuleManager: Shutting down and abandoning module DatasmithContent (52)
[2022.01.12-07.37.34:929][604]LogModuleManager: Shutting down and abandoning module AISupportModule (50)
[2022.01.12-07.37.34:929][604]LogModuleManager: Shutting down and abandoning module DesktopPlatform (48)
[2022.01.12-07.37.34:929][604]LogModuleManager: Shutting down and abandoning module OodleDataCompressionFormat (46)
[2022.01.12-07.37.34:929][604]LogModuleManager: Shutting down and abandoning module PythonScriptPluginPreload (44)
[2022.01.12-07.37.34:929][604]LogModuleManager: Shutting down and abandoning module PlatformCryptoOpenSSL (42)
[2022.01.12-07.37.34:929][604]LogModuleManager: Shutting down and abandoning module PlatformCryptoTypes (40)
[2022.01.12-07.37.34:929][604]LogModuleManager: Shutting down and abandoning module PlatformCrypto (38)
[2022.01.12-07.37.34:929][604]LogModuleManager: Shutting down and abandoning module XGEController (36)
[2022.01.12-07.37.34:929][604]LogModuleManager: Shutting down and abandoning module AnimationModifiers (34)
[2022.01.12-07.37.34:929][604]LogModuleManager: Shutting down and abandoning module AudioEditor (32)
[2022.01.12-07.37.34:929][604]LogModuleManager: Shutting down and abandoning module PropertyEditor (31)
[2022.01.12-07.37.34:929][604]LogModuleManager: Shutting down and abandoning module TextureCompressor (28)
[2022.01.12-07.37.34:929][604]LogModuleManager: Shutting down and abandoning module RenderCore (26)
[2022.01.12-07.37.34:929][604]LogModuleManager: Shutting down and abandoning module Landscape (24)
[2022.01.12-07.37.34:929][604]LogModuleManager: Shutting down and abandoning module SlateRHIRenderer (22)
[2022.01.12-07.37.34:929][604]LogModuleManager: Shutting down and abandoning module AnimGraphRuntime (20)
[2022.01.12-07.37.34:929][604]LogModuleManager: Shutting down and abandoning module Renderer (18)
[2022.01.12-07.37.34:929][604]LogModuleManager: Shutting down and abandoning module Engine (16)
[2022.01.12-07.37.34:929][604]LogModuleManager: Shutting down and abandoning module CoreUObject (14)
[2022.01.12-07.37.34:929][604]LogModuleManager: Shutting down and abandoning module NetworkFile (12)
[2022.01.12-07.37.34:929][604]LogModuleManager: Shutting down and abandoning module CookedIterativeFile (10)
[2022.01.12-07.37.34:929][604]LogModuleManager: Shutting down and abandoning module StreamingFile (8)
[2022.01.12-07.37.34:929][604]LogModuleManager: Shutting down and abandoning module SandboxFile (6)
[2022.01.12-07.37.34:929][604]LogModuleManager: Shutting down and abandoning module PakFile (4)
[2022.01.12-07.37.34:929][604]LogModuleManager: Shutting down and abandoning module RSA (3)
[2022.01.12-07.37.35:349][604]LogContentStreaming: Display: There are 1 unreleased StreamingManagers
[2022.01.12-07.37.35:363][604]LogD3D11RHI: Shutdown
[2022.01.12-07.37.35:363][604]LogD3D11RHI: CleanupD3DDevice
[2022.01.12-07.37.35:364][604]LogExit: Exiting.
[2022.01.12-07.37.35:392][604]Log file closed, 01/12/22 15:37:35
