Log file open, 02/01/22 13:25:23
LogWindows: Failed to load 'aqProf.dll' (GetLastError=126)
LogWindows: File 'aqProf.dll' does not exist
LogWindows: Failed to load 'VtuneApi.dll' (GetLastError=126)
LogWindows: File 'VtuneApi.dll' does not exist
LogWindows: Failed to load 'VtuneApi32e.dll' (GetLastError=126)
LogWindows: File 'VtuneApi32e.dll' does not exist
LogConsoleResponse: Display: Failed to find resolution value strings in scalability ini. Falling back to default.
LogConsoleResponse: Display: Failed to find resolution value strings in scalability ini. Falling back to default.
LogInit: Display: Running engine for game: BossGame
LogPlatformFile: Not using cached read wrapper
LogTaskGraph: Started task graph with 5 named threads and 23 total threads with 3 sets of task threads.
LogStats: Stats thread started at 0.198276
LogICUInternationalization: ICU TimeZone Detection - Raw Offset: +8:00, Platform Override: ''
LogInit: Display: Loading text-based GConfig....
LogPluginManager: Mounting plugin MeshPainting
LogPluginManager: Mounting plugin XGEController
LogPluginManager: Mounting plugin Paper2D
LogPluginManager: Mounting plugin LiveLink
LogPluginManager: Mounting plugin AISupport
LogPluginManager: Mounting plugin EnvironmentQueryEditor
LogPluginManager: Mounting plugin LightPropagationVolume
LogPluginManager: Mounting plugin CameraShakePreviewer
LogPluginManager: Mounting plugin GameplayCameras
LogPluginManager: Mounting plugin OodleData
LogPluginManager: Mounting plugin OodleNetwork
LogPluginManager: Mounting plugin AnimationSharing
LogPluginManager: Mounting plugin CLionSourceCodeAccess
LogPluginManager: Mounting plugin CodeLiteSourceCodeAccess
LogPluginManager: Mounting plugin KDevelopSourceCodeAccess
LogPluginManager: Mounting plugin GitSourceControl
LogPluginManager: Mounting plugin NullSourceCodeAccess
LogPluginManager: Mounting plugin PerforceSourceControl
LogPluginManager: Mounting plugin PixWinPlugin
LogPluginManager: Mounting plugin PluginUtils
LogPluginManager: Mounting plugin PlasticSourceControl
LogPluginManager: Mounting plugin PropertyAccessNode
LogPluginManager: Mounting plugin RiderSourceCodeAccess
LogPluginManager: Mounting plugin SubversionSourceControl
LogPluginManager: Mounting plugin TextureFormatOodle
LogPluginManager: Mounting plugin UObjectPlugin
LogPluginManager: Mounting plugin VisualStudioCodeSourceCodeAccess
LogPluginManager: Mounting plugin VisualStudioSourceCodeAccess
LogPluginManager: Mounting plugin XCodeSourceCodeAccess
LogPluginManager: Mounting plugin DatasmithContent
LogPluginManager: Mounting plugin VariantManagerContent
LogPluginManager: Mounting plugin AlembicImporter
LogPluginManager: Mounting plugin AutomationUtils
LogPluginManager: Mounting plugin BackChannel
LogPluginManager: Mounting plugin ChaosCloth
LogPluginManager: Mounting plugin ChaosClothEditor
LogPluginManager: Mounting plugin ChaosEditor
LogPluginManager: Mounting plugin ChaosNiagara
LogPluginManager: Mounting plugin ChaosSolverPlugin
LogPluginManager: Mounting plugin CharacterAI
LogPluginManager: Mounting plugin GeometryCache
LogPluginManager: Mounting plugin GeometryCollectionPlugin
LogPluginManager: Mounting plugin AssetManagerEditor
LogPluginManager: Mounting plugin CryptoKeys
LogPluginManager: Mounting plugin DataValidation
LogPluginManager: Mounting plugin Niagara
LogPluginManager: Mounting plugin FacialAnimation
LogPluginManager: Mounting plugin GameplayTagsEditor
LogPluginManager: Mounting plugin GeometryMode
LogPluginManager: Mounting plugin MacGraphicsSwitching
LogPluginManager: Mounting plugin MaterialAnalyzer
LogPluginManager: Mounting plugin CurveEditorTools
LogPluginManager: Mounting plugin MobileLauncherProfileWizard
LogPluginManager: Mounting plugin PluginBrowser
LogPluginManager: Mounting plugin SpeedTreeImporter
LogPluginManager: Mounting plugin GeometryProcessing
LogPluginManager: Mounting plugin MotoSynth
LogPluginManager: Mounting plugin OpenImageDenoise
LogPluginManager: Mounting plugin PlanarCut
LogPluginManager: Mounting plugin PlatformCrypto
LogPluginManager: Mounting plugin ProxyLODPlugin
LogPluginManager: Mounting plugin PythonScriptPlugin
LogPluginManager: Mounting plugin Text3D
LogPluginManager: Mounting plugin SkeletalReduction
LogPluginManager: Mounting plugin LuminPlatformFeatures
LogPluginManager: Mounting plugin MagicLeap
LogPluginManager: Mounting plugin MagicLeapLightEstimation
LogPluginManager: Mounting plugin MagicLeapMedia
LogPluginManager: Mounting plugin MagicLeapPassableWorld
LogPluginManager: Mounting plugin MLSDK
LogPluginManager: Mounting plugin AndroidMedia
LogPluginManager: Mounting plugin AvfMedia
LogPluginManager: Mounting plugin ImgMedia
LogPluginManager: Mounting plugin MediaCompositing
LogPluginManager: Mounting plugin MediaPlayerEditor
LogPluginManager: Mounting plugin WebMMedia
LogPluginManager: Mounting plugin TcpMessaging
LogPluginManager: Mounting plugin ActorSequence
LogPluginManager: Mounting plugin UdpMessaging
LogPluginManager: Mounting plugin LevelSequenceEditor
LogPluginManager: Mounting plugin MatineeToLevelSequence
LogPluginManager: Mounting plugin TemplateSequence
LogPluginManager: Mounting plugin OnlineSubsystem
LogPluginManager: Mounting plugin OnlineSubsystemNull
LogPluginManager: Mounting plugin OnlineSubsystemUtils
LogPluginManager: Mounting plugin LauncherChunkInstaller
LogPluginManager: Mounting plugin ActorLayerUtilities
LogPluginManager: Mounting plugin AndroidDeviceProfileSelector
LogPluginManager: Mounting plugin AndroidMoviePlayer
LogPluginManager: Mounting plugin AndroidPermission
LogPluginManager: Mounting plugin AppleImageUtils
LogPluginManager: Mounting plugin AppleMoviePlayer
LogPluginManager: Mounting plugin ArchVisCharacter
LogPluginManager: Mounting plugin WmfMedia
LogPluginManager: Mounting plugin AudioCapture
LogPluginManager: Mounting plugin AudioSynesthesia
LogPluginManager: Mounting plugin CableComponent
LogPluginManager: Mounting plugin ChunkDownloader
LogPluginManager: Mounting plugin CustomMeshComponent
LogPluginManager: Mounting plugin EditableMesh
LogPluginManager: Mounting plugin ExampleDeviceProfileSelector
LogPluginManager: Mounting plugin GoogleCloudMessaging
LogPluginManager: Mounting plugin GooglePAD
LogPluginManager: Mounting plugin AssetTags
LogPluginManager: Mounting plugin ScreenshotTools
LogPluginManager: Mounting plugin IOSDeviceProfileSelector
LogPluginManager: Mounting plugin LinuxDeviceProfileSelector
LogPluginManager: Mounting plugin LocationServicesBPLibrary
LogPluginManager: Mounting plugin MobilePatchingUtils
LogPluginManager: Mounting plugin OpenXR
LogPluginManager: Mounting plugin OpenXREyeTracker
LogPluginManager: Mounting plugin OpenXRHandTracking
LogPluginManager: Mounting plugin PhysXVehicles
LogPluginManager: Mounting plugin PostSplashScreen
LogPluginManager: Mounting plugin PropertyAccessEditor
LogPluginManager: Mounting plugin ProceduralMeshComponent
LogPluginManager: Mounting plugin RuntimePhysXCooking
LogPluginManager: Mounting plugin SignificanceManager
LogPluginManager: Mounting plugin SoundFields
LogPluginManager: Mounting plugin Synthesis
LogPluginManager: Mounting plugin WebMMoviePlayer
LogPluginManager: Mounting plugin WindowsMoviePlayer
LogPluginManager: Mounting plugin Takes
LogPluginManager: Mounting plugin ContentBrowserFileDataSource
LogPluginManager: Mounting plugin ContentBrowserAssetDataSource
LogPluginManager: Mounting plugin ContentBrowserClassDataSource
LogPluginManager: Mounting plugin OnlineSubsystemGooglePlay
LogPluginManager: Mounting plugin OnlineSubsystemIOS
LogPluginManager: Mounting plugin OculusVR
LogPluginManager: Mounting plugin SteamVR
PixWinPlugin: PIX capture plugin failed to initialize! Check that the process is launched from PIX.
LogInit: Using libcurl 7.55.1-DEV
LogInit:  - built for x86_64-pc-win32
LogInit:  - supports SSL with OpenSSL/1.1.1
LogInit:  - supports HTTP deflate (compression) using libz 1.2.8
LogInit:  - other features:
LogInit:      CURL_VERSION_SSL
LogInit:      CURL_VERSION_LIBZ
LogInit:      CURL_VERSION_IPV6
LogInit:      CURL_VERSION_ASYNCHDNS
LogInit:      CURL_VERSION_LARGEFILE
LogInit:      CURL_VERSION_IDN
LogInit:  CurlRequestOptions (configurable via config and command line):
LogInit:  - bVerifyPeer = true  - Libcurl will verify peer certificate
LogInit:  - bUseHttpProxy = false  - Libcurl will NOT use HTTP proxy
LogInit:  - bDontReuseConnections = false  - Libcurl will reuse connections
LogInit:  - MaxHostConnections = 16  - Libcurl will limit the number of connections to a host
LogInit:  - LocalHostAddr = Default
LogInit:  - BufferSize = 65536
LogOnline: OSS: Creating online subsystem instance for: NULL
LogInit: WinSock: version 1.1 (2.2), MaxSocks=32767, MaxUdp=65467
LogOnline: OSS: TryLoadSubsystemAndSetDefault: Loaded subsystem for module [NULL]
LogOculusPluginWrapper: OculusPlugin initialized successfully
LogHMD: Failed initializing OVRPlugin 1.59.0
LogInit: Build: ++UE4+Release-4.27-CL-18319896
LogInit: Engine Version: 4.27.2-18319896+++UE4+Release-4.27
LogInit: Compatible Engine Version: 4.27.0-17155196+++UE4+Release-4.27
LogInit: Net CL: 17155196
LogInit: OS: Windows 10 (Release 2009) (), CPU: Intel(R) Core(TM) i7-10510U CPU @ 1.80GHz, GPU: Intel(R) UHD Graphics
LogInit: Compiled (64-bit): Nov 30 2021 07:12:08
LogInit: Compiled with Visual C++: 19.24.28315.00
LogInit: Build Configuration: Development
LogInit: Branch Name: ++UE4+Release-4.27
LogInit: Command Line: 
LogInit: Base Directory: C:/Program Files/Epic Games/UE_4.27/Engine/Binaries/Win64/
LogInit: Allocator: TBB
LogInit: Installed Engine Build: 1
LogDevObjectVersion: Number of dev versions registered: 29
LogDevObjectVersion:   Dev-Blueprints (B0D832E4-1F89-4F0D-ACCF-7EB736FD4AA2): 10
LogDevObjectVersion:   Dev-Build (E1C64328-A22C-4D53-A36C-8E866417BD8C): 0
LogDevObjectVersion:   Dev-Core (375EC13C-06E4-48FB-B500-84F0262A717E): 4
LogDevObjectVersion:   Dev-Editor (E4B068ED-F494-42E9-A231-DA0B2E46BB41): 40
LogDevObjectVersion:   Dev-Framework (CFFC743F-43B0-4480-9391-14DF171D2073): 37
LogDevObjectVersion:   Dev-Mobile (B02B49B5-BB20-44E9-A304-32B752E40360): 3
LogDevObjectVersion:   Dev-Networking (A4E4105C-59A1-49B5-A7C5-40C4547EDFEE): 0
LogDevObjectVersion:   Dev-Online (39C831C9-5AE6-47DC-9A44-9C173E1C8E7C): 0
LogDevObjectVersion:   Dev-Physics (78F01B33-EBEA-4F98-B9B4-84EACCB95AA2): 14
LogDevObjectVersion:   Dev-Platform (6631380F-2D4D-43E0-8009-CF276956A95A): 0
LogDevObjectVersion:   Dev-Rendering (12F88B9F-8875-4AFC-A67C-D90C383ABD29): 45
LogDevObjectVersion:   Dev-Sequencer (7B5AE74C-D270-4C10-A958-57980B212A5A): 13
LogDevObjectVersion:   Dev-VR (D7296918-1DD6-4BDD-9DE2-64A83CC13884): 3
LogDevObjectVersion:   Dev-LoadTimes (C2A15278-BFE7-4AFE-6C17-90FF531DF755): 1
LogDevObjectVersion:   Private-Geometry (6EACA3D4-40EC-4CC1-B786-8BED09428FC5): 3
LogDevObjectVersion:   Dev-AnimPhys (29E575DD-E0A3-4627-9D10-D276232CDCEA): 17
LogDevObjectVersion:   Dev-Anim (AF43A65D-7FD3-4947-9873-3E8ED9C1BB05): 15
LogDevObjectVersion:   Dev-ReflectionCapture (6B266CEC-1EC7-4B8F-A30B-E4D90942FC07): 1
LogDevObjectVersion:   Dev-Automation (0DF73D61-A23F-47EA-B727-89E90C41499A): 1
LogDevObjectVersion:   FortniteMain (601D1886-AC64-4F84-AA16-D3DE0DEAC7D6): 47
LogDevObjectVersion:   FortniteRelease (E7086368-6B23-4C58-8439-1B7016265E91): 1
LogDevObjectVersion:   Dev-Enterprise (9DFFBCD6-494F-0158-E221-12823C92A888): 10
LogDevObjectVersion:   Dev-Niagara (F2AED0AC-9AFE-416F-8664-AA7FFA26D6FC): 1
LogDevObjectVersion:   Dev-Destruction (174F1F0B-B4C6-45A5-B13F-2EE8D0FB917D): 10
LogDevObjectVersion:   Dev-Physics-Ext (35F94A83-E258-406C-A318-09F59610247C): 41
LogDevObjectVersion:   Dev-PhysicsMaterial-Chaos (B68FC16E-8B1B-42E2-B453-215C058844FE): 1
LogDevObjectVersion:   Dev-CineCamera (B2E18506-4273-CFC2-A54E-F4BB758BBA07): 1
LogDevObjectVersion:   Dev-VirtualProduction (64F58936-FD1B-42BA-BA96-7289D5D0FA4E): 1
LogDevObjectVersion:   Dev-MediaFramework (6F0ED827-A609-4895-9C91-998D90180EA4): 2
LogInit: Presizing for max 25165824 objects, including 0 objects not considered by GC, pre-allocating 0 bytes for permanent pool.
LogConfig: Applying CVar settings from Section [/Script/Engine.StreamingSettings] File [C:/Users/annie/Desktop/Unreal Project/BossGame/Saved/Config/Windows/Engine.ini]
LogConfig: Setting CVar [[s.MinBulkDataSizeForAsyncLoading:131072]]
LogConfig: Setting CVar [[s.AsyncLoadingThreadEnabled:0]]
LogConfig: Setting CVar [[s.EventDrivenLoaderEnabled:1]]
LogConfig: Setting CVar [[s.WarnIfTimeLimitExceeded:0]]
LogConfig: Setting CVar [[s.TimeLimitExceededMultiplier:1.5]]
LogConfig: Setting CVar [[s.TimeLimitExceededMinTime:0.005]]
LogConfig: Setting CVar [[s.UseBackgroundLevelStreaming:1]]
LogConfig: Setting CVar [[s.PriorityAsyncLoadingExtraTime:15.0]]
LogConfig: Setting CVar [[s.LevelStreamingActorsUpdateTimeLimit:5.0]]
LogConfig: Setting CVar [[s.PriorityLevelStreamingActorsUpdateExtraTime:5.0]]
LogConfig: Setting CVar [[s.LevelStreamingComponentsRegistrationGranularity:10]]
LogConfig: Setting CVar [[s.UnregisterComponentsTimeLimit:1.0]]
LogConfig: Setting CVar [[s.LevelStreamingComponentsUnregistrationGranularity:5]]
LogConfig: Setting CVar [[s.FlushStreamingOnExit:1]]
LogInit: Object subsystem initialized
LogConfig: Setting CVar [[con.DebugEarlyDefault:1]]
LogConfig: Setting CVar [[r.setres:1280x720]]
[2022.02.01-05.25.24:112][  0]LogConfig: Setting CVar [[r.VSync:0]]
[2022.02.01-05.25.24:112][  0]LogConfig: Setting CVar [[r.RHICmdBypass:0]]
[2022.02.01-05.25.24:112][  0]LogConfig: Applying CVar settings from Section [/Script/Engine.RendererSettings] File [C:/Users/annie/Desktop/Unreal Project/BossGame/Saved/Config/Windows/Engine.ini]
[2022.02.01-05.25.24:112][  0]LogConfig: Setting CVar [[r.GPUCrashDebugging:0]]
[2022.02.01-05.25.24:112][  0]LogConfig: Applying CVar settings from Section [/Script/Engine.RendererOverrideSettings] File [C:/Users/annie/Desktop/Unreal Project/BossGame/Saved/Config/Windows/Engine.ini]
[2022.02.01-05.25.24:112][  0]LogConfig: Applying CVar settings from Section [/Script/Engine.StreamingSettings] File [C:/Users/annie/Desktop/Unreal Project/BossGame/Saved/Config/Windows/Engine.ini]
[2022.02.01-05.25.24:112][  0]LogConfig: Setting CVar [[s.MinBulkDataSizeForAsyncLoading:131072]]
[2022.02.01-05.25.24:112][  0]LogConfig: Setting CVar [[s.AsyncLoadingThreadEnabled:0]]
[2022.02.01-05.25.24:112][  0]LogConfig: Setting CVar [[s.EventDrivenLoaderEnabled:1]]
[2022.02.01-05.25.24:112][  0]LogConfig: Setting CVar [[s.WarnIfTimeLimitExceeded:0]]
[2022.02.01-05.25.24:112][  0]LogConfig: Setting CVar [[s.TimeLimitExceededMultiplier:1.5]]
[2022.02.01-05.25.24:112][  0]LogConfig: Setting CVar [[s.TimeLimitExceededMinTime:0.005]]
[2022.02.01-05.25.24:112][  0]LogConfig: Setting CVar [[s.UseBackgroundLevelStreaming:1]]
[2022.02.01-05.25.24:112][  0]LogConfig: Setting CVar [[s.PriorityAsyncLoadingExtraTime:15.0]]
[2022.02.01-05.25.24:112][  0]LogConfig: Setting CVar [[s.LevelStreamingActorsUpdateTimeLimit:5.0]]
[2022.02.01-05.25.24:112][  0]LogConfig: Setting CVar [[s.PriorityLevelStreamingActorsUpdateExtraTime:5.0]]
[2022.02.01-05.25.24:112][  0]LogConfig: Setting CVar [[s.LevelStreamingComponentsRegistrationGranularity:10]]
[2022.02.01-05.25.24:112][  0]LogConfig: Setting CVar [[s.UnregisterComponentsTimeLimit:1.0]]
[2022.02.01-05.25.24:112][  0]LogConfig: Setting CVar [[s.LevelStreamingComponentsUnregistrationGranularity:5]]
[2022.02.01-05.25.24:112][  0]LogConfig: Setting CVar [[s.FlushStreamingOnExit:1]]
[2022.02.01-05.25.24:112][  0]LogConfig: Applying CVar settings from Section [/Script/Engine.GarbageCollectionSettings] File [C:/Users/annie/Desktop/Unreal Project/BossGame/Saved/Config/Windows/Engine.ini]
[2022.02.01-05.25.24:112][  0]LogConfig: Setting CVar [[gc.MaxObjectsNotConsideredByGC:1]]
[2022.02.01-05.25.24:112][  0]LogConfig: Setting CVar [[gc.SizeOfPermanentObjectPool:0]]
[2022.02.01-05.25.24:112][  0]LogConfig: Setting CVar [[gc.FlushStreamingOnGC:0]]
[2022.02.01-05.25.24:112][  0]LogConfig: Setting CVar [[gc.NumRetriesBeforeForcingGC:10]]
[2022.02.01-05.25.24:112][  0]LogConfig: Setting CVar [[gc.AllowParallelGC:1]]
[2022.02.01-05.25.24:112][  0]LogConfig: Setting CVar [[gc.TimeBetweenPurgingPendingKillObjects:61.1]]
[2022.02.01-05.25.24:112][  0]LogConfig: Setting CVar [[gc.MaxObjectsInEditor:25165824]]
[2022.02.01-05.25.24:112][  0]LogConfig: Setting CVar [[gc.IncrementalBeginDestroyEnabled:1]]
[2022.02.01-05.25.24:112][  0]LogConfig: Setting CVar [[gc.CreateGCClusters:1]]
[2022.02.01-05.25.24:112][  0]LogConfig: Setting CVar [[gc.MinGCClusterSize:5]]
[2022.02.01-05.25.24:112][  0]LogConfig: Setting CVar [[gc.ActorClusteringEnabled:0]]
[2022.02.01-05.25.24:112][  0]LogConfig: Setting CVar [[gc.BlueprintClusteringEnabled:0]]
[2022.02.01-05.25.24:112][  0]LogConfig: Setting CVar [[gc.UseDisregardForGCOnDedicatedServers:0]]
[2022.02.01-05.25.24:112][  0]LogConfig: Setting CVar [[gc.MultithreadedDestructionEnabled:1]]
[2022.02.01-05.25.24:112][  0]LogConfig: Applying CVar settings from Section [/Script/Engine.NetworkSettings] File [C:/Users/annie/Desktop/Unreal Project/BossGame/Saved/Config/Windows/Engine.ini]
[2022.02.01-05.25.24:112][  0]LogConfig: Applying CVar settings from Section [/Script/UnrealEd.CookerSettings] File [C:/Users/annie/Desktop/Unreal Project/BossGame/Saved/Config/Windows/Engine.ini]
[2022.02.01-05.25.24:118][  0]LogConfig: Applying CVar settings from Section [ViewDistanceQuality@3] File [C:/Users/annie/Desktop/Unreal Project/BossGame/Saved/Config/Windows/Scalability.ini]
[2022.02.01-05.25.24:118][  0]LogConfig: Setting CVar [[r.SkeletalMeshLODBias:0]]
[2022.02.01-05.25.24:118][  0]LogConfig: Setting CVar [[r.ViewDistanceScale:1.0]]
[2022.02.01-05.25.24:118][  0]LogConfig: Applying CVar settings from Section [AntiAliasingQuality@3] File [C:/Users/annie/Desktop/Unreal Project/BossGame/Saved/Config/Windows/Scalability.ini]
[2022.02.01-05.25.24:118][  0]LogConfig: Setting CVar [[r.PostProcessAAQuality:4]]
[2022.02.01-05.25.24:118][  0]LogConfig: Applying CVar settings from Section [ShadowQuality@3] File [C:/Users/annie/Desktop/Unreal Project/BossGame/Saved/Config/Windows/Scalability.ini]
[2022.02.01-05.25.24:118][  0]LogConfig: Setting CVar [[r.LightFunctionQuality:1]]
[2022.02.01-05.25.24:118][  0]LogConfig: Setting CVar [[r.ShadowQuality:5]]
[2022.02.01-05.25.24:118][  0]LogConfig: Setting CVar [[r.Shadow.CSM.MaxCascades:10]]
[2022.02.01-05.25.24:118][  0]LogConfig: Setting CVar [[r.Shadow.MaxResolution:2048]]
[2022.02.01-05.25.24:118][  0]LogConfig: Setting CVar [[r.Shadow.MaxCSMResolution:2048]]
[2022.02.01-05.25.24:118][  0]LogConfig: Setting CVar [[r.Shadow.RadiusThreshold:0.01]]
[2022.02.01-05.25.24:118][  0]LogConfig: Setting CVar [[r.Shadow.DistanceScale:1.0]]
[2022.02.01-05.25.24:118][  0]LogConfig: Setting CVar [[r.Shadow.CSM.TransitionScale:1.0]]
[2022.02.01-05.25.24:118][  0]LogConfig: Setting CVar [[r.Shadow.PreShadowResolutionFactor:1.0]]
[2022.02.01-05.25.24:118][  0]LogConfig: Setting CVar [[r.DistanceFieldShadowing:1]]
[2022.02.01-05.25.24:118][  0]LogConfig: Setting CVar [[r.DistanceFieldAO:1]]
[2022.02.01-05.25.24:118][  0]LogConfig: Setting CVar [[r.AOQuality:2]]
[2022.02.01-05.25.24:118][  0]LogConfig: Setting CVar [[r.VolumetricFog:1]]
[2022.02.01-05.25.24:118][  0]LogConfig: Setting CVar [[r.VolumetricFog.GridPixelSize:8]]
[2022.02.01-05.25.24:118][  0]LogConfig: Setting CVar [[r.VolumetricFog.GridSizeZ:128]]
[2022.02.01-05.25.24:118][  0]LogConfig: Setting CVar [[r.VolumetricFog.HistoryMissSupersampleCount:4]]
[2022.02.01-05.25.24:118][  0]LogConfig: Setting CVar [[r.LightMaxDrawDistanceScale:1]]
[2022.02.01-05.25.24:118][  0]LogConfig: Setting CVar [[r.CapsuleShadows:1]]
[2022.02.01-05.25.24:118][  0]LogConfig: Applying CVar settings from Section [PostProcessQuality@3] File [C:/Users/annie/Desktop/Unreal Project/BossGame/Saved/Config/Windows/Scalability.ini]
[2022.02.01-05.25.24:118][  0]LogConfig: Setting CVar [[r.MotionBlurQuality:4]]
[2022.02.01-05.25.24:118][  0]LogConfig: Setting CVar [[r.AmbientOcclusionMipLevelFactor:0.4]]
[2022.02.01-05.25.24:118][  0]LogConfig: Setting CVar [[r.AmbientOcclusionMaxQuality:100]]
[2022.02.01-05.25.24:118][  0]LogConfig: Setting CVar [[r.AmbientOcclusionLevels:-1]]
[2022.02.01-05.25.24:118][  0]LogConfig: Setting CVar [[r.AmbientOcclusionRadiusScale:1.0]]
[2022.02.01-05.25.24:118][  0]LogConfig: Setting CVar [[r.DepthOfFieldQuality:2]]
[2022.02.01-05.25.24:118][  0]LogConfig: Setting CVar [[r.RenderTargetPoolMin:400]]
[2022.02.01-05.25.24:118][  0]LogConfig: Setting CVar [[r.LensFlareQuality:2]]
[2022.02.01-05.25.24:118][  0]LogConfig: Setting CVar [[r.SceneColorFringeQuality:1]]
[2022.02.01-05.25.24:118][  0]LogConfig: Setting CVar [[r.EyeAdaptationQuality:2]]
[2022.02.01-05.25.24:118][  0]LogConfig: Setting CVar [[r.BloomQuality:5]]
[2022.02.01-05.25.24:118][  0]LogConfig: Setting CVar [[r.FastBlurThreshold:100]]
[2022.02.01-05.25.24:118][  0]LogConfig: Setting CVar [[r.Upscale.Quality:3]]
[2022.02.01-05.25.24:118][  0]LogConfig: Setting CVar [[r.Tonemapper.GrainQuantization:1]]
[2022.02.01-05.25.24:118][  0]LogConfig: Setting CVar [[r.LightShaftQuality:1]]
[2022.02.01-05.25.24:118][  0]LogConfig: Setting CVar [[r.Filter.SizeScale:1]]
[2022.02.01-05.25.24:118][  0]LogConfig: Setting CVar [[r.Tonemapper.Quality:5]]
[2022.02.01-05.25.24:118][  0]LogConfig: Setting CVar [[r.DOF.Gather.AccumulatorQuality:1        ; higher gathering accumulator quality]]
[2022.02.01-05.25.24:118][  0]LogConfig: Setting CVar [[r.DOF.Gather.PostfilterMethod:1          ; Median3x3 postfilering method]]
[2022.02.01-05.25.24:118][  0]LogConfig: Setting CVar [[r.DOF.Gather.EnableBokehSettings:0       ; no bokeh simulation when gathering]]
[2022.02.01-05.25.24:118][  0]LogConfig: Setting CVar [[r.DOF.Gather.RingCount:4                 ; medium number of samples when gathering]]
[2022.02.01-05.25.24:118][  0]LogConfig: Setting CVar [[r.DOF.Scatter.ForegroundCompositing:1    ; additive foreground scattering]]
[2022.02.01-05.25.24:118][  0]LogConfig: Setting CVar [[r.DOF.Scatter.BackgroundCompositing:2    ; additive background scattering]]
[2022.02.01-05.25.24:118][  0]LogConfig: Setting CVar [[r.DOF.Scatter.EnableBokehSettings:1      ; bokeh simulation when scattering]]
[2022.02.01-05.25.24:118][  0]LogConfig: Setting CVar [[r.DOF.Scatter.MaxSpriteRatio:0.1         ; only a maximum of 10% of scattered bokeh]]
[2022.02.01-05.25.24:118][  0]LogConfig: Setting CVar [[r.DOF.Recombine.Quality:1                ; cheap slight out of focus]]
[2022.02.01-05.25.24:118][  0]LogConfig: Setting CVar [[r.DOF.Recombine.EnableBokehSettings:0    ; no bokeh simulation on slight out of focus]]
[2022.02.01-05.25.24:118][  0]LogConfig: Setting CVar [[r.DOF.TemporalAAQuality:1                ; more stable temporal accumulation]]
[2022.02.01-05.25.24:118][  0]LogConfig: Setting CVar [[r.DOF.Kernel.MaxForegroundRadius:0.025]]
[2022.02.01-05.25.24:118][  0]LogConfig: Setting CVar [[r.DOF.Kernel.MaxBackgroundRadius:0.025]]
[2022.02.01-05.25.24:118][  0]LogConfig: Applying CVar settings from Section [TextureQuality@3] File [C:/Users/annie/Desktop/Unreal Project/BossGame/Saved/Config/Windows/Scalability.ini]
[2022.02.01-05.25.24:118][  0]LogConfig: Setting CVar [[r.Streaming.MipBias:0]]
[2022.02.01-05.25.24:118][  0]LogConfig: Setting CVar [[r.Streaming.AmortizeCPUToGPUCopy:0]]
[2022.02.01-05.25.24:118][  0]LogConfig: Setting CVar [[r.Streaming.MaxNumTexturesToStreamPerFrame:0]]
[2022.02.01-05.25.24:118][  0]LogConfig: Setting CVar [[r.Streaming.Boost:1]]
[2022.02.01-05.25.24:118][  0]LogConfig: Setting CVar [[r.MaxAnisotropy:8]]
[2022.02.01-05.25.24:118][  0]LogConfig: Setting CVar [[r.VT.MaxAnisotropy:8]]
[2022.02.01-05.25.24:119][  0]LogConfig: Setting CVar [[r.Streaming.LimitPoolSizeToVRAM:0]]
[2022.02.01-05.25.24:119][  0]LogConfig: Setting CVar [[r.Streaming.PoolSize:1000]]
[2022.02.01-05.25.24:119][  0]LogConfig: Setting CVar [[r.Streaming.MaxEffectiveScreenSize:0]]
[2022.02.01-05.25.24:119][  0]LogConfig: Applying CVar settings from Section [EffectsQuality@3] File [C:/Users/annie/Desktop/Unreal Project/BossGame/Saved/Config/Windows/Scalability.ini]
[2022.02.01-05.25.24:119][  0]LogConfig: Setting CVar [[r.TranslucencyLightingVolumeDim:64]]
[2022.02.01-05.25.24:119][  0]LogConfig: Setting CVar [[r.RefractionQuality:2]]
[2022.02.01-05.25.24:119][  0]LogConfig: Setting CVar [[r.SSR.Quality:3]]
[2022.02.01-05.25.24:119][  0]LogConfig: Setting CVar [[r.SSR.HalfResSceneColor:0]]
[2022.02.01-05.25.24:119][  0]LogConfig: Setting CVar [[r.SceneColorFormat:4]]
[2022.02.01-05.25.24:119][  0]LogConfig: Setting CVar [[r.DetailMode:2]]
[2022.02.01-05.25.24:119][  0]LogConfig: Setting CVar [[r.TranslucencyVolumeBlur:1]]
[2022.02.01-05.25.24:119][  0]LogConfig: Setting CVar [[r.MaterialQualityLevel:1 ; High quality]]
[2022.02.01-05.25.24:119][  0]LogConfig: Setting CVar [[r.AnisotropicMaterials:1]]
[2022.02.01-05.25.24:119][  0]LogConfig: Setting CVar [[r.SSS.Scale:1]]
[2022.02.01-05.25.24:119][  0]LogConfig: Setting CVar [[r.SSS.SampleSet:2]]
[2022.02.01-05.25.24:119][  0]LogConfig: Setting CVar [[r.SSS.Quality:1]]
[2022.02.01-05.25.24:119][  0]LogConfig: Setting CVar [[r.SSS.HalfRes:0]]
[2022.02.01-05.25.24:119][  0]LogConfig: Setting CVar [[r.SSGI.Quality:3]]
[2022.02.01-05.25.24:119][  0]LogConfig: Setting CVar [[r.EmitterSpawnRateScale:1.0]]
[2022.02.01-05.25.24:119][  0]LogConfig: Setting CVar [[r.ParticleLightQuality:2]]
[2022.02.01-05.25.24:119][  0]LogConfig: Setting CVar [[r.SkyAtmosphere.AerialPerspectiveLUT.FastApplyOnOpaque:1 ; Always have FastSkyLUT 1 in this case to avoid wrong sky]]
[2022.02.01-05.25.24:119][  0]LogConfig: Setting CVar [[r.SkyAtmosphere.AerialPerspectiveLUT.SampleCountMaxPerSlice:4]]
[2022.02.01-05.25.24:119][  0]LogConfig: Setting CVar [[r.SkyAtmosphere.AerialPerspectiveLUT.DepthResolution:16.0]]
[2022.02.01-05.25.24:119][  0]LogConfig: Setting CVar [[r.SkyAtmosphere.FastSkyLUT:1]]
[2022.02.01-05.25.24:119][  0]LogConfig: Setting CVar [[r.SkyAtmosphere.FastSkyLUT.SampleCountMin:4.0]]
[2022.02.01-05.25.24:119][  0]LogConfig: Setting CVar [[r.SkyAtmosphere.FastSkyLUT.SampleCountMax:128.0]]
[2022.02.01-05.25.24:119][  0]LogConfig: Setting CVar [[r.SkyAtmosphere.SampleCountMin:4.0]]
[2022.02.01-05.25.24:119][  0]LogConfig: Setting CVar [[r.SkyAtmosphere.SampleCountMax:128.0]]
[2022.02.01-05.25.24:119][  0]LogConfig: Setting CVar [[r.SkyAtmosphere.TransmittanceLUT.UseSmallFormat:0]]
[2022.02.01-05.25.24:119][  0]LogConfig: Setting CVar [[r.SkyAtmosphere.TransmittanceLUT.SampleCount:10.0]]
[2022.02.01-05.25.24:119][  0]LogConfig: Setting CVar [[r.SkyAtmosphere.MultiScatteringLUT.SampleCount:15.0]]
[2022.02.01-05.25.24:119][  0]LogConfig: Setting CVar [[r.SkyLight.RealTimeReflectionCapture:1]]
[2022.02.01-05.25.24:119][  0]LogConfig: Applying CVar settings from Section [FoliageQuality@3] File [C:/Users/annie/Desktop/Unreal Project/BossGame/Saved/Config/Windows/Scalability.ini]
[2022.02.01-05.25.24:119][  0]LogConfig: Setting CVar [[foliage.DensityScale:1.0]]
[2022.02.01-05.25.24:119][  0]LogConfig: Setting CVar [[grass.DensityScale:1.0]]
[2022.02.01-05.25.24:119][  0]LogConfig: Applying CVar settings from Section [ShadingQuality@3] File [C:/Users/annie/Desktop/Unreal Project/BossGame/Saved/Config/Windows/Scalability.ini]
[2022.02.01-05.25.24:119][  0]LogConfig: Setting CVar [[r.HairStrands.SkyLighting.IntegrationType:2]]
[2022.02.01-05.25.24:119][  0]LogConfig: Setting CVar [[r.HairStrands.SkyAO.SampleCount:4]]
[2022.02.01-05.25.24:119][  0]LogConfig: Setting CVar [[r.HairStrands.Visibility.MSAA.SamplePerPixel:4]]
[2022.02.01-05.25.24:119][  0]LogInit: Selected Device Profile: [Windows]
[2022.02.01-05.25.24:119][  0]LogInit: Applying CVar settings loaded from the selected device profile: [Windows]
[2022.02.01-05.25.24:119][  0]LogHAL: Display: Platform has ~ 24 GB [25543544832 / 34359738368 / 24], which maps to Larger [LargestMinGB=32, LargerMinGB=12, DefaultMinGB=8, SmallerMinGB=6, SmallestMinGB=0)
[2022.02.01-05.25.24:119][  0]LogInit: Going up to parent DeviceProfile []
[2022.02.01-05.25.24:119][  0]LogConfig: Applying CVar settings from Section [ViewDistanceQuality@3] File [C:/Users/annie/Desktop/Unreal Project/BossGame/Saved/Config/Windows/Scalability.ini]
[2022.02.01-05.25.24:119][  0]LogConfig: Setting CVar [[r.SkeletalMeshLODBias:0]]
[2022.02.01-05.25.24:119][  0]LogConfig: Setting CVar [[r.ViewDistanceScale:1.0]]
[2022.02.01-05.25.24:119][  0]LogConfig: Applying CVar settings from Section [AntiAliasingQuality@3] File [C:/Users/annie/Desktop/Unreal Project/BossGame/Saved/Config/Windows/Scalability.ini]
[2022.02.01-05.25.24:119][  0]LogConfig: Setting CVar [[r.PostProcessAAQuality:4]]
[2022.02.01-05.25.24:119][  0]LogConfig: Applying CVar settings from Section [ShadowQuality@3] File [C:/Users/annie/Desktop/Unreal Project/BossGame/Saved/Config/Windows/Scalability.ini]
[2022.02.01-05.25.24:119][  0]LogConfig: Setting CVar [[r.LightFunctionQuality:1]]
[2022.02.01-05.25.24:119][  0]LogConfig: Setting CVar [[r.ShadowQuality:5]]
[2022.02.01-05.25.24:119][  0]LogConfig: Setting CVar [[r.Shadow.CSM.MaxCascades:10]]
[2022.02.01-05.25.24:119][  0]LogConfig: Setting CVar [[r.Shadow.MaxResolution:2048]]
[2022.02.01-05.25.24:119][  0]LogConfig: Setting CVar [[r.Shadow.MaxCSMResolution:2048]]
[2022.02.01-05.25.24:119][  0]LogConfig: Setting CVar [[r.Shadow.RadiusThreshold:0.01]]
[2022.02.01-05.25.24:119][  0]LogConfig: Setting CVar [[r.Shadow.DistanceScale:1.0]]
[2022.02.01-05.25.24:119][  0]LogConfig: Setting CVar [[r.Shadow.CSM.TransitionScale:1.0]]
[2022.02.01-05.25.24:119][  0]LogConfig: Setting CVar [[r.Shadow.PreShadowResolutionFactor:1.0]]
[2022.02.01-05.25.24:119][  0]LogConfig: Setting CVar [[r.DistanceFieldShadowing:1]]
[2022.02.01-05.25.24:119][  0]LogConfig: Setting CVar [[r.DistanceFieldAO:1]]
[2022.02.01-05.25.24:119][  0]LogConfig: Setting CVar [[r.AOQuality:2]]
[2022.02.01-05.25.24:119][  0]LogConfig: Setting CVar [[r.VolumetricFog:1]]
[2022.02.01-05.25.24:119][  0]LogConfig: Setting CVar [[r.VolumetricFog.GridPixelSize:8]]
[2022.02.01-05.25.24:119][  0]LogConfig: Setting CVar [[r.VolumetricFog.GridSizeZ:128]]
[2022.02.01-05.25.24:119][  0]LogConfig: Setting CVar [[r.VolumetricFog.HistoryMissSupersampleCount:4]]
[2022.02.01-05.25.24:119][  0]LogConfig: Setting CVar [[r.LightMaxDrawDistanceScale:1]]
[2022.02.01-05.25.24:119][  0]LogConfig: Setting CVar [[r.CapsuleShadows:1]]
[2022.02.01-05.25.24:119][  0]LogConfig: Applying CVar settings from Section [PostProcessQuality@3] File [C:/Users/annie/Desktop/Unreal Project/BossGame/Saved/Config/Windows/Scalability.ini]
[2022.02.01-05.25.24:119][  0]LogConfig: Setting CVar [[r.MotionBlurQuality:4]]
[2022.02.01-05.25.24:119][  0]LogConfig: Setting CVar [[r.AmbientOcclusionMipLevelFactor:0.4]]
[2022.02.01-05.25.24:119][  0]LogConfig: Setting CVar [[r.AmbientOcclusionMaxQuality:100]]
[2022.02.01-05.25.24:119][  0]LogConfig: Setting CVar [[r.AmbientOcclusionLevels:-1]]
[2022.02.01-05.25.24:119][  0]LogConfig: Setting CVar [[r.AmbientOcclusionRadiusScale:1.0]]
[2022.02.01-05.25.24:119][  0]LogConfig: Setting CVar [[r.DepthOfFieldQuality:2]]
[2022.02.01-05.25.24:119][  0]LogConfig: Setting CVar [[r.RenderTargetPoolMin:400]]
[2022.02.01-05.25.24:119][  0]LogConfig: Setting CVar [[r.LensFlareQuality:2]]
[2022.02.01-05.25.24:119][  0]LogConfig: Setting CVar [[r.SceneColorFringeQuality:1]]
[2022.02.01-05.25.24:119][  0]LogConfig: Setting CVar [[r.EyeAdaptationQuality:2]]
[2022.02.01-05.25.24:119][  0]LogConfig: Setting CVar [[r.BloomQuality:5]]
[2022.02.01-05.25.24:119][  0]LogConfig: Setting CVar [[r.FastBlurThreshold:100]]
[2022.02.01-05.25.24:119][  0]LogConfig: Setting CVar [[r.Upscale.Quality:3]]
[2022.02.01-05.25.24:119][  0]LogConfig: Setting CVar [[r.Tonemapper.GrainQuantization:1]]
[2022.02.01-05.25.24:119][  0]LogConfig: Setting CVar [[r.LightShaftQuality:1]]
[2022.02.01-05.25.24:119][  0]LogConfig: Setting CVar [[r.Filter.SizeScale:1]]
[2022.02.01-05.25.24:119][  0]LogConfig: Setting CVar [[r.Tonemapper.Quality:5]]
[2022.02.01-05.25.24:119][  0]LogConfig: Setting CVar [[r.DOF.Gather.AccumulatorQuality:1        ; higher gathering accumulator quality]]
[2022.02.01-05.25.24:119][  0]LogConfig: Setting CVar [[r.DOF.Gather.PostfilterMethod:1          ; Median3x3 postfilering method]]
[2022.02.01-05.25.24:119][  0]LogConfig: Setting CVar [[r.DOF.Gather.EnableBokehSettings:0       ; no bokeh simulation when gathering]]
[2022.02.01-05.25.24:119][  0]LogConfig: Setting CVar [[r.DOF.Gather.RingCount:4                 ; medium number of samples when gathering]]
[2022.02.01-05.25.24:119][  0]LogConfig: Setting CVar [[r.DOF.Scatter.ForegroundCompositing:1    ; additive foreground scattering]]
[2022.02.01-05.25.24:119][  0]LogConfig: Setting CVar [[r.DOF.Scatter.BackgroundCompositing:2    ; additive background scattering]]
[2022.02.01-05.25.24:119][  0]LogConfig: Setting CVar [[r.DOF.Scatter.EnableBokehSettings:1      ; bokeh simulation when scattering]]
[2022.02.01-05.25.24:119][  0]LogConfig: Setting CVar [[r.DOF.Scatter.MaxSpriteRatio:0.1         ; only a maximum of 10% of scattered bokeh]]
[2022.02.01-05.25.24:119][  0]LogConfig: Setting CVar [[r.DOF.Recombine.Quality:1                ; cheap slight out of focus]]
[2022.02.01-05.25.24:119][  0]LogConfig: Setting CVar [[r.DOF.Recombine.EnableBokehSettings:0    ; no bokeh simulation on slight out of focus]]
[2022.02.01-05.25.24:119][  0]LogConfig: Setting CVar [[r.DOF.TemporalAAQuality:1                ; more stable temporal accumulation]]
[2022.02.01-05.25.24:119][  0]LogConfig: Setting CVar [[r.DOF.Kernel.MaxForegroundRadius:0.025]]
[2022.02.01-05.25.24:119][  0]LogConfig: Setting CVar [[r.DOF.Kernel.MaxBackgroundRadius:0.025]]
[2022.02.01-05.25.24:119][  0]LogConfig: Applying CVar settings from Section [TextureQuality@3] File [C:/Users/annie/Desktop/Unreal Project/BossGame/Saved/Config/Windows/Scalability.ini]
[2022.02.01-05.25.24:120][  0]LogConfig: Setting CVar [[r.Streaming.MipBias:0]]
[2022.02.01-05.25.24:120][  0]LogConfig: Setting CVar [[r.Streaming.AmortizeCPUToGPUCopy:0]]
[2022.02.01-05.25.24:120][  0]LogConfig: Setting CVar [[r.Streaming.MaxNumTexturesToStreamPerFrame:0]]
[2022.02.01-05.25.24:120][  0]LogConfig: Setting CVar [[r.Streaming.Boost:1]]
[2022.02.01-05.25.24:120][  0]LogConfig: Setting CVar [[r.MaxAnisotropy:8]]
[2022.02.01-05.25.24:120][  0]LogConfig: Setting CVar [[r.VT.MaxAnisotropy:8]]
[2022.02.01-05.25.24:120][  0]LogConfig: Setting CVar [[r.Streaming.LimitPoolSizeToVRAM:0]]
[2022.02.01-05.25.24:120][  0]LogConfig: Setting CVar [[r.Streaming.PoolSize:1000]]
[2022.02.01-05.25.24:120][  0]LogConfig: Setting CVar [[r.Streaming.MaxEffectiveScreenSize:0]]
[2022.02.01-05.25.24:120][  0]LogConfig: Applying CVar settings from Section [EffectsQuality@3] File [C:/Users/annie/Desktop/Unreal Project/BossGame/Saved/Config/Windows/Scalability.ini]
[2022.02.01-05.25.24:120][  0]LogConfig: Setting CVar [[r.TranslucencyLightingVolumeDim:64]]
[2022.02.01-05.25.24:120][  0]LogConfig: Setting CVar [[r.RefractionQuality:2]]
[2022.02.01-05.25.24:120][  0]LogConfig: Setting CVar [[r.SSR.Quality:3]]
[2022.02.01-05.25.24:120][  0]LogConfig: Setting CVar [[r.SSR.HalfResSceneColor:0]]
[2022.02.01-05.25.24:120][  0]LogConfig: Setting CVar [[r.SceneColorFormat:4]]
[2022.02.01-05.25.24:120][  0]LogConfig: Setting CVar [[r.DetailMode:2]]
[2022.02.01-05.25.24:120][  0]LogConfig: Setting CVar [[r.TranslucencyVolumeBlur:1]]
[2022.02.01-05.25.24:120][  0]LogConfig: Setting CVar [[r.MaterialQualityLevel:1 ; High quality]]
[2022.02.01-05.25.24:120][  0]LogConfig: Setting CVar [[r.AnisotropicMaterials:1]]
[2022.02.01-05.25.24:120][  0]LogConfig: Setting CVar [[r.SSS.Scale:1]]
[2022.02.01-05.25.24:120][  0]LogConfig: Setting CVar [[r.SSS.SampleSet:2]]
[2022.02.01-05.25.24:120][  0]LogConfig: Setting CVar [[r.SSS.Quality:1]]
[2022.02.01-05.25.24:120][  0]LogConfig: Setting CVar [[r.SSS.HalfRes:0]]
[2022.02.01-05.25.24:120][  0]LogConfig: Setting CVar [[r.SSGI.Quality:3]]
[2022.02.01-05.25.24:120][  0]LogConfig: Setting CVar [[r.EmitterSpawnRateScale:1.0]]
[2022.02.01-05.25.24:120][  0]LogConfig: Setting CVar [[r.ParticleLightQuality:2]]
[2022.02.01-05.25.24:120][  0]LogConfig: Setting CVar [[r.SkyAtmosphere.AerialPerspectiveLUT.FastApplyOnOpaque:1 ; Always have FastSkyLUT 1 in this case to avoid wrong sky]]
[2022.02.01-05.25.24:120][  0]LogConfig: Setting CVar [[r.SkyAtmosphere.AerialPerspectiveLUT.SampleCountMaxPerSlice:4]]
[2022.02.01-05.25.24:120][  0]LogConfig: Setting CVar [[r.SkyAtmosphere.AerialPerspectiveLUT.DepthResolution:16.0]]
[2022.02.01-05.25.24:120][  0]LogConfig: Setting CVar [[r.SkyAtmosphere.FastSkyLUT:1]]
[2022.02.01-05.25.24:120][  0]LogConfig: Setting CVar [[r.SkyAtmosphere.FastSkyLUT.SampleCountMin:4.0]]
[2022.02.01-05.25.24:120][  0]LogConfig: Setting CVar [[r.SkyAtmosphere.FastSkyLUT.SampleCountMax:128.0]]
[2022.02.01-05.25.24:120][  0]LogConfig: Setting CVar [[r.SkyAtmosphere.SampleCountMin:4.0]]
[2022.02.01-05.25.24:120][  0]LogConfig: Setting CVar [[r.SkyAtmosphere.SampleCountMax:128.0]]
[2022.02.01-05.25.24:120][  0]LogConfig: Setting CVar [[r.SkyAtmosphere.TransmittanceLUT.UseSmallFormat:0]]
[2022.02.01-05.25.24:120][  0]LogConfig: Setting CVar [[r.SkyAtmosphere.TransmittanceLUT.SampleCount:10.0]]
[2022.02.01-05.25.24:120][  0]LogConfig: Setting CVar [[r.SkyAtmosphere.MultiScatteringLUT.SampleCount:15.0]]
[2022.02.01-05.25.24:120][  0]LogConfig: Setting CVar [[r.SkyLight.RealTimeReflectionCapture:1]]
[2022.02.01-05.25.24:120][  0]LogConfig: Applying CVar settings from Section [FoliageQuality@3] File [C:/Users/annie/Desktop/Unreal Project/BossGame/Saved/Config/Windows/Scalability.ini]
[2022.02.01-05.25.24:120][  0]LogConfig: Setting CVar [[foliage.DensityScale:1.0]]
[2022.02.01-05.25.24:120][  0]LogConfig: Setting CVar [[grass.DensityScale:1.0]]
[2022.02.01-05.25.24:120][  0]LogConfig: Applying CVar settings from Section [ShadingQuality@3] File [C:/Users/annie/Desktop/Unreal Project/BossGame/Saved/Config/Windows/Scalability.ini]
[2022.02.01-05.25.24:120][  0]LogConfig: Setting CVar [[r.HairStrands.SkyLighting.IntegrationType:2]]
[2022.02.01-05.25.24:120][  0]LogConfig: Setting CVar [[r.HairStrands.SkyAO.SampleCount:4]]
[2022.02.01-05.25.24:120][  0]LogConfig: Setting CVar [[r.HairStrands.Visibility.MSAA.SamplePerPixel:4]]
[2022.02.01-05.25.24:120][  0]LogConfig: Applying CVar settings from Section [Startup] File [../../../Engine/Config/ConsoleVariables.ini]
[2022.02.01-05.25.24:120][  0]LogConfig: Setting CVar [[net.UseAdaptiveNetUpdateFrequency:0]]
[2022.02.01-05.25.24:120][  0]LogConfig: Setting CVar [[p.chaos.AllowCreatePhysxBodies:1]]
[2022.02.01-05.25.24:120][  0]LogConfig: Setting CVar [[fx.SkipVectorVMBackendOptimizations:1]]
[2022.02.01-05.25.24:120][  0]LogConfig: Applying CVar settings from Section [ConsoleVariables] File [C:/Users/annie/Desktop/Unreal Project/BossGame/Saved/Config/Windows/Engine.ini]
[2022.02.01-05.25.24:120][  0]LogConfig: Applying CVar settings from Section [ConsoleVariables] File [C:/Users/annie/Desktop/Unreal Project/BossGame/Saved/Config/Windows/Editor.ini]
[2022.02.01-05.25.24:120][  0]LogInit: Computer: DESKTOP-ONRQHMG
[2022.02.01-05.25.24:120][  0]LogInit: User: annie
[2022.02.01-05.25.24:120][  0]LogInit: CPU Page size=4096, Cores=4
[2022.02.01-05.25.24:120][  0]LogInit: High frequency timer resolution =10.000000 MHz
[2022.02.01-05.25.24:120][  0]LogMemory: Memory total: Physical=23.8GB (24GB approx)
[2022.02.01-05.25.24:120][  0]LogMemory: Platform Memory Stats for Windows
[2022.02.01-05.25.24:120][  0]LogMemory: Process Physical Memory: 144.76 MB used, 144.77 MB peak
[2022.02.01-05.25.24:120][  0]LogMemory: Process Virtual Memory: 128.68 MB used, 128.68 MB peak
[2022.02.01-05.25.24:120][  0]LogMemory: Physical Memory: 8941.57 MB used,  15418.65 MB free, 24360.22 MB total
[2022.02.01-05.25.24:120][  0]LogMemory: Virtual Memory: 134202512.00 MB used,  15214.87 MB free, 134217728.00 MB total
[2022.02.01-05.25.24:125][  0]LogWindows: WindowsPlatformFeatures enabled
[2022.02.01-05.25.24:144][  0]LogInit: Physics initialised using underlying interface: PhysX
[2022.02.01-05.25.24:145][  0]LogInit: Overriding language with editor language configuration option (en).
[2022.02.01-05.25.24:145][  0]LogInit: Using OS detected locale (zh-TW).
[2022.02.01-05.25.24:314][  0]LogInit: Setting process to per monitor DPI aware
[2022.02.01-05.25.24:322][  0]LogWindowsTextInputMethodSystem: Display: IME system deactivated.
[2022.02.01-05.25.24:333][  0]LogSlate: New Slate User Created.  User Index 0, Is Virtual User: 0
[2022.02.01-05.25.24:333][  0]LogSlate: Slate User Registered.  User Index 0, Is Virtual User: 0
[2022.02.01-05.25.24:430][  0]LogD3D11RHI: Loaded GFSDK_Aftermath_Lib.x64.dll
[2022.02.01-05.25.24:445][  0]LogHMD: Failed to initialize OpenVR with code 110
[2022.02.01-05.25.24:445][  0]LogD3D11RHI: D3D11 min allowed feature level: 11_0
[2022.02.01-05.25.24:445][  0]LogD3D11RHI: D3D11 max allowed feature level: 11_0
[2022.02.01-05.25.24:445][  0]LogD3D11RHI: D3D11 adapters:
[2022.02.01-05.25.24:599][  0]LogD3D11RHI:    0. 'NVIDIA GeForce MX250' (Feature Level 11_0)
[2022.02.01-05.25.24:599][  0]LogD3D11RHI:       1983/0/12180 MB DedicatedVideo/DedicatedSystem/SharedSystem, Outputs:1, VendorId:0x10de
[2022.02.01-05.25.24:609][  0]LogD3D11RHI:    1. 'Intel(R) UHD Graphics' (Feature Level 11_0)
[2022.02.01-05.25.24:609][  0]LogD3D11RHI:       128/0/12180 MB DedicatedVideo/DedicatedSystem/SharedSystem, Outputs:0, VendorId:0x8086
[2022.02.01-05.25.24:611][  0]LogD3D11RHI:    2. 'Microsoft Basic Render Driver' (Feature Level 11_0)
[2022.02.01-05.25.24:611][  0]LogD3D11RHI:       0/0/12180 MB DedicatedVideo/DedicatedSystem/SharedSystem, Outputs:0, VendorId:0x1414
[2022.02.01-05.25.24:611][  0]LogD3D11RHI: Chosen D3D11 Adapter:
[2022.02.01-05.25.24:611][  0]LogD3D11RHI:     Description : NVIDIA GeForce MX250
[2022.02.01-05.25.24:611][  0]LogD3D11RHI:     VendorId    : 10de
[2022.02.01-05.25.24:611][  0]LogD3D11RHI:     DeviceId    : 1d13
[2022.02.01-05.25.24:611][  0]LogD3D11RHI:     SubSysId    : 9591028
[2022.02.01-05.25.24:611][  0]LogD3D11RHI:     Revision    : 00a1
[2022.02.01-05.25.24:611][  0]LogD3D11RHI:     DedicatedVideoMemory : 2080038912 bytes
[2022.02.01-05.25.24:611][  0]LogD3D11RHI:     DedicatedSystemMemory : 0 bytes
[2022.02.01-05.25.24:611][  0]LogD3D11RHI:     SharedSystemMemory : 12771772416 bytes
[2022.02.01-05.25.24:611][  0]LogD3D11RHI:     AdapterLuid : 0 86499
[2022.02.01-05.25.24:615][  0]LogD3D11RHI: Creating new Direct3DDevice
[2022.02.01-05.25.24:615][  0]LogD3D11RHI:     GPU DeviceId: 0x1d13 (for the marketing name, search the web for "GPU Device Id")
[2022.02.01-05.25.24:615][  0]LogWindows: EnumDisplayDevices:
[2022.02.01-05.25.24:615][  0]LogWindows:    0. 'Intel(R) UHD Graphics' (P:1 D:1)
[2022.02.01-05.25.24:615][  0]LogWindows:    1. 'Intel(R) UHD Graphics' (P:0 D:0)
[2022.02.01-05.25.24:615][  0]LogWindows:    2. 'Intel(R) UHD Graphics' (P:0 D:0)
[2022.02.01-05.25.24:616][  0]LogWindows: DebugString: PrimaryIsNotTheChoosenAdapter PrimaryIsNotTheChoosenAdapter PrimaryIsNotTheChoosenAdapter FoundDriverCount:0 
[2022.02.01-05.25.24:616][  0]LogD3D11RHI:     Adapter Name: NVIDIA GeForce MX250
[2022.02.01-05.25.24:616][  0]LogD3D11RHI:   Driver Version: Unknown (internal:Unknown, unified:Unknown)
[2022.02.01-05.25.24:616][  0]LogD3D11RHI:      Driver Date: Unknown
[2022.02.01-05.25.24:616][  0]LogRHI: Texture pool is 1388 MB (70% of 1983 MB)
[2022.02.01-05.25.24:616][  0]LogD3D11RHI: Creating D3DDevice using adapter:
[2022.02.01-05.25.24:616][  0]LogD3D11RHI:     Description : NVIDIA GeForce MX250
[2022.02.01-05.25.24:616][  0]LogD3D11RHI:     VendorId    : 10de
[2022.02.01-05.25.24:616][  0]LogD3D11RHI:     DeviceId    : 1d13
[2022.02.01-05.25.24:616][  0]LogD3D11RHI:     SubSysId    : 9591028
[2022.02.01-05.25.24:616][  0]LogD3D11RHI:     Revision    : 00a1
[2022.02.01-05.25.24:616][  0]LogD3D11RHI:     DedicatedVideoMemory : 2080038912 bytes
[2022.02.01-05.25.24:616][  0]LogD3D11RHI:     DedicatedSystemMemory : 0 bytes
[2022.02.01-05.25.24:616][  0]LogD3D11RHI:     SharedSystemMemory : 12771772416 bytes
[2022.02.01-05.25.24:616][  0]LogD3D11RHI:     AdapterLuid : 0 86499
[2022.02.01-05.25.24:661][  0]LogD3D11RHI: RHI has support for 64 bit atomics
[2022.02.01-05.25.24:661][  0]LogD3D11RHI: Async texture creation enabled
[2022.02.01-05.25.24:661][  0]LogD3D11RHI: Array index from any shader is supported
[2022.02.01-05.25.24:673][  0]LogD3D11RHI: GPU Timing Frequency: 1000.000000 (Debug: 2 1)
[2022.02.01-05.25.24:707][  0]LogRHI: GeForceNow SDK initialized: 1
[2022.02.01-05.25.24:933][  0]LogTargetPlatformManager: Display: Loaded TargetPlatform 'AllDesktop'
[2022.02.01-05.25.24:951][  0]LogTargetPlatformManager: Display: Loaded TargetPlatform 'Android'
[2022.02.01-05.25.24:951][  0]LogTargetPlatformManager: Display: Loaded TargetPlatform 'Android_ASTC'
[2022.02.01-05.25.24:951][  0]LogTargetPlatformManager: Display: Loaded TargetPlatform 'Android_DXT'
[2022.02.01-05.25.24:951][  0]LogTargetPlatformManager: Display: Loaded TargetPlatform 'Android_ETC2'
[2022.02.01-05.25.24:951][  0]LogTargetPlatformManager: Display: Loaded TargetPlatform 'AndroidClient'
[2022.02.01-05.25.24:951][  0]LogTargetPlatformManager: Display: Loaded TargetPlatform 'Android_ASTCClient'
[2022.02.01-05.25.24:951][  0]LogTargetPlatformManager: Display: Loaded TargetPlatform 'Android_DXTClient'
[2022.02.01-05.25.24:951][  0]LogTargetPlatformManager: Display: Loaded TargetPlatform 'Android_ETC2Client'
[2022.02.01-05.25.24:951][  0]LogTargetPlatformManager: Display: Loaded TargetPlatform 'Android_Multi'
[2022.02.01-05.25.24:952][  0]LogTargetPlatformManager: Display: Loaded TargetPlatform 'Android_MultiClient'
[2022.02.01-05.25.24:966][  0]LogTargetPlatformManager: Display: Loaded TargetPlatform 'IOSClient'
[2022.02.01-05.25.24:966][  0]LogTargetPlatformManager: Display: Loaded TargetPlatform 'IOS'
[2022.02.01-05.25.24:974][  0]LogTargetPlatformManager: Display: Loaded TargetPlatform 'Linux'
[2022.02.01-05.25.24:977][  0]LogTargetPlatformManager: Display: Loaded TargetPlatform 'LinuxNoEditor'
[2022.02.01-05.25.24:981][  0]LogTargetPlatformManager: Display: Loaded TargetPlatform 'LinuxClient'
[2022.02.01-05.25.24:984][  0]LogTargetPlatformManager: Display: Loaded TargetPlatform 'LinuxServer'
[2022.02.01-05.25.24:993][  0]LogTargetPlatformManager: Display: Loaded TargetPlatform 'LinuxAArch64NoEditor'
[2022.02.01-05.25.24:997][  0]LogTargetPlatformManager: Display: Loaded TargetPlatform 'LinuxAArch64Client'
[2022.02.01-05.25.25:000][  0]LogTargetPlatformManager: Display: Loaded TargetPlatform 'LinuxAArch64Server'
[2022.02.01-05.25.25:020][  0]LogTargetPlatformManager: Display: Loaded TargetPlatform 'Lumin'
[2022.02.01-05.25.25:020][  0]LogTargetPlatformManager: Display: Loaded TargetPlatform 'LuminClient'
[2022.02.01-05.25.25:027][  0]LogTargetPlatformManager: Display: Loaded TargetPlatform 'MacNoEditor'
[2022.02.01-05.25.25:031][  0]LogTargetPlatformManager: Display: Loaded TargetPlatform 'Mac'
[2022.02.01-05.25.25:034][  0]LogTargetPlatformManager: Display: Loaded TargetPlatform 'MacClient'
[2022.02.01-05.25.25:037][  0]LogTargetPlatformManager: Display: Loaded TargetPlatform 'MacServer'
[2022.02.01-05.25.25:045][  0]LogTargetPlatformManager: Display: Loaded TargetPlatform 'TVOSClient'
[2022.02.01-05.25.25:046][  0]LogTargetPlatformManager: Display: Loaded TargetPlatform 'TVOS'
[2022.02.01-05.25.25:053][  0]LogTargetPlatformManager: Display: Loaded TargetPlatform 'WindowsNoEditor'
[2022.02.01-05.25.25:056][  0]LogTargetPlatformManager: Display: Loaded TargetPlatform 'Windows'
[2022.02.01-05.25.25:060][  0]LogTargetPlatformManager: Display: Loaded TargetPlatform 'WindowsClient'
[2022.02.01-05.25.25:064][  0]LogTargetPlatformManager: Display: Loaded TargetPlatform 'WindowsServer'
[2022.02.01-05.25.25:064][  0]LogTargetPlatformManager: Display: Building Assets For Windows
[2022.02.01-05.25.25:070][  0]LogAudioDebug: Display: Lib vorbis DLL was dynamically loaded.
[2022.02.01-05.25.25:095][  0]LogTextureFormatOodle: Display: Oodle Texture 2.9.0 init RDO Off
[2022.02.01-05.25.25:119][  0]LogRendererCore: Ray tracing is disabled. Reason: r.RayTracing=0.
[2022.02.01-05.25.25:119][  0]LogShaderCompilers: Guid format shader working directory is -16 characters bigger than the processId version (../../../../../../Users/annie/Desktop/Unreal Project/BossGame/Intermediate/Shaders/WorkingDirectory/25344/).
[2022.02.01-05.25.25:119][  0]LogShaderCompilers: Cleaned the shader compiler working directory 'C:/Users/annie/AppData/Local/Temp/UnrealShaderWorkingDir/15C0D207474397E320942F9E25444812/'.
[2022.02.01-05.25.25:119][  0]LogXGEController: Cannot use XGE Controller as Incredibuild is not installed on this machine.
[2022.02.01-05.25.25:119][  0]LogShaderCompilers: Cannot use XGE Shader Compiler as Incredibuild is not installed on this machine.
[2022.02.01-05.25.25:119][  0]LogShaderCompilers: Display: Using Local Shader Compiler.
[2022.02.01-05.25.25:765][  0]LogDerivedDataCache: Display: Max Cache Size: 512 MB
[2022.02.01-05.25.25:813][  0]LogDerivedDataCache: Loaded boot cache 0.05s 94MB C:/Users/annie/AppData/Local/UnrealEngine/4.27/DerivedDataCache/Boot.ddc.
[2022.02.01-05.25.25:813][  0]LogDerivedDataCache: Display: Loaded Boot cache: C:/Users/annie/AppData/Local/UnrealEngine/4.27/DerivedDataCache/Boot.ddc
[2022.02.01-05.25.25:813][  0]LogDerivedDataCache: FDerivedDataBackendGraph:  Pak pak cache file ../../../../../../Users/annie/Desktop/Unreal Project/BossGame/DerivedDataCache/DDC.ddp not found, will not use a pak cache.
[2022.02.01-05.25.25:813][  0]LogDerivedDataCache: Unable to find inner node Pak for hierarchical cache Hierarchy.
[2022.02.01-05.25.25:813][  0]LogDerivedDataCache: FDerivedDataBackendGraph:  CompressedPak pak cache file ../../../../../../Users/annie/Desktop/Unreal Project/BossGame/DerivedDataCache/Compressed.ddp not found, will not use a pak cache.
[2022.02.01-05.25.25:813][  0]LogDerivedDataCache: Unable to find inner node CompressedPak for hierarchical cache Hierarchy.
[2022.02.01-05.25.25:830][  0]LogDerivedDataCache: Display: Pak cache opened for reading ../../../Engine/DerivedDataCache/Compressed.ddp.
[2022.02.01-05.25.25:830][  0]LogDerivedDataCache: FDerivedDataBackendGraph:  EnterprisePak pak cache file ../../../Enterprise/DerivedDataCache/Compressed.ddp not found, will not use a pak cache.
[2022.02.01-05.25.25:830][  0]LogDerivedDataCache: Unable to find inner node EnterprisePak for hierarchical cache Hierarchy.
[2022.02.01-05.25.25:838][  0]LogDerivedDataCache: Speed tests for C:/Users/annie/AppData/Local/UnrealEngine/Common/DerivedDataCache took 0.01 seconds
[2022.02.01-05.25.25:838][  0]LogDerivedDataCache: Display: Performance to C:/Users/annie/AppData/Local/UnrealEngine/Common/DerivedDataCache: Latency=0.03ms. RandomReadSpeed=1356.02MBs, RandomWriteSpeed=135.82MBs. Assigned SpeedClass 'Local'
[2022.02.01-05.25.25:839][  0]LogDerivedDataCache: Using Local data cache path C:/Users/annie/AppData/Local/UnrealEngine/Common/DerivedDataCache: Writable
[2022.02.01-05.25.25:839][  0]LogDerivedDataCache: Shared data cache path not found in *engine.ini, will not use an Shared cache.
[2022.02.01-05.25.25:839][  0]LogDerivedDataCache: Unable to find inner node Shared for hierarchical cache Hierarchy.
[2022.02.01-05.25.25:884][  0]LogSlate: Using FreeType 2.10.0
[2022.02.01-05.25.25:884][  0]LogSlate: SlateFontServices - WITH_FREETYPE: 1, WITH_HARFBUZZ: 1
[2022.02.01-05.25.25:903][  0]LogAssetRegistry: FAssetRegistry took 0.0020 seconds to start up
[2022.02.01-05.25.26:102][  0]LogInit: Selected Device Profile: [Windows]
[2022.02.01-05.25.26:102][  0]LogInit: Active device profile: [0000024A9611C900][0000024A898F5B80 49] Windows
[2022.02.01-05.25.26:102][  0]LogInit: Profiles: [0000024A9611C900][0000024A898F5B80 49] Windows, [0000024A97D0B800][0000024A96DD2180 49] WindowsNoEditor, [0000024A9611F500][0000024A96E10300 49] WindowsServer, [0000024A97D08E00][0000024A96E14480 49] WindowsClient, [0000024A9611F800][0000024A970CA600 49] IOS, [0000024A97D0A800][0000024A970CE780 49] iPadAir, [0000024A9611E000][0000024A970D2900 49] iPadAir2, [0000024A97C98A00][0000024A970D6B40 49] IPadPro, [0000024A97C98B00][0000024A898F8B80 49] iPadAir3, [0000024A97D09800][0000024A970DACC0 49] iPadAir4, [0000024A97C9B400][0000024A8F44AE40 49] iPadMini2, [0000024A97D0AA00][0000024A894CCFC0 49] iPadMini3, [0000024A97C99700][0000024A894D1140 49] iPadMini4, [0000024A9611D000][0000024A974EB2C0 49] iPadMini5, [0000024A97CBC300][0000024A890F7580 49] iPhone6, [0000024A97CBC400][0000024A894E95C0 49] iPodTouch6, [0000024A97C9B600][0000024A8914D880 49] iPhone7, [0000024A97C99800][0000024A890FB8C0 49] iPodTouch7, [0000024A97CBFF00][0000024A89155A40 49] iPhone5S, [0000024A97D0A300][0000024A89159BC0 49] iPhone6Plus, [0000024A97C98200][0000024A96F8A1C0 49] iPhone6S, [0000024A97D0A200][0000024A96FCC340 49] iPhone6SPlus, [0000024A97C9BC00][0000024A970084C0 49] iPhone7Plus, [0000024A97D08100][0000024A97026640 49] iPhoneSE, [0000024A97C9B500][0000024A9702A7C0 49] iPhone8, [0000024A97D09E00][0000024A9702E940 49] iPhone8Plus, [0000024A97C99000][0000024A97032AC0 49] iPhoneX, [0000024A97D08A00][0000024A8F446C00 49] iPhoneXS, [0000024A97C99200][0000024A97036D40 49] iPhoneXSMax, [0000024A97D09500][0000024A9703AE80 49] iPhoneXR, [0000024A97C9B700][0000024A9703EFC0 49] iPhone11, [0000024A97D08D00][0000024A97047140 49] iPhone11Pro, [0000024A97C9B800][0000024A9704B2C0 49] iPhone11ProMax, [0000024A97D08F00][0000024A89859440 49] iPhoneSE2, [0000024A97C9AE00][0000024A898715C0 49] iPhone12Mini, [0000024A97D0B100][0000024A8987D740 49] iPhone12, [0000024A97C9AB00][0000024A970838C0 49] iPhone12Pro, [0000024A97D08800][0000024A97087A40 49] iPhone12ProMax, [0000024A97C9A300][0000024A9708BBC0 49] iPadPro105, [0000024A97D0AF00][0000024A9708E1C0 49] iPadPro129, [0000024A97C9A000][0000024A97096340 49] iPadPro97, [0000024A97D09300][0000024A9709A4C0 49] iPadPro2_129, [0000024A97C99A00][0000024A9709E640 49] iPad5, [0000024A97D09A00][0000024A8949A7C0 49] iPad6, [0000024A97C9A800][0000024A970A8940 49] iPad7, [0000024A97D08C00][0000024A970ACAC0 49] iPad8, [0000024A97C9B200][0000024A970B0C40 49] iPadPro11, [0000024A97D09600][0000024A97042D80 49] iPadPro2_11, [0000024A97C99C00][0000024A970B4EC0 49] iPadPro3_129, [0000024A97D0B900][0000024A970B9000 49] iPadPro4_129, [0000024A97C99500][0000024A97093140 49] AppleTV, [0000024A97D08300][0000024A8F4272C0 49] AppleTV4K, [0000024A97C98100][0000024A8F42B440 49] TVOS, [0000024A97D0A400][0000024A8F42F5C0 49] Mac, [0000024A97C9A100][0000024A8F433740 49] MacClient, [0000024A97D0B400][0000024A8F4378C0 49] MacNoEditor, [0000024A97C99F00][0000024A8F43BA40 49] MacServer, [0000024A97D08600][0000024A8F43FBC0 49] Linux, [0000024A97C9A200][0000024A8F4421C0 49] LinuxAArch64, [0000024A97D0B600][0000024A89148340 49] LinuxNoEditor, [0000024A97C99D00][0000024A890CA4C0 49] LinuxAArch64NoEditor, [0000024A97D09400][0000024A890C6640 49] LinuxClient, [0000024A97C9B100][0000024A890C27C0 49] LinuxAArch64Client, [0000024A97D09900][0000024A890BE940 49] LinuxServer, [0000024A97C9B000][0000024A894D4AC0 49] LinuxAArch64Server, [0000024A97D0A600][0000024A898F0C40 49] Android, [0000024A97C98700][0000024A95C62DC0 49] Android_Low, [0000024A97D09B00][0000024A95C6EF40 49] Android_Mid, [0000024A9611FA00][0000024A8F423080 49] Android_High, [0000024A97CBDC00][0000024A95C731C0 49] Android_Default, [0000024A9611E100][0000024A95C77300 49] Android_Adreno4xx, [0000024A97CBE700][0000024A95C7F480 49] Android_Adreno5xx_Low, [0000024A9611CB00][0000024A95C83600 49] Android_Adreno5xx, [0000024A97CBED00][0000024A95C87780 49] Android_Adreno6xx, [0000024A9611D200][0000024A95C8B900 49] Android_Adreno6xx_Vulkan, [0000024A97CBE800][0000024A95C8FA80 49] Android_Mali_T6xx, [0000024A9611F200][0000024A95C93C00 49] Android_Mali_T7xx, [0000024A97CBEE00][0000024A8949E200 49] Android_Mali_T8xx, [0000024A9611E500][0000024A894A2380 49] Android_Mali_G71, [0000024A97CBFE00][0000024A894A6500 49] Android_Mali_G72, [0000024A9611EA00][0000024A894AA680 49] Android_Mali_G72_Vulkan, [0000024A97CBDB00][0000024A894AE800 49] Android_Mali_G76, [0000024A9611DB00][0000024A894B2980 49] Android_Mali_G76_Vulkan, [0000024A97CBFD00][0000024A894B6B00 49] Android_Mali_G77, [0000024A9611ED00][0000024A894BAC80 49] Android_Mali_G77_Vulkan, [0000024A97CBF900][0000024A894BEE00 49] Android_Mali_G78, [0000024A9611CD00][0000024A894C2F80 49] Android_Mali_G78_Vulkan, [0000024A97CBC500][0000024A894C7100 49] Android_Mali_G710, [0000024A9611EB00][0000024A95C7B240 49] Android_Mali_G710_Vulkan, [0000024A97CBF500][0000024A96DD7380 49] Android_Vulkan_SM5, [0000024A9611F400][0000024A96DDB4C0 49] Android_PowerVR_G6xxx, [0000024A97CBE400][0000024A96DE3640 49] Android_PowerVR_GT7xxx, [0000024A9611FC00][0000024A96DE77C0 49] Android_PowerVR_GE8xxx, [0000024A97CBE200][0000024A96DEB940 49] Android_PowerVR_GM9xxx, [0000024A9611F000][0000024A96DEFAC0 49] Android_PowerVR_GM9xxx_Vulkan, [0000024A97CBD500][0000024A96DF20C0 49] Android_TegraK1, [0000024A9611D100][0000024A96DF6240 49] Android_Unknown_Vulkan, [0000024A97D0BD00][0000024A96DFA3C0 49] Lumin, [0000024A9611E900][0000024A96DFE540 49] Lumin_Desktop, [0000024A97D0BE00][0000024A96E026C0 49] HoloLens, 
[2022.02.01-05.25.26:212][  0]LogMeshReduction: Using QuadricMeshReduction for automatic static mesh reduction
[2022.02.01-05.25.26:212][  0]LogMeshReduction: Using SimplygonMeshReduction for automatic skeletal mesh reduction
[2022.02.01-05.25.26:212][  0]LogMeshReduction: Using ProxyLODMeshReduction for automatic mesh merging
[2022.02.01-05.25.26:212][  0]LogMeshReduction: No distributed automatic mesh merging module available
[2022.02.01-05.25.26:212][  0]LogMeshMerging: No distributed automatic mesh merging module available
[2022.02.01-05.25.26:223][  0]LogNetVersion: BossGame 1.0.0, NetCL: 17155196, EngineNetVer: 17, GameNetVer: 0 (Checksum: 2323582888)
[2022.02.01-05.25.26:532][  0]LogTexture: Default maximum texture size for cubemaps generated from long-lat sources has been changed from 512 to unlimited. In order to preserve old behaiour for '/Engine/MapTemplates/Sky/DaylightAmbientCubemap.DaylightAmbientCubemap', its maximum texture size has been explicitly set to 512.
[2022.02.01-05.25.26:584][  0]LogHMD: PokeAHoleMaterial loaded successfully
[2022.02.01-05.25.26:589][  0]LogUObjectArray: 17178 objects as part of root set at end of initial load.
[2022.02.01-05.25.26:589][  0]LogUObjectAllocator: 4302048 out of 0 bytes used by permanent object pool.
[2022.02.01-05.25.26:589][  0]LogUObjectArray: CloseDisregardForGC: 0/0 objects in disregard for GC pool
[2022.02.01-05.25.26:813][  0]LogNiagaraDebuggerClient: Niagara Debugger Client Initialized | Session: 420344354B7A6F0F8604D38BB28A91C1 | Instance: 81AA1E194B8116AF483EB0837D8F4E65 (DESKTOP-ONRQHMG-25344).
[2022.02.01-05.25.26:851][  0]LogPython: Using Python 3.7.7
[2022.02.01-05.25.27:410][  0]LogTcpMessaging: Initializing TcpMessaging bridge
[2022.02.01-05.25.27:417][  0]LogUdpMessaging: Initializing bridge on interface 0.0.0.0:0 to multicast group 230.0.0.1:6666.
[2022.02.01-05.25.27:541][  0]SourceControl: Source control is disabled
[2022.02.01-05.25.27:541][  0]SourceControl: Source control is disabled
[2022.02.01-05.25.27:544][  0]SourceControl: Source control is disabled
[2022.02.01-05.25.27:549][  0]SourceControl: Source control is disabled
[2022.02.01-05.25.27:555][  0]SourceControl: Source control is disabled
[2022.02.01-05.25.27:560][  0]LogUProjectInfo: Found projects:
[2022.02.01-05.25.27:730][  0]LogOpenImageDenoise: OIDN starting up
[2022.02.01-05.25.27:779][  0]LogAndroidPermission: UAndroidPermissionCallbackProxy::GetInstance
[2022.02.01-05.25.27:795][  0]LogAudioCaptureCore: Display: No Audio Capture implementations found. Audio input will be silent.
[2022.02.01-05.25.27:795][  0]LogAudioCaptureCore: Display: No Audio Capture implementations found. Audio input will be silent.
[2022.02.01-05.25.27:904][  0]LogCollectionManager: Loaded 0 collections in 0.001236 seconds
[2022.02.01-05.25.27:931][  0]LogFileCache: Scanning file cache for directory 'C:/Users/annie/Desktop/Unreal Project/BossGame/Saved/Collections/' took 0.00s
[2022.02.01-05.25.27:931][  0]LogFileCache: Scanning file cache for directory 'C:/Users/annie/Desktop/Unreal Project/BossGame/Content/Developers/annie/Collections/' took 0.00s
[2022.02.01-05.25.27:931][  0]LogFileCache: Scanning file cache for directory 'C:/Users/annie/Desktop/Unreal Project/BossGame/Content/Collections/' took 0.00s
[2022.02.01-05.25.27:931][  0]LogOcInput: OculusInput pre-init called
[2022.02.01-05.25.28:166][  0]LogEngine: Initializing Engine...
[2022.02.01-05.25.28:168][  0]LogHMD: Failed to enumerate extensions. Please check that you have a valid OpenXR runtime installed.
[2022.02.01-05.25.28:168][  0]LogHMD: Failed to initialize OpenVR with code 110
[2022.02.01-05.25.28:168][  0]LogMagicLeap: Warning: VR disabled because ZI is not enabled.  To enable, in the editor, Edit -> Project Settings -> Plugins -> Magic Leap Plugin -> Enable Zero Iteration
[2022.02.01-05.25.28:169][  0]LogStats: UGameplayTagsManager::InitializeManager -  0.000 s
[2022.02.01-05.25.28:269][  0]LogInit: Initializing FReadOnlyCVARCache
[2022.02.01-05.25.28:276][  0]LogAIModule: Creating AISystem for world Untitled
[2022.02.01-05.25.28:311][  0]LogAudio: Display: Initializing Audio Device Manager...
[2022.02.01-05.25.28:316][  0]LogAudio: Display: Loading Default Audio Settings Objects...
[2022.02.01-05.25.28:316][  0]LogAudio: Display: No default SoundConcurrencyObject specified (or failed to load).
[2022.02.01-05.25.28:316][  0]LogAudio: Display: Audio Device Manager Initialized
[2022.02.01-05.25.28:316][  0]LogAudio: Display: Creating Audio Device:                 Id: 1, Scope: Shared, Realtime: True
[2022.02.01-05.25.28:316][  0]LogAudioMixer: Display: Audio Mixer Platform Settings:
[2022.02.01-05.25.28:316][  0]LogAudioMixer: Display: 	Sample Rate:						  48000
[2022.02.01-05.25.28:316][  0]LogAudioMixer: Display: 	Callback Buffer Frame Size Requested: 1024
[2022.02.01-05.25.28:316][  0]LogAudioMixer: Display: 	Callback Buffer Frame Size To Use:	  1024
[2022.02.01-05.25.28:316][  0]LogAudioMixer: Display: 	Number of buffers to queue:			  2
[2022.02.01-05.25.28:316][  0]LogAudioMixer: Display: 	Max Channels (voices):				  32
[2022.02.01-05.25.28:316][  0]LogAudioMixer: Display: 	Number of Async Source Workers:		  0
[2022.02.01-05.25.28:316][  0]LogAudio: Display: AudioDevice MaxSources: 32
[2022.02.01-05.25.28:317][  0]LogAudio: Display: Audio Spatialization Plugin: None (built-in).
[2022.02.01-05.25.28:317][  0]LogAudio: Display: Audio Reverb Plugin: None (built-in).
[2022.02.01-05.25.28:317][  0]LogAudio: Display: Audio Occlusion Plugin: None (built-in).
[2022.02.01-05.25.28:317][  0]LogAudioMixer: Display: Initializing audio mixer.
[2022.02.01-05.25.28:334][  0]LogAudioMixer: Display: 0: FrontLeft
[2022.02.01-05.25.28:334][  0]LogAudioMixer: Display: 1: FrontRight
[2022.02.01-05.25.28:636][  0]LogAudioMixer: Display: Using Audio Device 喇叭 (2- Realtek(R) Audio)
[2022.02.01-05.25.28:636][  0]LogAudioMixer: Display: Initializing Sound Submixes...
[2022.02.01-05.25.28:638][  0]LogAudioMixer: Display: Creating Master Submix 'MasterSubmixDefault'
[2022.02.01-05.25.28:638][  0]LogAudioMixer: Display: Creating Master Submix 'MasterReverbSubmixDefault'
[2022.02.01-05.25.28:639][  0]LogAudioMixer: Display: Creating Master Submix 'MasterEQSubmixDefault'
[2022.02.01-05.25.28:639][  0]LogAudioMixer: FMixerPlatformXAudio2::StartAudioStream() called
[2022.02.01-05.25.28:639][  0]LogAudioMixer: Display: Output buffers initialized: Frames=1024, Channels=2, Samples=2048
[2022.02.01-05.25.28:640][  0]LogAudioMixer: Display: Starting AudioMixerPlatformInterface::RunInternal()
[2022.02.01-05.25.28:640][  0]LogAudioMixer: Display: FMixerPlatformXAudio2::SubmitBuffer() called for the first time
[2022.02.01-05.25.28:640][  0]LogInit: FAudioDevice initialized.
[2022.02.01-05.25.28:640][  0]LogAudio: Display: Audio Device (ID: 1) registered with world 'Untitled'.
[2022.02.01-05.25.28:640][  0]LogNetVersion: Set ProjectVersion to 1.0.0.0. Version Checksum will be recalculated on next use.
[2022.02.01-05.25.28:690][  0]LogDerivedDataCache: Saved boot cache 0.05s 94MB C:/Users/annie/AppData/Local/UnrealEngine/4.27/DerivedDataCache/Boot.ddc.
[2022.02.01-05.25.28:691][  0]LogInit: Texture streaming: Enabled
[2022.02.01-05.25.28:700][  0]LogAnalytics: Display: [UEEditor.Rocket.Release] APIServer = https://datarouter.ol.epicgames.com/. AppVersion = 4.27.2-18319896+++UE4+Release-4.27
[2022.02.01-05.25.28:703][  0]LogEngineSessionManager: EngineSessionManager initialized
[2022.02.01-05.25.28:703][  0]LogEditorSessionSummary: Verbose: Initializing EditorSessionSummaryWriter for editor session tracking
[2022.02.01-05.25.28:704][  0]LogEditorSessionSummary: EditorSessionSummaryWriter initialized
[2022.02.01-05.25.28:726][  0]LogInit: Transaction tracking system initialized
[2022.02.01-05.25.28:742][  0]BlueprintLog: New page: Editor Load
[2022.02.01-05.25.28:792][  0]LocalizationService: Localization service is disabled
[2022.02.01-05.25.28:810][  0]TimingProfiler: Initialize
[2022.02.01-05.25.28:810][  0]TimingProfiler: OnSessionChanged
[2022.02.01-05.25.28:810][  0]LoadingProfiler: Initialize
[2022.02.01-05.25.28:810][  0]LoadingProfiler: OnSessionChanged
[2022.02.01-05.25.28:810][  0]NetworkingProfiler: Initialize
[2022.02.01-05.25.28:810][  0]NetworkingProfiler: OnSessionChanged
[2022.02.01-05.25.28:810][  0]MemoryProfiler: Initialize
[2022.02.01-05.25.28:810][  0]MemoryProfiler: OnSessionChanged
[2022.02.01-05.25.28:925][  0]LogCook: Display: CookSettings for Memory: MemoryMaxUsedVirtual 0MiB, MemoryMaxUsedPhysical 16384MiB, MemoryMinFreeVirtual 0MiB, MemoryMinFreePhysical 1024MiB
[2022.02.01-05.25.28:925][  0]LogCook: Display: Mobile HDR setting 1
[2022.02.01-05.25.29:082][  0]LogFileCache: Scanning file cache for directory 'C:/Users/annie/Desktop/Unreal Project/BossGame/Content/' took 0.00s
[2022.02.01-05.25.29:251][  0]LogInit: Display: Engine is initialized. Leaving FEngineLoop::Init()
[2022.02.01-05.25.29:254][  0]SourceControl: Source control is disabled
[2022.02.01-05.25.29:254][  0]LogUnrealEdMisc: Loading editor; pre map load, took 6.116
[2022.02.01-05.25.29:254][  0]Cmd: MAP LOAD FILE="../../../../../../Users/annie/Desktop/Unreal Project/BossGame/Content/ThirdPersonBP/Maps/ThirdPersonExampleMap.umap" TEMPLATE=0 SHOWPROGRESS=1 FEATURELEVEL=3
[2022.02.01-05.25.29:254][  0]LightingResults: New page: Lighting Build
[2022.02.01-05.25.29:255][  0]LogWorld: UWorld::CleanupWorld for Untitled, bSessionEnded=true, bCleanupResources=true
[2022.02.01-05.25.29:255][  0]LogSlate: InvalidateAllWidgets triggered.  All widgets were invalidated
[2022.02.01-05.25.29:255][  0]MapCheck: New page: Map Check
[2022.02.01-05.25.29:255][  0]LightingResults: New page: Lighting Build
[2022.02.01-05.25.29:260][  0]LogAudio: Display: Audio Device unregistered from world 'None'.
[2022.02.01-05.25.29:306][  0]LogUObjectHash: Compacting FUObjectHashTables data took   0.78ms
[2022.02.01-05.25.29:560][  0]LogBlueprint: Error: [AssetLog] C:\Users\annie\Desktop\Unreal Project\BossGame\Content\UI\GameHUD.uasset: [Compiler] The type of  Array  is undetermined.  Connect something to  For Each Loop with Break  to imply a specific type.
[2022.02.01-05.25.29:560][  0]LogBlueprint: Error: [AssetLog] C:\Users\annie\Desktop\Unreal Project\BossGame\Content\UI\GameHUD.uasset: [Compiler] The type of  Target Array generated from expanding For Each Loop with Break  is undetermined.  Connect something to  Length generated from expanding For Each Loop with Break  to imply a specific type.
[2022.02.01-05.25.29:684][  0]LogOutputDevice: Warning: 

Script Stack (0 frames):

[2022.02.01-05.25.29:684][  0]LogWindows: Windows GetLastError: 操作順利完成。 (0)
[2022.02.01-05.25.30:588][  0]LogWindows: Error: === Critical error: ===
[2022.02.01-05.25.30:588][  0]LogWindows: Error: 
[2022.02.01-05.25.30:588][  0]LogWindows: Error: Assertion failed: Tag.Size == Loaded [File:D:/Build/++UE4/Sync/Engine/Source/Runtime/CoreUObject/Private/UObject/Class.cpp] [Line: 1499] 
[2022.02.01-05.25.30:588][  0]LogWindows: Error: 
[2022.02.01-05.25.30:588][  0]LogWindows: Error: 
[2022.02.01-05.25.30:588][  0]LogWindows: Error: 
[2022.02.01-05.25.30:588][  0]LogWindows: Error: [Callstack] 0x00007ffaa3904f69 KERNELBASE.dll!UnknownFunction []
[2022.02.01-05.25.30:588][  0]LogWindows: Error: [Callstack] 0x00007ffa389b0216 UE4Editor-Core.dll!UnknownFunction []
[2022.02.01-05.25.30:588][  0]LogWindows: Error: [Callstack] 0x00007ffa389b4218 UE4Editor-Core.dll!UnknownFunction []
[2022.02.01-05.25.30:588][  0]LogWindows: Error: [Callstack] 0x00007ffa386d242d UE4Editor-Core.dll!UnknownFunction []
[2022.02.01-05.25.30:588][  0]LogWindows: Error: [Callstack] 0x00007ffa38626a45 UE4Editor-Core.dll!UnknownFunction []
[2022.02.01-05.25.30:588][  0]LogWindows: Error: [Callstack] 0x00007ffa386280a0 UE4Editor-Core.dll!UnknownFunction []
[2022.02.01-05.25.30:588][  0]LogWindows: Error: [Callstack] 0x00007ffa3d2b9cb7 UE4Editor-CoreUObject.dll!UnknownFunction []
[2022.02.01-05.25.30:588][  0]LogWindows: Error: [Callstack] 0x00007ffa3d2b7c3c UE4Editor-CoreUObject.dll!UnknownFunction []
[2022.02.01-05.25.30:588][  0]LogWindows: Error: [Callstack] 0x00007ffa3d476d74 UE4Editor-CoreUObject.dll!UnknownFunction []
[2022.02.01-05.25.30:588][  0]LogWindows: Error: [Callstack] 0x00007ffa3d473470 UE4Editor-CoreUObject.dll!UnknownFunction []
[2022.02.01-05.25.30:588][  0]LogWindows: Error: [Callstack] 0x00007ffa3d472edb UE4Editor-CoreUObject.dll!UnknownFunction []
[2022.02.01-05.25.30:588][  0]LogWindows: Error: [Callstack] 0x00007ffa35e19a36 UE4Editor-UMG.dll!UnknownFunction []
[2022.02.01-05.25.30:588][  0]LogWindows: Error: [Callstack] 0x00007ffa3204df66 UE4Editor-Engine.dll!UnknownFunction []
[2022.02.01-05.25.30:588][  0]LogWindows: Error: [Callstack] 0x00007ffa290e46b2 UE4Editor-UnrealEd.dll!UnknownFunction []
[2022.02.01-05.25.30:588][  0]LogWindows: Error: [Callstack] 0x00007ffa27fbdc87 UE4Editor-Kismet.dll!UnknownFunction []
[2022.02.01-05.25.30:588][  0]LogWindows: Error: [Callstack] 0x00007ffa27f66027 UE4Editor-Kismet.dll!UnknownFunction []
[2022.02.01-05.25.30:588][  0]LogWindows: Error: [Callstack] 0x00007ffa27f62be3 UE4Editor-Kismet.dll!UnknownFunction []
[2022.02.01-05.25.30:588][  0]LogWindows: Error: [Callstack] 0x00007ffa3d1acc30 UE4Editor-CoreUObject.dll!UnknownFunction []
[2022.02.01-05.25.30:588][  0]LogWindows: Error: [Callstack] 0x00007ffa3d4325c1 UE4Editor-CoreUObject.dll!UnknownFunction []
[2022.02.01-05.25.30:588][  0]LogWindows: Error: [Callstack] 0x00007ffa3d432b1b UE4Editor-CoreUObject.dll!UnknownFunction []
[2022.02.01-05.25.30:588][  0]LogWindows: Error: [Callstack] 0x00007ffa3d458bbc UE4Editor-CoreUObject.dll!UnknownFunction []
[2022.02.01-05.25.30:588][  0]LogWindows: Error: [Callstack] 0x00007ffa3d56cd66 UE4Editor-CoreUObject.dll!UnknownFunction []
[2022.02.01-05.25.30:588][  0]LogWindows: Error: [Callstack] 0x00007ffa3d42790d UE4Editor-CoreUObject.dll!UnknownFunction []
[2022.02.01-05.25.30:588][  0]LogWindows: Error: [Callstack] 0x00007ffa3d4852d2 UE4Editor-CoreUObject.dll!UnknownFunction []
[2022.02.01-05.25.30:588][  0]LogWindows: Error: [Callstack] 0x00007ffa3d4838c7 UE4Editor-CoreUObject.dll!UnknownFunction []
[2022.02.01-05.25.30:588][  0]LogWindows: Error: [Callstack] 0x00007ffa3d48539d UE4Editor-CoreUObject.dll!UnknownFunction []
[2022.02.01-05.25.30:588][  0]LogWindows: Error: [Callstack] 0x00007ffa3d4838c7 UE4Editor-CoreUObject.dll!UnknownFunction []
[2022.02.01-05.25.30:588][  0]LogWindows: Error: [Callstack] 0x00007ffa3d4836e1 UE4Editor-CoreUObject.dll!UnknownFunction []
[2022.02.01-05.25.30:589][  0]LogWindows: Error: [Callstack] 0x00007ffa3d43e399 UE4Editor-CoreUObject.dll!UnknownFunction []
[2022.02.01-05.25.30:589][  0]LogWindows: Error: [Callstack] 0x00007ffa3d48026a UE4Editor-CoreUObject.dll!UnknownFunction []
[2022.02.01-05.25.30:589][  0]LogWindows: Error: [Callstack] 0x00007ffa3d43417e UE4Editor-CoreUObject.dll!UnknownFunction []
[2022.02.01-05.25.30:589][  0]LogWindows: Error: [Callstack] 0x00007ffa3d2fa067 UE4Editor-CoreUObject.dll!UnknownFunction []
[2022.02.01-05.25.30:589][  0]LogWindows: Error: [Callstack] 0x00007ffa3d56ca33 UE4Editor-CoreUObject.dll!UnknownFunction []
[2022.02.01-05.25.30:589][  0]LogWindows: Error: [Callstack] 0x00007ffa3d42790d UE4Editor-CoreUObject.dll!UnknownFunction []
[2022.02.01-05.25.30:589][  0]LogWindows: Error: [Callstack] 0x00007ffa3d4852d2 UE4Editor-CoreUObject.dll!UnknownFunction []
[2022.02.01-05.25.30:589][  0]LogWindows: Error: [Callstack] 0x00007ffa3d4838c7 UE4Editor-CoreUObject.dll!UnknownFunction []
[2022.02.01-05.25.30:589][  0]LogWindows: Error: [Callstack] 0x00007ffa3d48539d UE4Editor-CoreUObject.dll!UnknownFunction []
[2022.02.01-05.25.30:589][  0]LogWindows: Error: [Callstack] 0x00007ffa3d4838c7 UE4Editor-CoreUObject.dll!UnknownFunction []
[2022.02.01-05.25.30:589][  0]LogWindows: Error: [Callstack] 0x00007ffa3d4836e1 UE4Editor-CoreUObject.dll!UnknownFunction []
[2022.02.01-05.25.30:589][  0]LogWindows: Error: [Callstack] 0x00007ffa3d43e399 UE4Editor-CoreUObject.dll!UnknownFunction []
[2022.02.01-05.25.30:589][  0]LogWindows: Error: [Callstack] 0x00007ffa3d48026a UE4Editor-CoreUObject.dll!UnknownFunction []
[2022.02.01-05.25.30:589][  0]LogWindows: Error: [Callstack] 0x00007ffa3d43417e UE4Editor-CoreUObject.dll!UnknownFunction []
[2022.02.01-05.25.30:589][  0]LogWindows: Error: [Callstack] 0x00007ffa3d2fa067 UE4Editor-CoreUObject.dll!UnknownFunction []
[2022.02.01-05.25.30:589][  0]LogWindows: Error: [Callstack] 0x00007ffa3d56ca33 UE4Editor-CoreUObject.dll!UnknownFunction []
[2022.02.01-05.25.30:589][  0]LogWindows: Error: [Callstack] 0x00007ffa3d42790d UE4Editor-CoreUObject.dll!UnknownFunction []
[2022.02.01-05.25.30:589][  0]LogWindows: Error: [Callstack] 0x00007ffa3d4852d2 UE4Editor-CoreUObject.dll!UnknownFunction []
[2022.02.01-05.25.30:589][  0]LogWindows: Error: [Callstack] 0x00007ffa3d4838c7 UE4Editor-CoreUObject.dll!UnknownFunction []
[2022.02.01-05.25.30:589][  0]LogWindows: Error: [Callstack] 0x00007ffa3d48539d UE4Editor-CoreUObject.dll!UnknownFunction []
[2022.02.01-05.25.30:589][  0]LogWindows: Error: [Callstack] 0x00007ffa3d4838c7 UE4Editor-CoreUObject.dll!UnknownFunction []
[2022.02.01-05.25.30:589][  0]LogWindows: Error: [Callstack] 0x00007ffa3d4836e1 UE4Editor-CoreUObject.dll!UnknownFunction []
[2022.02.01-05.25.30:589][  0]LogWindows: Error: [Callstack] 0x00007ffa3d43e399 UE4Editor-CoreUObject.dll!UnknownFunction []
[2022.02.01-05.25.30:589][  0]LogWindows: Error: [Callstack] 0x00007ffa3d48026a UE4Editor-CoreUObject.dll!UnknownFunction []
[2022.02.01-05.25.30:589][  0]LogWindows: Error: [Callstack] 0x00007ffa3d43417e UE4Editor-CoreUObject.dll!UnknownFunction []
[2022.02.01-05.25.30:589][  0]LogWindows: Error: [Callstack] 0x00007ffa3d2fa067 UE4Editor-CoreUObject.dll!UnknownFunction []
[2022.02.01-05.25.30:589][  0]LogWindows: Error: [Callstack] 0x00007ffa3d56ca33 UE4Editor-CoreUObject.dll!UnknownFunction []
[2022.02.01-05.25.30:589][  0]LogWindows: Error: [Callstack] 0x00007ffa3d42790d UE4Editor-CoreUObject.dll!UnknownFunction []
[2022.02.01-05.25.30:589][  0]LogWindows: Error: [Callstack] 0x00007ffa3d4852d2 UE4Editor-CoreUObject.dll!UnknownFunction []
[2022.02.01-05.25.30:589][  0]LogWindows: Error: [Callstack] 0x00007ffa3d4838c7 UE4Editor-CoreUObject.dll!UnknownFunction []
[2022.02.01-05.25.30:589][  0]LogWindows: Error: [Callstack] 0x00007ffa3d48539d UE4Editor-CoreUObject.dll!UnknownFunction []
[2022.02.01-05.25.30:589][  0]LogWindows: Error: [Callstack] 0x00007ffa3d4838c7 UE4Editor-CoreUObject.dll!UnknownFunction []
[2022.02.01-05.25.30:589][  0]LogWindows: Error: [Callstack] 0x00007ffa3d4836e1 UE4Editor-CoreUObject.dll!UnknownFunction []
[2022.02.01-05.25.30:589][  0]LogWindows: Error: [Callstack] 0x00007ffa3d43e399 UE4Editor-CoreUObject.dll!UnknownFunction []
[2022.02.01-05.25.30:589][  0]LogWindows: Error: [Callstack] 0x00007ffa3d48026a UE4Editor-CoreUObject.dll!UnknownFunction []
[2022.02.01-05.25.30:589][  0]LogWindows: Error: [Callstack] 0x00007ffa3d43417e UE4Editor-CoreUObject.dll!UnknownFunction []
[2022.02.01-05.25.30:589][  0]LogWindows: Error: [Callstack] 0x00007ffa3d2fa067 UE4Editor-CoreUObject.dll!UnknownFunction []
[2022.02.01-05.25.30:589][  0]LogWindows: Error: [Callstack] 0x00007ffa3d56ca33 UE4Editor-CoreUObject.dll!UnknownFunction []
[2022.02.01-05.25.30:589][  0]LogWindows: Error: [Callstack] 0x00007ffa3d42790d UE4Editor-CoreUObject.dll!UnknownFunction []
[2022.02.01-05.25.30:589][  0]LogWindows: Error: [Callstack] 0x00007ffa3d4852d2 UE4Editor-CoreUObject.dll!UnknownFunction []
[2022.02.01-05.25.30:589][  0]LogWindows: Error: [Callstack] 0x00007ffa3d4838c7 UE4Editor-CoreUObject.dll!UnknownFunction []
[2022.02.01-05.25.30:589][  0]LogWindows: Error: [Callstack] 0x00007ffa3d48539d UE4Editor-CoreUObject.dll!UnknownFunction []
[2022.02.01-05.25.30:589][  0]LogWindows: Error: [Callstack] 0x00007ffa3d4838c7 UE4Editor-CoreUObject.dll!UnknownFunction []
[2022.02.01-05.25.30:589][  0]LogWindows: Error: [Callstack] 0x00007ffa3d4836e1 UE4Editor-CoreUObject.dll!UnknownFunction []
[2022.02.01-05.25.30:589][  0]LogWindows: Error: [Callstack] 0x00007ffa3d43e399 UE4Editor-CoreUObject.dll!UnknownFunction []
[2022.02.01-05.25.30:589][  0]LogWindows: Error: [Callstack] 0x00007ffa3d48026a UE4Editor-CoreUObject.dll!UnknownFunction []
[2022.02.01-05.25.30:589][  0]LogWindows: Error: [Callstack] 0x00007ffa3d43417e UE4Editor-CoreUObject.dll!UnknownFunction []
[2022.02.01-05.25.30:589][  0]LogWindows: Error: [Callstack] 0x00007ffa3d2fa067 UE4Editor-CoreUObject.dll!UnknownFunction []
[2022.02.01-05.25.30:589][  0]LogWindows: Error: [Callstack] 0x00007ffa3d56ca33 UE4Editor-CoreUObject.dll!UnknownFunction []
[2022.02.01-05.25.30:589][  0]LogWindows: Error: [Callstack] 0x00007ffa3d56bbc0 UE4Editor-CoreUObject.dll!UnknownFunction []
[2022.02.01-05.25.30:589][  0]LogWindows: Error: [Callstack] 0x00007ffa28d18eeb UE4Editor-UnrealEd.dll!UnknownFunction []
[2022.02.01-05.25.30:589][  0]LogWindows: Error: [Callstack] 0x00007ffa28d08b0f UE4Editor-UnrealEd.dll!UnknownFunction []
[2022.02.01-05.25.30:589][  0]LogWindows: Error: [Callstack] 0x00007ffa28cf1d0f UE4Editor-UnrealEd.dll!UnknownFunction []
[2022.02.01-05.25.30:589][  0]LogWindows: Error: [Callstack] 0x00007ffa29552917 UE4Editor-UnrealEd.dll!UnknownFunction []
[2022.02.01-05.25.30:589][  0]LogWindows: Error: [Callstack] 0x00007ffa29023ec9 UE4Editor-UnrealEd.dll!UnknownFunction []
[2022.02.01-05.25.30:589][  0]LogWindows: Error: [Callstack] 0x00007ffa29023cd8 UE4Editor-UnrealEd.dll!UnknownFunction []
[2022.02.01-05.25.30:589][  0]LogWindows: Error: [Callstack] 0x00007ffa29593944 UE4Editor-UnrealEd.dll!UnknownFunction []
[2022.02.01-05.25.30:589][  0]LogWindows: Error: [Callstack] 0x00007ffa2954ded2 UE4Editor-UnrealEd.dll!UnknownFunction []
[2022.02.01-05.25.30:589][  0]LogWindows: Error: [Callstack] 0x00007ff721310e3b UE4Editor.exe!UnknownFunction []
[2022.02.01-05.25.30:589][  0]LogWindows: Error: [Callstack] 0x00007ff7213110ba UE4Editor.exe!UnknownFunction []
[2022.02.01-05.25.30:589][  0]LogWindows: Error: [Callstack] 0x00007ff7213140dd UE4Editor.exe!UnknownFunction []
[2022.02.01-05.25.30:589][  0]LogWindows: Error: [Callstack] 0x00007ff721325984 UE4Editor.exe!UnknownFunction []
[2022.02.01-05.25.30:589][  0]LogWindows: Error: [Callstack] 0x00007ff72132853a UE4Editor.exe!UnknownFunction []
[2022.02.01-05.25.30:589][  0]LogWindows: Error: [Callstack] 0x00007ffaa3e17034 KERNEL32.DLL!UnknownFunction []
[2022.02.01-05.25.30:589][  0]LogWindows: Error: [Callstack] 0x00007ffaa5ce2651 ntdll.dll!UnknownFunction []
[2022.02.01-05.25.30:589][  0]LogWindows: Error: 
[2022.02.01-05.25.30:599][  0]LogExit: Executing StaticShutdownAfterError
[2022.02.01-05.25.30:600][  0]LogWindows: FPlatformMisc::RequestExit(1)
[2022.02.01-05.25.30:600][  0]LogWindows: FPlatformMisc::RequestExitWithStatus(1, 3)
[2022.02.01-05.25.30:600][  0]LogCore: Engine exit requested (reason: Win RequestExit)
[2022.02.01-05.25.30:610][  0]Log file closed, 02/01/22 13:25:30
