Log file open, 01/12/22 11:21:02
LogWindows: Failed to load 'aqProf.dll' (GetLastError=126)
LogWindows: File 'aqProf.dll' does not exist
LogWindows: Failed to load 'VtuneApi.dll' (GetLastError=126)
LogWindows: File 'VtuneApi.dll' does not exist
LogWindows: Failed to load 'VtuneApi32e.dll' (GetLastError=126)
LogWindows: File 'VtuneApi32e.dll' does not exist
LogConsoleResponse: Display: Failed to find resolution value strings in scalability ini. Falling back to default.
LogConsoleResponse: Display: Failed to find resolution value strings in scalability ini. Falling back to default.
LogInit: Display: Running engine for game: BossGame
LogPlatformFile: Not using cached read wrapper
LogTaskGraph: Started task graph with 5 named threads and 71 total threads with 3 sets of task threads.
LogStats: Stats thread started at 0.190135
LogICUInternationalization: ICU TimeZone Detection - Raw Offset: +8:00, Platform Override: ''
LogInit: Display: Loading text-based GConfig....
LogPluginManager: Mounting plugin MegascansPlugin
LogPluginManager: Mounting plugin MeshPainting
LogPluginManager: Mounting plugin XGEController
LogPluginManager: Mounting plugin Paper2D
LogPluginManager: Mounting plugin AISupport
LogPluginManager: Mounting plugin EnvironmentQueryEditor
LogPluginManager: Mounting plugin LiveLink
LogPluginManager: Mounting plugin LightPropagationVolume
LogPluginManager: Mounting plugin GameplayCameras
LogPluginManager: Mounting plugin OodleData
LogPluginManager: Mounting plugin CameraShakePreviewer
LogPluginManager: Mounting plugin OodleNetwork
LogPluginManager: Mounting plugin DatasmithContent
LogPluginManager: Mounting plugin Niagara
LogPluginManager: Mounting plugin VariantManagerContent
LogPluginManager: Mounting plugin AssetManagerEditor
LogPluginManager: Mounting plugin CurveEditorTools
LogPluginManager: Mounting plugin CryptoKeys
LogPluginManager: Mounting plugin EditorScriptingUtilities
LogPluginManager: Mounting plugin GameplayTagsEditor
LogPluginManager: Mounting plugin FacialAnimation
LogPluginManager: Mounting plugin MacGraphicsSwitching
LogPluginManager: Mounting plugin DataValidation
LogPluginManager: Mounting plugin MaterialAnalyzer
LogPluginManager: Mounting plugin PluginBrowser
LogPluginManager: Mounting plugin MobileLauncherProfileWizard
LogPluginManager: Mounting plugin SpeedTreeImporter
LogPluginManager: Mounting plugin GeometryMode
LogPluginManager: Mounting plugin AlembicImporter
LogPluginManager: Mounting plugin AutomationUtils
LogPluginManager: Mounting plugin BackChannel
LogPluginManager: Mounting plugin ChaosCloth
LogPluginManager: Mounting plugin ChaosClothEditor
LogPluginManager: Mounting plugin ChaosEditor
LogPluginManager: Mounting plugin ChaosNiagara
LogPluginManager: Mounting plugin ChaosSolverPlugin
LogPluginManager: Mounting plugin CharacterAI
LogPluginManager: Mounting plugin GeometryCache
LogPluginManager: Mounting plugin GeometryCollectionPlugin
LogPluginManager: Mounting plugin LuminPlatformFeatures
LogPluginManager: Mounting plugin MagicLeap
LogPluginManager: Mounting plugin GeometryProcessing
LogPluginManager: Mounting plugin MotoSynth
LogPluginManager: Mounting plugin OpenImageDenoise
LogPluginManager: Mounting plugin PlanarCut
LogPluginManager: Mounting plugin PlatformCrypto
LogPluginManager: Mounting plugin ProxyLODPlugin
LogPluginManager: Mounting plugin MagicLeapLightEstimation
LogPluginManager: Mounting plugin PythonScriptPlugin
LogPluginManager: Mounting plugin MagicLeapMedia
LogPluginManager: Mounting plugin MagicLeapPassableWorld
LogPluginManager: Mounting plugin MLSDK
LogPluginManager: Mounting plugin SkeletalReduction
LogPluginManager: Mounting plugin Text3D
LogPluginManager: Mounting plugin AndroidMedia
LogPluginManager: Mounting plugin AvfMedia
LogPluginManager: Mounting plugin ImgMedia
LogPluginManager: Mounting plugin TcpMessaging
LogPluginManager: Mounting plugin UdpMessaging
LogPluginManager: Mounting plugin MediaCompositing
LogPluginManager: Mounting plugin MediaPlayerEditor
LogPluginManager: Mounting plugin WmfMedia
LogPluginManager: Mounting plugin WebMMedia
LogPluginManager: Mounting plugin OnlineSubsystem
LogPluginManager: Mounting plugin OnlineSubsystemNull
LogPluginManager: Mounting plugin OnlineSubsystemUtils
LogPluginManager: Mounting plugin ActorSequence
LogPluginManager: Mounting plugin LevelSequenceEditor
LogPluginManager: Mounting plugin MatineeToLevelSequence
LogPluginManager: Mounting plugin LauncherChunkInstaller
LogPluginManager: Mounting plugin TemplateSequence
LogPluginManager: Mounting plugin ActorLayerUtilities
LogPluginManager: Mounting plugin AndroidMoviePlayer
LogPluginManager: Mounting plugin AndroidDeviceProfileSelector
LogPluginManager: Mounting plugin AndroidPermission
LogPluginManager: Mounting plugin AppleImageUtils
LogPluginManager: Mounting plugin AppleMoviePlayer
LogPluginManager: Mounting plugin ArchVisCharacter
LogPluginManager: Mounting plugin AudioCapture
LogPluginManager: Mounting plugin AssetTags
LogPluginManager: Mounting plugin AudioSynesthesia
LogPluginManager: Mounting plugin CableComponent
LogPluginManager: Mounting plugin ChunkDownloader
LogPluginManager: Mounting plugin CustomMeshComponent
LogPluginManager: Mounting plugin ExampleDeviceProfileSelector
LogPluginManager: Mounting plugin ScreenshotTools
LogPluginManager: Mounting plugin GoogleCloudMessaging
LogPluginManager: Mounting plugin EditableMesh
LogPluginManager: Mounting plugin GooglePAD
LogPluginManager: Mounting plugin LinuxDeviceProfileSelector
LogPluginManager: Mounting plugin IOSDeviceProfileSelector
LogPluginManager: Mounting plugin LocationServicesBPLibrary
LogPluginManager: Mounting plugin MobilePatchingUtils
LogPluginManager: Mounting plugin OpenXRHandTracking
LogPluginManager: Mounting plugin OpenXR
LogPluginManager: Mounting plugin OpenXREyeTracker
LogPluginManager: Mounting plugin PhysXVehicles
LogPluginManager: Mounting plugin Takes
LogPluginManager: Mounting plugin ProceduralMeshComponent
LogPluginManager: Mounting plugin PostSplashScreen
LogPluginManager: Mounting plugin PropertyAccessEditor
LogPluginManager: Mounting plugin RuntimePhysXCooking
LogPluginManager: Mounting plugin SignificanceManager
LogPluginManager: Mounting plugin SoundFields
LogPluginManager: Mounting plugin Synthesis
LogPluginManager: Mounting plugin WebMMoviePlayer
LogPluginManager: Mounting plugin WindowsMoviePlayer
LogPluginManager: Mounting plugin AnimationSharing
LogPluginManager: Mounting plugin CodeLiteSourceCodeAccess
LogPluginManager: Mounting plugin CLionSourceCodeAccess
LogPluginManager: Mounting plugin KDevelopSourceCodeAccess
LogPluginManager: Mounting plugin GitSourceControl
LogPluginManager: Mounting plugin NullSourceCodeAccess
LogPluginManager: Mounting plugin PerforceSourceControl
LogPluginManager: Mounting plugin PixWinPlugin
LogPluginManager: Mounting plugin PlasticSourceControl
LogPluginManager: Mounting plugin PropertyAccessNode
LogPluginManager: Mounting plugin PluginUtils
LogPluginManager: Mounting plugin RiderSourceCodeAccess
LogPluginManager: Mounting plugin SubversionSourceControl
LogPluginManager: Mounting plugin TextureFormatOodle
LogPluginManager: Mounting plugin UObjectPlugin
LogPluginManager: Mounting plugin VisualStudioCodeSourceCodeAccess
LogPluginManager: Mounting plugin VisualStudioSourceCodeAccess
LogPluginManager: Mounting plugin XCodeSourceCodeAccess
LogPluginManager: Mounting plugin ContentBrowserAssetDataSource
LogPluginManager: Mounting plugin ContentBrowserFileDataSource
LogPluginManager: Mounting plugin ContentBrowserClassDataSource
LogPluginManager: Mounting plugin OnlineSubsystemGooglePlay
LogPluginManager: Mounting plugin OnlineSubsystemIOS
LogPluginManager: Mounting plugin DatabaseSupport
LogPluginManager: Mounting plugin SQLiteCore
LogPluginManager: Mounting plugin SQLiteSupport
LogPluginManager: Mounting plugin OculusVR
LogPluginManager: Mounting plugin SteamVR
LogInit: Using libcurl 7.55.1-DEV
LogInit:  - built for x86_64-pc-win32
LogInit:  - supports SSL with OpenSSL/1.1.1
LogInit:  - supports HTTP deflate (compression) using libz 1.2.8
LogInit:  - other features:
LogInit:      CURL_VERSION_SSL
LogInit:      CURL_VERSION_LIBZ
LogInit:      CURL_VERSION_IPV6
LogInit:      CURL_VERSION_ASYNCHDNS
LogInit:      CURL_VERSION_LARGEFILE
LogInit:      CURL_VERSION_IDN
LogInit:  CurlRequestOptions (configurable via config and command line):
LogInit:  - bVerifyPeer = true  - Libcurl will verify peer certificate
LogInit:  - bUseHttpProxy = false  - Libcurl will NOT use HTTP proxy
LogInit:  - bDontReuseConnections = false  - Libcurl will reuse connections
LogInit:  - MaxHostConnections = 16  - Libcurl will limit the number of connections to a host
LogInit:  - LocalHostAddr = Default
LogInit:  - BufferSize = 65536
LogOnline: OSS: Creating online subsystem instance for: NULL
LogInit: WinSock: version 1.1 (2.2), MaxSocks=32767, MaxUdp=65467
LogOnline: OSS: TryLoadSubsystemAndSetDefault: Loaded subsystem for module [NULL]
PixWinPlugin: PIX capture plugin failed to initialize! Check that the process is launched from PIX.
LogOculusPluginWrapper: OculusPlugin initialized successfully
LogHMD: Failed initializing OVRPlugin 1.59.0
LogInit: Build: ++UE4+Release-4.27-CL-18319896
LogInit: Engine Version: 4.27.2-18319896+++UE4+Release-4.27
LogInit: Compatible Engine Version: 4.27.0-17155196+++UE4+Release-4.27
LogInit: Net CL: 17155196
LogInit: OS: Windows 10 (Release 2009) (), CPU: AMD Ryzen 9 5900X 12-Core Processor            , GPU: NVIDIA GeForce RTX 3060
LogInit: Compiled (64-bit): Nov 30 2021 07:12:08
LogInit: Compiled with Visual C++: 19.24.28315.00
LogInit: Build Configuration: Development
LogInit: Branch Name: ++UE4+Release-4.27
LogInit: Command Line:  /Game/Map/MainMap -game -PIEVIACONSOLE -Multiprocess "GameUserSettingsINI=D:/Unity Projects/Game/Saved/Config/Windows/PIEGameUserSettings0.ini" -MultiprocessSaveConfig -forcepassthrough -messaging -SessionName="Play in Standalone Game" -featureleveles31 -faketouches -MultiprocessSaveConfig -windowed -ResX=1080 -ResY=1920 -ForceRes
LogInit: Base Directory: C:/Program Files/Epic Games/UE_4.27/Engine/Binaries/Win64/
LogInit: Allocator: TBB
LogInit: Installed Engine Build: 1
LogDevObjectVersion: Number of dev versions registered: 29
LogDevObjectVersion:   Dev-Blueprints (B0D832E4-1F89-4F0D-ACCF-7EB736FD4AA2): 10
LogDevObjectVersion:   Dev-Build (E1C64328-A22C-4D53-A36C-8E866417BD8C): 0
LogDevObjectVersion:   Dev-Core (375EC13C-06E4-48FB-B500-84F0262A717E): 4
LogDevObjectVersion:   Dev-Editor (E4B068ED-F494-42E9-A231-DA0B2E46BB41): 40
LogDevObjectVersion:   Dev-Framework (CFFC743F-43B0-4480-9391-14DF171D2073): 37
LogDevObjectVersion:   Dev-Mobile (B02B49B5-BB20-44E9-A304-32B752E40360): 3
LogDevObjectVersion:   Dev-Networking (A4E4105C-59A1-49B5-A7C5-40C4547EDFEE): 0
LogDevObjectVersion:   Dev-Online (39C831C9-5AE6-47DC-9A44-9C173E1C8E7C): 0
LogDevObjectVersion:   Dev-Physics (78F01B33-EBEA-4F98-B9B4-84EACCB95AA2): 14
LogDevObjectVersion:   Dev-Platform (6631380F-2D4D-43E0-8009-CF276956A95A): 0
LogDevObjectVersion:   Dev-Rendering (12F88B9F-8875-4AFC-A67C-D90C383ABD29): 45
LogDevObjectVersion:   Dev-Sequencer (7B5AE74C-D270-4C10-A958-57980B212A5A): 13
LogDevObjectVersion:   Dev-VR (D7296918-1DD6-4BDD-9DE2-64A83CC13884): 3
LogDevObjectVersion:   Dev-LoadTimes (C2A15278-BFE7-4AFE-6C17-90FF531DF755): 1
LogDevObjectVersion:   Private-Geometry (6EACA3D4-40EC-4CC1-B786-8BED09428FC5): 3
LogDevObjectVersion:   Dev-AnimPhys (29E575DD-E0A3-4627-9D10-D276232CDCEA): 17
LogDevObjectVersion:   Dev-Anim (AF43A65D-7FD3-4947-9873-3E8ED9C1BB05): 15
LogDevObjectVersion:   Dev-ReflectionCapture (6B266CEC-1EC7-4B8F-A30B-E4D90942FC07): 1
LogDevObjectVersion:   Dev-Automation (0DF73D61-A23F-47EA-B727-89E90C41499A): 1
LogDevObjectVersion:   FortniteMain (601D1886-AC64-4F84-AA16-D3DE0DEAC7D6): 47
LogDevObjectVersion:   FortniteRelease (E7086368-6B23-4C58-8439-1B7016265E91): 1
LogDevObjectVersion:   Dev-Enterprise (9DFFBCD6-494F-0158-E221-12823C92A888): 10
LogDevObjectVersion:   Dev-Niagara (F2AED0AC-9AFE-416F-8664-AA7FFA26D6FC): 1
LogDevObjectVersion:   Dev-Destruction (174F1F0B-B4C6-45A5-B13F-2EE8D0FB917D): 10
LogDevObjectVersion:   Dev-Physics-Ext (35F94A83-E258-406C-A318-09F59610247C): 41
LogDevObjectVersion:   Dev-PhysicsMaterial-Chaos (B68FC16E-8B1B-42E2-B453-215C058844FE): 1
LogDevObjectVersion:   Dev-CineCamera (B2E18506-4273-CFC2-A54E-F4BB758BBA07): 1
LogDevObjectVersion:   Dev-VirtualProduction (64F58936-FD1B-42BA-BA96-7289D5D0FA4E): 1
LogDevObjectVersion:   Dev-MediaFramework (6F0ED827-A609-4895-9C91-998D90180EA4): 2
LogInit: Presizing for max 25165824 objects, including 0 objects not considered by GC, pre-allocating 0 bytes for permanent pool.
LogConfig: Applying CVar settings from Section [/Script/Engine.StreamingSettings] File [D:/Unity Projects/Game/Saved/Config/Windows/Engine.ini]
LogConfig: Setting CVar [[s.MinBulkDataSizeForAsyncLoading:131072]]
LogConfig: Setting CVar [[s.AsyncLoadingThreadEnabled:0]]
LogConfig: Setting CVar [[s.EventDrivenLoaderEnabled:1]]
LogConfig: Setting CVar [[s.WarnIfTimeLimitExceeded:0]]
LogConfig: Setting CVar [[s.TimeLimitExceededMultiplier:1.5]]
LogConfig: Setting CVar [[s.TimeLimitExceededMinTime:0.005]]
LogConfig: Setting CVar [[s.UseBackgroundLevelStreaming:1]]
LogConfig: Setting CVar [[s.PriorityAsyncLoadingExtraTime:15.0]]
LogConfig: Setting CVar [[s.LevelStreamingActorsUpdateTimeLimit:5.0]]
LogConfig: Setting CVar [[s.PriorityLevelStreamingActorsUpdateExtraTime:5.0]]
LogConfig: Setting CVar [[s.LevelStreamingComponentsRegistrationGranularity:10]]
LogConfig: Setting CVar [[s.UnregisterComponentsTimeLimit:1.0]]
LogConfig: Setting CVar [[s.LevelStreamingComponentsUnregistrationGranularity:5]]
LogConfig: Setting CVar [[s.FlushStreamingOnExit:1]]
LogInit: Object subsystem initialized
LogConfig: Setting CVar [[con.DebugEarlyDefault:1]]
LogConfig: Setting CVar [[r.setres:1280x720]]
[2022.01.12-03.21.03:016][  0]LogConfig: Setting CVar [[con.DebugEarlyDefault:1]]
[2022.01.12-03.21.03:016][  0]LogConfig: Setting CVar [[r.setres:1280x720]]
[2022.01.12-03.21.03:016][  0]LogConfig: Applying CVar settings from Section [/Script/Engine.RendererSettings] File [D:/Unity Projects/Game/Saved/Config/Windows/Engine.ini]
[2022.01.12-03.21.03:016][  0]LogConfig: Setting CVar [[r.GPUCrashDebugging:0]]
[2022.01.12-03.21.03:016][  0]LogConfig: Applying CVar settings from Section [/Script/Engine.RendererOverrideSettings] File [D:/Unity Projects/Game/Saved/Config/Windows/Engine.ini]
[2022.01.12-03.21.03:016][  0]LogConfig: Applying CVar settings from Section [/Script/Engine.StreamingSettings] File [D:/Unity Projects/Game/Saved/Config/Windows/Engine.ini]
[2022.01.12-03.21.03:016][  0]LogConfig: Setting CVar [[s.MinBulkDataSizeForAsyncLoading:131072]]
[2022.01.12-03.21.03:016][  0]LogConfig: Setting CVar [[s.AsyncLoadingThreadEnabled:0]]
[2022.01.12-03.21.03:016][  0]LogConfig: Setting CVar [[s.EventDrivenLoaderEnabled:1]]
[2022.01.12-03.21.03:016][  0]LogConfig: Setting CVar [[s.WarnIfTimeLimitExceeded:0]]
[2022.01.12-03.21.03:016][  0]LogConfig: Setting CVar [[s.TimeLimitExceededMultiplier:1.5]]
[2022.01.12-03.21.03:016][  0]LogConfig: Setting CVar [[s.TimeLimitExceededMinTime:0.005]]
[2022.01.12-03.21.03:016][  0]LogConfig: Setting CVar [[s.UseBackgroundLevelStreaming:1]]
[2022.01.12-03.21.03:016][  0]LogConfig: Setting CVar [[s.PriorityAsyncLoadingExtraTime:15.0]]
[2022.01.12-03.21.03:016][  0]LogConfig: Setting CVar [[s.LevelStreamingActorsUpdateTimeLimit:5.0]]
[2022.01.12-03.21.03:016][  0]LogConfig: Setting CVar [[s.PriorityLevelStreamingActorsUpdateExtraTime:5.0]]
[2022.01.12-03.21.03:016][  0]LogConfig: Setting CVar [[s.LevelStreamingComponentsRegistrationGranularity:10]]
[2022.01.12-03.21.03:016][  0]LogConfig: Setting CVar [[s.UnregisterComponentsTimeLimit:1.0]]
[2022.01.12-03.21.03:016][  0]LogConfig: Setting CVar [[s.LevelStreamingComponentsUnregistrationGranularity:5]]
[2022.01.12-03.21.03:016][  0]LogConfig: Setting CVar [[s.FlushStreamingOnExit:1]]
[2022.01.12-03.21.03:016][  0]LogConfig: Applying CVar settings from Section [/Script/Engine.GarbageCollectionSettings] File [D:/Unity Projects/Game/Saved/Config/Windows/Engine.ini]
[2022.01.12-03.21.03:016][  0]LogConfig: Setting CVar [[gc.MaxObjectsNotConsideredByGC:1]]
[2022.01.12-03.21.03:016][  0]LogConfig: Setting CVar [[gc.SizeOfPermanentObjectPool:0]]
[2022.01.12-03.21.03:016][  0]LogConfig: Setting CVar [[gc.FlushStreamingOnGC:0]]
[2022.01.12-03.21.03:016][  0]LogConfig: Setting CVar [[gc.NumRetriesBeforeForcingGC:10]]
[2022.01.12-03.21.03:016][  0]LogConfig: Setting CVar [[gc.AllowParallelGC:1]]
[2022.01.12-03.21.03:016][  0]LogConfig: Setting CVar [[gc.TimeBetweenPurgingPendingKillObjects:61.1]]
[2022.01.12-03.21.03:016][  0]LogConfig: Setting CVar [[gc.MaxObjectsInEditor:25165824]]
[2022.01.12-03.21.03:016][  0]LogConfig: Setting CVar [[gc.IncrementalBeginDestroyEnabled:1]]
[2022.01.12-03.21.03:016][  0]LogConfig: Setting CVar [[gc.CreateGCClusters:1]]
[2022.01.12-03.21.03:016][  0]LogConfig: Setting CVar [[gc.MinGCClusterSize:5]]
[2022.01.12-03.21.03:016][  0]LogConfig: Setting CVar [[gc.ActorClusteringEnabled:0]]
[2022.01.12-03.21.03:016][  0]LogConfig: Setting CVar [[gc.BlueprintClusteringEnabled:0]]
[2022.01.12-03.21.03:016][  0]LogConfig: Setting CVar [[gc.UseDisregardForGCOnDedicatedServers:0]]
[2022.01.12-03.21.03:016][  0]LogConfig: Setting CVar [[gc.MultithreadedDestructionEnabled:1]]
[2022.01.12-03.21.03:016][  0]LogConfig: Applying CVar settings from Section [/Script/Engine.NetworkSettings] File [D:/Unity Projects/Game/Saved/Config/Windows/Engine.ini]
[2022.01.12-03.21.03:016][  0]LogConfig: Applying CVar settings from Section [/Script/UnrealEd.CookerSettings] File [D:/Unity Projects/Game/Saved/Config/Windows/Engine.ini]
[2022.01.12-03.21.03:024][  0]LogConfig: Applying CVar settings from Section [ViewDistanceQuality@3] File [D:/Unity Projects/Game/Saved/Config/Windows/Scalability.ini]
[2022.01.12-03.21.03:024][  0]LogConfig: Setting CVar [[r.SkeletalMeshLODBias:0]]
[2022.01.12-03.21.03:024][  0]LogConfig: Setting CVar [[r.ViewDistanceScale:1.0]]
[2022.01.12-03.21.03:024][  0]LogConfig: Applying CVar settings from Section [AntiAliasingQuality@3] File [D:/Unity Projects/Game/Saved/Config/Windows/Scalability.ini]
[2022.01.12-03.21.03:024][  0]LogConfig: Setting CVar [[r.PostProcessAAQuality:4]]
[2022.01.12-03.21.03:024][  0]LogConfig: Applying CVar settings from Section [ShadowQuality@3] File [D:/Unity Projects/Game/Saved/Config/Windows/Scalability.ini]
[2022.01.12-03.21.03:024][  0]LogConfig: Setting CVar [[r.LightFunctionQuality:1]]
[2022.01.12-03.21.03:024][  0]LogConfig: Setting CVar [[r.ShadowQuality:5]]
[2022.01.12-03.21.03:024][  0]LogConfig: Setting CVar [[r.Shadow.CSM.MaxCascades:10]]
[2022.01.12-03.21.03:024][  0]LogConfig: Setting CVar [[r.Shadow.MaxResolution:2048]]
[2022.01.12-03.21.03:024][  0]LogConfig: Setting CVar [[r.Shadow.MaxCSMResolution:2048]]
[2022.01.12-03.21.03:024][  0]LogConfig: Setting CVar [[r.Shadow.RadiusThreshold:0.01]]
[2022.01.12-03.21.03:024][  0]LogConfig: Setting CVar [[r.Shadow.DistanceScale:1.0]]
[2022.01.12-03.21.03:024][  0]LogConfig: Setting CVar [[r.Shadow.CSM.TransitionScale:1.0]]
[2022.01.12-03.21.03:024][  0]LogConfig: Setting CVar [[r.Shadow.PreShadowResolutionFactor:1.0]]
[2022.01.12-03.21.03:024][  0]LogConfig: Setting CVar [[r.DistanceFieldShadowing:1]]
[2022.01.12-03.21.03:024][  0]LogConfig: Setting CVar [[r.DistanceFieldAO:1]]
[2022.01.12-03.21.03:024][  0]LogConfig: Setting CVar [[r.AOQuality:2]]
[2022.01.12-03.21.03:024][  0]LogConfig: Setting CVar [[r.VolumetricFog:1]]
[2022.01.12-03.21.03:024][  0]LogConfig: Setting CVar [[r.VolumetricFog.GridPixelSize:8]]
[2022.01.12-03.21.03:024][  0]LogConfig: Setting CVar [[r.VolumetricFog.GridSizeZ:128]]
[2022.01.12-03.21.03:024][  0]LogConfig: Setting CVar [[r.VolumetricFog.HistoryMissSupersampleCount:4]]
[2022.01.12-03.21.03:024][  0]LogConfig: Setting CVar [[r.LightMaxDrawDistanceScale:1]]
[2022.01.12-03.21.03:024][  0]LogConfig: Setting CVar [[r.CapsuleShadows:1]]
[2022.01.12-03.21.03:024][  0]LogConfig: Applying CVar settings from Section [PostProcessQuality@3] File [D:/Unity Projects/Game/Saved/Config/Windows/Scalability.ini]
[2022.01.12-03.21.03:024][  0]LogConfig: Setting CVar [[r.MotionBlurQuality:4]]
[2022.01.12-03.21.03:024][  0]LogConfig: Setting CVar [[r.AmbientOcclusionMipLevelFactor:0.4]]
[2022.01.12-03.21.03:024][  0]LogConfig: Setting CVar [[r.AmbientOcclusionMaxQuality:100]]
[2022.01.12-03.21.03:024][  0]LogConfig: Setting CVar [[r.AmbientOcclusionLevels:-1]]
[2022.01.12-03.21.03:024][  0]LogConfig: Setting CVar [[r.AmbientOcclusionRadiusScale:1.0]]
[2022.01.12-03.21.03:024][  0]LogConfig: Setting CVar [[r.DepthOfFieldQuality:2]]
[2022.01.12-03.21.03:024][  0]LogConfig: Setting CVar [[r.RenderTargetPoolMin:400]]
[2022.01.12-03.21.03:024][  0]LogConfig: Setting CVar [[r.LensFlareQuality:2]]
[2022.01.12-03.21.03:024][  0]LogConfig: Setting CVar [[r.SceneColorFringeQuality:1]]
[2022.01.12-03.21.03:024][  0]LogConfig: Setting CVar [[r.EyeAdaptationQuality:2]]
[2022.01.12-03.21.03:024][  0]LogConfig: Setting CVar [[r.BloomQuality:5]]
[2022.01.12-03.21.03:024][  0]LogConfig: Setting CVar [[r.FastBlurThreshold:100]]
[2022.01.12-03.21.03:024][  0]LogConfig: Setting CVar [[r.Upscale.Quality:3]]
[2022.01.12-03.21.03:024][  0]LogConfig: Setting CVar [[r.Tonemapper.GrainQuantization:1]]
[2022.01.12-03.21.03:024][  0]LogConfig: Setting CVar [[r.LightShaftQuality:1]]
[2022.01.12-03.21.03:024][  0]LogConfig: Setting CVar [[r.Filter.SizeScale:1]]
[2022.01.12-03.21.03:024][  0]LogConfig: Setting CVar [[r.Tonemapper.Quality:5]]
[2022.01.12-03.21.03:024][  0]LogConfig: Setting CVar [[r.DOF.Gather.AccumulatorQuality:1        ; higher gathering accumulator quality]]
[2022.01.12-03.21.03:024][  0]LogConfig: Setting CVar [[r.DOF.Gather.PostfilterMethod:1          ; Median3x3 postfilering method]]
[2022.01.12-03.21.03:024][  0]LogConfig: Setting CVar [[r.DOF.Gather.EnableBokehSettings:0       ; no bokeh simulation when gathering]]
[2022.01.12-03.21.03:024][  0]LogConfig: Setting CVar [[r.DOF.Gather.RingCount:4                 ; medium number of samples when gathering]]
[2022.01.12-03.21.03:024][  0]LogConfig: Setting CVar [[r.DOF.Scatter.ForegroundCompositing:1    ; additive foreground scattering]]
[2022.01.12-03.21.03:024][  0]LogConfig: Setting CVar [[r.DOF.Scatter.BackgroundCompositing:2    ; additive background scattering]]
[2022.01.12-03.21.03:024][  0]LogConfig: Setting CVar [[r.DOF.Scatter.EnableBokehSettings:1      ; bokeh simulation when scattering]]
[2022.01.12-03.21.03:024][  0]LogConfig: Setting CVar [[r.DOF.Scatter.MaxSpriteRatio:0.1         ; only a maximum of 10% of scattered bokeh]]
[2022.01.12-03.21.03:024][  0]LogConfig: Setting CVar [[r.DOF.Recombine.Quality:1                ; cheap slight out of focus]]
[2022.01.12-03.21.03:024][  0]LogConfig: Setting CVar [[r.DOF.Recombine.EnableBokehSettings:0    ; no bokeh simulation on slight out of focus]]
[2022.01.12-03.21.03:024][  0]LogConfig: Setting CVar [[r.DOF.TemporalAAQuality:1                ; more stable temporal accumulation]]
[2022.01.12-03.21.03:024][  0]LogConfig: Setting CVar [[r.DOF.Kernel.MaxForegroundRadius:0.025]]
[2022.01.12-03.21.03:024][  0]LogConfig: Setting CVar [[r.DOF.Kernel.MaxBackgroundRadius:0.025]]
[2022.01.12-03.21.03:024][  0]LogConfig: Applying CVar settings from Section [TextureQuality@3] File [D:/Unity Projects/Game/Saved/Config/Windows/Scalability.ini]
[2022.01.12-03.21.03:024][  0]LogConfig: Setting CVar [[r.Streaming.MipBias:0]]
[2022.01.12-03.21.03:024][  0]LogConfig: Setting CVar [[r.Streaming.AmortizeCPUToGPUCopy:0]]
[2022.01.12-03.21.03:024][  0]LogConfig: Setting CVar [[r.Streaming.MaxNumTexturesToStreamPerFrame:0]]
[2022.01.12-03.21.03:024][  0]LogConfig: Setting CVar [[r.Streaming.Boost:1]]
[2022.01.12-03.21.03:024][  0]LogConfig: Setting CVar [[r.MaxAnisotropy:8]]
[2022.01.12-03.21.03:024][  0]LogConfig: Setting CVar [[r.VT.MaxAnisotropy:8]]
[2022.01.12-03.21.03:024][  0]LogConfig: Setting CVar [[r.Streaming.LimitPoolSizeToVRAM:0]]
[2022.01.12-03.21.03:024][  0]LogConfig: Setting CVar [[r.Streaming.PoolSize:1000]]
[2022.01.12-03.21.03:024][  0]LogConfig: Setting CVar [[r.Streaming.MaxEffectiveScreenSize:0]]
[2022.01.12-03.21.03:024][  0]LogConfig: Applying CVar settings from Section [EffectsQuality@3] File [D:/Unity Projects/Game/Saved/Config/Windows/Scalability.ini]
[2022.01.12-03.21.03:024][  0]LogConfig: Setting CVar [[r.TranslucencyLightingVolumeDim:64]]
[2022.01.12-03.21.03:024][  0]LogConfig: Setting CVar [[r.RefractionQuality:2]]
[2022.01.12-03.21.03:024][  0]LogConfig: Setting CVar [[r.SSR.Quality:3]]
[2022.01.12-03.21.03:024][  0]LogConfig: Setting CVar [[r.SSR.HalfResSceneColor:0]]
[2022.01.12-03.21.03:024][  0]LogConfig: Setting CVar [[r.SceneColorFormat:4]]
[2022.01.12-03.21.03:024][  0]LogConfig: Setting CVar [[r.DetailMode:2]]
[2022.01.12-03.21.03:024][  0]LogConfig: Setting CVar [[r.TranslucencyVolumeBlur:1]]
[2022.01.12-03.21.03:024][  0]LogConfig: Setting CVar [[r.MaterialQualityLevel:1 ; High quality]]
[2022.01.12-03.21.03:024][  0]LogConfig: Setting CVar [[r.AnisotropicMaterials:1]]
[2022.01.12-03.21.03:024][  0]LogConfig: Setting CVar [[r.SSS.Scale:1]]
[2022.01.12-03.21.03:024][  0]LogConfig: Setting CVar [[r.SSS.SampleSet:2]]
[2022.01.12-03.21.03:024][  0]LogConfig: Setting CVar [[r.SSS.Quality:1]]
[2022.01.12-03.21.03:024][  0]LogConfig: Setting CVar [[r.SSS.HalfRes:0]]
[2022.01.12-03.21.03:024][  0]LogConfig: Setting CVar [[r.SSGI.Quality:3]]
[2022.01.12-03.21.03:024][  0]LogConfig: Setting CVar [[r.EmitterSpawnRateScale:1.0]]
[2022.01.12-03.21.03:024][  0]LogConfig: Setting CVar [[r.ParticleLightQuality:2]]
[2022.01.12-03.21.03:024][  0]LogConfig: Setting CVar [[r.SkyAtmosphere.AerialPerspectiveLUT.FastApplyOnOpaque:1 ; Always have FastSkyLUT 1 in this case to avoid wrong sky]]
[2022.01.12-03.21.03:024][  0]LogConfig: Setting CVar [[r.SkyAtmosphere.AerialPerspectiveLUT.SampleCountMaxPerSlice:4]]
[2022.01.12-03.21.03:024][  0]LogConfig: Setting CVar [[r.SkyAtmosphere.AerialPerspectiveLUT.DepthResolution:16.0]]
[2022.01.12-03.21.03:024][  0]LogConfig: Setting CVar [[r.SkyAtmosphere.FastSkyLUT:1]]
[2022.01.12-03.21.03:024][  0]LogConfig: Setting CVar [[r.SkyAtmosphere.FastSkyLUT.SampleCountMin:4.0]]
[2022.01.12-03.21.03:024][  0]LogConfig: Setting CVar [[r.SkyAtmosphere.FastSkyLUT.SampleCountMax:128.0]]
[2022.01.12-03.21.03:024][  0]LogConfig: Setting CVar [[r.SkyAtmosphere.SampleCountMin:4.0]]
[2022.01.12-03.21.03:024][  0]LogConfig: Setting CVar [[r.SkyAtmosphere.SampleCountMax:128.0]]
[2022.01.12-03.21.03:024][  0]LogConfig: Setting CVar [[r.SkyAtmosphere.TransmittanceLUT.UseSmallFormat:0]]
[2022.01.12-03.21.03:024][  0]LogConfig: Setting CVar [[r.SkyAtmosphere.TransmittanceLUT.SampleCount:10.0]]
[2022.01.12-03.21.03:025][  0]LogConfig: Setting CVar [[r.SkyAtmosphere.MultiScatteringLUT.SampleCount:15.0]]
[2022.01.12-03.21.03:025][  0]LogConfig: Setting CVar [[r.SkyLight.RealTimeReflectionCapture:1]]
[2022.01.12-03.21.03:025][  0]LogConfig: Applying CVar settings from Section [FoliageQuality@3] File [D:/Unity Projects/Game/Saved/Config/Windows/Scalability.ini]
[2022.01.12-03.21.03:025][  0]LogConfig: Setting CVar [[foliage.DensityScale:1.0]]
[2022.01.12-03.21.03:025][  0]LogConfig: Setting CVar [[grass.DensityScale:1.0]]
[2022.01.12-03.21.03:025][  0]LogConfig: Applying CVar settings from Section [ShadingQuality@3] File [D:/Unity Projects/Game/Saved/Config/Windows/Scalability.ini]
[2022.01.12-03.21.03:025][  0]LogConfig: Setting CVar [[r.HairStrands.SkyLighting.IntegrationType:2]]
[2022.01.12-03.21.03:025][  0]LogConfig: Setting CVar [[r.HairStrands.SkyAO.SampleCount:4]]
[2022.01.12-03.21.03:025][  0]LogConfig: Setting CVar [[r.HairStrands.Visibility.MSAA.SamplePerPixel:4]]
[2022.01.12-03.21.03:025][  0]LogInit: Selected Device Profile: [Windows]
[2022.01.12-03.21.03:025][  0]LogInit: Applying CVar settings loaded from the selected device profile: [Windows]
[2022.01.12-03.21.03:025][  0]LogHAL: Display: Platform has ~ 64 GB [68618350592 / 68719476736 / 64], which maps to Largest [LargestMinGB=32, LargerMinGB=12, DefaultMinGB=8, SmallerMinGB=6, SmallestMinGB=0)
[2022.01.12-03.21.03:025][  0]LogInit: Going up to parent DeviceProfile []
[2022.01.12-03.21.03:025][  0]LogConfig: Applying CVar settings from Section [ViewDistanceQuality@3] File [D:/Unity Projects/Game/Saved/Config/Windows/Scalability.ini]
[2022.01.12-03.21.03:025][  0]LogConfig: Setting CVar [[r.SkeletalMeshLODBias:0]]
[2022.01.12-03.21.03:025][  0]LogConfig: Setting CVar [[r.ViewDistanceScale:1.0]]
[2022.01.12-03.21.03:025][  0]LogConfig: Applying CVar settings from Section [AntiAliasingQuality@3] File [D:/Unity Projects/Game/Saved/Config/Windows/Scalability.ini]
[2022.01.12-03.21.03:025][  0]LogConfig: Setting CVar [[r.PostProcessAAQuality:4]]
[2022.01.12-03.21.03:025][  0]LogConfig: Applying CVar settings from Section [ShadowQuality@3] File [D:/Unity Projects/Game/Saved/Config/Windows/Scalability.ini]
[2022.01.12-03.21.03:025][  0]LogConfig: Setting CVar [[r.LightFunctionQuality:1]]
[2022.01.12-03.21.03:025][  0]LogConfig: Setting CVar [[r.ShadowQuality:5]]
[2022.01.12-03.21.03:025][  0]LogConfig: Setting CVar [[r.Shadow.CSM.MaxCascades:10]]
[2022.01.12-03.21.03:025][  0]LogConfig: Setting CVar [[r.Shadow.MaxResolution:2048]]
[2022.01.12-03.21.03:025][  0]LogConfig: Setting CVar [[r.Shadow.MaxCSMResolution:2048]]
[2022.01.12-03.21.03:025][  0]LogConfig: Setting CVar [[r.Shadow.RadiusThreshold:0.01]]
[2022.01.12-03.21.03:025][  0]LogConfig: Setting CVar [[r.Shadow.DistanceScale:1.0]]
[2022.01.12-03.21.03:025][  0]LogConfig: Setting CVar [[r.Shadow.CSM.TransitionScale:1.0]]
[2022.01.12-03.21.03:025][  0]LogConfig: Setting CVar [[r.Shadow.PreShadowResolutionFactor:1.0]]
[2022.01.12-03.21.03:025][  0]LogConfig: Setting CVar [[r.DistanceFieldShadowing:1]]
[2022.01.12-03.21.03:025][  0]LogConfig: Setting CVar [[r.DistanceFieldAO:1]]
[2022.01.12-03.21.03:025][  0]LogConfig: Setting CVar [[r.AOQuality:2]]
[2022.01.12-03.21.03:025][  0]LogConfig: Setting CVar [[r.VolumetricFog:1]]
[2022.01.12-03.21.03:025][  0]LogConfig: Setting CVar [[r.VolumetricFog.GridPixelSize:8]]
[2022.01.12-03.21.03:025][  0]LogConfig: Setting CVar [[r.VolumetricFog.GridSizeZ:128]]
[2022.01.12-03.21.03:025][  0]LogConfig: Setting CVar [[r.VolumetricFog.HistoryMissSupersampleCount:4]]
[2022.01.12-03.21.03:025][  0]LogConfig: Setting CVar [[r.LightMaxDrawDistanceScale:1]]
[2022.01.12-03.21.03:025][  0]LogConfig: Setting CVar [[r.CapsuleShadows:1]]
[2022.01.12-03.21.03:025][  0]LogConfig: Applying CVar settings from Section [PostProcessQuality@3] File [D:/Unity Projects/Game/Saved/Config/Windows/Scalability.ini]
[2022.01.12-03.21.03:025][  0]LogConfig: Setting CVar [[r.MotionBlurQuality:4]]
[2022.01.12-03.21.03:025][  0]LogConfig: Setting CVar [[r.AmbientOcclusionMipLevelFactor:0.4]]
[2022.01.12-03.21.03:025][  0]LogConfig: Setting CVar [[r.AmbientOcclusionMaxQuality:100]]
[2022.01.12-03.21.03:025][  0]LogConfig: Setting CVar [[r.AmbientOcclusionLevels:-1]]
[2022.01.12-03.21.03:025][  0]LogConfig: Setting CVar [[r.AmbientOcclusionRadiusScale:1.0]]
[2022.01.12-03.21.03:025][  0]LogConfig: Setting CVar [[r.DepthOfFieldQuality:2]]
[2022.01.12-03.21.03:025][  0]LogConfig: Setting CVar [[r.RenderTargetPoolMin:400]]
[2022.01.12-03.21.03:025][  0]LogConfig: Setting CVar [[r.LensFlareQuality:2]]
[2022.01.12-03.21.03:025][  0]LogConfig: Setting CVar [[r.SceneColorFringeQuality:1]]
[2022.01.12-03.21.03:025][  0]LogConfig: Setting CVar [[r.EyeAdaptationQuality:2]]
[2022.01.12-03.21.03:025][  0]LogConfig: Setting CVar [[r.BloomQuality:5]]
[2022.01.12-03.21.03:025][  0]LogConfig: Setting CVar [[r.FastBlurThreshold:100]]
[2022.01.12-03.21.03:025][  0]LogConfig: Setting CVar [[r.Upscale.Quality:3]]
[2022.01.12-03.21.03:025][  0]LogConfig: Setting CVar [[r.Tonemapper.GrainQuantization:1]]
[2022.01.12-03.21.03:025][  0]LogConfig: Setting CVar [[r.LightShaftQuality:1]]
[2022.01.12-03.21.03:025][  0]LogConfig: Setting CVar [[r.Filter.SizeScale:1]]
[2022.01.12-03.21.03:025][  0]LogConfig: Setting CVar [[r.Tonemapper.Quality:5]]
[2022.01.12-03.21.03:025][  0]LogConfig: Setting CVar [[r.DOF.Gather.AccumulatorQuality:1        ; higher gathering accumulator quality]]
[2022.01.12-03.21.03:025][  0]LogConfig: Setting CVar [[r.DOF.Gather.PostfilterMethod:1          ; Median3x3 postfilering method]]
[2022.01.12-03.21.03:025][  0]LogConfig: Setting CVar [[r.DOF.Gather.EnableBokehSettings:0       ; no bokeh simulation when gathering]]
[2022.01.12-03.21.03:025][  0]LogConfig: Setting CVar [[r.DOF.Gather.RingCount:4                 ; medium number of samples when gathering]]
[2022.01.12-03.21.03:025][  0]LogConfig: Setting CVar [[r.DOF.Scatter.ForegroundCompositing:1    ; additive foreground scattering]]
[2022.01.12-03.21.03:025][  0]LogConfig: Setting CVar [[r.DOF.Scatter.BackgroundCompositing:2    ; additive background scattering]]
[2022.01.12-03.21.03:025][  0]LogConfig: Setting CVar [[r.DOF.Scatter.EnableBokehSettings:1      ; bokeh simulation when scattering]]
[2022.01.12-03.21.03:025][  0]LogConfig: Setting CVar [[r.DOF.Scatter.MaxSpriteRatio:0.1         ; only a maximum of 10% of scattered bokeh]]
[2022.01.12-03.21.03:025][  0]LogConfig: Setting CVar [[r.DOF.Recombine.Quality:1                ; cheap slight out of focus]]
[2022.01.12-03.21.03:025][  0]LogConfig: Setting CVar [[r.DOF.Recombine.EnableBokehSettings:0    ; no bokeh simulation on slight out of focus]]
[2022.01.12-03.21.03:025][  0]LogConfig: Setting CVar [[r.DOF.TemporalAAQuality:1                ; more stable temporal accumulation]]
[2022.01.12-03.21.03:025][  0]LogConfig: Setting CVar [[r.DOF.Kernel.MaxForegroundRadius:0.025]]
[2022.01.12-03.21.03:025][  0]LogConfig: Setting CVar [[r.DOF.Kernel.MaxBackgroundRadius:0.025]]
[2022.01.12-03.21.03:025][  0]LogConfig: Applying CVar settings from Section [TextureQuality@3] File [D:/Unity Projects/Game/Saved/Config/Windows/Scalability.ini]
[2022.01.12-03.21.03:025][  0]LogConfig: Setting CVar [[r.Streaming.MipBias:0]]
[2022.01.12-03.21.03:025][  0]LogConfig: Setting CVar [[r.Streaming.AmortizeCPUToGPUCopy:0]]
[2022.01.12-03.21.03:025][  0]LogConfig: Setting CVar [[r.Streaming.MaxNumTexturesToStreamPerFrame:0]]
[2022.01.12-03.21.03:025][  0]LogConfig: Setting CVar [[r.Streaming.Boost:1]]
[2022.01.12-03.21.03:025][  0]LogConfig: Setting CVar [[r.MaxAnisotropy:8]]
[2022.01.12-03.21.03:025][  0]LogConfig: Setting CVar [[r.VT.MaxAnisotropy:8]]
[2022.01.12-03.21.03:025][  0]LogConfig: Setting CVar [[r.Streaming.LimitPoolSizeToVRAM:0]]
[2022.01.12-03.21.03:025][  0]LogConfig: Setting CVar [[r.Streaming.PoolSize:1000]]
[2022.01.12-03.21.03:025][  0]LogConfig: Setting CVar [[r.Streaming.MaxEffectiveScreenSize:0]]
[2022.01.12-03.21.03:025][  0]LogConfig: Applying CVar settings from Section [EffectsQuality@3] File [D:/Unity Projects/Game/Saved/Config/Windows/Scalability.ini]
[2022.01.12-03.21.03:025][  0]LogConfig: Setting CVar [[r.TranslucencyLightingVolumeDim:64]]
[2022.01.12-03.21.03:025][  0]LogConfig: Setting CVar [[r.RefractionQuality:2]]
[2022.01.12-03.21.03:025][  0]LogConfig: Setting CVar [[r.SSR.Quality:3]]
[2022.01.12-03.21.03:025][  0]LogConfig: Setting CVar [[r.SSR.HalfResSceneColor:0]]
[2022.01.12-03.21.03:025][  0]LogConfig: Setting CVar [[r.SceneColorFormat:4]]
[2022.01.12-03.21.03:025][  0]LogConfig: Setting CVar [[r.DetailMode:2]]
[2022.01.12-03.21.03:025][  0]LogConfig: Setting CVar [[r.TranslucencyVolumeBlur:1]]
[2022.01.12-03.21.03:025][  0]LogConfig: Setting CVar [[r.MaterialQualityLevel:1 ; High quality]]
[2022.01.12-03.21.03:025][  0]LogConfig: Setting CVar [[r.AnisotropicMaterials:1]]
[2022.01.12-03.21.03:025][  0]LogConfig: Setting CVar [[r.SSS.Scale:1]]
[2022.01.12-03.21.03:025][  0]LogConfig: Setting CVar [[r.SSS.SampleSet:2]]
[2022.01.12-03.21.03:025][  0]LogConfig: Setting CVar [[r.SSS.Quality:1]]
[2022.01.12-03.21.03:025][  0]LogConfig: Setting CVar [[r.SSS.HalfRes:0]]
[2022.01.12-03.21.03:025][  0]LogConfig: Setting CVar [[r.SSGI.Quality:3]]
[2022.01.12-03.21.03:025][  0]LogConfig: Setting CVar [[r.EmitterSpawnRateScale:1.0]]
[2022.01.12-03.21.03:025][  0]LogConfig: Setting CVar [[r.ParticleLightQuality:2]]
[2022.01.12-03.21.03:025][  0]LogConfig: Setting CVar [[r.SkyAtmosphere.AerialPerspectiveLUT.FastApplyOnOpaque:1 ; Always have FastSkyLUT 1 in this case to avoid wrong sky]]
[2022.01.12-03.21.03:025][  0]LogConfig: Setting CVar [[r.SkyAtmosphere.AerialPerspectiveLUT.SampleCountMaxPerSlice:4]]
[2022.01.12-03.21.03:025][  0]LogConfig: Setting CVar [[r.SkyAtmosphere.AerialPerspectiveLUT.DepthResolution:16.0]]
[2022.01.12-03.21.03:025][  0]LogConfig: Setting CVar [[r.SkyAtmosphere.FastSkyLUT:1]]
[2022.01.12-03.21.03:025][  0]LogConfig: Setting CVar [[r.SkyAtmosphere.FastSkyLUT.SampleCountMin:4.0]]
[2022.01.12-03.21.03:025][  0]LogConfig: Setting CVar [[r.SkyAtmosphere.FastSkyLUT.SampleCountMax:128.0]]
[2022.01.12-03.21.03:025][  0]LogConfig: Setting CVar [[r.SkyAtmosphere.SampleCountMin:4.0]]
[2022.01.12-03.21.03:025][  0]LogConfig: Setting CVar [[r.SkyAtmosphere.SampleCountMax:128.0]]
[2022.01.12-03.21.03:025][  0]LogConfig: Setting CVar [[r.SkyAtmosphere.TransmittanceLUT.UseSmallFormat:0]]
[2022.01.12-03.21.03:025][  0]LogConfig: Setting CVar [[r.SkyAtmosphere.TransmittanceLUT.SampleCount:10.0]]
[2022.01.12-03.21.03:025][  0]LogConfig: Setting CVar [[r.SkyAtmosphere.MultiScatteringLUT.SampleCount:15.0]]
[2022.01.12-03.21.03:025][  0]LogConfig: Setting CVar [[r.SkyLight.RealTimeReflectionCapture:1]]
[2022.01.12-03.21.03:025][  0]LogConfig: Applying CVar settings from Section [FoliageQuality@3] File [D:/Unity Projects/Game/Saved/Config/Windows/Scalability.ini]
[2022.01.12-03.21.03:025][  0]LogConfig: Setting CVar [[foliage.DensityScale:1.0]]
[2022.01.12-03.21.03:025][  0]LogConfig: Setting CVar [[grass.DensityScale:1.0]]
[2022.01.12-03.21.03:025][  0]LogConfig: Applying CVar settings from Section [ShadingQuality@3] File [D:/Unity Projects/Game/Saved/Config/Windows/Scalability.ini]
[2022.01.12-03.21.03:025][  0]LogConfig: Setting CVar [[r.HairStrands.SkyLighting.IntegrationType:2]]
[2022.01.12-03.21.03:025][  0]LogConfig: Setting CVar [[r.HairStrands.SkyAO.SampleCount:4]]
[2022.01.12-03.21.03:025][  0]LogConfig: Setting CVar [[r.HairStrands.Visibility.MSAA.SamplePerPixel:4]]
[2022.01.12-03.21.03:025][  0]LogConfig: Applying CVar settings from Section [Startup] File [../../../Engine/Config/ConsoleVariables.ini]
[2022.01.12-03.21.03:026][  0]LogConfig: Setting CVar [[net.UseAdaptiveNetUpdateFrequency:0]]
[2022.01.12-03.21.03:026][  0]LogConfig: Setting CVar [[p.chaos.AllowCreatePhysxBodies:1]]
[2022.01.12-03.21.03:026][  0]LogConfig: Setting CVar [[fx.SkipVectorVMBackendOptimizations:1]]
[2022.01.12-03.21.03:026][  0]LogConfig: Applying CVar settings from Section [ConsoleVariables] File [D:/Unity Projects/Game/Saved/Config/Windows/Engine.ini]
[2022.01.12-03.21.03:026][  0]LogConfig: Applying CVar settings from Section [ConsoleVariables] File [D:/Unity Projects/Game/Saved/Config/Windows/Editor.ini]
[2022.01.12-03.21.03:026][  0]LogInit: Computer: DESKTOP-P7FM20K
[2022.01.12-03.21.03:026][  0]LogInit: User: USER
[2022.01.12-03.21.03:026][  0]LogInit: CPU Page size=4096, Cores=12
[2022.01.12-03.21.03:026][  0]LogInit: High frequency timer resolution =10.000000 MHz
[2022.01.12-03.21.03:026][  0]LogMemory: Memory total: Physical=63.9GB (64GB approx)
[2022.01.12-03.21.03:026][  0]LogMemory: Platform Memory Stats for Windows
[2022.01.12-03.21.03:026][  0]LogMemory: Process Physical Memory: 151.01 MB used, 151.02 MB peak
[2022.01.12-03.21.03:026][  0]LogMemory: Process Virtual Memory: 127.79 MB used, 127.79 MB peak
[2022.01.12-03.21.03:026][  0]LogMemory: Physical Memory: 20614.39 MB used,  44825.16 MB free, 65439.56 MB total
[2022.01.12-03.21.03:026][  0]LogMemory: Virtual Memory: 134170328.00 MB used,  47401.76 MB free, 134217728.00 MB total
[2022.01.12-03.21.03:030][  0]LogWindows: WindowsPlatformFeatures enabled
[2022.01.12-03.21.03:058][  0]LogInit: Physics initialised using underlying interface: PhysX
[2022.01.12-03.21.03:058][  0]LogInit: Using OS detected language (zh-TW).
[2022.01.12-03.21.03:058][  0]LogInit: Using OS detected locale (zh-TW).
[2022.01.12-03.21.03:063][  0]LogTextLocalizationManager: No localization for 'zh-TW' exists, so 'en' will be used for the language.
[2022.01.12-03.21.03:065][  0]LogTextLocalizationManager: No localization for 'zh-TW' exists, so 'en' will be used for the locale.
[2022.01.12-03.21.03:197][  0]LogWindowsTextInputMethodSystem: Display: IME system deactivated.
[2022.01.12-03.21.03:217][  0]LogSlate: New Slate User Created.  User Index 0, Is Virtual User: 0
[2022.01.12-03.21.03:217][  0]LogSlate: Slate User Registered.  User Index 0, Is Virtual User: 0
[2022.01.12-03.21.03:229][  0]LogD3D11RHI: Loaded GFSDK_Aftermath_Lib.x64.dll
[2022.01.12-03.21.03:231][  0]LogHMD: Failed to initialize OpenVR with code 110
[2022.01.12-03.21.03:231][  0]LogD3D11RHI: D3D11 min allowed feature level: 11_0
[2022.01.12-03.21.03:231][  0]LogD3D11RHI: D3D11 max allowed feature level: 11_0
[2022.01.12-03.21.03:231][  0]LogD3D11RHI: D3D11 adapters:
[2022.01.12-03.21.03:303][  0]LogD3D11RHI:    0. 'NVIDIA GeForce RTX 3060' (Feature Level 11_0)
[2022.01.12-03.21.03:303][  0]LogD3D11RHI:       12138/0/32719 MB DedicatedVideo/DedicatedSystem/SharedSystem, Outputs:2, VendorId:0x10de
[2022.01.12-03.21.03:304][  0]LogD3D11RHI:    1. 'Microsoft Basic Render Driver' (Feature Level 11_0)
[2022.01.12-03.21.03:304][  0]LogD3D11RHI:       0/0/32719 MB DedicatedVideo/DedicatedSystem/SharedSystem, Outputs:0, VendorId:0x1414
[2022.01.12-03.21.03:304][  0]LogD3D11RHI: Chosen D3D11 Adapter:
[2022.01.12-03.21.03:304][  0]LogD3D11RHI:     Description : NVIDIA GeForce RTX 3060
[2022.01.12-03.21.03:304][  0]LogD3D11RHI:     VendorId    : 10de
[2022.01.12-03.21.03:304][  0]LogD3D11RHI:     DeviceId    : 2487
[2022.01.12-03.21.03:304][  0]LogD3D11RHI:     SubSysId    : 153010de
[2022.01.12-03.21.03:304][  0]LogD3D11RHI:     Revision    : 00a1
[2022.01.12-03.21.03:304][  0]LogD3D11RHI:     DedicatedVideoMemory : 12727615488 bytes
[2022.01.12-03.21.03:304][  0]LogD3D11RHI:     DedicatedSystemMemory : 0 bytes
[2022.01.12-03.21.03:304][  0]LogD3D11RHI:     SharedSystemMemory : 34309175296 bytes
[2022.01.12-03.21.03:304][  0]LogD3D11RHI:     AdapterLuid : 0 60391
[2022.01.12-03.21.03:311][  0]LogD3D11RHI: Creating new Direct3DDevice
[2022.01.12-03.21.03:311][  0]LogD3D11RHI:     GPU DeviceId: 0x2487 (for the marketing name, search the web for "GPU Device Id")
[2022.01.12-03.21.03:311][  0]LogWindows: EnumDisplayDevices:
[2022.01.12-03.21.03:311][  0]LogWindows:    0. 'NVIDIA GeForce RTX 3060' (P:1 D:1)
[2022.01.12-03.21.03:311][  0]LogWindows:    1. 'NVIDIA GeForce RTX 3060' (P:0 D:1)
[2022.01.12-03.21.03:312][  0]LogWindows:    2. 'NVIDIA GeForce RTX 3060' (P:0 D:0)
[2022.01.12-03.21.03:312][  0]LogWindows:    3. 'NVIDIA GeForce RTX 3060' (P:0 D:0)
[2022.01.12-03.21.03:312][  0]LogWindows: DebugString: FoundDriverCount:4 
[2022.01.12-03.21.03:312][  0]LogD3D11RHI:     Adapter Name: NVIDIA GeForce RTX 3060
[2022.01.12-03.21.03:312][  0]LogD3D11RHI:   Driver Version: 497.29 (internal:30.0.14.9729, unified:497.29)
[2022.01.12-03.21.03:312][  0]LogD3D11RHI:      Driver Date: 12-15-2021
[2022.01.12-03.21.03:312][  0]LogRHI: Texture pool is 8496 MB (70% of 12138 MB)
[2022.01.12-03.21.03:312][  0]LogD3D11RHI: Creating D3DDevice using adapter:
[2022.01.12-03.21.03:312][  0]LogD3D11RHI:     Description : NVIDIA GeForce RTX 3060
[2022.01.12-03.21.03:312][  0]LogD3D11RHI:     VendorId    : 10de
[2022.01.12-03.21.03:312][  0]LogD3D11RHI:     DeviceId    : 2487
[2022.01.12-03.21.03:312][  0]LogD3D11RHI:     SubSysId    : 153010de
[2022.01.12-03.21.03:312][  0]LogD3D11RHI:     Revision    : 00a1
[2022.01.12-03.21.03:312][  0]LogD3D11RHI:     DedicatedVideoMemory : 12727615488 bytes
[2022.01.12-03.21.03:312][  0]LogD3D11RHI:     DedicatedSystemMemory : 0 bytes
[2022.01.12-03.21.03:312][  0]LogD3D11RHI:     SharedSystemMemory : 34309175296 bytes
[2022.01.12-03.21.03:312][  0]LogD3D11RHI:     AdapterLuid : 0 60391
[2022.01.12-03.21.03:353][  0]LogD3D11RHI: RHI has support for 64 bit atomics
[2022.01.12-03.21.03:353][  0]LogD3D11RHI: Async texture creation enabled
[2022.01.12-03.21.03:353][  0]LogD3D11RHI: Array index from any shader is supported
[2022.01.12-03.21.03:373][  0]LogD3D11RHI: GPU Timing Frequency: 1000.000000 (Debug: 2 2)
[2022.01.12-03.21.03:391][  0]LogRHI: GeForceNow SDK initialized: 1
[2022.01.12-03.21.03:596][  0]LogTargetPlatformManager: Display: Loaded TargetPlatform 'WindowsNoEditor'
[2022.01.12-03.21.03:601][  0]LogTargetPlatformManager: Display: Loaded TargetPlatform 'Windows'
[2022.01.12-03.21.03:605][  0]LogTargetPlatformManager: Display: Loaded TargetPlatform 'WindowsClient'
[2022.01.12-03.21.03:608][  0]LogTargetPlatformManager: Display: Loaded TargetPlatform 'WindowsServer'
[2022.01.12-03.21.03:608][  0]LogTargetPlatformManager: Display: Building Assets For Windows
[2022.01.12-03.21.03:614][  0]LogAudioDebug: Display: Lib vorbis DLL was dynamically loaded.
[2022.01.12-03.21.03:640][  0]LogTextureFormatOodle: Display: Oodle Texture 2.9.0 init RDO Off
[2022.01.12-03.21.03:661][  0]LogRendererCore: Ray tracing is disabled. Reason: r.RayTracing=0.
[2022.01.12-03.21.03:661][  0]LogShaderCompilers: Guid format shader working directory is 22 characters bigger than the processId version (D:/Unity Projects/Game/Intermediate/Shaders/WorkingDirectory/22316/).
[2022.01.12-03.21.03:661][  0]LogShaderCompilers: Cleaned the shader compiler working directory 'C:/Users/USER/AppData/Local/Temp/UnrealShaderWorkingDir/DE333C59463081BBA89849BD7396863A/'.
[2022.01.12-03.21.03:662][  0]LogXGEController: Cannot use XGE Controller as Incredibuild is not installed on this machine.
[2022.01.12-03.21.03:662][  0]LogShaderCompilers: Cannot use XGE Shader Compiler as Incredibuild is not installed on this machine.
[2022.01.12-03.21.03:662][  0]LogShaderCompilers: Display: Using Local Shader Compiler.
[2022.01.12-03.21.04:126][  0]LogDerivedDataCache: Display: Max Cache Size: 512 MB
[2022.01.12-03.21.04:163][  0]LogDerivedDataCache: Loaded boot cache 0.04s 104MB C:/Users/USER/AppData/Local/UnrealEngine/4.27/DerivedDataCache/Boot.ddc.
[2022.01.12-03.21.04:163][  0]LogDerivedDataCache: Display: Loaded Boot cache: C:/Users/USER/AppData/Local/UnrealEngine/4.27/DerivedDataCache/Boot.ddc
[2022.01.12-03.21.04:163][  0]LogDerivedDataCache: FDerivedDataBackendGraph:  Pak pak cache file D:/Unity Projects/Game/DerivedDataCache/DDC.ddp not found, will not use a pak cache.
[2022.01.12-03.21.04:163][  0]LogDerivedDataCache: Unable to find inner node Pak for hierarchical cache Hierarchy.
[2022.01.12-03.21.04:163][  0]LogDerivedDataCache: FDerivedDataBackendGraph:  CompressedPak pak cache file D:/Unity Projects/Game/DerivedDataCache/Compressed.ddp not found, will not use a pak cache.
[2022.01.12-03.21.04:163][  0]LogDerivedDataCache: Unable to find inner node CompressedPak for hierarchical cache Hierarchy.
[2022.01.12-03.21.04:176][  0]LogDerivedDataCache: Display: Pak cache opened for reading ../../../Engine/DerivedDataCache/Compressed.ddp.
[2022.01.12-03.21.04:176][  0]LogDerivedDataCache: FDerivedDataBackendGraph:  EnterprisePak pak cache file ../../../Enterprise/DerivedDataCache/Compressed.ddp not found, will not use a pak cache.
[2022.01.12-03.21.04:176][  0]LogDerivedDataCache: Unable to find inner node EnterprisePak for hierarchical cache Hierarchy.
[2022.01.12-03.21.04:183][  0]LogDerivedDataCache: Speed tests for C:/Users/USER/AppData/Local/UnrealEngine/Common/DerivedDataCache took 0.01 seconds
[2022.01.12-03.21.04:183][  0]LogDerivedDataCache: Display: Performance to C:/Users/USER/AppData/Local/UnrealEngine/Common/DerivedDataCache: Latency=0.02ms. RandomReadSpeed=374.75MBs, RandomWriteSpeed=258.71MBs. Assigned SpeedClass 'Local'
[2022.01.12-03.21.04:183][  0]LogDerivedDataCache: Using Local data cache path C:/Users/USER/AppData/Local/UnrealEngine/Common/DerivedDataCache: Writable
[2022.01.12-03.21.04:183][  0]LogDerivedDataCache: Shared data cache path not found in *engine.ini, will not use an Shared cache.
[2022.01.12-03.21.04:183][  0]LogDerivedDataCache: Unable to find inner node Shared for hierarchical cache Hierarchy.
[2022.01.12-03.21.04:192][  0]LogSlate: Using FreeType 2.10.0
[2022.01.12-03.21.04:193][  0]LogSlate: SlateFontServices - WITH_FREETYPE: 1, WITH_HARFBUZZ: 1
[2022.01.12-03.21.04:244][  0]LogInit: Using OS detected language (zh-TW).
[2022.01.12-03.21.04:244][  0]LogInit: Using OS detected locale (zh-TW).
[2022.01.12-03.21.04:244][  0]LogTextLocalizationManager: No localization for 'zh-TW' exists, so 'en' will be used for the language.
[2022.01.12-03.21.04:244][  0]LogTextLocalizationManager: No localization for 'zh-TW' exists, so 'en' will be used for the locale.
[2022.01.12-03.21.04:246][  0]LogTextLocalizationManager: Compacting localization data took   0.00ms
[2022.01.12-03.21.04:246][  0]LogAssetRegistry: FAssetRegistry took 0.0016 seconds to start up
[2022.01.12-03.21.04:362][  0]LogPackageLocalizationCache: Processed 28 localized package path(s) for 1 prioritized culture(s) in 0.000820 seconds
[2022.01.12-03.21.04:402][  0]LogInit: Selected Device Profile: [Windows]
[2022.01.12-03.21.04:402][  0]LogInit: Active device profile: [0000020AF7169400][0000020AF034A6C0 49] Windows
[2022.01.12-03.21.04:402][  0]LogInit: Profiles: [0000020AF7169400][0000020AF034A6C0 49] Windows, [0000020AF712A900][0000020AF0346800 49] WindowsNoEditor, [0000020AF716A200][0000020AF034E940 49] WindowsServer, [0000020AF712B600][0000020AF0352A80 49] WindowsClient, [0000020AF716AF00][0000020AF0FAEC00 49] IOS, [0000020AF7129600][0000020AF02F6D80 49] iPadAir, [0000020AF716BC00][0000020AF02FAF00 49] iPadAir2, [0000020AF70CA600][0000020AF03031C0 49] IPadPro, [0000020AF70CA700][0000020AF02FF200 49] iPadAir3, [0000020AF7128300][0000020AF0307380 49] iPadAir4, [0000020AF70CB500][0000020AF030B500 49] iPadMini2, [0000020AF712AD00][0000020AF030F680 49] iPadMini3, [0000020AF70CA400][0000020AF0313800 49] iPadMini4, [0000020AF7129C00][0000020AF0317980 49] iPadMini5, [0000020AF715DF00][0000020AF0FB60C0 49] iPhone6, [0000020AF715E000][0000020AF0FB2100 49] iPodTouch6, [0000020AF716AD00][0000020AF0FBE3C0 49] iPhone7, [0000020AF7169500][0000020AF0FBA400 49] iPodTouch7, [0000020AF70CB200][0000020AF0FC2580 49] iPhone5S, [0000020AF716A000][0000020AF0FC6700 49] iPhone6Plus, [0000020AF70C9200][0000020AF0FAA840 49] iPhone6S, [0000020AF716AB00][0000020AF0FCA980 49] iPhone6SPlus, [0000020AF70C8A00][0000020AF0FCEAC0 49] iPhone7Plus, [0000020AF7169100][0000020AF0FD2C00 49] iPhoneSE, [0000020AF70C8800][0000020AF0FDAD80 49] iPhone8, [0000020AF716AC00][0000020AF0FDEF00 49] iPhone8Plus, [0000020AF70CB100][0000020AF0FE3080 49] iPhoneX, [0000020AF7168F00][0000020AF0FE7200 49] iPhoneXS, [0000020AF70CAF00][0000020AF0FEB380 49] iPhoneXSMax, [0000020AF716A900][0000020AF0FEF500 49] iPhoneXR, [0000020AF715C400][0000020AF0FF3680 49] iPhone11, [0000020AF70C9300][0000020AF0C49800 49] iPhone11Pro, [0000020AF715CC00][0000020AF0C4D980 49] iPhone11ProMax, [0000020AF70C9B00][0000020AF0C51B00 49] iPhoneSE2, [0000020AF715D400][0000020AF0C54100 49] iPhone12Mini, [0000020AF70CA300][0000020AF0C58280 49] iPhone12, [0000020AF715DA00][0000020AF0C5C400 49] iPhone12Pro, [0000020AF70CA100][0000020AF0C60580 49] iPhone12ProMax, [0000020AF715DD00][0000020AF0C64700 49] iPadPro105, [0000020AF70C9C00][0000020AF0C68880 49] iPadPro129, [0000020AF715FF00][0000020AF0C6CA00 49] iPadPro97, [0000020AF70C8400][0000020AF0FD6B40 49] iPadPro2_129, [0000020AF7169D00][0000020AF0C70C80 49] iPad5, [0000020AF715DE00][0000020AF0C74DC0 49] iPad6, [0000020AF70C9F00][0000020AF0C7CF40 49] iPad7, [0000020AF715C800][0000020AF0C810C0 49] iPad8, [0000020AF70C8900][0000020AF0C85240 49] iPadPro11, [0000020AF715C900][0000020AF0C893C0 49] iPadPro2_11, [0000020AF70C9400][0000020AF0C8D540 49] iPadPro3_129, [0000020AF715CF00][0000020AF0C916C0 49] iPadPro4_129, [0000020AF70C8D00][0000020AF0C95840 49] AppleTV, [0000020AF715C500][0000020AF0C999C0 49] AppleTV4K, [0000020AF70C8100][0000020AF0C9DB40 49] TVOS, [0000020AF715F000][0000020AF0CA0140 49] Mac, [0000020AF70CB700][0000020AF0CA42C0 49] MacClient, [0000020AF715E500][0000020AF0CA8440 49] MacNoEditor, [0000020AF70C9800][0000020AF0CAC5C0 49] MacServer, [0000020AF715EE00][0000020AF0CB0740 49] Linux, [0000020AF70CA500][0000020AF0CB48C0 49] LinuxAArch64, [0000020AF715C300][0000020AF0CB8A40 49] LinuxNoEditor, [0000020AF70CB400][0000020AF0CBCBC0 49] LinuxAArch64NoEditor, [0000020AF715D700][0000020AF0C78D00 49] LinuxClient, [0000020AF70C8300][0000020AF0CC0E40 49] LinuxAArch64Client, [0000020AF715F300][0000020AF0CC4F80 49] LinuxServer, [0000020AF70CB000][0000020AF0CC90C0 49] LinuxAArch64Server, [0000020AF715E700][0000020AF0CD1240 49] Android, [0000020AF70C9D00][0000020AF0CD53C0 49] Android_Low, [0000020AF715EA00][0000020AF0CD9540 49] Android_Mid, [0000020AF70C9100][0000020AF0CDD6C0 49] Android_High, [0000020AF715E100][0000020AF05D3840 49] Android_Default, [0000020AF70C8500][0000020AF05D79C0 49] Android_Adreno4xx, [0000020AF715EF00][0000020AF05DBB40 49] Android_Adreno5xx_Low, [0000020AF70CA900][0000020AF05DE140 49] Android_Adreno5xx, [0000020AF715C200][0000020AF05E22C0 49] Android_Adreno6xx, [0000020AF70CBA00][0000020AF05E6440 49] Android_Adreno6xx_Vulkan, [0000020AF715FB00][0000020AF05EA5C0 49] Android_Mali_T6xx, [0000020AF70C9600][0000020AF05EE740 49] Android_Mali_T7xx, [0000020AF715DC00][0000020AF05F28C0 49] Android_Mali_T8xx, [0000020AF70C9A00][0000020AF05F6A40 49] Android_Mali_G71, [0000020AF715D300][0000020AF05FABC0 49] Android_Mali_G72, [0000020AF70CBB00][0000020AF05FED40 49] Android_Mali_G72_Vulkan, [0000020AF715F600][0000020AF0CCCE80 49] Android_Mali_G76, [0000020AF70CAC00][0000020AF0602FC0 49] Android_Mali_G76_Vulkan, [0000020AF715D000][0000020AF0607100 49] Android_Mali_G77, [0000020AF70C9000][0000020AF060B240 49] Android_Mali_G77_Vulkan, [0000020AF715EC00][0000020AF06133C0 49] Android_Mali_G78, [0000020AF70C8C00][0000020AF0617540 49] Android_Mali_G78_Vulkan, [0000020AF715ED00][0000020AF061B6C0 49] Android_Mali_G710, [0000020AF70C8700][0000020AF061F840 49] Android_Mali_G710_Vulkan, [0000020AF7129D00][0000020AF06239C0 49] Android_Vulkan_SM5, [0000020AF7168E00][0000020AF0627B40 49] Android_PowerVR_G6xxx, [0000020AF7128B00][0000020AF062A140 49] Android_PowerVR_GT7xxx, [0000020AF7168400][0000020AF062E2C0 49] Android_PowerVR_GE8xxx, [0000020AF712B300][0000020AF0632440 49] Android_PowerVR_GM9xxx, [0000020AF716BF00][0000020AF06365C0 49] Android_PowerVR_GM9xxx_Vulkan, [0000020AF7128D00][0000020AF063A740 49] Android_TegraK1, [0000020AF716AA00][0000020AF063E8C0 49] Android_Unknown_Vulkan, [0000020AF7129700][0000020AF0642A40 49] Lumin, [0000020AF716B400][0000020AF0646BC0 49] Lumin_Desktop, [0000020AF7128400][0000020AF064AD40 49] HoloLens, 
[2022.01.12-03.21.04:432][  0]LogMeshReduction: Using QuadricMeshReduction for automatic static mesh reduction
[2022.01.12-03.21.04:432][  0]LogMeshReduction: Using SimplygonMeshReduction for automatic skeletal mesh reduction
[2022.01.12-03.21.04:432][  0]LogMeshReduction: Using ProxyLODMeshReduction for automatic mesh merging
[2022.01.12-03.21.04:432][  0]LogMeshReduction: No distributed automatic mesh merging module available
[2022.01.12-03.21.04:432][  0]LogMeshMerging: No distributed automatic mesh merging module available
[2022.01.12-03.21.04:487][  0]LogNetVersion: BossGame 1.0.0, NetCL: 17155196, EngineNetVer: 17, GameNetVer: 0 (Checksum: 2323582888)
[2022.01.12-03.21.04:528][  0]LogTexture: Warning: VolumeTexture /Engine/EngineSky/VolumetricClouds/T_VolumeNoiseErosion32.T_VolumeNoiseErosion32 cannot be created, rhi does not support format DXT1.
[2022.01.12-03.21.04:528][  0]LogTexture: Warning: VolumeTexture /Engine/EngineSky/VolumetricClouds/T_VolumeNoiseShape64.T_VolumeNoiseShape64 cannot be created, rhi does not support format DXT1.
[2022.01.12-03.21.04:639][  0]LogTexture: Default maximum texture size for cubemaps generated from long-lat sources has been changed from 512 to unlimited. In order to preserve old behaiour for '/Engine/MapTemplates/Sky/DaylightAmbientCubemap.DaylightAmbientCubemap', its maximum texture size has been explicitly set to 512.
[2022.01.12-03.21.04:677][  0]LogHMD: PokeAHoleMaterial loaded successfully
[2022.01.12-03.21.04:752][  0]LogMoviePlayer: Initializing movie player
[2022.01.12-03.21.04:826][  0]LogNiagaraDebuggerClient: Niagara Debugger Client Initialized | Session: 30C6517D4709EBA32D9A6A856B963CB0 | Instance: F57A5DCA4DF8449DAEC0999F3CB25676 (DESKTOP-P7FM20K-22316).
[2022.01.12-03.21.04:843][  0]LogCollectionManager: Loaded 0 collections in 0.001303 seconds
[2022.01.12-03.21.04:844][  0]LogFileCache: Scanning file cache for directory 'D:/Unity Projects/Game/Saved/Collections/' took 0.00s
[2022.01.12-03.21.04:844][  0]LogFileCache: Scanning file cache for directory 'D:/Unity Projects/Game/Content/Developers/USER/Collections/' took 0.00s
[2022.01.12-03.21.04:844][  0]LogFileCache: Scanning file cache for directory 'D:/Unity Projects/Game/Content/Collections/' took 0.00s
[2022.01.12-03.21.04:844][  0]LogCollectionManager: Fixed up redirectors for 0 collections in 0.000001 seconds (updated 0 objects)
[2022.01.12-03.21.04:922][  0]LogPython: Using Python 3.7.7
[2022.01.12-03.21.05:227][  0]LogTcpMessaging: Initializing TcpMessaging bridge
[2022.01.12-03.21.05:231][  0]LogUdpMessaging: Initializing bridge on interface 0.0.0.0:0 to multicast group 230.0.0.1:6666.
[2022.01.12-03.21.05:353][  0]LogOpenImageDenoise: OIDN starting up
[2022.01.12-03.21.05:380][  0]LogAndroidPermission: UAndroidPermissionCallbackProxy::GetInstance
[2022.01.12-03.21.05:392][  0]LogAudioCaptureCore: Display: No Audio Capture implementations found. Audio input will be silent.
[2022.01.12-03.21.05:392][  0]LogAudioCaptureCore: Display: No Audio Capture implementations found. Audio input will be silent.
[2022.01.12-03.21.05:438][  0]SourceControl: Source control is disabled
[2022.01.12-03.21.05:438][  0]SourceControl: Source control is disabled
[2022.01.12-03.21.05:440][  0]SourceControl: Source control is disabled
[2022.01.12-03.21.05:444][  0]LogUProjectInfo: Found projects:
[2022.01.12-03.21.05:449][  0]LogVSAccessor: Display: Unable to create Visual Studio setup instance: 80040154
[2022.01.12-03.21.05:449][  0]LogVSAccessor: Display: Unable to create Visual Studio setup instance: 80040154
[2022.01.12-03.21.05:450][  0]LogVSAccessor: Display: Unable to create Visual Studio setup instance: 80040154
[2022.01.12-03.21.05:465][  0]LogOcInput: OculusInput pre-init called
[2022.01.12-03.21.05:473][  0]LogUObjectArray: 22185 objects as part of root set at end of initial load.
[2022.01.12-03.21.05:473][  0]LogUObjectAllocator: 5997984 out of 0 bytes used by permanent object pool.
[2022.01.12-03.21.05:473][  0]LogUObjectArray: CloseDisregardForGC: 0/0 objects in disregard for GC pool
[2022.01.12-03.21.05:510][  0]LogEngine: Initializing Engine...
[2022.01.12-03.21.05:512][  0]LogHMD: Failed to enumerate extensions. Please check that you have a valid OpenXR runtime installed.
[2022.01.12-03.21.05:512][  0]LogHMD: Failed to initialize OpenVR with code 110
[2022.01.12-03.21.05:512][  0]LogMagicLeap: Warning: VR disabled because ZI is not enabled.  To enable, in the editor, Edit -> Project Settings -> Plugins -> Magic Leap Plugin -> Enable Zero Iteration
[2022.01.12-03.21.05:513][  0]LogStats: UGameplayTagsManager::InitializeManager -  0.000 s
[2022.01.12-03.21.05:569][  0]LogInit: Initializing FReadOnlyCVARCache
[2022.01.12-03.21.05:569][  0]LogAudio: Display: Initializing Audio Device Manager...
[2022.01.12-03.21.05:572][  0]LogAudio: Display: Loading Default Audio Settings Objects...
[2022.01.12-03.21.05:573][  0]LogAudio: Display: No default SoundConcurrencyObject specified (or failed to load).
[2022.01.12-03.21.05:573][  0]LogAudio: Display: Audio Device Manager Initialized
[2022.01.12-03.21.05:573][  0]LogAudio: Display: Creating Audio Device:                 Id: 1, Scope: Shared, Realtime: True
[2022.01.12-03.21.05:573][  0]LogAudioMixer: Display: Audio Mixer Platform Settings:
[2022.01.12-03.21.05:573][  0]LogAudioMixer: Display: 	Sample Rate:						  48000
[2022.01.12-03.21.05:573][  0]LogAudioMixer: Display: 	Callback Buffer Frame Size Requested: 1024
[2022.01.12-03.21.05:573][  0]LogAudioMixer: Display: 	Callback Buffer Frame Size To Use:	  1024
[2022.01.12-03.21.05:573][  0]LogAudioMixer: Display: 	Number of buffers to queue:			  2
[2022.01.12-03.21.05:573][  0]LogAudioMixer: Display: 	Max Channels (voices):				  32
[2022.01.12-03.21.05:573][  0]LogAudioMixer: Display: 	Number of Async Source Workers:		  0
[2022.01.12-03.21.05:573][  0]LogAudio: Display: AudioDevice MaxSources: 32
[2022.01.12-03.21.05:573][  0]LogAudio: Display: Audio Spatialization Plugin: None (built-in).
[2022.01.12-03.21.05:573][  0]LogAudio: Display: Audio Reverb Plugin: None (built-in).
[2022.01.12-03.21.05:573][  0]LogAudio: Display: Audio Occlusion Plugin: None (built-in).
[2022.01.12-03.21.05:573][  0]LogAudioMixer: Display: Initializing audio mixer.
[2022.01.12-03.21.05:581][  0]LogAudioMixer: Display: 0: FrontLeft
[2022.01.12-03.21.05:581][  0]LogAudioMixer: Display: 1: FrontRight
[2022.01.12-03.21.05:596][  0]LogAudioMixer: Display: Using Audio Device Realtek HD Audio 2nd output (Realtek(R) Audio)
[2022.01.12-03.21.05:598][  0]LogAudioMixer: Display: Initializing Sound Submixes...
[2022.01.12-03.21.05:599][  0]LogAudioMixer: Display: Creating Master Submix 'MasterSubmixDefault'
[2022.01.12-03.21.05:599][  0]LogAudioMixer: Display: Creating Master Submix 'MasterReverbSubmixDefault'
[2022.01.12-03.21.05:600][  0]LogAudioMixer: Display: Creating Master Submix 'MasterEQSubmixDefault'
[2022.01.12-03.21.05:600][  0]LogAudioMixer: FMixerPlatformXAudio2::StartAudioStream() called
[2022.01.12-03.21.05:600][  0]LogAudioMixer: Display: Output buffers initialized: Frames=1024, Channels=2, Samples=2048
[2022.01.12-03.21.05:600][  0]LogAudioMixer: Display: Starting AudioMixerPlatformInterface::RunInternal()
[2022.01.12-03.21.05:600][  0]LogAudioMixer: Display: FMixerPlatformXAudio2::SubmitBuffer() called for the first time
[2022.01.12-03.21.05:600][  0]LogInit: FAudioDevice initialized.
[2022.01.12-03.21.05:601][  0]LogNetVersion: Set ProjectVersion to 1.0.0.0. Version Checksum will be recalculated on next use.
[2022.01.12-03.21.05:602][  0]LogInit: Texture streaming: Enabled
[2022.01.12-03.21.05:645][  0]LogAudio: Display: Audio Device (ID: 1) registered with world 'Untitled'.
[2022.01.12-03.21.05:645][  0]LogSlate: Updating window title bar state: overlay mode, drag disabled, window buttons hidden, title bar hidden
[2022.01.12-03.21.05:645][  0]LogInit: Display: Game Engine Initialized.
[2022.01.12-03.21.05:645][  0]LogNiagaraEditor: GEditor isn't valid! Particle reset commands will not work for Niagara components!
[2022.01.12-03.21.05:725][  0]LogInit: Display: Starting Game.
[2022.01.12-03.21.05:725][  0]LogNet: Browse: /Game/Map/MainMap?Name=Player
[2022.01.12-03.21.05:725][  0]LogLoad: LoadMap: /Game/Map/MainMap?Name=Player
[2022.01.12-03.21.05:725][  0]LogWorld: BeginTearingDown for /Temp/Untitled_0
[2022.01.12-03.21.05:726][  0]LogWorld: UWorld::CleanupWorld for Untitled, bSessionEnded=true, bCleanupResources=true
[2022.01.12-03.21.05:726][  0]LogSlate: InvalidateAllWidgets triggered.  All widgets were invalidated
[2022.01.12-03.21.05:737][  0]LogAudio: Display: Audio Device unregistered from world 'None'.
[2022.01.12-03.21.05:739][  0]LogUObjectHash: Compacting FUObjectHashTables data took   0.59ms
[2022.01.12-03.21.06:075][  0]LogAudio: Display: Audio Device (ID: 1) registered with world 'MainMap'.
[2022.01.12-03.21.06:080][  0]LogAIModule: Creating AISystem for world MainMap
[2022.01.12-03.21.06:080][  0]LogLoad: Game class is 'GM_MouseControl_C'
[2022.01.12-03.21.06:110][  0]LogWorld: Bringing World /Game/Map/MainMap.MainMap up for play (max tick rate 0) at 2022.01.12-11.21.06
[2022.01.12-03.21.06:111][  0]LogWorld: Bringing up level for play took: 0.029709
[2022.01.12-03.21.06:113][  0]LogGameMode: Display: Match State Changed from EnteringMap to WaitingToStart
[2022.01.12-03.21.06:113][  0]LogGameState: Match State Changed from EnteringMap to WaitingToStart
[2022.01.12-03.21.06:113][  0]LogGameMode: Display: Match State Changed from WaitingToStart to InProgress
[2022.01.12-03.21.06:116][  0]LogGameState: Match State Changed from WaitingToStart to InProgress
[2022.01.12-03.21.06:116][  0]LogLoad: Took 0.391112 seconds to LoadMap(/Game/Map/MainMap)
[2022.01.12-03.21.06:148][  0]LogSlate: Took 0.000147 seconds to synchronously load lazily loaded font '../../../Engine/Content/Slate/Fonts/Roboto-Regular.ttf' (155K)
[2022.01.12-03.21.06:168][  0]LogRenderer: Reallocating scene render targets to support 1080x1920 Format 10 NumSamples 1 (Frame:1).
[2022.01.12-03.21.06:168][  0]LogInit: Display: Engine is initialized. Leaving FEngineLoop::Init()
[2022.01.12-03.21.06:168][  0]LogLoad: (Engine Initialization) Total time: 4.20 seconds
[2022.01.12-03.21.06:168][  0]LogLoad: (Engine Initialization) Total Blueprint compile time: 0.00 seconds
[2022.01.12-03.21.06:170][  0]LogContentStreaming: Texture pool size now 1000 MB
[2022.01.12-03.21.06:173][  1]LogRenderer: Reallocating scene render targets to support 128x128 Format 10 NumSamples 1 (Frame:1).
[2022.01.12-03.21.06:184][  2]LogRenderer: Reallocating scene render targets to support 1080x1920 Format 10 NumSamples 1 (Frame:2).
