Log file open, 02/01/22 13:30:06
LogWindows: Failed to load 'aqProf.dll' (GetLastError=126)
LogWindows: File 'aqProf.dll' does not exist
LogWindows: Failed to load 'VtuneApi.dll' (GetLastError=126)
LogWindows: File 'VtuneApi.dll' does not exist
LogWindows: Failed to load 'VtuneApi32e.dll' (GetLastError=126)
LogWindows: File 'VtuneApi32e.dll' does not exist
LogConsoleResponse: Display: Failed to find resolution value strings in scalability ini. Falling back to default.
LogConsoleResponse: Display: Failed to find resolution value strings in scalability ini. Falling back to default.
LogInit: Display: Running engine for game: BossGame
LogPlatformFile: Not using cached read wrapper
LogTaskGraph: Started task graph with 5 named threads and 23 total threads with 3 sets of task threads.
LogStats: Stats thread started at 0.193761
LogICUInternationalization: ICU TimeZone Detection - Raw Offset: +8:00, Platform Override: ''
LogInit: Display: Loading text-based GConfig....
LogPluginManager: Mounting plugin MeshPainting
LogPluginManager: Mounting plugin XGEController
LogPluginManager: Mounting plugin Paper2D
LogPluginManager: Mounting plugin AISupport
LogPluginManager: Mounting plugin LightPropagationVolume
LogPluginManager: Mounting plugin EnvironmentQueryEditor
LogPluginManager: Mounting plugin LiveLink
LogPluginManager: Mounting plugin CameraShakePreviewer
LogPluginManager: Mounting plugin GameplayCameras
LogPluginManager: Mounting plugin DatasmithContent
LogPluginManager: Mounting plugin AssetManagerEditor
LogPluginManager: Mounting plugin CryptoKeys
LogPluginManager: Mounting plugin CurveEditorTools
LogPluginManager: Mounting plugin VariantManagerContent
LogPluginManager: Mounting plugin DataValidation
LogPluginManager: Mounting plugin FacialAnimation
LogPluginManager: Mounting plugin GameplayTagsEditor
LogPluginManager: Mounting plugin GeometryMode
LogPluginManager: Mounting plugin MacGraphicsSwitching
LogPluginManager: Mounting plugin MobileLauncherProfileWizard
LogPluginManager: Mounting plugin MaterialAnalyzer
LogPluginManager: Mounting plugin PluginBrowser
LogPluginManager: Mounting plugin SpeedTreeImporter
LogPluginManager: Mounting plugin Niagara
LogPluginManager: Mounting plugin AnimationSharing
LogPluginManager: Mounting plugin CLionSourceCodeAccess
LogPluginManager: Mounting plugin CodeLiteSourceCodeAccess
LogPluginManager: Mounting plugin KDevelopSourceCodeAccess
LogPluginManager: Mounting plugin GitSourceControl
LogPluginManager: Mounting plugin NullSourceCodeAccess
LogPluginManager: Mounting plugin PerforceSourceControl
LogPluginManager: Mounting plugin PixWinPlugin
LogPluginManager: Mounting plugin PlasticSourceControl
LogPluginManager: Mounting plugin PluginUtils
LogPluginManager: Mounting plugin PropertyAccessNode
LogPluginManager: Mounting plugin RiderSourceCodeAccess
LogPluginManager: Mounting plugin SubversionSourceControl
LogPluginManager: Mounting plugin TextureFormatOodle
LogPluginManager: Mounting plugin UObjectPlugin
LogPluginManager: Mounting plugin VisualStudioCodeSourceCodeAccess
LogPluginManager: Mounting plugin VisualStudioSourceCodeAccess
LogPluginManager: Mounting plugin XCodeSourceCodeAccess
LogPluginManager: Mounting plugin AlembicImporter
LogPluginManager: Mounting plugin AutomationUtils
LogPluginManager: Mounting plugin BackChannel
LogPluginManager: Mounting plugin ChaosCloth
LogPluginManager: Mounting plugin ChaosClothEditor
LogPluginManager: Mounting plugin ChaosEditor
LogPluginManager: Mounting plugin ChaosNiagara
LogPluginManager: Mounting plugin ChaosSolverPlugin
LogPluginManager: Mounting plugin CharacterAI
LogPluginManager: Mounting plugin GeometryCache
LogPluginManager: Mounting plugin GeometryCollectionPlugin
LogPluginManager: Mounting plugin LuminPlatformFeatures
LogPluginManager: Mounting plugin MagicLeap
LogPluginManager: Mounting plugin MagicLeapMedia
LogPluginManager: Mounting plugin MagicLeapLightEstimation
LogPluginManager: Mounting plugin MagicLeapPassableWorld
LogPluginManager: Mounting plugin MLSDK
LogPluginManager: Mounting plugin GeometryProcessing
LogPluginManager: Mounting plugin MotoSynth
LogPluginManager: Mounting plugin OpenImageDenoise
LogPluginManager: Mounting plugin PlanarCut
LogPluginManager: Mounting plugin PlatformCrypto
LogPluginManager: Mounting plugin ProxyLODPlugin
LogPluginManager: Mounting plugin PythonScriptPlugin
LogPluginManager: Mounting plugin SkeletalReduction
LogPluginManager: Mounting plugin Text3D
LogPluginManager: Mounting plugin AndroidMedia
LogPluginManager: Mounting plugin AvfMedia
LogPluginManager: Mounting plugin ImgMedia
LogPluginManager: Mounting plugin MediaCompositing
LogPluginManager: Mounting plugin MediaPlayerEditor
LogPluginManager: Mounting plugin WebMMedia
LogPluginManager: Mounting plugin WmfMedia
LogPluginManager: Mounting plugin TcpMessaging
LogPluginManager: Mounting plugin UdpMessaging
LogPluginManager: Mounting plugin ActorSequence
LogPluginManager: Mounting plugin LevelSequenceEditor
LogPluginManager: Mounting plugin MatineeToLevelSequence
LogPluginManager: Mounting plugin TemplateSequence
LogPluginManager: Mounting plugin LauncherChunkInstaller
LogPluginManager: Mounting plugin OnlineSubsystem
LogPluginManager: Mounting plugin OnlineSubsystemNull
LogPluginManager: Mounting plugin OnlineSubsystemUtils
LogPluginManager: Mounting plugin ActorLayerUtilities
LogPluginManager: Mounting plugin AndroidDeviceProfileSelector
LogPluginManager: Mounting plugin AndroidMoviePlayer
LogPluginManager: Mounting plugin AndroidPermission
LogPluginManager: Mounting plugin AppleImageUtils
LogPluginManager: Mounting plugin AppleMoviePlayer
LogPluginManager: Mounting plugin ArchVisCharacter
LogPluginManager: Mounting plugin AssetTags
LogPluginManager: Mounting plugin AudioCapture
LogPluginManager: Mounting plugin CableComponent
LogPluginManager: Mounting plugin AudioSynesthesia
LogPluginManager: Mounting plugin ChunkDownloader
LogPluginManager: Mounting plugin CustomMeshComponent
LogPluginManager: Mounting plugin EditableMesh
LogPluginManager: Mounting plugin ExampleDeviceProfileSelector
LogPluginManager: Mounting plugin GoogleCloudMessaging
LogPluginManager: Mounting plugin GooglePAD
LogPluginManager: Mounting plugin ScreenshotTools
LogPluginManager: Mounting plugin IOSDeviceProfileSelector
LogPluginManager: Mounting plugin LinuxDeviceProfileSelector
LogPluginManager: Mounting plugin LocationServicesBPLibrary
LogPluginManager: Mounting plugin MobilePatchingUtils
LogPluginManager: Mounting plugin OpenXREyeTracker
LogPluginManager: Mounting plugin OpenXR
LogPluginManager: Mounting plugin OpenXRHandTracking
LogPluginManager: Mounting plugin PhysXVehicles
LogPluginManager: Mounting plugin PostSplashScreen
LogPluginManager: Mounting plugin ProceduralMeshComponent
LogPluginManager: Mounting plugin PropertyAccessEditor
LogPluginManager: Mounting plugin RuntimePhysXCooking
LogPluginManager: Mounting plugin SignificanceManager
LogPluginManager: Mounting plugin SoundFields
LogPluginManager: Mounting plugin Synthesis
LogPluginManager: Mounting plugin WebMMoviePlayer
LogPluginManager: Mounting plugin WindowsMoviePlayer
LogPluginManager: Mounting plugin Takes
LogPluginManager: Mounting plugin OodleData
LogPluginManager: Mounting plugin OodleNetwork
LogPluginManager: Mounting plugin ContentBrowserClassDataSource
LogPluginManager: Mounting plugin ContentBrowserAssetDataSource
LogPluginManager: Mounting plugin ContentBrowserFileDataSource
LogPluginManager: Mounting plugin OnlineSubsystemGooglePlay
LogPluginManager: Mounting plugin OnlineSubsystemIOS
LogPluginManager: Mounting plugin OculusVR
LogPluginManager: Mounting plugin SteamVR
PixWinPlugin: PIX capture plugin failed to initialize! Check that the process is launched from PIX.
LogInit: Using libcurl 7.55.1-DEV
LogInit:  - built for x86_64-pc-win32
LogInit:  - supports SSL with OpenSSL/1.1.1
LogInit:  - supports HTTP deflate (compression) using libz 1.2.8
LogInit:  - other features:
LogInit:      CURL_VERSION_SSL
LogInit:      CURL_VERSION_LIBZ
LogInit:      CURL_VERSION_IPV6
LogInit:      CURL_VERSION_ASYNCHDNS
LogInit:      CURL_VERSION_LARGEFILE
LogInit:      CURL_VERSION_IDN
LogInit:  CurlRequestOptions (configurable via config and command line):
LogInit:  - bVerifyPeer = true  - Libcurl will verify peer certificate
LogInit:  - bUseHttpProxy = false  - Libcurl will NOT use HTTP proxy
LogInit:  - bDontReuseConnections = false  - Libcurl will reuse connections
LogInit:  - MaxHostConnections = 16  - Libcurl will limit the number of connections to a host
LogInit:  - LocalHostAddr = Default
LogInit:  - BufferSize = 65536
LogOnline: OSS: Creating online subsystem instance for: NULL
LogInit: WinSock: version 1.1 (2.2), MaxSocks=32767, MaxUdp=65467
LogOnline: OSS: TryLoadSubsystemAndSetDefault: Loaded subsystem for module [NULL]
LogOculusPluginWrapper: OculusPlugin initialized successfully
LogHMD: Failed initializing OVRPlugin 1.59.0
LogInit: Build: ++UE4+Release-4.27-CL-18319896
LogInit: Engine Version: 4.27.2-18319896+++UE4+Release-4.27
LogInit: Compatible Engine Version: 4.27.0-17155196+++UE4+Release-4.27
LogInit: Net CL: 17155196
LogInit: OS: Windows 10 (Release 2009) (), CPU: Intel(R) Core(TM) i7-10510U CPU @ 1.80GHz, GPU: Intel(R) UHD Graphics
LogInit: Compiled (64-bit): Nov 30 2021 07:12:08
LogInit: Compiled with Visual C++: 19.24.28315.00
LogInit: Build Configuration: Development
LogInit: Branch Name: ++UE4+Release-4.27
LogInit: Command Line: 
LogInit: Base Directory: C:/Program Files/Epic Games/UE_4.27/Engine/Binaries/Win64/
LogInit: Allocator: TBB
LogInit: Installed Engine Build: 1
LogDevObjectVersion: Number of dev versions registered: 29
LogDevObjectVersion:   Dev-Blueprints (B0D832E4-1F89-4F0D-ACCF-7EB736FD4AA2): 10
LogDevObjectVersion:   Dev-Build (E1C64328-A22C-4D53-A36C-8E866417BD8C): 0
LogDevObjectVersion:   Dev-Core (375EC13C-06E4-48FB-B500-84F0262A717E): 4
LogDevObjectVersion:   Dev-Editor (E4B068ED-F494-42E9-A231-DA0B2E46BB41): 40
LogDevObjectVersion:   Dev-Framework (CFFC743F-43B0-4480-9391-14DF171D2073): 37
LogDevObjectVersion:   Dev-Mobile (B02B49B5-BB20-44E9-A304-32B752E40360): 3
LogDevObjectVersion:   Dev-Networking (A4E4105C-59A1-49B5-A7C5-40C4547EDFEE): 0
LogDevObjectVersion:   Dev-Online (39C831C9-5AE6-47DC-9A44-9C173E1C8E7C): 0
LogDevObjectVersion:   Dev-Physics (78F01B33-EBEA-4F98-B9B4-84EACCB95AA2): 14
LogDevObjectVersion:   Dev-Platform (6631380F-2D4D-43E0-8009-CF276956A95A): 0
LogDevObjectVersion:   Dev-Rendering (12F88B9F-8875-4AFC-A67C-D90C383ABD29): 45
LogDevObjectVersion:   Dev-Sequencer (7B5AE74C-D270-4C10-A958-57980B212A5A): 13
LogDevObjectVersion:   Dev-VR (D7296918-1DD6-4BDD-9DE2-64A83CC13884): 3
LogDevObjectVersion:   Dev-LoadTimes (C2A15278-BFE7-4AFE-6C17-90FF531DF755): 1
LogDevObjectVersion:   Private-Geometry (6EACA3D4-40EC-4CC1-B786-8BED09428FC5): 3
LogDevObjectVersion:   Dev-AnimPhys (29E575DD-E0A3-4627-9D10-D276232CDCEA): 17
LogDevObjectVersion:   Dev-Anim (AF43A65D-7FD3-4947-9873-3E8ED9C1BB05): 15
LogDevObjectVersion:   Dev-ReflectionCapture (6B266CEC-1EC7-4B8F-A30B-E4D90942FC07): 1
LogDevObjectVersion:   Dev-Automation (0DF73D61-A23F-47EA-B727-89E90C41499A): 1
LogDevObjectVersion:   FortniteMain (601D1886-AC64-4F84-AA16-D3DE0DEAC7D6): 47
LogDevObjectVersion:   FortniteRelease (E7086368-6B23-4C58-8439-1B7016265E91): 1
LogDevObjectVersion:   Dev-Enterprise (9DFFBCD6-494F-0158-E221-12823C92A888): 10
LogDevObjectVersion:   Dev-Niagara (F2AED0AC-9AFE-416F-8664-AA7FFA26D6FC): 1
LogDevObjectVersion:   Dev-Destruction (174F1F0B-B4C6-45A5-B13F-2EE8D0FB917D): 10
LogDevObjectVersion:   Dev-Physics-Ext (35F94A83-E258-406C-A318-09F59610247C): 41
LogDevObjectVersion:   Dev-PhysicsMaterial-Chaos (B68FC16E-8B1B-42E2-B453-215C058844FE): 1
LogDevObjectVersion:   Dev-CineCamera (B2E18506-4273-CFC2-A54E-F4BB758BBA07): 1
LogDevObjectVersion:   Dev-VirtualProduction (64F58936-FD1B-42BA-BA96-7289D5D0FA4E): 1
LogDevObjectVersion:   Dev-MediaFramework (6F0ED827-A609-4895-9C91-998D90180EA4): 2
LogInit: Presizing for max 25165824 objects, including 0 objects not considered by GC, pre-allocating 0 bytes for permanent pool.
LogConfig: Applying CVar settings from Section [/Script/Engine.StreamingSettings] File [C:/Users/annie/Desktop/Unreal Project/BossGame/Saved/Config/Windows/Engine.ini]
LogConfig: Setting CVar [[s.MinBulkDataSizeForAsyncLoading:131072]]
LogConfig: Setting CVar [[s.AsyncLoadingThreadEnabled:0]]
LogConfig: Setting CVar [[s.EventDrivenLoaderEnabled:1]]
LogConfig: Setting CVar [[s.WarnIfTimeLimitExceeded:0]]
LogConfig: Setting CVar [[s.TimeLimitExceededMultiplier:1.5]]
LogConfig: Setting CVar [[s.TimeLimitExceededMinTime:0.005]]
LogConfig: Setting CVar [[s.UseBackgroundLevelStreaming:1]]
LogConfig: Setting CVar [[s.PriorityAsyncLoadingExtraTime:15.0]]
LogConfig: Setting CVar [[s.LevelStreamingActorsUpdateTimeLimit:5.0]]
LogConfig: Setting CVar [[s.PriorityLevelStreamingActorsUpdateExtraTime:5.0]]
LogConfig: Setting CVar [[s.LevelStreamingComponentsRegistrationGranularity:10]]
LogConfig: Setting CVar [[s.UnregisterComponentsTimeLimit:1.0]]
LogConfig: Setting CVar [[s.LevelStreamingComponentsUnregistrationGranularity:5]]
LogConfig: Setting CVar [[s.FlushStreamingOnExit:1]]
LogInit: Object subsystem initialized
LogConfig: Setting CVar [[con.DebugEarlyDefault:1]]
LogConfig: Setting CVar [[r.setres:1280x720]]
[2022.02.01-05.30.07:164][  0]LogConfig: Setting CVar [[r.VSync:0]]
[2022.02.01-05.30.07:164][  0]LogConfig: Setting CVar [[r.RHICmdBypass:0]]
[2022.02.01-05.30.07:164][  0]LogConfig: Applying CVar settings from Section [/Script/Engine.RendererSettings] File [C:/Users/annie/Desktop/Unreal Project/BossGame/Saved/Config/Windows/Engine.ini]
[2022.02.01-05.30.07:164][  0]LogConfig: Setting CVar [[r.GPUCrashDebugging:0]]
[2022.02.01-05.30.07:164][  0]LogConfig: Applying CVar settings from Section [/Script/Engine.RendererOverrideSettings] File [C:/Users/annie/Desktop/Unreal Project/BossGame/Saved/Config/Windows/Engine.ini]
[2022.02.01-05.30.07:164][  0]LogConfig: Applying CVar settings from Section [/Script/Engine.StreamingSettings] File [C:/Users/annie/Desktop/Unreal Project/BossGame/Saved/Config/Windows/Engine.ini]
[2022.02.01-05.30.07:164][  0]LogConfig: Setting CVar [[s.MinBulkDataSizeForAsyncLoading:131072]]
[2022.02.01-05.30.07:164][  0]LogConfig: Setting CVar [[s.AsyncLoadingThreadEnabled:0]]
[2022.02.01-05.30.07:164][  0]LogConfig: Setting CVar [[s.EventDrivenLoaderEnabled:1]]
[2022.02.01-05.30.07:164][  0]LogConfig: Setting CVar [[s.WarnIfTimeLimitExceeded:0]]
[2022.02.01-05.30.07:164][  0]LogConfig: Setting CVar [[s.TimeLimitExceededMultiplier:1.5]]
[2022.02.01-05.30.07:164][  0]LogConfig: Setting CVar [[s.TimeLimitExceededMinTime:0.005]]
[2022.02.01-05.30.07:164][  0]LogConfig: Setting CVar [[s.UseBackgroundLevelStreaming:1]]
[2022.02.01-05.30.07:164][  0]LogConfig: Setting CVar [[s.PriorityAsyncLoadingExtraTime:15.0]]
[2022.02.01-05.30.07:164][  0]LogConfig: Setting CVar [[s.LevelStreamingActorsUpdateTimeLimit:5.0]]
[2022.02.01-05.30.07:164][  0]LogConfig: Setting CVar [[s.PriorityLevelStreamingActorsUpdateExtraTime:5.0]]
[2022.02.01-05.30.07:164][  0]LogConfig: Setting CVar [[s.LevelStreamingComponentsRegistrationGranularity:10]]
[2022.02.01-05.30.07:164][  0]LogConfig: Setting CVar [[s.UnregisterComponentsTimeLimit:1.0]]
[2022.02.01-05.30.07:164][  0]LogConfig: Setting CVar [[s.LevelStreamingComponentsUnregistrationGranularity:5]]
[2022.02.01-05.30.07:164][  0]LogConfig: Setting CVar [[s.FlushStreamingOnExit:1]]
[2022.02.01-05.30.07:164][  0]LogConfig: Applying CVar settings from Section [/Script/Engine.GarbageCollectionSettings] File [C:/Users/annie/Desktop/Unreal Project/BossGame/Saved/Config/Windows/Engine.ini]
[2022.02.01-05.30.07:164][  0]LogConfig: Setting CVar [[gc.MaxObjectsNotConsideredByGC:1]]
[2022.02.01-05.30.07:165][  0]LogConfig: Setting CVar [[gc.SizeOfPermanentObjectPool:0]]
[2022.02.01-05.30.07:165][  0]LogConfig: Setting CVar [[gc.FlushStreamingOnGC:0]]
[2022.02.01-05.30.07:165][  0]LogConfig: Setting CVar [[gc.NumRetriesBeforeForcingGC:10]]
[2022.02.01-05.30.07:165][  0]LogConfig: Setting CVar [[gc.AllowParallelGC:1]]
[2022.02.01-05.30.07:165][  0]LogConfig: Setting CVar [[gc.TimeBetweenPurgingPendingKillObjects:61.1]]
[2022.02.01-05.30.07:165][  0]LogConfig: Setting CVar [[gc.MaxObjectsInEditor:25165824]]
[2022.02.01-05.30.07:165][  0]LogConfig: Setting CVar [[gc.IncrementalBeginDestroyEnabled:1]]
[2022.02.01-05.30.07:165][  0]LogConfig: Setting CVar [[gc.CreateGCClusters:1]]
[2022.02.01-05.30.07:165][  0]LogConfig: Setting CVar [[gc.MinGCClusterSize:5]]
[2022.02.01-05.30.07:165][  0]LogConfig: Setting CVar [[gc.ActorClusteringEnabled:0]]
[2022.02.01-05.30.07:165][  0]LogConfig: Setting CVar [[gc.BlueprintClusteringEnabled:0]]
[2022.02.01-05.30.07:165][  0]LogConfig: Setting CVar [[gc.UseDisregardForGCOnDedicatedServers:0]]
[2022.02.01-05.30.07:165][  0]LogConfig: Setting CVar [[gc.MultithreadedDestructionEnabled:1]]
[2022.02.01-05.30.07:165][  0]LogConfig: Applying CVar settings from Section [/Script/Engine.NetworkSettings] File [C:/Users/annie/Desktop/Unreal Project/BossGame/Saved/Config/Windows/Engine.ini]
[2022.02.01-05.30.07:165][  0]LogConfig: Applying CVar settings from Section [/Script/UnrealEd.CookerSettings] File [C:/Users/annie/Desktop/Unreal Project/BossGame/Saved/Config/Windows/Engine.ini]
[2022.02.01-05.30.07:170][  0]LogConfig: Applying CVar settings from Section [ViewDistanceQuality@3] File [C:/Users/annie/Desktop/Unreal Project/BossGame/Saved/Config/Windows/Scalability.ini]
[2022.02.01-05.30.07:170][  0]LogConfig: Setting CVar [[r.SkeletalMeshLODBias:0]]
[2022.02.01-05.30.07:170][  0]LogConfig: Setting CVar [[r.ViewDistanceScale:1.0]]
[2022.02.01-05.30.07:170][  0]LogConfig: Applying CVar settings from Section [AntiAliasingQuality@3] File [C:/Users/annie/Desktop/Unreal Project/BossGame/Saved/Config/Windows/Scalability.ini]
[2022.02.01-05.30.07:170][  0]LogConfig: Setting CVar [[r.PostProcessAAQuality:4]]
[2022.02.01-05.30.07:170][  0]LogConfig: Applying CVar settings from Section [ShadowQuality@3] File [C:/Users/annie/Desktop/Unreal Project/BossGame/Saved/Config/Windows/Scalability.ini]
[2022.02.01-05.30.07:170][  0]LogConfig: Setting CVar [[r.LightFunctionQuality:1]]
[2022.02.01-05.30.07:170][  0]LogConfig: Setting CVar [[r.ShadowQuality:5]]
[2022.02.01-05.30.07:170][  0]LogConfig: Setting CVar [[r.Shadow.CSM.MaxCascades:10]]
[2022.02.01-05.30.07:170][  0]LogConfig: Setting CVar [[r.Shadow.MaxResolution:2048]]
[2022.02.01-05.30.07:170][  0]LogConfig: Setting CVar [[r.Shadow.MaxCSMResolution:2048]]
[2022.02.01-05.30.07:170][  0]LogConfig: Setting CVar [[r.Shadow.RadiusThreshold:0.01]]
[2022.02.01-05.30.07:170][  0]LogConfig: Setting CVar [[r.Shadow.DistanceScale:1.0]]
[2022.02.01-05.30.07:170][  0]LogConfig: Setting CVar [[r.Shadow.CSM.TransitionScale:1.0]]
[2022.02.01-05.30.07:170][  0]LogConfig: Setting CVar [[r.Shadow.PreShadowResolutionFactor:1.0]]
[2022.02.01-05.30.07:170][  0]LogConfig: Setting CVar [[r.DistanceFieldShadowing:1]]
[2022.02.01-05.30.07:170][  0]LogConfig: Setting CVar [[r.DistanceFieldAO:1]]
[2022.02.01-05.30.07:170][  0]LogConfig: Setting CVar [[r.AOQuality:2]]
[2022.02.01-05.30.07:170][  0]LogConfig: Setting CVar [[r.VolumetricFog:1]]
[2022.02.01-05.30.07:170][  0]LogConfig: Setting CVar [[r.VolumetricFog.GridPixelSize:8]]
[2022.02.01-05.30.07:170][  0]LogConfig: Setting CVar [[r.VolumetricFog.GridSizeZ:128]]
[2022.02.01-05.30.07:170][  0]LogConfig: Setting CVar [[r.VolumetricFog.HistoryMissSupersampleCount:4]]
[2022.02.01-05.30.07:170][  0]LogConfig: Setting CVar [[r.LightMaxDrawDistanceScale:1]]
[2022.02.01-05.30.07:170][  0]LogConfig: Setting CVar [[r.CapsuleShadows:1]]
[2022.02.01-05.30.07:170][  0]LogConfig: Applying CVar settings from Section [PostProcessQuality@3] File [C:/Users/annie/Desktop/Unreal Project/BossGame/Saved/Config/Windows/Scalability.ini]
[2022.02.01-05.30.07:170][  0]LogConfig: Setting CVar [[r.MotionBlurQuality:4]]
[2022.02.01-05.30.07:170][  0]LogConfig: Setting CVar [[r.AmbientOcclusionMipLevelFactor:0.4]]
[2022.02.01-05.30.07:170][  0]LogConfig: Setting CVar [[r.AmbientOcclusionMaxQuality:100]]
[2022.02.01-05.30.07:170][  0]LogConfig: Setting CVar [[r.AmbientOcclusionLevels:-1]]
[2022.02.01-05.30.07:170][  0]LogConfig: Setting CVar [[r.AmbientOcclusionRadiusScale:1.0]]
[2022.02.01-05.30.07:170][  0]LogConfig: Setting CVar [[r.DepthOfFieldQuality:2]]
[2022.02.01-05.30.07:170][  0]LogConfig: Setting CVar [[r.RenderTargetPoolMin:400]]
[2022.02.01-05.30.07:170][  0]LogConfig: Setting CVar [[r.LensFlareQuality:2]]
[2022.02.01-05.30.07:170][  0]LogConfig: Setting CVar [[r.SceneColorFringeQuality:1]]
[2022.02.01-05.30.07:170][  0]LogConfig: Setting CVar [[r.EyeAdaptationQuality:2]]
[2022.02.01-05.30.07:170][  0]LogConfig: Setting CVar [[r.BloomQuality:5]]
[2022.02.01-05.30.07:170][  0]LogConfig: Setting CVar [[r.FastBlurThreshold:100]]
[2022.02.01-05.30.07:170][  0]LogConfig: Setting CVar [[r.Upscale.Quality:3]]
[2022.02.01-05.30.07:170][  0]LogConfig: Setting CVar [[r.Tonemapper.GrainQuantization:1]]
[2022.02.01-05.30.07:170][  0]LogConfig: Setting CVar [[r.LightShaftQuality:1]]
[2022.02.01-05.30.07:171][  0]LogConfig: Setting CVar [[r.Filter.SizeScale:1]]
[2022.02.01-05.30.07:171][  0]LogConfig: Setting CVar [[r.Tonemapper.Quality:5]]
[2022.02.01-05.30.07:171][  0]LogConfig: Setting CVar [[r.DOF.Gather.AccumulatorQuality:1        ; higher gathering accumulator quality]]
[2022.02.01-05.30.07:171][  0]LogConfig: Setting CVar [[r.DOF.Gather.PostfilterMethod:1          ; Median3x3 postfilering method]]
[2022.02.01-05.30.07:171][  0]LogConfig: Setting CVar [[r.DOF.Gather.EnableBokehSettings:0       ; no bokeh simulation when gathering]]
[2022.02.01-05.30.07:171][  0]LogConfig: Setting CVar [[r.DOF.Gather.RingCount:4                 ; medium number of samples when gathering]]
[2022.02.01-05.30.07:171][  0]LogConfig: Setting CVar [[r.DOF.Scatter.ForegroundCompositing:1    ; additive foreground scattering]]
[2022.02.01-05.30.07:171][  0]LogConfig: Setting CVar [[r.DOF.Scatter.BackgroundCompositing:2    ; additive background scattering]]
[2022.02.01-05.30.07:171][  0]LogConfig: Setting CVar [[r.DOF.Scatter.EnableBokehSettings:1      ; bokeh simulation when scattering]]
[2022.02.01-05.30.07:171][  0]LogConfig: Setting CVar [[r.DOF.Scatter.MaxSpriteRatio:0.1         ; only a maximum of 10% of scattered bokeh]]
[2022.02.01-05.30.07:171][  0]LogConfig: Setting CVar [[r.DOF.Recombine.Quality:1                ; cheap slight out of focus]]
[2022.02.01-05.30.07:171][  0]LogConfig: Setting CVar [[r.DOF.Recombine.EnableBokehSettings:0    ; no bokeh simulation on slight out of focus]]
[2022.02.01-05.30.07:171][  0]LogConfig: Setting CVar [[r.DOF.TemporalAAQuality:1                ; more stable temporal accumulation]]
[2022.02.01-05.30.07:171][  0]LogConfig: Setting CVar [[r.DOF.Kernel.MaxForegroundRadius:0.025]]
[2022.02.01-05.30.07:171][  0]LogConfig: Setting CVar [[r.DOF.Kernel.MaxBackgroundRadius:0.025]]
[2022.02.01-05.30.07:171][  0]LogConfig: Applying CVar settings from Section [TextureQuality@3] File [C:/Users/annie/Desktop/Unreal Project/BossGame/Saved/Config/Windows/Scalability.ini]
[2022.02.01-05.30.07:171][  0]LogConfig: Setting CVar [[r.Streaming.MipBias:0]]
[2022.02.01-05.30.07:171][  0]LogConfig: Setting CVar [[r.Streaming.AmortizeCPUToGPUCopy:0]]
[2022.02.01-05.30.07:171][  0]LogConfig: Setting CVar [[r.Streaming.MaxNumTexturesToStreamPerFrame:0]]
[2022.02.01-05.30.07:171][  0]LogConfig: Setting CVar [[r.Streaming.Boost:1]]
[2022.02.01-05.30.07:171][  0]LogConfig: Setting CVar [[r.MaxAnisotropy:8]]
[2022.02.01-05.30.07:171][  0]LogConfig: Setting CVar [[r.VT.MaxAnisotropy:8]]
[2022.02.01-05.30.07:171][  0]LogConfig: Setting CVar [[r.Streaming.LimitPoolSizeToVRAM:0]]
[2022.02.01-05.30.07:171][  0]LogConfig: Setting CVar [[r.Streaming.PoolSize:1000]]
[2022.02.01-05.30.07:171][  0]LogConfig: Setting CVar [[r.Streaming.MaxEffectiveScreenSize:0]]
[2022.02.01-05.30.07:171][  0]LogConfig: Applying CVar settings from Section [EffectsQuality@3] File [C:/Users/annie/Desktop/Unreal Project/BossGame/Saved/Config/Windows/Scalability.ini]
[2022.02.01-05.30.07:171][  0]LogConfig: Setting CVar [[r.TranslucencyLightingVolumeDim:64]]
[2022.02.01-05.30.07:171][  0]LogConfig: Setting CVar [[r.RefractionQuality:2]]
[2022.02.01-05.30.07:171][  0]LogConfig: Setting CVar [[r.SSR.Quality:3]]
[2022.02.01-05.30.07:171][  0]LogConfig: Setting CVar [[r.SSR.HalfResSceneColor:0]]
[2022.02.01-05.30.07:171][  0]LogConfig: Setting CVar [[r.SceneColorFormat:4]]
[2022.02.01-05.30.07:171][  0]LogConfig: Setting CVar [[r.DetailMode:2]]
[2022.02.01-05.30.07:171][  0]LogConfig: Setting CVar [[r.TranslucencyVolumeBlur:1]]
[2022.02.01-05.30.07:171][  0]LogConfig: Setting CVar [[r.MaterialQualityLevel:1 ; High quality]]
[2022.02.01-05.30.07:171][  0]LogConfig: Setting CVar [[r.AnisotropicMaterials:1]]
[2022.02.01-05.30.07:171][  0]LogConfig: Setting CVar [[r.SSS.Scale:1]]
[2022.02.01-05.30.07:171][  0]LogConfig: Setting CVar [[r.SSS.SampleSet:2]]
[2022.02.01-05.30.07:171][  0]LogConfig: Setting CVar [[r.SSS.Quality:1]]
[2022.02.01-05.30.07:171][  0]LogConfig: Setting CVar [[r.SSS.HalfRes:0]]
[2022.02.01-05.30.07:171][  0]LogConfig: Setting CVar [[r.SSGI.Quality:3]]
[2022.02.01-05.30.07:171][  0]LogConfig: Setting CVar [[r.EmitterSpawnRateScale:1.0]]
[2022.02.01-05.30.07:171][  0]LogConfig: Setting CVar [[r.ParticleLightQuality:2]]
[2022.02.01-05.30.07:171][  0]LogConfig: Setting CVar [[r.SkyAtmosphere.AerialPerspectiveLUT.FastApplyOnOpaque:1 ; Always have FastSkyLUT 1 in this case to avoid wrong sky]]
[2022.02.01-05.30.07:171][  0]LogConfig: Setting CVar [[r.SkyAtmosphere.AerialPerspectiveLUT.SampleCountMaxPerSlice:4]]
[2022.02.01-05.30.07:171][  0]LogConfig: Setting CVar [[r.SkyAtmosphere.AerialPerspectiveLUT.DepthResolution:16.0]]
[2022.02.01-05.30.07:171][  0]LogConfig: Setting CVar [[r.SkyAtmosphere.FastSkyLUT:1]]
[2022.02.01-05.30.07:171][  0]LogConfig: Setting CVar [[r.SkyAtmosphere.FastSkyLUT.SampleCountMin:4.0]]
[2022.02.01-05.30.07:171][  0]LogConfig: Setting CVar [[r.SkyAtmosphere.FastSkyLUT.SampleCountMax:128.0]]
[2022.02.01-05.30.07:171][  0]LogConfig: Setting CVar [[r.SkyAtmosphere.SampleCountMin:4.0]]
[2022.02.01-05.30.07:171][  0]LogConfig: Setting CVar [[r.SkyAtmosphere.SampleCountMax:128.0]]
[2022.02.01-05.30.07:171][  0]LogConfig: Setting CVar [[r.SkyAtmosphere.TransmittanceLUT.UseSmallFormat:0]]
[2022.02.01-05.30.07:171][  0]LogConfig: Setting CVar [[r.SkyAtmosphere.TransmittanceLUT.SampleCount:10.0]]
[2022.02.01-05.30.07:171][  0]LogConfig: Setting CVar [[r.SkyAtmosphere.MultiScatteringLUT.SampleCount:15.0]]
[2022.02.01-05.30.07:171][  0]LogConfig: Setting CVar [[r.SkyLight.RealTimeReflectionCapture:1]]
[2022.02.01-05.30.07:171][  0]LogConfig: Applying CVar settings from Section [FoliageQuality@3] File [C:/Users/annie/Desktop/Unreal Project/BossGame/Saved/Config/Windows/Scalability.ini]
[2022.02.01-05.30.07:171][  0]LogConfig: Setting CVar [[foliage.DensityScale:1.0]]
[2022.02.01-05.30.07:171][  0]LogConfig: Setting CVar [[grass.DensityScale:1.0]]
[2022.02.01-05.30.07:171][  0]LogConfig: Applying CVar settings from Section [ShadingQuality@3] File [C:/Users/annie/Desktop/Unreal Project/BossGame/Saved/Config/Windows/Scalability.ini]
[2022.02.01-05.30.07:171][  0]LogConfig: Setting CVar [[r.HairStrands.SkyLighting.IntegrationType:2]]
[2022.02.01-05.30.07:171][  0]LogConfig: Setting CVar [[r.HairStrands.SkyAO.SampleCount:4]]
[2022.02.01-05.30.07:171][  0]LogConfig: Setting CVar [[r.HairStrands.Visibility.MSAA.SamplePerPixel:4]]
[2022.02.01-05.30.07:171][  0]LogInit: Selected Device Profile: [Windows]
[2022.02.01-05.30.07:171][  0]LogInit: Applying CVar settings loaded from the selected device profile: [Windows]
[2022.02.01-05.30.07:171][  0]LogHAL: Display: Platform has ~ 24 GB [25543544832 / 34359738368 / 24], which maps to Larger [LargestMinGB=32, LargerMinGB=12, DefaultMinGB=8, SmallerMinGB=6, SmallestMinGB=0)
[2022.02.01-05.30.07:171][  0]LogInit: Going up to parent DeviceProfile []
[2022.02.01-05.30.07:171][  0]LogConfig: Applying CVar settings from Section [ViewDistanceQuality@3] File [C:/Users/annie/Desktop/Unreal Project/BossGame/Saved/Config/Windows/Scalability.ini]
[2022.02.01-05.30.07:171][  0]LogConfig: Setting CVar [[r.SkeletalMeshLODBias:0]]
[2022.02.01-05.30.07:171][  0]LogConfig: Setting CVar [[r.ViewDistanceScale:1.0]]
[2022.02.01-05.30.07:171][  0]LogConfig: Applying CVar settings from Section [AntiAliasingQuality@3] File [C:/Users/annie/Desktop/Unreal Project/BossGame/Saved/Config/Windows/Scalability.ini]
[2022.02.01-05.30.07:171][  0]LogConfig: Setting CVar [[r.PostProcessAAQuality:4]]
[2022.02.01-05.30.07:171][  0]LogConfig: Applying CVar settings from Section [ShadowQuality@3] File [C:/Users/annie/Desktop/Unreal Project/BossGame/Saved/Config/Windows/Scalability.ini]
[2022.02.01-05.30.07:171][  0]LogConfig: Setting CVar [[r.LightFunctionQuality:1]]
[2022.02.01-05.30.07:171][  0]LogConfig: Setting CVar [[r.ShadowQuality:5]]
[2022.02.01-05.30.07:171][  0]LogConfig: Setting CVar [[r.Shadow.CSM.MaxCascades:10]]
[2022.02.01-05.30.07:171][  0]LogConfig: Setting CVar [[r.Shadow.MaxResolution:2048]]
[2022.02.01-05.30.07:171][  0]LogConfig: Setting CVar [[r.Shadow.MaxCSMResolution:2048]]
[2022.02.01-05.30.07:171][  0]LogConfig: Setting CVar [[r.Shadow.RadiusThreshold:0.01]]
[2022.02.01-05.30.07:171][  0]LogConfig: Setting CVar [[r.Shadow.DistanceScale:1.0]]
[2022.02.01-05.30.07:171][  0]LogConfig: Setting CVar [[r.Shadow.CSM.TransitionScale:1.0]]
[2022.02.01-05.30.07:171][  0]LogConfig: Setting CVar [[r.Shadow.PreShadowResolutionFactor:1.0]]
[2022.02.01-05.30.07:171][  0]LogConfig: Setting CVar [[r.DistanceFieldShadowing:1]]
[2022.02.01-05.30.07:171][  0]LogConfig: Setting CVar [[r.DistanceFieldAO:1]]
[2022.02.01-05.30.07:171][  0]LogConfig: Setting CVar [[r.AOQuality:2]]
[2022.02.01-05.30.07:171][  0]LogConfig: Setting CVar [[r.VolumetricFog:1]]
[2022.02.01-05.30.07:171][  0]LogConfig: Setting CVar [[r.VolumetricFog.GridPixelSize:8]]
[2022.02.01-05.30.07:171][  0]LogConfig: Setting CVar [[r.VolumetricFog.GridSizeZ:128]]
[2022.02.01-05.30.07:171][  0]LogConfig: Setting CVar [[r.VolumetricFog.HistoryMissSupersampleCount:4]]
[2022.02.01-05.30.07:171][  0]LogConfig: Setting CVar [[r.LightMaxDrawDistanceScale:1]]
[2022.02.01-05.30.07:171][  0]LogConfig: Setting CVar [[r.CapsuleShadows:1]]
[2022.02.01-05.30.07:171][  0]LogConfig: Applying CVar settings from Section [PostProcessQuality@3] File [C:/Users/annie/Desktop/Unreal Project/BossGame/Saved/Config/Windows/Scalability.ini]
[2022.02.01-05.30.07:171][  0]LogConfig: Setting CVar [[r.MotionBlurQuality:4]]
[2022.02.01-05.30.07:171][  0]LogConfig: Setting CVar [[r.AmbientOcclusionMipLevelFactor:0.4]]
[2022.02.01-05.30.07:171][  0]LogConfig: Setting CVar [[r.AmbientOcclusionMaxQuality:100]]
[2022.02.01-05.30.07:171][  0]LogConfig: Setting CVar [[r.AmbientOcclusionLevels:-1]]
[2022.02.01-05.30.07:171][  0]LogConfig: Setting CVar [[r.AmbientOcclusionRadiusScale:1.0]]
[2022.02.01-05.30.07:171][  0]LogConfig: Setting CVar [[r.DepthOfFieldQuality:2]]
[2022.02.01-05.30.07:171][  0]LogConfig: Setting CVar [[r.RenderTargetPoolMin:400]]
[2022.02.01-05.30.07:171][  0]LogConfig: Setting CVar [[r.LensFlareQuality:2]]
[2022.02.01-05.30.07:172][  0]LogConfig: Setting CVar [[r.SceneColorFringeQuality:1]]
[2022.02.01-05.30.07:172][  0]LogConfig: Setting CVar [[r.EyeAdaptationQuality:2]]
[2022.02.01-05.30.07:172][  0]LogConfig: Setting CVar [[r.BloomQuality:5]]
[2022.02.01-05.30.07:172][  0]LogConfig: Setting CVar [[r.FastBlurThreshold:100]]
[2022.02.01-05.30.07:172][  0]LogConfig: Setting CVar [[r.Upscale.Quality:3]]
[2022.02.01-05.30.07:172][  0]LogConfig: Setting CVar [[r.Tonemapper.GrainQuantization:1]]
[2022.02.01-05.30.07:172][  0]LogConfig: Setting CVar [[r.LightShaftQuality:1]]
[2022.02.01-05.30.07:172][  0]LogConfig: Setting CVar [[r.Filter.SizeScale:1]]
[2022.02.01-05.30.07:172][  0]LogConfig: Setting CVar [[r.Tonemapper.Quality:5]]
[2022.02.01-05.30.07:172][  0]LogConfig: Setting CVar [[r.DOF.Gather.AccumulatorQuality:1        ; higher gathering accumulator quality]]
[2022.02.01-05.30.07:172][  0]LogConfig: Setting CVar [[r.DOF.Gather.PostfilterMethod:1          ; Median3x3 postfilering method]]
[2022.02.01-05.30.07:172][  0]LogConfig: Setting CVar [[r.DOF.Gather.EnableBokehSettings:0       ; no bokeh simulation when gathering]]
[2022.02.01-05.30.07:172][  0]LogConfig: Setting CVar [[r.DOF.Gather.RingCount:4                 ; medium number of samples when gathering]]
[2022.02.01-05.30.07:172][  0]LogConfig: Setting CVar [[r.DOF.Scatter.ForegroundCompositing:1    ; additive foreground scattering]]
[2022.02.01-05.30.07:172][  0]LogConfig: Setting CVar [[r.DOF.Scatter.BackgroundCompositing:2    ; additive background scattering]]
[2022.02.01-05.30.07:172][  0]LogConfig: Setting CVar [[r.DOF.Scatter.EnableBokehSettings:1      ; bokeh simulation when scattering]]
[2022.02.01-05.30.07:172][  0]LogConfig: Setting CVar [[r.DOF.Scatter.MaxSpriteRatio:0.1         ; only a maximum of 10% of scattered bokeh]]
[2022.02.01-05.30.07:172][  0]LogConfig: Setting CVar [[r.DOF.Recombine.Quality:1                ; cheap slight out of focus]]
[2022.02.01-05.30.07:172][  0]LogConfig: Setting CVar [[r.DOF.Recombine.EnableBokehSettings:0    ; no bokeh simulation on slight out of focus]]
[2022.02.01-05.30.07:172][  0]LogConfig: Setting CVar [[r.DOF.TemporalAAQuality:1                ; more stable temporal accumulation]]
[2022.02.01-05.30.07:172][  0]LogConfig: Setting CVar [[r.DOF.Kernel.MaxForegroundRadius:0.025]]
[2022.02.01-05.30.07:172][  0]LogConfig: Setting CVar [[r.DOF.Kernel.MaxBackgroundRadius:0.025]]
[2022.02.01-05.30.07:172][  0]LogConfig: Applying CVar settings from Section [TextureQuality@3] File [C:/Users/annie/Desktop/Unreal Project/BossGame/Saved/Config/Windows/Scalability.ini]
[2022.02.01-05.30.07:172][  0]LogConfig: Setting CVar [[r.Streaming.MipBias:0]]
[2022.02.01-05.30.07:172][  0]LogConfig: Setting CVar [[r.Streaming.AmortizeCPUToGPUCopy:0]]
[2022.02.01-05.30.07:172][  0]LogConfig: Setting CVar [[r.Streaming.MaxNumTexturesToStreamPerFrame:0]]
[2022.02.01-05.30.07:172][  0]LogConfig: Setting CVar [[r.Streaming.Boost:1]]
[2022.02.01-05.30.07:172][  0]LogConfig: Setting CVar [[r.MaxAnisotropy:8]]
[2022.02.01-05.30.07:172][  0]LogConfig: Setting CVar [[r.VT.MaxAnisotropy:8]]
[2022.02.01-05.30.07:172][  0]LogConfig: Setting CVar [[r.Streaming.LimitPoolSizeToVRAM:0]]
[2022.02.01-05.30.07:172][  0]LogConfig: Setting CVar [[r.Streaming.PoolSize:1000]]
[2022.02.01-05.30.07:172][  0]LogConfig: Setting CVar [[r.Streaming.MaxEffectiveScreenSize:0]]
[2022.02.01-05.30.07:172][  0]LogConfig: Applying CVar settings from Section [EffectsQuality@3] File [C:/Users/annie/Desktop/Unreal Project/BossGame/Saved/Config/Windows/Scalability.ini]
[2022.02.01-05.30.07:172][  0]LogConfig: Setting CVar [[r.TranslucencyLightingVolumeDim:64]]
[2022.02.01-05.30.07:172][  0]LogConfig: Setting CVar [[r.RefractionQuality:2]]
[2022.02.01-05.30.07:172][  0]LogConfig: Setting CVar [[r.SSR.Quality:3]]
[2022.02.01-05.30.07:172][  0]LogConfig: Setting CVar [[r.SSR.HalfResSceneColor:0]]
[2022.02.01-05.30.07:172][  0]LogConfig: Setting CVar [[r.SceneColorFormat:4]]
[2022.02.01-05.30.07:172][  0]LogConfig: Setting CVar [[r.DetailMode:2]]
[2022.02.01-05.30.07:172][  0]LogConfig: Setting CVar [[r.TranslucencyVolumeBlur:1]]
[2022.02.01-05.30.07:172][  0]LogConfig: Setting CVar [[r.MaterialQualityLevel:1 ; High quality]]
[2022.02.01-05.30.07:172][  0]LogConfig: Setting CVar [[r.AnisotropicMaterials:1]]
[2022.02.01-05.30.07:172][  0]LogConfig: Setting CVar [[r.SSS.Scale:1]]
[2022.02.01-05.30.07:172][  0]LogConfig: Setting CVar [[r.SSS.SampleSet:2]]
[2022.02.01-05.30.07:172][  0]LogConfig: Setting CVar [[r.SSS.Quality:1]]
[2022.02.01-05.30.07:172][  0]LogConfig: Setting CVar [[r.SSS.HalfRes:0]]
[2022.02.01-05.30.07:172][  0]LogConfig: Setting CVar [[r.SSGI.Quality:3]]
[2022.02.01-05.30.07:172][  0]LogConfig: Setting CVar [[r.EmitterSpawnRateScale:1.0]]
[2022.02.01-05.30.07:172][  0]LogConfig: Setting CVar [[r.ParticleLightQuality:2]]
[2022.02.01-05.30.07:172][  0]LogConfig: Setting CVar [[r.SkyAtmosphere.AerialPerspectiveLUT.FastApplyOnOpaque:1 ; Always have FastSkyLUT 1 in this case to avoid wrong sky]]
[2022.02.01-05.30.07:172][  0]LogConfig: Setting CVar [[r.SkyAtmosphere.AerialPerspectiveLUT.SampleCountMaxPerSlice:4]]
[2022.02.01-05.30.07:172][  0]LogConfig: Setting CVar [[r.SkyAtmosphere.AerialPerspectiveLUT.DepthResolution:16.0]]
[2022.02.01-05.30.07:172][  0]LogConfig: Setting CVar [[r.SkyAtmosphere.FastSkyLUT:1]]
[2022.02.01-05.30.07:172][  0]LogConfig: Setting CVar [[r.SkyAtmosphere.FastSkyLUT.SampleCountMin:4.0]]
[2022.02.01-05.30.07:172][  0]LogConfig: Setting CVar [[r.SkyAtmosphere.FastSkyLUT.SampleCountMax:128.0]]
[2022.02.01-05.30.07:172][  0]LogConfig: Setting CVar [[r.SkyAtmosphere.SampleCountMin:4.0]]
[2022.02.01-05.30.07:172][  0]LogConfig: Setting CVar [[r.SkyAtmosphere.SampleCountMax:128.0]]
[2022.02.01-05.30.07:172][  0]LogConfig: Setting CVar [[r.SkyAtmosphere.TransmittanceLUT.UseSmallFormat:0]]
[2022.02.01-05.30.07:172][  0]LogConfig: Setting CVar [[r.SkyAtmosphere.TransmittanceLUT.SampleCount:10.0]]
[2022.02.01-05.30.07:172][  0]LogConfig: Setting CVar [[r.SkyAtmosphere.MultiScatteringLUT.SampleCount:15.0]]
[2022.02.01-05.30.07:172][  0]LogConfig: Setting CVar [[r.SkyLight.RealTimeReflectionCapture:1]]
[2022.02.01-05.30.07:172][  0]LogConfig: Applying CVar settings from Section [FoliageQuality@3] File [C:/Users/annie/Desktop/Unreal Project/BossGame/Saved/Config/Windows/Scalability.ini]
[2022.02.01-05.30.07:172][  0]LogConfig: Setting CVar [[foliage.DensityScale:1.0]]
[2022.02.01-05.30.07:172][  0]LogConfig: Setting CVar [[grass.DensityScale:1.0]]
[2022.02.01-05.30.07:172][  0]LogConfig: Applying CVar settings from Section [ShadingQuality@3] File [C:/Users/annie/Desktop/Unreal Project/BossGame/Saved/Config/Windows/Scalability.ini]
[2022.02.01-05.30.07:172][  0]LogConfig: Setting CVar [[r.HairStrands.SkyLighting.IntegrationType:2]]
[2022.02.01-05.30.07:172][  0]LogConfig: Setting CVar [[r.HairStrands.SkyAO.SampleCount:4]]
[2022.02.01-05.30.07:172][  0]LogConfig: Setting CVar [[r.HairStrands.Visibility.MSAA.SamplePerPixel:4]]
[2022.02.01-05.30.07:172][  0]LogConfig: Applying CVar settings from Section [Startup] File [../../../Engine/Config/ConsoleVariables.ini]
[2022.02.01-05.30.07:172][  0]LogConfig: Setting CVar [[net.UseAdaptiveNetUpdateFrequency:0]]
[2022.02.01-05.30.07:172][  0]LogConfig: Setting CVar [[p.chaos.AllowCreatePhysxBodies:1]]
[2022.02.01-05.30.07:172][  0]LogConfig: Setting CVar [[fx.SkipVectorVMBackendOptimizations:1]]
[2022.02.01-05.30.07:172][  0]LogConfig: Applying CVar settings from Section [ConsoleVariables] File [C:/Users/annie/Desktop/Unreal Project/BossGame/Saved/Config/Windows/Engine.ini]
[2022.02.01-05.30.07:172][  0]LogConfig: Applying CVar settings from Section [ConsoleVariables] File [C:/Users/annie/Desktop/Unreal Project/BossGame/Saved/Config/Windows/Editor.ini]
[2022.02.01-05.30.07:172][  0]LogInit: Computer: DESKTOP-ONRQHMG
[2022.02.01-05.30.07:172][  0]LogInit: User: annie
[2022.02.01-05.30.07:172][  0]LogInit: CPU Page size=4096, Cores=4
[2022.02.01-05.30.07:172][  0]LogInit: High frequency timer resolution =10.000000 MHz
[2022.02.01-05.30.07:172][  0]LogMemory: Memory total: Physical=23.8GB (24GB approx)
[2022.02.01-05.30.07:172][  0]LogMemory: Platform Memory Stats for Windows
[2022.02.01-05.30.07:172][  0]LogMemory: Process Physical Memory: 143.55 MB used, 143.55 MB peak
[2022.02.01-05.30.07:172][  0]LogMemory: Process Virtual Memory: 128.71 MB used, 128.71 MB peak
[2022.02.01-05.30.07:173][  0]LogMemory: Physical Memory: 9048.04 MB used,  15312.18 MB free, 24360.22 MB total
[2022.02.01-05.30.07:173][  0]LogMemory: Virtual Memory: 134202632.00 MB used,  15099.64 MB free, 134217728.00 MB total
[2022.02.01-05.30.07:177][  0]LogWindows: WindowsPlatformFeatures enabled
[2022.02.01-05.30.07:197][  0]LogInit: Physics initialised using underlying interface: PhysX
[2022.02.01-05.30.07:197][  0]LogInit: Overriding language with editor language configuration option (en).
[2022.02.01-05.30.07:197][  0]LogInit: Using OS detected locale (zh-TW).
[2022.02.01-05.30.07:371][  0]LogInit: Setting process to per monitor DPI aware
[2022.02.01-05.30.07:381][  0]LogWindowsTextInputMethodSystem: Display: IME system deactivated.
[2022.02.01-05.30.07:392][  0]LogSlate: New Slate User Created.  User Index 0, Is Virtual User: 0
[2022.02.01-05.30.07:392][  0]LogSlate: Slate User Registered.  User Index 0, Is Virtual User: 0
[2022.02.01-05.30.07:499][  0]LogD3D11RHI: Loaded GFSDK_Aftermath_Lib.x64.dll
[2022.02.01-05.30.07:511][  0]LogHMD: Failed to initialize OpenVR with code 110
[2022.02.01-05.30.07:511][  0]LogD3D11RHI: D3D11 min allowed feature level: 11_0
[2022.02.01-05.30.07:511][  0]LogD3D11RHI: D3D11 max allowed feature level: 11_0
[2022.02.01-05.30.07:511][  0]LogD3D11RHI: D3D11 adapters:
[2022.02.01-05.30.07:698][  0]LogD3D11RHI:    0. 'NVIDIA GeForce MX250' (Feature Level 11_0)
[2022.02.01-05.30.07:698][  0]LogD3D11RHI:       1983/0/12180 MB DedicatedVideo/DedicatedSystem/SharedSystem, Outputs:1, VendorId:0x10de
[2022.02.01-05.30.07:708][  0]LogD3D11RHI:    1. 'Intel(R) UHD Graphics' (Feature Level 11_0)
[2022.02.01-05.30.07:708][  0]LogD3D11RHI:       128/0/12180 MB DedicatedVideo/DedicatedSystem/SharedSystem, Outputs:0, VendorId:0x8086
[2022.02.01-05.30.07:710][  0]LogD3D11RHI:    2. 'Microsoft Basic Render Driver' (Feature Level 11_0)
[2022.02.01-05.30.07:710][  0]LogD3D11RHI:       0/0/12180 MB DedicatedVideo/DedicatedSystem/SharedSystem, Outputs:0, VendorId:0x1414
[2022.02.01-05.30.07:710][  0]LogD3D11RHI: Chosen D3D11 Adapter:
[2022.02.01-05.30.07:710][  0]LogD3D11RHI:     Description : NVIDIA GeForce MX250
[2022.02.01-05.30.07:710][  0]LogD3D11RHI:     VendorId    : 10de
[2022.02.01-05.30.07:710][  0]LogD3D11RHI:     DeviceId    : 1d13
[2022.02.01-05.30.07:710][  0]LogD3D11RHI:     SubSysId    : 9591028
[2022.02.01-05.30.07:710][  0]LogD3D11RHI:     Revision    : 00a1
[2022.02.01-05.30.07:710][  0]LogD3D11RHI:     DedicatedVideoMemory : 2080038912 bytes
[2022.02.01-05.30.07:710][  0]LogD3D11RHI:     DedicatedSystemMemory : 0 bytes
[2022.02.01-05.30.07:710][  0]LogD3D11RHI:     SharedSystemMemory : 12771772416 bytes
[2022.02.01-05.30.07:710][  0]LogD3D11RHI:     AdapterLuid : 0 86499
[2022.02.01-05.30.07:714][  0]LogD3D11RHI: Creating new Direct3DDevice
[2022.02.01-05.30.07:714][  0]LogD3D11RHI:     GPU DeviceId: 0x1d13 (for the marketing name, search the web for "GPU Device Id")
[2022.02.01-05.30.07:714][  0]LogWindows: EnumDisplayDevices:
[2022.02.01-05.30.07:715][  0]LogWindows:    0. 'Intel(R) UHD Graphics' (P:1 D:1)
[2022.02.01-05.30.07:715][  0]LogWindows:    1. 'Intel(R) UHD Graphics' (P:0 D:0)
[2022.02.01-05.30.07:715][  0]LogWindows:    2. 'Intel(R) UHD Graphics' (P:0 D:0)
[2022.02.01-05.30.07:715][  0]LogWindows: DebugString: PrimaryIsNotTheChoosenAdapter PrimaryIsNotTheChoosenAdapter PrimaryIsNotTheChoosenAdapter FoundDriverCount:0 
[2022.02.01-05.30.07:715][  0]LogD3D11RHI:     Adapter Name: NVIDIA GeForce MX250
[2022.02.01-05.30.07:715][  0]LogD3D11RHI:   Driver Version: Unknown (internal:Unknown, unified:Unknown)
[2022.02.01-05.30.07:715][  0]LogD3D11RHI:      Driver Date: Unknown
[2022.02.01-05.30.07:715][  0]LogRHI: Texture pool is 1388 MB (70% of 1983 MB)
[2022.02.01-05.30.07:715][  0]LogD3D11RHI: Creating D3DDevice using adapter:
[2022.02.01-05.30.07:715][  0]LogD3D11RHI:     Description : NVIDIA GeForce MX250
[2022.02.01-05.30.07:715][  0]LogD3D11RHI:     VendorId    : 10de
[2022.02.01-05.30.07:715][  0]LogD3D11RHI:     DeviceId    : 1d13
[2022.02.01-05.30.07:715][  0]LogD3D11RHI:     SubSysId    : 9591028
[2022.02.01-05.30.07:715][  0]LogD3D11RHI:     Revision    : 00a1
[2022.02.01-05.30.07:715][  0]LogD3D11RHI:     DedicatedVideoMemory : 2080038912 bytes
[2022.02.01-05.30.07:715][  0]LogD3D11RHI:     DedicatedSystemMemory : 0 bytes
[2022.02.01-05.30.07:715][  0]LogD3D11RHI:     SharedSystemMemory : 12771772416 bytes
[2022.02.01-05.30.07:715][  0]LogD3D11RHI:     AdapterLuid : 0 86499
[2022.02.01-05.30.07:760][  0]LogD3D11RHI: RHI has support for 64 bit atomics
[2022.02.01-05.30.07:760][  0]LogD3D11RHI: Async texture creation enabled
[2022.02.01-05.30.07:760][  0]LogD3D11RHI: Array index from any shader is supported
[2022.02.01-05.30.07:778][  0]LogD3D11RHI: GPU Timing Frequency: 1000.000000 (Debug: 2 2)
[2022.02.01-05.30.07:837][  0]LogRHI: GeForceNow SDK initialized: 1
[2022.02.01-05.30.08:062][  0]LogTargetPlatformManager: Display: Loaded TargetPlatform 'AllDesktop'
[2022.02.01-05.30.08:080][  0]LogTargetPlatformManager: Display: Loaded TargetPlatform 'Android'
[2022.02.01-05.30.08:080][  0]LogTargetPlatformManager: Display: Loaded TargetPlatform 'Android_ASTC'
[2022.02.01-05.30.08:080][  0]LogTargetPlatformManager: Display: Loaded TargetPlatform 'Android_DXT'
[2022.02.01-05.30.08:080][  0]LogTargetPlatformManager: Display: Loaded TargetPlatform 'Android_ETC2'
[2022.02.01-05.30.08:080][  0]LogTargetPlatformManager: Display: Loaded TargetPlatform 'AndroidClient'
[2022.02.01-05.30.08:080][  0]LogTargetPlatformManager: Display: Loaded TargetPlatform 'Android_ASTCClient'
[2022.02.01-05.30.08:080][  0]LogTargetPlatformManager: Display: Loaded TargetPlatform 'Android_DXTClient'
[2022.02.01-05.30.08:080][  0]LogTargetPlatformManager: Display: Loaded TargetPlatform 'Android_ETC2Client'
[2022.02.01-05.30.08:080][  0]LogTargetPlatformManager: Display: Loaded TargetPlatform 'Android_Multi'
[2022.02.01-05.30.08:080][  0]LogTargetPlatformManager: Display: Loaded TargetPlatform 'Android_MultiClient'
[2022.02.01-05.30.08:095][  0]LogTargetPlatformManager: Display: Loaded TargetPlatform 'IOSClient'
[2022.02.01-05.30.08:095][  0]LogTargetPlatformManager: Display: Loaded TargetPlatform 'IOS'
[2022.02.01-05.30.08:102][  0]LogTargetPlatformManager: Display: Loaded TargetPlatform 'Linux'
[2022.02.01-05.30.08:106][  0]LogTargetPlatformManager: Display: Loaded TargetPlatform 'LinuxNoEditor'
[2022.02.01-05.30.08:109][  0]LogTargetPlatformManager: Display: Loaded TargetPlatform 'LinuxClient'
[2022.02.01-05.30.08:113][  0]LogTargetPlatformManager: Display: Loaded TargetPlatform 'LinuxServer'
[2022.02.01-05.30.08:121][  0]LogTargetPlatformManager: Display: Loaded TargetPlatform 'LinuxAArch64NoEditor'
[2022.02.01-05.30.08:125][  0]LogTargetPlatformManager: Display: Loaded TargetPlatform 'LinuxAArch64Client'
[2022.02.01-05.30.08:128][  0]LogTargetPlatformManager: Display: Loaded TargetPlatform 'LinuxAArch64Server'
[2022.02.01-05.30.08:149][  0]LogTargetPlatformManager: Display: Loaded TargetPlatform 'Lumin'
[2022.02.01-05.30.08:149][  0]LogTargetPlatformManager: Display: Loaded TargetPlatform 'LuminClient'
[2022.02.01-05.30.08:157][  0]LogTargetPlatformManager: Display: Loaded TargetPlatform 'MacNoEditor'
[2022.02.01-05.30.08:160][  0]LogTargetPlatformManager: Display: Loaded TargetPlatform 'Mac'
[2022.02.01-05.30.08:164][  0]LogTargetPlatformManager: Display: Loaded TargetPlatform 'MacClient'
[2022.02.01-05.30.08:167][  0]LogTargetPlatformManager: Display: Loaded TargetPlatform 'MacServer'
[2022.02.01-05.30.08:175][  0]LogTargetPlatformManager: Display: Loaded TargetPlatform 'TVOSClient'
[2022.02.01-05.30.08:175][  0]LogTargetPlatformManager: Display: Loaded TargetPlatform 'TVOS'
[2022.02.01-05.30.08:182][  0]LogTargetPlatformManager: Display: Loaded TargetPlatform 'WindowsNoEditor'
[2022.02.01-05.30.08:186][  0]LogTargetPlatformManager: Display: Loaded TargetPlatform 'Windows'
[2022.02.01-05.30.08:189][  0]LogTargetPlatformManager: Display: Loaded TargetPlatform 'WindowsClient'
[2022.02.01-05.30.08:193][  0]LogTargetPlatformManager: Display: Loaded TargetPlatform 'WindowsServer'
[2022.02.01-05.30.08:193][  0]LogTargetPlatformManager: Display: Building Assets For Windows
[2022.02.01-05.30.08:199][  0]LogAudioDebug: Display: Lib vorbis DLL was dynamically loaded.
[2022.02.01-05.30.08:225][  0]LogTextureFormatOodle: Display: Oodle Texture 2.9.0 init RDO Off
[2022.02.01-05.30.08:248][  0]LogRendererCore: Ray tracing is disabled. Reason: r.RayTracing=0.
[2022.02.01-05.30.08:248][  0]LogShaderCompilers: Guid format shader working directory is -16 characters bigger than the processId version (../../../../../../Users/annie/Desktop/Unreal Project/BossGame/Intermediate/Shaders/WorkingDirectory/35800/).
[2022.02.01-05.30.08:248][  0]LogShaderCompilers: Cleaned the shader compiler working directory 'C:/Users/annie/AppData/Local/Temp/UnrealShaderWorkingDir/E26CB0D94EA51CDBFEA9A3A9DF85F54D/'.
[2022.02.01-05.30.08:249][  0]LogXGEController: Cannot use XGE Controller as Incredibuild is not installed on this machine.
[2022.02.01-05.30.08:249][  0]LogShaderCompilers: Cannot use XGE Shader Compiler as Incredibuild is not installed on this machine.
[2022.02.01-05.30.08:249][  0]LogShaderCompilers: Display: Using Local Shader Compiler.
[2022.02.01-05.30.08:907][  0]LogDerivedDataCache: Display: Max Cache Size: 512 MB
[2022.02.01-05.30.08:954][  0]LogDerivedDataCache: Loaded boot cache 0.05s 94MB C:/Users/annie/AppData/Local/UnrealEngine/4.27/DerivedDataCache/Boot.ddc.
[2022.02.01-05.30.08:954][  0]LogDerivedDataCache: Display: Loaded Boot cache: C:/Users/annie/AppData/Local/UnrealEngine/4.27/DerivedDataCache/Boot.ddc
[2022.02.01-05.30.08:954][  0]LogDerivedDataCache: FDerivedDataBackendGraph:  Pak pak cache file ../../../../../../Users/annie/Desktop/Unreal Project/BossGame/DerivedDataCache/DDC.ddp not found, will not use a pak cache.
[2022.02.01-05.30.08:954][  0]LogDerivedDataCache: Unable to find inner node Pak for hierarchical cache Hierarchy.
[2022.02.01-05.30.08:955][  0]LogDerivedDataCache: FDerivedDataBackendGraph:  CompressedPak pak cache file ../../../../../../Users/annie/Desktop/Unreal Project/BossGame/DerivedDataCache/Compressed.ddp not found, will not use a pak cache.
[2022.02.01-05.30.08:955][  0]LogDerivedDataCache: Unable to find inner node CompressedPak for hierarchical cache Hierarchy.
[2022.02.01-05.30.08:971][  0]LogDerivedDataCache: Display: Pak cache opened for reading ../../../Engine/DerivedDataCache/Compressed.ddp.
[2022.02.01-05.30.08:971][  0]LogDerivedDataCache: FDerivedDataBackendGraph:  EnterprisePak pak cache file ../../../Enterprise/DerivedDataCache/Compressed.ddp not found, will not use a pak cache.
[2022.02.01-05.30.08:971][  0]LogDerivedDataCache: Unable to find inner node EnterprisePak for hierarchical cache Hierarchy.
[2022.02.01-05.30.08:977][  0]LogDerivedDataCache: Speed tests for C:/Users/annie/AppData/Local/UnrealEngine/Common/DerivedDataCache took 0.01 seconds
[2022.02.01-05.30.08:978][  0]LogDerivedDataCache: Display: Performance to C:/Users/annie/AppData/Local/UnrealEngine/Common/DerivedDataCache: Latency=0.05ms. RandomReadSpeed=1293.39MBs, RandomWriteSpeed=178.81MBs. Assigned SpeedClass 'Local'
[2022.02.01-05.30.08:978][  0]LogDerivedDataCache: Using Local data cache path C:/Users/annie/AppData/Local/UnrealEngine/Common/DerivedDataCache: Writable
[2022.02.01-05.30.08:978][  0]LogDerivedDataCache: Shared data cache path not found in *engine.ini, will not use an Shared cache.
[2022.02.01-05.30.08:978][  0]LogDerivedDataCache: Unable to find inner node Shared for hierarchical cache Hierarchy.
[2022.02.01-05.30.09:022][  0]LogSlate: Using FreeType 2.10.0
[2022.02.01-05.30.09:022][  0]LogSlate: SlateFontServices - WITH_FREETYPE: 1, WITH_HARFBUZZ: 1
[2022.02.01-05.30.09:042][  0]LogAssetRegistry: FAssetRegistry took 0.0021 seconds to start up
[2022.02.01-05.30.09:239][  0]LogInit: Selected Device Profile: [Windows]
[2022.02.01-05.30.09:239][  0]LogInit: Active device profile: [00000129E0224900][00000129D2D956C0 49] Windows
[2022.02.01-05.30.09:239][  0]LogInit: Profiles: [00000129E0224900][00000129D2D956C0 49] Windows, [00000129E01FB800][00000129DF983840 49] WindowsNoEditor, [00000129E0227500][00000129DF9879C0 49] WindowsServer, [00000129E01F8E00][00000129DF98BB40 49] WindowsClient, [00000129E0227800][00000129DF98E140 49] IOS, [00000129E01FA800][00000129DF9922C0 49] iPadAir, [00000129E0226000][00000129DF996440 49] iPadAir2, [00000129E019CA00][00000129DF99E700 49] IPadPro, [00000129E019CB00][00000129DF99A740 49] iPadAir3, [00000129E01F9800][00000129DF9A28C0 49] iPadAir4, [00000129E019F400][00000129D2D98A00 49] iPadMini2, [00000129E01FAA00][00000129DFA22B40 49] iPadMini3, [00000129E019D700][00000129DFA2AC80 49] iPadMini4, [00000129E0225000][00000129DFA3EDC0 49] iPadMini5, [00000129E01C0300][00000129D8DEB080 49] iPhone6, [00000129E01C0400][00000129D8DD30C0 49] iPodTouch6, [00000129E019F600][00000129D8DF3380 49] iPhone7, [00000129E019D800][00000129D8DEF3C0 49] iPodTouch7, [00000129E01C3F00][00000129D8DF7540 49] iPhone5S, [00000129E01FA300][00000129D8DFB6C0 49] iPhone6Plus, [00000129E019C200][00000129D8DFF840 49] iPhone6S, [00000129E01FA200][00000129D8E039C0 49] iPhone6SPlus, [00000129E019FC00][00000129D8E07B40 49] iPhone7Plus, [00000129E01F8100][00000129D607E140 49] iPhoneSE, [00000129E019F500][00000129D60822C0 49] iPhone8, [00000129E01F9E00][00000129D6086440 49] iPhone8Plus, [00000129E019D000][00000129D608A5C0 49] iPhoneX, [00000129E01F8A00][00000129D6092740 49] iPhoneXS, [00000129E019D200][00000129D609A8C0 49] iPhoneXSMax, [00000129E01F9500][00000129D6006A40 49] iPhoneXR, [00000129E019F700][00000129D8DBAB80 49] iPhone11, [00000129E01F8D00][00000129D6030CC0 49] iPhone11Pro, [00000129E019F800][00000129D6038E00 49] iPhone11ProMax, [00000129E01F8F00][00000129DD56CF40 49] iPhoneSE2, [00000129E019EE00][00000129DD5850C0 49] iPhone12Mini, [00000129E01FB100][00000129DD589240 49] iPhone12, [00000129E019EB00][00000129DD58D3C0 49] iPhone12Pro, [00000129E01F8800][00000129DF9FB540 49] iPhone12ProMax, [00000129E019E300][00000129DD6296C0 49] iPadPro105, [00000129E01FAF00][00000129DF9FF840 49] iPadPro129, [00000129E019E000][00000129DFA039C0 49] iPadPro97, [00000129E01F9300][00000129DFA07B40 49] iPadPro2_129, [00000129E019DA00][00000129DFA0A140 49] iPad5, [00000129E01F9A00][00000129DFA0E2C0 49] iPad6, [00000129E019E800][00000129DFA12440 49] iPad7, [00000129E01F8C00][00000129D8C465C0 49] iPad8, [00000129E019F200][00000129D8C4A740 49] iPadPro11, [00000129E01F9600][00000129D8C528C0 49] iPadPro2_11, [00000129E019DC00][00000129D8D3EA40 49] iPadPro3_129, [00000129E01FB900][00000129D8D42BC0 49] iPadPro4_129, [00000129E019D500][00000129E0C40D40 49] AppleTV, [00000129E01F8300][00000129DD580E80 49] AppleTV4K, [00000129E019C100][00000129E0C4CFC0 49] TVOS, [00000129E01FA400][00000129E0CE5100 49] Mac, [00000129E019E100][00000129E1F85280 49] MacClient, [00000129E01FB400][00000129E20DB400 49] MacNoEditor, [00000129E019DF00][00000129E20FD580 49] MacServer, [00000129E01F8600][00000129E2101700 49] Linux, [00000129E019E200][00000129E2105880 49] LinuxAArch64, [00000129E01FB600][00000129E2109A00 49] LinuxNoEditor, [00000129E019DD00][00000129E210DB80 49] LinuxAArch64NoEditor, [00000129E01F9400][00000129E2110180 49] LinuxClient, [00000129E019F100][00000129E2114300 49] LinuxAArch64Client, [00000129E01F9900][00000129E2118480 49] LinuxServer, [00000129E019F000][00000129E218C600 49] LinuxAArch64Server, [00000129E01FA600][00000129DF9AA780 49] Android, [00000129E019C700][00000129DF9AE900 49] Android_Low, [00000129E01F9B00][00000129DF9CCA80 49] Android_Mid, [00000129E0227A00][00000129DF9D8C00 49] Android_High, [00000129E01C1C00][00000129DF9DCD80 49] Android_Default, [00000129E0226100][00000129DF9E0F00 49] Android_Adreno4xx, [00000129E01C2700][00000129E1F81040 49] Android_Adreno5xx_Low, [00000129E0224B00][00000129DF9E5180 49] Android_Adreno5xx, [00000129E01C2D00][00000129DF9E92C0 49] Android_Adreno6xx, [00000129E0225200][00000129DF9F1440 49] Android_Adreno6xx_Vulkan, [00000129E01C2800][00000129DF9F55C0 49] Android_Mali_T6xx, [00000129E0227200][00000129D8C3B740 49] Android_Mali_T7xx, [00000129E01C2E00][00000129D8C438C0 49] Android_Mali_T8xx, [00000129E0226500][00000129E0AEFA40 49] Android_Mali_G71, [00000129E01C3E00][00000129E0AF3BC0 49] Android_Mali_G72, [00000129E0226A00][00000129E0AF61C0 49] Android_Mali_G72_Vulkan, [00000129E01C1B00][00000129D603C340 49] Android_Mali_G76, [00000129E0225B00][00000129E0AFA4C0 49] Android_Mali_G76_Vulkan, [00000129E01C3D00][00000129E0AFE640 49] Android_Mali_G77, [00000129E0226D00][00000129D8C3E7C0 49] Android_Mali_G77_Vulkan, [00000129E01C3900][00000129E0B02940 49] Android_Mali_G78, [00000129E0224D00][00000129DD614AC0 49] Android_Mali_G78_Vulkan, [00000129E01C0500][00000129DD618C40 49] Android_Mali_G710, [00000129E0226B00][00000129DD61CDC0 49] Android_Mali_G710_Vulkan, [00000129E01C3500][00000129DD620F40 49] Android_Vulkan_SM5, [00000129E0227400][00000129DD6250C0 49] Android_PowerVR_G6xxx, [00000129E01C2400][00000129DF9ED200 49] Android_PowerVR_GT7xxx, [00000129E0227C00][00000129E0C45340 49] Android_PowerVR_GE8xxx, [00000129E01C2200][00000129D8D13480 49] Android_PowerVR_GM9xxx, [00000129E0227000][00000129D8D0F5C0 49] Android_PowerVR_GM9xxx_Vulkan, [00000129E01C1500][00000129D8D07740 49] Android_TegraK1, [00000129E0225100][00000129D8C4F8C0 49] Android_Unknown_Vulkan, [00000129E01FBD00][00000129D6035A40 49] Lumin, [00000129E0226900][00000129E20F9BC0 49] Lumin_Desktop, [00000129E01FBE00][00000129DD5441C0 49] HoloLens, 
[2022.02.01-05.30.09:348][  0]LogMeshReduction: Using QuadricMeshReduction for automatic static mesh reduction
[2022.02.01-05.30.09:348][  0]LogMeshReduction: Using SimplygonMeshReduction for automatic skeletal mesh reduction
[2022.02.01-05.30.09:348][  0]LogMeshReduction: Using ProxyLODMeshReduction for automatic mesh merging
[2022.02.01-05.30.09:348][  0]LogMeshReduction: No distributed automatic mesh merging module available
[2022.02.01-05.30.09:348][  0]LogMeshMerging: No distributed automatic mesh merging module available
[2022.02.01-05.30.09:360][  0]LogNetVersion: BossGame 1.0.0, NetCL: 17155196, EngineNetVer: 17, GameNetVer: 0 (Checksum: 2323582888)
[2022.02.01-05.30.09:666][  0]LogTexture: Default maximum texture size for cubemaps generated from long-lat sources has been changed from 512 to unlimited. In order to preserve old behaiour for '/Engine/MapTemplates/Sky/DaylightAmbientCubemap.DaylightAmbientCubemap', its maximum texture size has been explicitly set to 512.
[2022.02.01-05.30.09:715][  0]LogHMD: PokeAHoleMaterial loaded successfully
[2022.02.01-05.30.09:721][  0]LogUObjectArray: 17178 objects as part of root set at end of initial load.
[2022.02.01-05.30.09:721][  0]LogUObjectAllocator: 4302048 out of 0 bytes used by permanent object pool.
[2022.02.01-05.30.09:721][  0]LogUObjectArray: CloseDisregardForGC: 0/0 objects in disregard for GC pool
[2022.02.01-05.30.09:930][  0]LogNiagaraDebuggerClient: Niagara Debugger Client Initialized | Session: CE6D5CE9431B27CB922EB7AAE0BC9190 | Instance: 4C081A484F219296C95DBDB886E42F44 (DESKTOP-ONRQHMG-35800).
[2022.02.01-05.30.10:035][  0]LogPython: Using Python 3.7.7
[2022.02.01-05.30.10:528][  0]LogTcpMessaging: Initializing TcpMessaging bridge
[2022.02.01-05.30.10:532][  0]LogUdpMessaging: Initializing bridge on interface 0.0.0.0:0 to multicast group 230.0.0.1:6666.
[2022.02.01-05.30.10:719][  0]SourceControl: Source control is disabled
[2022.02.01-05.30.10:719][  0]SourceControl: Source control is disabled
[2022.02.01-05.30.10:722][  0]SourceControl: Source control is disabled
[2022.02.01-05.30.10:724][  0]SourceControl: Source control is disabled
[2022.02.01-05.30.10:729][  0]SourceControl: Source control is disabled
[2022.02.01-05.30.10:735][  0]LogUProjectInfo: Found projects:
[2022.02.01-05.30.10:852][  0]LogOpenImageDenoise: OIDN starting up
[2022.02.01-05.30.10:886][  0]LogAndroidPermission: UAndroidPermissionCallbackProxy::GetInstance
[2022.02.01-05.30.10:904][  0]LogAudioCaptureCore: Display: No Audio Capture implementations found. Audio input will be silent.
[2022.02.01-05.30.10:904][  0]LogAudioCaptureCore: Display: No Audio Capture implementations found. Audio input will be silent.
[2022.02.01-05.30.11:013][  0]LogCollectionManager: Loaded 0 collections in 0.001218 seconds
[2022.02.01-05.30.11:034][  0]LogFileCache: Scanning file cache for directory 'C:/Users/annie/Desktop/Unreal Project/BossGame/Saved/Collections/' took 0.00s
[2022.02.01-05.30.11:034][  0]LogFileCache: Scanning file cache for directory 'C:/Users/annie/Desktop/Unreal Project/BossGame/Content/Developers/annie/Collections/' took 0.00s
[2022.02.01-05.30.11:034][  0]LogFileCache: Scanning file cache for directory 'C:/Users/annie/Desktop/Unreal Project/BossGame/Content/Collections/' took 0.00s
[2022.02.01-05.30.11:034][  0]LogOcInput: OculusInput pre-init called
[2022.02.01-05.30.11:255][  0]LogEngine: Initializing Engine...
[2022.02.01-05.30.11:258][  0]LogHMD: Failed to enumerate extensions. Please check that you have a valid OpenXR runtime installed.
[2022.02.01-05.30.11:258][  0]LogHMD: Failed to initialize OpenVR with code 110
[2022.02.01-05.30.11:258][  0]LogMagicLeap: Warning: VR disabled because ZI is not enabled.  To enable, in the editor, Edit -> Project Settings -> Plugins -> Magic Leap Plugin -> Enable Zero Iteration
[2022.02.01-05.30.11:259][  0]LogStats: UGameplayTagsManager::InitializeManager -  0.000 s
[2022.02.01-05.30.11:353][  0]LogInit: Initializing FReadOnlyCVARCache
[2022.02.01-05.30.11:361][  0]LogAIModule: Creating AISystem for world Untitled
[2022.02.01-05.30.11:396][  0]LogAudio: Display: Initializing Audio Device Manager...
[2022.02.01-05.30.11:400][  0]LogAudio: Display: Loading Default Audio Settings Objects...
[2022.02.01-05.30.11:400][  0]LogAudio: Display: No default SoundConcurrencyObject specified (or failed to load).
[2022.02.01-05.30.11:401][  0]LogAudio: Display: Audio Device Manager Initialized
[2022.02.01-05.30.11:401][  0]LogAudio: Display: Creating Audio Device:                 Id: 1, Scope: Shared, Realtime: True
[2022.02.01-05.30.11:401][  0]LogAudioMixer: Display: Audio Mixer Platform Settings:
[2022.02.01-05.30.11:401][  0]LogAudioMixer: Display: 	Sample Rate:						  48000
[2022.02.01-05.30.11:401][  0]LogAudioMixer: Display: 	Callback Buffer Frame Size Requested: 1024
[2022.02.01-05.30.11:401][  0]LogAudioMixer: Display: 	Callback Buffer Frame Size To Use:	  1024
[2022.02.01-05.30.11:401][  0]LogAudioMixer: Display: 	Number of buffers to queue:			  2
[2022.02.01-05.30.11:401][  0]LogAudioMixer: Display: 	Max Channels (voices):				  32
[2022.02.01-05.30.11:401][  0]LogAudioMixer: Display: 	Number of Async Source Workers:		  0
[2022.02.01-05.30.11:402][  0]LogAudio: Display: AudioDevice MaxSources: 32
[2022.02.01-05.30.11:402][  0]LogAudio: Display: Audio Spatialization Plugin: None (built-in).
[2022.02.01-05.30.11:402][  0]LogAudio: Display: Audio Reverb Plugin: None (built-in).
[2022.02.01-05.30.11:402][  0]LogAudio: Display: Audio Occlusion Plugin: None (built-in).
[2022.02.01-05.30.11:402][  0]LogAudioMixer: Display: Initializing audio mixer.
[2022.02.01-05.30.11:419][  0]LogAudioMixer: Display: 0: FrontLeft
[2022.02.01-05.30.11:419][  0]LogAudioMixer: Display: 1: FrontRight
[2022.02.01-05.30.11:720][  0]LogAudioMixer: Display: Using Audio Device 喇叭 (2- Realtek(R) Audio)
[2022.02.01-05.30.11:720][  0]LogAudioMixer: Display: Initializing Sound Submixes...
[2022.02.01-05.30.11:722][  0]LogAudioMixer: Display: Creating Master Submix 'MasterSubmixDefault'
[2022.02.01-05.30.11:722][  0]LogAudioMixer: Display: Creating Master Submix 'MasterReverbSubmixDefault'
[2022.02.01-05.30.11:722][  0]LogAudioMixer: Display: Creating Master Submix 'MasterEQSubmixDefault'
[2022.02.01-05.30.11:722][  0]LogAudioMixer: FMixerPlatformXAudio2::StartAudioStream() called
[2022.02.01-05.30.11:722][  0]LogAudioMixer: Display: Output buffers initialized: Frames=1024, Channels=2, Samples=2048
[2022.02.01-05.30.11:723][  0]LogAudioMixer: Display: Starting AudioMixerPlatformInterface::RunInternal()
[2022.02.01-05.30.11:723][  0]LogAudioMixer: Display: FMixerPlatformXAudio2::SubmitBuffer() called for the first time
[2022.02.01-05.30.11:723][  0]LogInit: FAudioDevice initialized.
[2022.02.01-05.30.11:724][  0]LogAudio: Display: Audio Device (ID: 1) registered with world 'Untitled'.
[2022.02.01-05.30.11:724][  0]LogNetVersion: Set ProjectVersion to 1.0.0.0. Version Checksum will be recalculated on next use.
[2022.02.01-05.30.11:799][  0]LogDerivedDataCache: Saved boot cache 0.07s 94MB C:/Users/annie/AppData/Local/UnrealEngine/4.27/DerivedDataCache/Boot.ddc.
[2022.02.01-05.30.11:799][  0]LogInit: Texture streaming: Enabled
[2022.02.01-05.30.11:815][  0]LogAnalytics: Display: [UEEditor.Rocket.Release] APIServer = https://datarouter.ol.epicgames.com/. AppVersion = 4.27.2-18319896+++UE4+Release-4.27
[2022.02.01-05.30.11:818][  0]LogEngineSessionManager: EngineSessionManager initialized
[2022.02.01-05.30.11:818][  0]LogEditorSessionSummary: Verbose: Initializing EditorSessionSummaryWriter for editor session tracking
[2022.02.01-05.30.11:820][  0]LogEditorSessionSummary: EditorSessionSummaryWriter initialized
[2022.02.01-05.30.11:841][  0]LogInit: Transaction tracking system initialized
[2022.02.01-05.30.11:858][  0]BlueprintLog: New page: Editor Load
[2022.02.01-05.30.11:906][  0]LocalizationService: Localization service is disabled
[2022.02.01-05.30.11:925][  0]TimingProfiler: Initialize
[2022.02.01-05.30.11:925][  0]TimingProfiler: OnSessionChanged
[2022.02.01-05.30.11:925][  0]LoadingProfiler: Initialize
[2022.02.01-05.30.11:925][  0]LoadingProfiler: OnSessionChanged
[2022.02.01-05.30.11:925][  0]NetworkingProfiler: Initialize
[2022.02.01-05.30.11:925][  0]NetworkingProfiler: OnSessionChanged
[2022.02.01-05.30.11:925][  0]MemoryProfiler: Initialize
[2022.02.01-05.30.11:925][  0]MemoryProfiler: OnSessionChanged
[2022.02.01-05.30.12:041][  0]LogCook: Display: CookSettings for Memory: MemoryMaxUsedVirtual 0MiB, MemoryMaxUsedPhysical 16384MiB, MemoryMinFreeVirtual 0MiB, MemoryMinFreePhysical 1024MiB
[2022.02.01-05.30.12:041][  0]LogCook: Display: Mobile HDR setting 1
[2022.02.01-05.30.12:185][  0]LogFileCache: Scanning file cache for directory 'C:/Users/annie/Desktop/Unreal Project/BossGame/Content/' took 0.00s
[2022.02.01-05.30.12:352][  0]LogInit: Display: Engine is initialized. Leaving FEngineLoop::Init()
[2022.02.01-05.30.12:355][  0]SourceControl: Source control is disabled
[2022.02.01-05.30.12:355][  0]LogUnrealEdMisc: Loading editor; pre map load, took 6.088
[2022.02.01-05.30.12:355][  0]Cmd: MAP LOAD FILE="../../../../../../Users/annie/Desktop/Unreal Project/BossGame/Content/ThirdPersonBP/Maps/ThirdPersonExampleMap.umap" TEMPLATE=0 SHOWPROGRESS=1 FEATURELEVEL=3
[2022.02.01-05.30.12:355][  0]LightingResults: New page: Lighting Build
[2022.02.01-05.30.12:357][  0]LogWorld: UWorld::CleanupWorld for Untitled, bSessionEnded=true, bCleanupResources=true
[2022.02.01-05.30.12:357][  0]LogSlate: InvalidateAllWidgets triggered.  All widgets were invalidated
[2022.02.01-05.30.12:357][  0]MapCheck: New page: Map Check
[2022.02.01-05.30.12:357][  0]LightingResults: New page: Lighting Build
[2022.02.01-05.30.12:361][  0]LogAudio: Display: Audio Device unregistered from world 'None'.
[2022.02.01-05.30.12:407][  0]LogUObjectHash: Compacting FUObjectHashTables data took   0.84ms
[2022.02.01-05.30.13:126][  0]LogAudio: Display: Audio Device (ID: 1) registered with world 'ThirdPersonExampleMap'.
[2022.02.01-05.30.13:127][  0]LogAIModule: Creating AISystem for world ThirdPersonExampleMap
[2022.02.01-05.30.13:132][  0]LogEditorServer: Finished looking for orphan Actors (0.000 secs)
[2022.02.01-05.30.13:151][  0]LogUObjectHash: Compacting FUObjectHashTables data took   1.09ms
[2022.02.01-05.30.13:151][  0]Cmd: MAP CHECKDEP NOCLEARLOG
[2022.02.01-05.30.13:151][  0]MapCheck: Map check complete: 0 Error(s), 0 Warning(s), took 0.134ms to complete.
[2022.02.01-05.30.13:151][  0]LogFileHelpers: Loading map 'ThirdPersonExampleMap' took 0.796
[2022.02.01-05.30.13:152][  0]LogUnrealEdMisc: Total Editor Startup Time, took 6.886
[2022.02.01-05.30.13:225][  0]LogWindowsTextInputMethodSystem: Display: IME system activated using TSF (微軟注音).
[2022.02.01-05.30.13:293][  0]LogSlate: Updating window title bar state: overlay mode, drag disabled, window buttons hidden, title bar hidden
[2022.02.01-05.30.13:300][  0]LogSlate: Updating window title bar state: overlay mode, drag disabled, window buttons hidden, title bar hidden
[2022.02.01-05.30.13:306][  0]LogSlate: Updating window title bar state: overlay mode, drag disabled, window buttons hidden, title bar hidden
[2022.02.01-05.30.13:313][  0]LogSlate: Updating window title bar state: overlay mode, drag disabled, window buttons hidden, title bar hidden
[2022.02.01-05.30.13:324][  0]LogNativeClassHierarchy: Verbose: Native class hierarchy populated in 0.0083 seconds. Added 3827 classes and 934 folders.
[2022.02.01-05.30.13:326][  0]LogNativeClassHierarchy: Verbose: Native class hierarchy updated for 'WidgetCarousel' in 0.0002 seconds. Added 0 classes and 0 folders.
[2022.02.01-05.30.13:327][  0]LogPakFile: PakFile PrimaryIndexSize=187
[2022.02.01-05.30.13:327][  0]LogPakFile: PakFile PathHashIndexSize=101
[2022.02.01-05.30.13:327][  0]LogPakFile: PakFile FullDirectoryIndexSize=148
[2022.02.01-05.30.13:327][  0]LogShaderLibrary: Display: ShaderCodeLibraryPakFileMountedCallback: PakFile 'C:/Program Files/Epic Games/UE_4.27/FeaturePacks/FP_FirstPerson.upack' (chunk index -1, root 'root:/') mounted
[2022.02.01-05.30.13:327][  0]LogShaderLibrary: Display: ShaderCodeLibraryPakFileMountedCallback: pending pak file info (ChunkID:-1 Root:root:/ File:C:/Program Files/Epic Games/UE_4.27/FeaturePacks/FP_FirstPerson.upack)
[2022.02.01-05.30.13:327][  0]LogPakFile: OnPakFileMounted2Time == 0.000044
[2022.02.01-05.30.13:327][  0]LogPakFile: PakFile PrimaryIndexSize=189
[2022.02.01-05.30.13:327][  0]LogPakFile: PakFile PathHashIndexSize=101
[2022.02.01-05.30.13:327][  0]LogPakFile: PakFile FullDirectoryIndexSize=152
[2022.02.01-05.30.13:327][  0]LogShaderLibrary: Display: ShaderCodeLibraryPakFileMountedCallback: PakFile 'C:/Program Files/Epic Games/UE_4.27/FeaturePacks/FP_FirstPersonBP.upack' (chunk index -1, root 'root:/') mounted
[2022.02.01-05.30.13:327][  0]LogShaderLibrary: Display: ShaderCodeLibraryPakFileMountedCallback: pending pak file info (ChunkID:-1 Root:root:/ File:C:/Program Files/Epic Games/UE_4.27/FeaturePacks/FP_FirstPersonBP.upack)
[2022.02.01-05.30.13:327][  0]LogPakFile: OnPakFileMounted2Time == 0.000031
[2022.02.01-05.30.13:328][  0]LogPakFile: PakFile PrimaryIndexSize=191
[2022.02.01-05.30.13:328][  0]LogPakFile: PakFile PathHashIndexSize=101
[2022.02.01-05.30.13:328][  0]LogPakFile: PakFile FullDirectoryIndexSize=160
[2022.02.01-05.30.13:328][  0]LogShaderLibrary: Display: ShaderCodeLibraryPakFileMountedCallback: PakFile 'C:/Program Files/Epic Games/UE_4.27/FeaturePacks/MobileStarterContent.upack' (chunk index -1, root 'root:/') mounted
[2022.02.01-05.30.13:328][  0]LogShaderLibrary: Display: ShaderCodeLibraryPakFileMountedCallback: pending pak file info (ChunkID:-1 Root:root:/ File:C:/Program Files/Epic Games/UE_4.27/FeaturePacks/MobileStarterContent.upack)
[2022.02.01-05.30.13:328][  0]LogPakFile: OnPakFileMounted2Time == 0.000028
[2022.02.01-05.30.13:328][  0]LogPakFile: PakFile PrimaryIndexSize=185
[2022.02.01-05.30.13:328][  0]LogPakFile: PakFile PathHashIndexSize=101
[2022.02.01-05.30.13:328][  0]LogPakFile: PakFile FullDirectoryIndexSize=148
[2022.02.01-05.30.13:328][  0]LogShaderLibrary: Display: ShaderCodeLibraryPakFileMountedCallback: PakFile 'C:/Program Files/Epic Games/UE_4.27/FeaturePacks/StarterContent.upack' (chunk index -1, root 'root:/') mounted
[2022.02.01-05.30.13:328][  0]LogShaderLibrary: Display: ShaderCodeLibraryPakFileMountedCallback: pending pak file info (ChunkID:-1 Root:root:/ File:C:/Program Files/Epic Games/UE_4.27/FeaturePacks/StarterContent.upack)
[2022.02.01-05.30.13:328][  0]LogPakFile: OnPakFileMounted2Time == 0.000031
[2022.02.01-05.30.13:329][  0]LogPakFile: PakFile PrimaryIndexSize=190
[2022.02.01-05.30.13:329][  0]LogPakFile: PakFile PathHashIndexSize=101
[2022.02.01-05.30.13:329][  0]LogPakFile: PakFile FullDirectoryIndexSize=154
[2022.02.01-05.30.13:329][  0]LogShaderLibrary: Display: ShaderCodeLibraryPakFileMountedCallback: PakFile 'C:/Program Files/Epic Games/UE_4.27/FeaturePacks/TP_2DSideScroller.upack' (chunk index -1, root 'root:/') mounted
[2022.02.01-05.30.13:329][  0]LogShaderLibrary: Display: ShaderCodeLibraryPakFileMountedCallback: pending pak file info (ChunkID:-1 Root:root:/ File:C:/Program Files/Epic Games/UE_4.27/FeaturePacks/TP_2DSideScroller.upack)
[2022.02.01-05.30.13:329][  0]LogPakFile: OnPakFileMounted2Time == 0.000028
[2022.02.01-05.30.13:329][  0]LogPakFile: PakFile PrimaryIndexSize=192
[2022.02.01-05.30.13:329][  0]LogPakFile: PakFile PathHashIndexSize=101
[2022.02.01-05.30.13:329][  0]LogPakFile: PakFile FullDirectoryIndexSize=158
[2022.02.01-05.30.13:329][  0]LogShaderLibrary: Display: ShaderCodeLibraryPakFileMountedCallback: PakFile 'C:/Program Files/Epic Games/UE_4.27/FeaturePacks/TP_2DSideScrollerBP.upack' (chunk index -1, root 'root:/') mounted
[2022.02.01-05.30.13:329][  0]LogShaderLibrary: Display: ShaderCodeLibraryPakFileMountedCallback: pending pak file info (ChunkID:-1 Root:root:/ File:C:/Program Files/Epic Games/UE_4.27/FeaturePacks/TP_2DSideScrollerBP.upack)
[2022.02.01-05.30.13:329][  0]LogPakFile: OnPakFileMounted2Time == 0.000027
[2022.02.01-05.30.13:330][  0]LogPakFile: PakFile PrimaryIndexSize=182
[2022.02.01-05.30.13:330][  0]LogPakFile: PakFile PathHashIndexSize=101
[2022.02.01-05.30.13:330][  0]LogPakFile: PakFile FullDirectoryIndexSize=138
[2022.02.01-05.30.13:330][  0]LogShaderLibrary: Display: ShaderCodeLibraryPakFileMountedCallback: PakFile 'C:/Program Files/Epic Games/UE_4.27/FeaturePacks/TP_Flying.upack' (chunk index -1, root 'root:/') mounted
[2022.02.01-05.30.13:330][  0]LogShaderLibrary: Display: ShaderCodeLibraryPakFileMountedCallback: pending pak file info (ChunkID:-1 Root:root:/ File:C:/Program Files/Epic Games/UE_4.27/FeaturePacks/TP_Flying.upack)
[2022.02.01-05.30.13:330][  0]LogPakFile: OnPakFileMounted2Time == 0.000027
[2022.02.01-05.30.13:330][  0]LogPakFile: PakFile PrimaryIndexSize=184
[2022.02.01-05.30.13:330][  0]LogPakFile: PakFile PathHashIndexSize=101
[2022.02.01-05.30.13:330][  0]LogPakFile: PakFile FullDirectoryIndexSize=142
[2022.02.01-05.30.13:330][  0]LogShaderLibrary: Display: ShaderCodeLibraryPakFileMountedCallback: PakFile 'C:/Program Files/Epic Games/UE_4.27/FeaturePacks/TP_FlyingBP.upack' (chunk index -1, root 'root:/') mounted
[2022.02.01-05.30.13:330][  0]LogShaderLibrary: Display: ShaderCodeLibraryPakFileMountedCallback: pending pak file info (ChunkID:-1 Root:root:/ File:C:/Program Files/Epic Games/UE_4.27/FeaturePacks/TP_FlyingBP.upack)
[2022.02.01-05.30.13:330][  0]LogPakFile: OnPakFileMounted2Time == 0.000027
[2022.02.01-05.30.13:330][  0]LogPakFile: PakFile PrimaryIndexSize=188
[2022.02.01-05.30.13:330][  0]LogPakFile: PakFile PathHashIndexSize=101
[2022.02.01-05.30.13:330][  0]LogPakFile: PakFile FullDirectoryIndexSize=150
[2022.02.01-05.30.13:330][  0]LogShaderLibrary: Display: ShaderCodeLibraryPakFileMountedCallback: PakFile 'C:/Program Files/Epic Games/UE_4.27/FeaturePacks/TP_HandheldARBP.upack' (chunk index -1, root 'root:/') mounted
[2022.02.01-05.30.13:330][  0]LogShaderLibrary: Display: ShaderCodeLibraryPakFileMountedCallback: pending pak file info (ChunkID:-1 Root:root:/ File:C:/Program Files/Epic Games/UE_4.27/FeaturePacks/TP_HandheldARBP.upack)
[2022.02.01-05.30.13:330][  0]LogPakFile: OnPakFileMounted2Time == 0.000027
[2022.02.01-05.30.13:331][  0]LogPakFile: PakFile PrimaryIndexSize=182
[2022.02.01-05.30.13:331][  0]LogPakFile: PakFile PathHashIndexSize=101
[2022.02.01-05.30.13:331][  0]LogPakFile: PakFile FullDirectoryIndexSize=138
[2022.02.01-05.30.13:331][  0]LogShaderLibrary: Display: ShaderCodeLibraryPakFileMountedCallback: PakFile 'C:/Program Files/Epic Games/UE_4.27/FeaturePacks/TP_Puzzle.upack' (chunk index -1, root 'root:/') mounted
[2022.02.01-05.30.13:331][  0]LogShaderLibrary: Display: ShaderCodeLibraryPakFileMountedCallback: pending pak file info (ChunkID:-1 Root:root:/ File:C:/Program Files/Epic Games/UE_4.27/FeaturePacks/TP_Puzzle.upack)
[2022.02.01-05.30.13:331][  0]LogPakFile: OnPakFileMounted2Time == 0.000027
[2022.02.01-05.30.13:331][  0]LogPakFile: PakFile PrimaryIndexSize=184
[2022.02.01-05.30.13:331][  0]LogPakFile: PakFile PathHashIndexSize=101
[2022.02.01-05.30.13:331][  0]LogPakFile: PakFile FullDirectoryIndexSize=142
[2022.02.01-05.30.13:331][  0]LogShaderLibrary: Display: ShaderCodeLibraryPakFileMountedCallback: PakFile 'C:/Program Files/Epic Games/UE_4.27/FeaturePacks/TP_PuzzleBP.upack' (chunk index -1, root 'root:/') mounted
[2022.02.01-05.30.13:331][  0]LogShaderLibrary: Display: ShaderCodeLibraryPakFileMountedCallback: pending pak file info (ChunkID:-1 Root:root:/ File:C:/Program Files/Epic Games/UE_4.27/FeaturePacks/TP_PuzzleBP.upack)
[2022.02.01-05.30.13:331][  0]LogPakFile: OnPakFileMounted2Time == 0.000027
[2022.02.01-05.30.13:332][  0]LogPakFile: PakFile PrimaryIndexSize=183
[2022.02.01-05.30.13:332][  0]LogPakFile: PakFile PathHashIndexSize=101
[2022.02.01-05.30.13:332][  0]LogPakFile: PakFile FullDirectoryIndexSize=140
[2022.02.01-05.30.13:332][  0]LogShaderLibrary: Display: ShaderCodeLibraryPakFileMountedCallback: PakFile 'C:/Program Files/Epic Games/UE_4.27/FeaturePacks/TP_Rolling.upack' (chunk index -1, root 'root:/') mounted
[2022.02.01-05.30.13:332][  0]LogShaderLibrary: Display: ShaderCodeLibraryPakFileMountedCallback: pending pak file info (ChunkID:-1 Root:root:/ File:C:/Program Files/Epic Games/UE_4.27/FeaturePacks/TP_Rolling.upack)
[2022.02.01-05.30.13:332][  0]LogPakFile: OnPakFileMounted2Time == 0.000027
[2022.02.01-05.30.13:332][  0]LogPakFile: PakFile PrimaryIndexSize=185
[2022.02.01-05.30.13:332][  0]LogPakFile: PakFile PathHashIndexSize=101
[2022.02.01-05.30.13:332][  0]LogPakFile: PakFile FullDirectoryIndexSize=144
[2022.02.01-05.30.13:332][  0]LogShaderLibrary: Display: ShaderCodeLibraryPakFileMountedCallback: PakFile 'C:/Program Files/Epic Games/UE_4.27/FeaturePacks/TP_RollingBP.upack' (chunk index -1, root 'root:/') mounted
[2022.02.01-05.30.13:332][  0]LogShaderLibrary: Display: ShaderCodeLibraryPakFileMountedCallback: pending pak file info (ChunkID:-1 Root:root:/ File:C:/Program Files/Epic Games/UE_4.27/FeaturePacks/TP_RollingBP.upack)
[2022.02.01-05.30.13:332][  0]LogPakFile: OnPakFileMounted2Time == 0.000027
[2022.02.01-05.30.13:333][  0]LogPakFile: PakFile PrimaryIndexSize=188
[2022.02.01-05.30.13:333][  0]LogPakFile: PakFile PathHashIndexSize=101
[2022.02.01-05.30.13:333][  0]LogPakFile: PakFile FullDirectoryIndexSize=150
[2022.02.01-05.30.13:333][  0]LogShaderLibrary: Display: ShaderCodeLibraryPakFileMountedCallback: PakFile 'C:/Program Files/Epic Games/UE_4.27/FeaturePacks/TP_SideScroller.upack' (chunk index -1, root 'root:/') mounted
[2022.02.01-05.30.13:333][  0]LogShaderLibrary: Display: ShaderCodeLibraryPakFileMountedCallback: pending pak file info (ChunkID:-1 Root:root:/ File:C:/Program Files/Epic Games/UE_4.27/FeaturePacks/TP_SideScroller.upack)
[2022.02.01-05.30.13:333][  0]LogPakFile: OnPakFileMounted2Time == 0.000027
[2022.02.01-05.30.13:333][  0]LogPakFile: PakFile PrimaryIndexSize=190
[2022.02.01-05.30.13:333][  0]LogPakFile: PakFile PathHashIndexSize=101
[2022.02.01-05.30.13:333][  0]LogPakFile: PakFile FullDirectoryIndexSize=154
[2022.02.01-05.30.13:333][  0]LogShaderLibrary: Display: ShaderCodeLibraryPakFileMountedCallback: PakFile 'C:/Program Files/Epic Games/UE_4.27/FeaturePacks/TP_SideScrollerBP.upack' (chunk index -1, root 'root:/') mounted
[2022.02.01-05.30.13:333][  0]LogShaderLibrary: Display: ShaderCodeLibraryPakFileMountedCallback: pending pak file info (ChunkID:-1 Root:root:/ File:C:/Program Files/Epic Games/UE_4.27/FeaturePacks/TP_SideScrollerBP.upack)
[2022.02.01-05.30.13:333][  0]LogPakFile: OnPakFileMounted2Time == 0.000028
[2022.02.01-05.30.13:334][  0]LogPakFile: PakFile PrimaryIndexSize=187
[2022.02.01-05.30.13:334][  0]LogPakFile: PakFile PathHashIndexSize=101
[2022.02.01-05.30.13:334][  0]LogPakFile: PakFile FullDirectoryIndexSize=148
[2022.02.01-05.30.13:334][  0]LogShaderLibrary: Display: ShaderCodeLibraryPakFileMountedCallback: PakFile 'C:/Program Files/Epic Games/UE_4.27/FeaturePacks/TP_ThirdPerson.upack' (chunk index -1, root 'root:/') mounted
[2022.02.01-05.30.13:334][  0]LogShaderLibrary: Display: ShaderCodeLibraryPakFileMountedCallback: pending pak file info (ChunkID:-1 Root:root:/ File:C:/Program Files/Epic Games/UE_4.27/FeaturePacks/TP_ThirdPerson.upack)
[2022.02.01-05.30.13:334][  0]LogPakFile: OnPakFileMounted2Time == 0.000027
[2022.02.01-05.30.13:334][  0]LogPakFile: PakFile PrimaryIndexSize=189
[2022.02.01-05.30.13:334][  0]LogPakFile: PakFile PathHashIndexSize=101
[2022.02.01-05.30.13:334][  0]LogPakFile: PakFile FullDirectoryIndexSize=152
[2022.02.01-05.30.13:334][  0]LogShaderLibrary: Display: ShaderCodeLibraryPakFileMountedCallback: PakFile 'C:/Program Files/Epic Games/UE_4.27/FeaturePacks/TP_ThirdPersonBP.upack' (chunk index -1, root 'root:/') mounted
[2022.02.01-05.30.13:334][  0]LogShaderLibrary: Display: ShaderCodeLibraryPakFileMountedCallback: pending pak file info (ChunkID:-1 Root:root:/ File:C:/Program Files/Epic Games/UE_4.27/FeaturePacks/TP_ThirdPersonBP.upack)
[2022.02.01-05.30.13:334][  0]LogPakFile: OnPakFileMounted2Time == 0.000027
[2022.02.01-05.30.13:334][  0]LogPakFile: PakFile PrimaryIndexSize=183
[2022.02.01-05.30.13:334][  0]LogPakFile: PakFile PathHashIndexSize=101
[2022.02.01-05.30.13:334][  0]LogPakFile: PakFile FullDirectoryIndexSize=140
[2022.02.01-05.30.13:334][  0]LogShaderLibrary: Display: ShaderCodeLibraryPakFileMountedCallback: PakFile 'C:/Program Files/Epic Games/UE_4.27/FeaturePacks/TP_TopDown.upack' (chunk index -1, root 'root:/') mounted
[2022.02.01-05.30.13:334][  0]LogShaderLibrary: Display: ShaderCodeLibraryPakFileMountedCallback: pending pak file info (ChunkID:-1 Root:root:/ File:C:/Program Files/Epic Games/UE_4.27/FeaturePacks/TP_TopDown.upack)
[2022.02.01-05.30.13:334][  0]LogPakFile: OnPakFileMounted2Time == 0.000033
[2022.02.01-05.30.13:335][  0]LogPakFile: PakFile PrimaryIndexSize=185
[2022.02.01-05.30.13:335][  0]LogPakFile: PakFile PathHashIndexSize=101
[2022.02.01-05.30.13:335][  0]LogPakFile: PakFile FullDirectoryIndexSize=144
[2022.02.01-05.30.13:335][  0]LogShaderLibrary: Display: ShaderCodeLibraryPakFileMountedCallback: PakFile 'C:/Program Files/Epic Games/UE_4.27/FeaturePacks/TP_TopDownBP.upack' (chunk index -1, root 'root:/') mounted
[2022.02.01-05.30.13:335][  0]LogShaderLibrary: Display: ShaderCodeLibraryPakFileMountedCallback: pending pak file info (ChunkID:-1 Root:root:/ File:C:/Program Files/Epic Games/UE_4.27/FeaturePacks/TP_TopDownBP.upack)
[2022.02.01-05.30.13:335][  0]LogPakFile: OnPakFileMounted2Time == 0.000027
[2022.02.01-05.30.13:335][  0]LogPakFile: PakFile PrimaryIndexSize=185
[2022.02.01-05.30.13:335][  0]LogPakFile: PakFile PathHashIndexSize=101
[2022.02.01-05.30.13:335][  0]LogPakFile: PakFile FullDirectoryIndexSize=144
[2022.02.01-05.30.13:335][  0]LogShaderLibrary: Display: ShaderCodeLibraryPakFileMountedCallback: PakFile 'C:/Program Files/Epic Games/UE_4.27/FeaturePacks/TP_TwinStick.upack' (chunk index -1, root 'root:/') mounted
[2022.02.01-05.30.13:335][  0]LogShaderLibrary: Display: ShaderCodeLibraryPakFileMountedCallback: pending pak file info (ChunkID:-1 Root:root:/ File:C:/Program Files/Epic Games/UE_4.27/FeaturePacks/TP_TwinStick.upack)
[2022.02.01-05.30.13:335][  0]LogPakFile: OnPakFileMounted2Time == 0.000027
[2022.02.01-05.30.13:336][  0]LogPakFile: PakFile PrimaryIndexSize=187
[2022.02.01-05.30.13:336][  0]LogPakFile: PakFile PathHashIndexSize=101
[2022.02.01-05.30.13:336][  0]LogPakFile: PakFile FullDirectoryIndexSize=148
[2022.02.01-05.30.13:336][  0]LogShaderLibrary: Display: ShaderCodeLibraryPakFileMountedCallback: PakFile 'C:/Program Files/Epic Games/UE_4.27/FeaturePacks/TP_TwinStickBP.upack' (chunk index -1, root 'root:/') mounted
[2022.02.01-05.30.13:336][  0]LogShaderLibrary: Display: ShaderCodeLibraryPakFileMountedCallback: pending pak file info (ChunkID:-1 Root:root:/ File:C:/Program Files/Epic Games/UE_4.27/FeaturePacks/TP_TwinStickBP.upack)
[2022.02.01-05.30.13:336][  0]LogPakFile: OnPakFileMounted2Time == 0.000027
[2022.02.01-05.30.13:336][  0]LogPakFile: PakFile PrimaryIndexSize=183
[2022.02.01-05.30.13:336][  0]LogPakFile: PakFile PathHashIndexSize=101
[2022.02.01-05.30.13:336][  0]LogPakFile: PakFile FullDirectoryIndexSize=140
[2022.02.01-05.30.13:336][  0]LogShaderLibrary: Display: ShaderCodeLibraryPakFileMountedCallback: PakFile 'C:/Program Files/Epic Games/UE_4.27/FeaturePacks/TP_Vehicle.upack' (chunk index -1, root 'root:/') mounted
[2022.02.01-05.30.13:336][  0]LogShaderLibrary: Display: ShaderCodeLibraryPakFileMountedCallback: pending pak file info (ChunkID:-1 Root:root:/ File:C:/Program Files/Epic Games/UE_4.27/FeaturePacks/TP_Vehicle.upack)
[2022.02.01-05.30.13:336][  0]LogPakFile: OnPakFileMounted2Time == 0.000027
[2022.02.01-05.30.13:337][  0]LogPakFile: PakFile PrimaryIndexSize=186
[2022.02.01-05.30.13:337][  0]LogPakFile: PakFile PathHashIndexSize=101
[2022.02.01-05.30.13:337][  0]LogPakFile: PakFile FullDirectoryIndexSize=146
[2022.02.01-05.30.13:337][  0]LogShaderLibrary: Display: ShaderCodeLibraryPakFileMountedCallback: PakFile 'C:/Program Files/Epic Games/UE_4.27/FeaturePacks/TP_VehicleAdv.upack' (chunk index -1, root 'root:/') mounted
[2022.02.01-05.30.13:337][  0]LogShaderLibrary: Display: ShaderCodeLibraryPakFileMountedCallback: pending pak file info (ChunkID:-1 Root:root:/ File:C:/Program Files/Epic Games/UE_4.27/FeaturePacks/TP_VehicleAdv.upack)
[2022.02.01-05.30.13:337][  0]LogPakFile: OnPakFileMounted2Time == 0.000027
[2022.02.01-05.30.13:337][  0]LogPakFile: PakFile PrimaryIndexSize=188
[2022.02.01-05.30.13:337][  0]LogPakFile: PakFile PathHashIndexSize=101
[2022.02.01-05.30.13:337][  0]LogPakFile: PakFile FullDirectoryIndexSize=150
[2022.02.01-05.30.13:337][  0]LogShaderLibrary: Display: ShaderCodeLibraryPakFileMountedCallback: PakFile 'C:/Program Files/Epic Games/UE_4.27/FeaturePacks/TP_VehicleAdvBP.upack' (chunk index -1, root 'root:/') mounted
[2022.02.01-05.30.13:337][  0]LogShaderLibrary: Display: ShaderCodeLibraryPakFileMountedCallback: pending pak file info (ChunkID:-1 Root:root:/ File:C:/Program Files/Epic Games/UE_4.27/FeaturePacks/TP_VehicleAdvBP.upack)
[2022.02.01-05.30.13:337][  0]LogPakFile: OnPakFileMounted2Time == 0.000028
[2022.02.01-05.30.13:337][  0]LogPakFile: PakFile PrimaryIndexSize=185
[2022.02.01-05.30.13:337][  0]LogPakFile: PakFile PathHashIndexSize=101
[2022.02.01-05.30.13:337][  0]LogPakFile: PakFile FullDirectoryIndexSize=144
[2022.02.01-05.30.13:337][  0]LogShaderLibrary: Display: ShaderCodeLibraryPakFileMountedCallback: PakFile 'C:/Program Files/Epic Games/UE_4.27/FeaturePacks/TP_VehicleBP.upack' (chunk index -1, root 'root:/') mounted
[2022.02.01-05.30.13:337][  0]LogShaderLibrary: Display: ShaderCodeLibraryPakFileMountedCallback: pending pak file info (ChunkID:-1 Root:root:/ File:C:/Program Files/Epic Games/UE_4.27/FeaturePacks/TP_VehicleBP.upack)
[2022.02.01-05.30.13:337][  0]LogPakFile: OnPakFileMounted2Time == 0.000027
[2022.02.01-05.30.13:338][  0]LogPakFile: PakFile PrimaryIndexSize=192
[2022.02.01-05.30.13:338][  0]LogPakFile: PakFile PathHashIndexSize=101
[2022.02.01-05.30.13:338][  0]LogPakFile: PakFile FullDirectoryIndexSize=158
[2022.02.01-05.30.13:338][  0]LogShaderLibrary: Display: ShaderCodeLibraryPakFileMountedCallback: PakFile 'C:/Program Files/Epic Games/UE_4.27/FeaturePacks/TP_VirtualRealityBP.upack' (chunk index -1, root 'root:/') mounted
[2022.02.01-05.30.13:338][  0]LogShaderLibrary: Display: ShaderCodeLibraryPakFileMountedCallback: pending pak file info (ChunkID:-1 Root:root:/ File:C:/Program Files/Epic Games/UE_4.27/FeaturePacks/TP_VirtualRealityBP.upack)
[2022.02.01-05.30.13:338][  0]LogPakFile: OnPakFileMounted2Time == 0.000027
[2022.02.01-05.30.13:371][  0]LogNativeClassHierarchy: Verbose: Native class hierarchy updated for 'AddContentDialog' in 0.0002 seconds. Added 0 classes and 0 folders.
[2022.02.01-05.30.13:372][  0]LogNativeClassHierarchy: Verbose: Native class hierarchy updated for 'SceneOutliner' in 0.0002 seconds. Added 2 classes and 0 folders.
[2022.02.01-05.30.13:524][  0]LogSlate: Took 0.000264 seconds to synchronously load lazily loaded font '../../../Engine/Content/Slate/Fonts/Roboto-Regular.ttf' (155K)
[2022.02.01-05.30.13:526][  0]LogSlate: Took 0.000090 seconds to synchronously load lazily loaded font '../../../Engine/Content/Editor/Slate/Fonts/FontAwesome.ttf' (139K)
[2022.02.01-05.30.13:526][  0]LogSlate: Took 0.000126 seconds to synchronously load lazily loaded font '../../../Engine/Content/Slate/Fonts/Roboto-Bold.ttf' (160K)
[2022.02.01-05.30.13:667][  0]LogRenderer: Reallocating scene render targets to support 744x304 Format 10 NumSamples 1 (Frame:1).
[2022.02.01-05.30.13:920][  0]LogNativeClassHierarchy: Verbose: Native class hierarchy updated for 'HierarchicalLODOutliner' in 0.0002 seconds. Added 0 classes and 0 folders.
[2022.02.01-05.30.13:920][  0]LogInput: Warning: Action Jump uses invalid key OculusGo_Left_Trigger_Click.
[2022.02.01-05.30.13:920][  0]LogInput: Warning: Action ResetVR uses invalid key OculusGo_Left_Trackpad_Click.
[2022.02.01-05.30.13:920][  0]LogInput: Warning: Use -RemoveInvalidKeys to remove instances of these keys from the action mapping.
[2022.02.01-05.30.13:920][  0]LogLoad: (Engine Initialization) Total time: 7.65 seconds
[2022.02.01-05.30.13:920][  0]LogLoad: (Engine Initialization) Total Blueprint compile time: 0.00 seconds
[2022.02.01-05.30.13:966][  0]LogAssetRegistry: Asset discovery search completed in 4.9244 seconds
[2022.02.01-05.30.13:970][  0]LogCollectionManager: Fixed up redirectors for 0 collections in 0.000002 seconds (updated 0 objects)
[2022.02.01-05.30.13:971][  0]LogContentStreaming: Texture pool size now 1000 MB
[2022.02.01-05.30.14:228][  3]LogSlate: Took 0.000133 seconds to synchronously load lazily loaded font '../../../Engine/Content/Slate/Fonts/Roboto-Light.ttf' (167K)
[2022.02.01-05.30.14:967][ 43]LogSlate: Took 0.000136 seconds to synchronously load lazily loaded font '../../../Engine/Content/Slate/Fonts/Roboto-Light.ttf' (167K)
[2022.02.01-05.30.22:666][457]LogUObjectHash: Compacting FUObjectHashTables data took   0.69ms
[2022.02.01-05.30.22:763][457]LogAssetEditorSubsystem: Opening Asset editor for World /Game/Map/MainMap.MainMap
[2022.02.01-05.30.22:763][457]Cmd: MAP LOAD FILE="../../../../../../Users/annie/Desktop/Unreal Project/BossGame/Content/Map/MainMap.umap" TEMPLATE=0 SHOWPROGRESS=1 FEATURELEVEL=3
[2022.02.01-05.30.22:763][457]LightingResults: New page: Lighting Build
[2022.02.01-05.30.22:763][457]LoadErrors: New page: Loading map: MainMap.umap
[2022.02.01-05.30.22:765][457]LogWorld: UWorld::CleanupWorld for ThirdPersonExampleMap, bSessionEnded=true, bCleanupResources=true
[2022.02.01-05.30.22:765][457]LogSlate: InvalidateAllWidgets triggered.  All widgets were invalidated
[2022.02.01-05.30.22:765][457]MapCheck: New page: Map Check
[2022.02.01-05.30.22:765][457]LightingResults: New page: Lighting Build
[2022.02.01-05.30.22:772][457]LogAudio: Display: Audio Device unregistered from world 'None'.
[2022.02.01-05.30.22:775][457]LogUObjectHash: Compacting FUObjectHashTables data took   0.92ms
[2022.02.01-05.30.22:775][457]LogAudio: Display: Audio Device (ID: 1) registered with world 'MainMap'.
[2022.02.01-05.30.22:908][457]LogEditorServer: Finished looking for orphan Actors (0.000 secs)
[2022.02.01-05.30.22:908][457]LogAIModule: Creating AISystem for world MainMap
[2022.02.01-05.30.22:918][457]LogUObjectHash: Compacting FUObjectHashTables data took   0.72ms
[2022.02.01-05.30.22:928][457]Cmd: MAP CHECKDEP NOCLEARLOG
[2022.02.01-05.30.22:928][457]MapCheck: Map check complete: 0 Error(s), 0 Warning(s), took 0.114ms to complete.
[2022.02.01-05.30.22:928][457]LogFileHelpers: Loading map 'MainMap' took 0.164
[2022.02.01-05.30.41:299][544]LogAssetEditorSubsystem: Opening Asset editor for WidgetBlueprint /Game/UI/GameHUD.GameHUD
[2022.02.01-05.30.41:399][544]LogNativeClassHierarchy: Verbose: Native class hierarchy updated for 'BlueprintGraph' in 0.0005 seconds. Added 126 classes and 0 folders.
[2022.02.01-05.30.42:449][544]LogSlate: Took 0.000147 seconds to synchronously load lazily loaded font '../../../Engine/Content/Slate/Fonts/Roboto-BoldCondensed.ttf' (158K)
[2022.02.01-05.30.42:460][544]LogSlate: Took 0.000123 seconds to synchronously load lazily loaded font '../../../Engine/Content/Slate/Fonts/DroidSansMono.ttf' (77K)
[2022.02.01-05.30.50:063][962]LogSlate: Took 0.000174 seconds to synchronously load lazily loaded font '../../../Engine/Content/Slate/Fonts/Roboto-Italic.ttf' (157K)
