Log file open, 02/14/22 00:18:21
LogWindows: Failed to load 'aqProf.dll' (GetLastError=126)
LogWindows: File 'aqProf.dll' does not exist
LogWindows: Failed to load 'VtuneApi.dll' (GetLastError=126)
LogWindows: File 'VtuneApi.dll' does not exist
LogWindows: Failed to load 'VtuneApi32e.dll' (GetLastError=126)
LogWindows: File 'VtuneApi32e.dll' does not exist
LogConsoleResponse: Display: Failed to find resolution value strings in scalability ini. Falling back to default.
LogConsoleResponse: Display: Failed to find resolution value strings in scalability ini. Falling back to default.
LogInit: Display: Running engine for game: BossGame
LogPlatformFile: Not using cached read wrapper
LogTaskGraph: Started task graph with 5 named threads and 23 total threads with 3 sets of task threads.
LogStats: Stats thread started at 0.198248
LogICUInternationalization: ICU TimeZone Detection - Raw Offset: +8:00, Platform Override: ''
LogInit: Display: Loading text-based GConfig....
LogPluginManager: Mounting plugin MeshPainting
LogPluginManager: Mounting plugin XGEController
LogPluginManager: Mounting plugin LiveLink
LogPluginManager: Mounting plugin Paper2D
LogPluginManager: Mounting plugin EnvironmentQueryEditor
LogPluginManager: Mounting plugin AISupport
LogPluginManager: Mounting plugin LightPropagationVolume
LogPluginManager: Mounting plugin CameraShakePreviewer
LogPluginManager: Mounting plugin GameplayCameras
LogPluginManager: Mounting plugin OodleData
LogPluginManager: Mounting plugin OodleNetwork
LogPluginManager: Mounting plugin AnimationSharing
LogPluginManager: Mounting plugin CLionSourceCodeAccess
LogPluginManager: Mounting plugin CodeLiteSourceCodeAccess
LogPluginManager: Mounting plugin GitSourceControl
LogPluginManager: Mounting plugin KDevelopSourceCodeAccess
LogPluginManager: Mounting plugin NullSourceCodeAccess
LogPluginManager: Mounting plugin PixWinPlugin
LogPluginManager: Mounting plugin PerforceSourceControl
LogPluginManager: Mounting plugin PlasticSourceControl
LogPluginManager: Mounting plugin PluginUtils
LogPluginManager: Mounting plugin PropertyAccessNode
LogPluginManager: Mounting plugin RiderSourceCodeAccess
LogPluginManager: Mounting plugin SubversionSourceControl
LogPluginManager: Mounting plugin TextureFormatOodle
LogPluginManager: Mounting plugin UObjectPlugin
LogPluginManager: Mounting plugin VisualStudioCodeSourceCodeAccess
LogPluginManager: Mounting plugin VisualStudioSourceCodeAccess
LogPluginManager: Mounting plugin XCodeSourceCodeAccess
LogPluginManager: Mounting plugin DatasmithContent
LogPluginManager: Mounting plugin VariantManagerContent
LogPluginManager: Mounting plugin AssetManagerEditor
LogPluginManager: Mounting plugin Niagara
LogPluginManager: Mounting plugin LuminPlatformFeatures
LogPluginManager: Mounting plugin CryptoKeys
LogPluginManager: Mounting plugin CurveEditorTools
LogPluginManager: Mounting plugin MagicLeap
LogPluginManager: Mounting plugin DataValidation
LogPluginManager: Mounting plugin FacialAnimation
LogPluginManager: Mounting plugin GameplayTagsEditor
LogPluginManager: Mounting plugin MagicLeapLightEstimation
LogPluginManager: Mounting plugin MagicLeapMedia
LogPluginManager: Mounting plugin GeometryMode
LogPluginManager: Mounting plugin MagicLeapPassableWorld
LogPluginManager: Mounting plugin MacGraphicsSwitching
LogPluginManager: Mounting plugin MaterialAnalyzer
LogPluginManager: Mounting plugin MLSDK
LogPluginManager: Mounting plugin PluginBrowser
LogPluginManager: Mounting plugin SpeedTreeImporter
LogPluginManager: Mounting plugin MobileLauncherProfileWizard
LogPluginManager: Mounting plugin AndroidMedia
LogPluginManager: Mounting plugin AvfMedia
LogPluginManager: Mounting plugin ImgMedia
LogPluginManager: Mounting plugin MediaCompositing
LogPluginManager: Mounting plugin AlembicImporter
LogPluginManager: Mounting plugin AutomationUtils
LogPluginManager: Mounting plugin MediaPlayerEditor
LogPluginManager: Mounting plugin BackChannel
LogPluginManager: Mounting plugin WebMMedia
LogPluginManager: Mounting plugin ChaosCloth
LogPluginManager: Mounting plugin ChaosClothEditor
LogPluginManager: Mounting plugin ChaosEditor
LogPluginManager: Mounting plugin WmfMedia
LogPluginManager: Mounting plugin ChaosNiagara
LogPluginManager: Mounting plugin ChaosSolverPlugin
LogPluginManager: Mounting plugin CharacterAI
LogPluginManager: Mounting plugin GeometryCache
LogPluginManager: Mounting plugin UdpMessaging
LogPluginManager: Mounting plugin TcpMessaging
LogPluginManager: Mounting plugin ActorSequence
LogPluginManager: Mounting plugin GeometryCollectionPlugin
LogPluginManager: Mounting plugin LevelSequenceEditor
LogPluginManager: Mounting plugin MatineeToLevelSequence
LogPluginManager: Mounting plugin GeometryProcessing
LogPluginManager: Mounting plugin TemplateSequence
LogPluginManager: Mounting plugin MotoSynth
LogPluginManager: Mounting plugin OpenImageDenoise
LogPluginManager: Mounting plugin PlanarCut
LogPluginManager: Mounting plugin PlatformCrypto
LogPluginManager: Mounting plugin ProxyLODPlugin
LogPluginManager: Mounting plugin PythonScriptPlugin
LogPluginManager: Mounting plugin SkeletalReduction
LogPluginManager: Mounting plugin Text3D
LogPluginManager: Mounting plugin OnlineSubsystem
LogPluginManager: Mounting plugin OnlineSubsystemNull
LogPluginManager: Mounting plugin OnlineSubsystemUtils
LogPluginManager: Mounting plugin LauncherChunkInstaller
LogPluginManager: Mounting plugin ActorLayerUtilities
LogPluginManager: Mounting plugin AndroidDeviceProfileSelector
LogPluginManager: Mounting plugin AndroidMoviePlayer
LogPluginManager: Mounting plugin AndroidPermission
LogPluginManager: Mounting plugin AppleImageUtils
LogPluginManager: Mounting plugin AppleMoviePlayer
LogPluginManager: Mounting plugin ArchVisCharacter
LogPluginManager: Mounting plugin AssetTags
LogPluginManager: Mounting plugin AudioSynesthesia
LogPluginManager: Mounting plugin AudioCapture
LogPluginManager: Mounting plugin CableComponent
LogPluginManager: Mounting plugin CustomMeshComponent
LogPluginManager: Mounting plugin ChunkDownloader
LogPluginManager: Mounting plugin EditableMesh
LogPluginManager: Mounting plugin ExampleDeviceProfileSelector
LogPluginManager: Mounting plugin GoogleCloudMessaging
LogPluginManager: Mounting plugin GooglePAD
LogPluginManager: Mounting plugin ScreenshotTools
LogPluginManager: Mounting plugin IOSDeviceProfileSelector
LogPluginManager: Mounting plugin LinuxDeviceProfileSelector
LogPluginManager: Mounting plugin LocationServicesBPLibrary
LogPluginManager: Mounting plugin MobilePatchingUtils
LogPluginManager: Mounting plugin OpenXREyeTracker
LogPluginManager: Mounting plugin OpenXR
LogPluginManager: Mounting plugin OpenXRHandTracking
LogPluginManager: Mounting plugin PhysXVehicles
LogPluginManager: Mounting plugin Takes
LogPluginManager: Mounting plugin PostSplashScreen
LogPluginManager: Mounting plugin PropertyAccessEditor
LogPluginManager: Mounting plugin ProceduralMeshComponent
LogPluginManager: Mounting plugin RuntimePhysXCooking
LogPluginManager: Mounting plugin SignificanceManager
LogPluginManager: Mounting plugin SoundFields
LogPluginManager: Mounting plugin Synthesis
LogPluginManager: Mounting plugin WebMMoviePlayer
LogPluginManager: Mounting plugin WindowsMoviePlayer
LogPluginManager: Mounting plugin ContentBrowserAssetDataSource
LogPluginManager: Mounting plugin ContentBrowserClassDataSource
LogPluginManager: Mounting plugin ContentBrowserFileDataSource
LogPluginManager: Mounting plugin OnlineSubsystemGooglePlay
LogPluginManager: Mounting plugin OnlineSubsystemIOS
LogPluginManager: Mounting plugin OculusVR
LogPluginManager: Mounting plugin SteamVR
PixWinPlugin: PIX capture plugin failed to initialize! Check that the process is launched from PIX.
LogInit: Using libcurl 7.55.1-DEV
LogInit:  - built for x86_64-pc-win32
LogInit:  - supports SSL with OpenSSL/1.1.1
LogInit:  - supports HTTP deflate (compression) using libz 1.2.8
LogInit:  - other features:
LogInit:      CURL_VERSION_SSL
LogInit:      CURL_VERSION_LIBZ
LogInit:      CURL_VERSION_IPV6
LogInit:      CURL_VERSION_ASYNCHDNS
LogInit:      CURL_VERSION_LARGEFILE
LogInit:      CURL_VERSION_IDN
LogInit:  CurlRequestOptions (configurable via config and command line):
LogInit:  - bVerifyPeer = true  - Libcurl will verify peer certificate
LogInit:  - bUseHttpProxy = false  - Libcurl will NOT use HTTP proxy
LogInit:  - bDontReuseConnections = false  - Libcurl will reuse connections
LogInit:  - MaxHostConnections = 16  - Libcurl will limit the number of connections to a host
LogInit:  - LocalHostAddr = Default
LogInit:  - BufferSize = 65536
LogOnline: OSS: Creating online subsystem instance for: NULL
LogInit: WinSock: version 1.1 (2.2), MaxSocks=32767, MaxUdp=65467
LogOnline: OSS: TryLoadSubsystemAndSetDefault: Loaded subsystem for module [NULL]
LogOculusPluginWrapper: OculusPlugin initialized successfully
LogHMD: Failed initializing OVRPlugin 1.59.0
LogInit: Build: ++UE4+Release-4.27-CL-18319896
LogInit: Engine Version: 4.27.2-18319896+++UE4+Release-4.27
LogInit: Compatible Engine Version: 4.27.0-17155196+++UE4+Release-4.27
LogInit: Net CL: 17155196
LogInit: OS: Windows 10 (Release 2009) (), CPU: Intel(R) Core(TM) i7-10510U CPU @ 1.80GHz, GPU: Intel(R) UHD Graphics
LogInit: Compiled (64-bit): Nov 30 2021 07:12:08
LogInit: Compiled with Visual C++: 19.24.28315.00
LogInit: Build Configuration: Development
LogInit: Branch Name: ++UE4+Release-4.27
LogInit: Command Line: 
LogInit: Base Directory: C:/Program Files/Epic Games/UE_4.27/Engine/Binaries/Win64/
LogInit: Allocator: TBB
LogInit: Installed Engine Build: 1
LogDevObjectVersion: Number of dev versions registered: 29
LogDevObjectVersion:   Dev-Blueprints (B0D832E4-1F89-4F0D-ACCF-7EB736FD4AA2): 10
LogDevObjectVersion:   Dev-Build (E1C64328-A22C-4D53-A36C-8E866417BD8C): 0
LogDevObjectVersion:   Dev-Core (375EC13C-06E4-48FB-B500-84F0262A717E): 4
LogDevObjectVersion:   Dev-Editor (E4B068ED-F494-42E9-A231-DA0B2E46BB41): 40
LogDevObjectVersion:   Dev-Framework (CFFC743F-43B0-4480-9391-14DF171D2073): 37
LogDevObjectVersion:   Dev-Mobile (B02B49B5-BB20-44E9-A304-32B752E40360): 3
LogDevObjectVersion:   Dev-Networking (A4E4105C-59A1-49B5-A7C5-40C4547EDFEE): 0
LogDevObjectVersion:   Dev-Online (39C831C9-5AE6-47DC-9A44-9C173E1C8E7C): 0
LogDevObjectVersion:   Dev-Physics (78F01B33-EBEA-4F98-B9B4-84EACCB95AA2): 14
LogDevObjectVersion:   Dev-Platform (6631380F-2D4D-43E0-8009-CF276956A95A): 0
LogDevObjectVersion:   Dev-Rendering (12F88B9F-8875-4AFC-A67C-D90C383ABD29): 45
LogDevObjectVersion:   Dev-Sequencer (7B5AE74C-D270-4C10-A958-57980B212A5A): 13
LogDevObjectVersion:   Dev-VR (D7296918-1DD6-4BDD-9DE2-64A83CC13884): 3
LogDevObjectVersion:   Dev-LoadTimes (C2A15278-BFE7-4AFE-6C17-90FF531DF755): 1
LogDevObjectVersion:   Private-Geometry (6EACA3D4-40EC-4CC1-B786-8BED09428FC5): 3
LogDevObjectVersion:   Dev-AnimPhys (29E575DD-E0A3-4627-9D10-D276232CDCEA): 17
LogDevObjectVersion:   Dev-Anim (AF43A65D-7FD3-4947-9873-3E8ED9C1BB05): 15
LogDevObjectVersion:   Dev-ReflectionCapture (6B266CEC-1EC7-4B8F-A30B-E4D90942FC07): 1
LogDevObjectVersion:   Dev-Automation (0DF73D61-A23F-47EA-B727-89E90C41499A): 1
LogDevObjectVersion:   FortniteMain (601D1886-AC64-4F84-AA16-D3DE0DEAC7D6): 47
LogDevObjectVersion:   FortniteRelease (E7086368-6B23-4C58-8439-1B7016265E91): 1
LogDevObjectVersion:   Dev-Enterprise (9DFFBCD6-494F-0158-E221-12823C92A888): 10
LogDevObjectVersion:   Dev-Niagara (F2AED0AC-9AFE-416F-8664-AA7FFA26D6FC): 1
LogDevObjectVersion:   Dev-Destruction (174F1F0B-B4C6-45A5-B13F-2EE8D0FB917D): 10
LogDevObjectVersion:   Dev-Physics-Ext (35F94A83-E258-406C-A318-09F59610247C): 41
LogDevObjectVersion:   Dev-PhysicsMaterial-Chaos (B68FC16E-8B1B-42E2-B453-215C058844FE): 1
LogDevObjectVersion:   Dev-CineCamera (B2E18506-4273-CFC2-A54E-F4BB758BBA07): 1
LogDevObjectVersion:   Dev-VirtualProduction (64F58936-FD1B-42BA-BA96-7289D5D0FA4E): 1
LogDevObjectVersion:   Dev-MediaFramework (6F0ED827-A609-4895-9C91-998D90180EA4): 2
LogInit: Presizing for max 25165824 objects, including 0 objects not considered by GC, pre-allocating 0 bytes for permanent pool.
LogConfig: Applying CVar settings from Section [/Script/Engine.StreamingSettings] File [C:/Users/annie/Desktop/Unreal Project/BossGame/Saved/Config/Windows/Engine.ini]
LogConfig: Setting CVar [[s.MinBulkDataSizeForAsyncLoading:131072]]
LogConfig: Setting CVar [[s.AsyncLoadingThreadEnabled:0]]
LogConfig: Setting CVar [[s.EventDrivenLoaderEnabled:1]]
LogConfig: Setting CVar [[s.WarnIfTimeLimitExceeded:0]]
LogConfig: Setting CVar [[s.TimeLimitExceededMultiplier:1.5]]
LogConfig: Setting CVar [[s.TimeLimitExceededMinTime:0.005]]
LogConfig: Setting CVar [[s.UseBackgroundLevelStreaming:1]]
LogConfig: Setting CVar [[s.PriorityAsyncLoadingExtraTime:15.0]]
LogConfig: Setting CVar [[s.LevelStreamingActorsUpdateTimeLimit:5.0]]
LogConfig: Setting CVar [[s.PriorityLevelStreamingActorsUpdateExtraTime:5.0]]
LogConfig: Setting CVar [[s.LevelStreamingComponentsRegistrationGranularity:10]]
LogConfig: Setting CVar [[s.UnregisterComponentsTimeLimit:1.0]]
LogConfig: Setting CVar [[s.LevelStreamingComponentsUnregistrationGranularity:5]]
LogConfig: Setting CVar [[s.FlushStreamingOnExit:1]]
LogInit: Object subsystem initialized
LogConfig: Setting CVar [[con.DebugEarlyDefault:1]]
LogConfig: Setting CVar [[r.setres:1280x720]]
[2022.02.13-16.18.22:169][  0]LogConfig: Setting CVar [[r.VSync:0]]
[2022.02.13-16.18.22:169][  0]LogConfig: Setting CVar [[r.RHICmdBypass:0]]
[2022.02.13-16.18.22:169][  0]LogConfig: Applying CVar settings from Section [/Script/Engine.RendererSettings] File [C:/Users/annie/Desktop/Unreal Project/BossGame/Saved/Config/Windows/Engine.ini]
[2022.02.13-16.18.22:169][  0]LogConfig: Setting CVar [[r.GPUCrashDebugging:0]]
[2022.02.13-16.18.22:169][  0]LogConfig: Applying CVar settings from Section [/Script/Engine.RendererOverrideSettings] File [C:/Users/annie/Desktop/Unreal Project/BossGame/Saved/Config/Windows/Engine.ini]
[2022.02.13-16.18.22:169][  0]LogConfig: Applying CVar settings from Section [/Script/Engine.StreamingSettings] File [C:/Users/annie/Desktop/Unreal Project/BossGame/Saved/Config/Windows/Engine.ini]
[2022.02.13-16.18.22:169][  0]LogConfig: Setting CVar [[s.MinBulkDataSizeForAsyncLoading:131072]]
[2022.02.13-16.18.22:169][  0]LogConfig: Setting CVar [[s.AsyncLoadingThreadEnabled:0]]
[2022.02.13-16.18.22:169][  0]LogConfig: Setting CVar [[s.EventDrivenLoaderEnabled:1]]
[2022.02.13-16.18.22:169][  0]LogConfig: Setting CVar [[s.WarnIfTimeLimitExceeded:0]]
[2022.02.13-16.18.22:169][  0]LogConfig: Setting CVar [[s.TimeLimitExceededMultiplier:1.5]]
[2022.02.13-16.18.22:169][  0]LogConfig: Setting CVar [[s.TimeLimitExceededMinTime:0.005]]
[2022.02.13-16.18.22:169][  0]LogConfig: Setting CVar [[s.UseBackgroundLevelStreaming:1]]
[2022.02.13-16.18.22:169][  0]LogConfig: Setting CVar [[s.PriorityAsyncLoadingExtraTime:15.0]]
[2022.02.13-16.18.22:169][  0]LogConfig: Setting CVar [[s.LevelStreamingActorsUpdateTimeLimit:5.0]]
[2022.02.13-16.18.22:169][  0]LogConfig: Setting CVar [[s.PriorityLevelStreamingActorsUpdateExtraTime:5.0]]
[2022.02.13-16.18.22:169][  0]LogConfig: Setting CVar [[s.LevelStreamingComponentsRegistrationGranularity:10]]
[2022.02.13-16.18.22:169][  0]LogConfig: Setting CVar [[s.UnregisterComponentsTimeLimit:1.0]]
[2022.02.13-16.18.22:169][  0]LogConfig: Setting CVar [[s.LevelStreamingComponentsUnregistrationGranularity:5]]
[2022.02.13-16.18.22:169][  0]LogConfig: Setting CVar [[s.FlushStreamingOnExit:1]]
[2022.02.13-16.18.22:169][  0]LogConfig: Applying CVar settings from Section [/Script/Engine.GarbageCollectionSettings] File [C:/Users/annie/Desktop/Unreal Project/BossGame/Saved/Config/Windows/Engine.ini]
[2022.02.13-16.18.22:169][  0]LogConfig: Setting CVar [[gc.MaxObjectsNotConsideredByGC:1]]
[2022.02.13-16.18.22:169][  0]LogConfig: Setting CVar [[gc.SizeOfPermanentObjectPool:0]]
[2022.02.13-16.18.22:169][  0]LogConfig: Setting CVar [[gc.FlushStreamingOnGC:0]]
[2022.02.13-16.18.22:169][  0]LogConfig: Setting CVar [[gc.NumRetriesBeforeForcingGC:10]]
[2022.02.13-16.18.22:169][  0]LogConfig: Setting CVar [[gc.AllowParallelGC:1]]
[2022.02.13-16.18.22:169][  0]LogConfig: Setting CVar [[gc.TimeBetweenPurgingPendingKillObjects:61.1]]
[2022.02.13-16.18.22:169][  0]LogConfig: Setting CVar [[gc.MaxObjectsInEditor:25165824]]
[2022.02.13-16.18.22:169][  0]LogConfig: Setting CVar [[gc.IncrementalBeginDestroyEnabled:1]]
[2022.02.13-16.18.22:169][  0]LogConfig: Setting CVar [[gc.CreateGCClusters:1]]
[2022.02.13-16.18.22:169][  0]LogConfig: Setting CVar [[gc.MinGCClusterSize:5]]
[2022.02.13-16.18.22:169][  0]LogConfig: Setting CVar [[gc.ActorClusteringEnabled:0]]
[2022.02.13-16.18.22:169][  0]LogConfig: Setting CVar [[gc.BlueprintClusteringEnabled:0]]
[2022.02.13-16.18.22:169][  0]LogConfig: Setting CVar [[gc.UseDisregardForGCOnDedicatedServers:0]]
[2022.02.13-16.18.22:169][  0]LogConfig: Setting CVar [[gc.MultithreadedDestructionEnabled:1]]
[2022.02.13-16.18.22:169][  0]LogConfig: Applying CVar settings from Section [/Script/Engine.NetworkSettings] File [C:/Users/annie/Desktop/Unreal Project/BossGame/Saved/Config/Windows/Engine.ini]
[2022.02.13-16.18.22:169][  0]LogConfig: Applying CVar settings from Section [/Script/UnrealEd.CookerSettings] File [C:/Users/annie/Desktop/Unreal Project/BossGame/Saved/Config/Windows/Engine.ini]
[2022.02.13-16.18.22:176][  0]LogConfig: Applying CVar settings from Section [ViewDistanceQuality@3] File [C:/Users/annie/Desktop/Unreal Project/BossGame/Saved/Config/Windows/Scalability.ini]
[2022.02.13-16.18.22:176][  0]LogConfig: Setting CVar [[r.SkeletalMeshLODBias:0]]
[2022.02.13-16.18.22:176][  0]LogConfig: Setting CVar [[r.ViewDistanceScale:1.0]]
[2022.02.13-16.18.22:176][  0]LogConfig: Applying CVar settings from Section [AntiAliasingQuality@3] File [C:/Users/annie/Desktop/Unreal Project/BossGame/Saved/Config/Windows/Scalability.ini]
[2022.02.13-16.18.22:176][  0]LogConfig: Setting CVar [[r.PostProcessAAQuality:4]]
[2022.02.13-16.18.22:176][  0]LogConfig: Applying CVar settings from Section [ShadowQuality@3] File [C:/Users/annie/Desktop/Unreal Project/BossGame/Saved/Config/Windows/Scalability.ini]
[2022.02.13-16.18.22:176][  0]LogConfig: Setting CVar [[r.LightFunctionQuality:1]]
[2022.02.13-16.18.22:176][  0]LogConfig: Setting CVar [[r.ShadowQuality:5]]
[2022.02.13-16.18.22:176][  0]LogConfig: Setting CVar [[r.Shadow.CSM.MaxCascades:10]]
[2022.02.13-16.18.22:176][  0]LogConfig: Setting CVar [[r.Shadow.MaxResolution:2048]]
[2022.02.13-16.18.22:176][  0]LogConfig: Setting CVar [[r.Shadow.MaxCSMResolution:2048]]
[2022.02.13-16.18.22:176][  0]LogConfig: Setting CVar [[r.Shadow.RadiusThreshold:0.01]]
[2022.02.13-16.18.22:176][  0]LogConfig: Setting CVar [[r.Shadow.DistanceScale:1.0]]
[2022.02.13-16.18.22:176][  0]LogConfig: Setting CVar [[r.Shadow.CSM.TransitionScale:1.0]]
[2022.02.13-16.18.22:176][  0]LogConfig: Setting CVar [[r.Shadow.PreShadowResolutionFactor:1.0]]
[2022.02.13-16.18.22:176][  0]LogConfig: Setting CVar [[r.DistanceFieldShadowing:1]]
[2022.02.13-16.18.22:176][  0]LogConfig: Setting CVar [[r.DistanceFieldAO:1]]
[2022.02.13-16.18.22:176][  0]LogConfig: Setting CVar [[r.AOQuality:2]]
[2022.02.13-16.18.22:176][  0]LogConfig: Setting CVar [[r.VolumetricFog:1]]
[2022.02.13-16.18.22:176][  0]LogConfig: Setting CVar [[r.VolumetricFog.GridPixelSize:8]]
[2022.02.13-16.18.22:176][  0]LogConfig: Setting CVar [[r.VolumetricFog.GridSizeZ:128]]
[2022.02.13-16.18.22:176][  0]LogConfig: Setting CVar [[r.VolumetricFog.HistoryMissSupersampleCount:4]]
[2022.02.13-16.18.22:176][  0]LogConfig: Setting CVar [[r.LightMaxDrawDistanceScale:1]]
[2022.02.13-16.18.22:176][  0]LogConfig: Setting CVar [[r.CapsuleShadows:1]]
[2022.02.13-16.18.22:176][  0]LogConfig: Applying CVar settings from Section [PostProcessQuality@3] File [C:/Users/annie/Desktop/Unreal Project/BossGame/Saved/Config/Windows/Scalability.ini]
[2022.02.13-16.18.22:176][  0]LogConfig: Setting CVar [[r.MotionBlurQuality:4]]
[2022.02.13-16.18.22:176][  0]LogConfig: Setting CVar [[r.AmbientOcclusionMipLevelFactor:0.4]]
[2022.02.13-16.18.22:176][  0]LogConfig: Setting CVar [[r.AmbientOcclusionMaxQuality:100]]
[2022.02.13-16.18.22:176][  0]LogConfig: Setting CVar [[r.AmbientOcclusionLevels:-1]]
[2022.02.13-16.18.22:176][  0]LogConfig: Setting CVar [[r.AmbientOcclusionRadiusScale:1.0]]
[2022.02.13-16.18.22:176][  0]LogConfig: Setting CVar [[r.DepthOfFieldQuality:2]]
[2022.02.13-16.18.22:176][  0]LogConfig: Setting CVar [[r.RenderTargetPoolMin:400]]
[2022.02.13-16.18.22:176][  0]LogConfig: Setting CVar [[r.LensFlareQuality:2]]
[2022.02.13-16.18.22:176][  0]LogConfig: Setting CVar [[r.SceneColorFringeQuality:1]]
[2022.02.13-16.18.22:176][  0]LogConfig: Setting CVar [[r.EyeAdaptationQuality:2]]
[2022.02.13-16.18.22:176][  0]LogConfig: Setting CVar [[r.BloomQuality:5]]
[2022.02.13-16.18.22:176][  0]LogConfig: Setting CVar [[r.FastBlurThreshold:100]]
[2022.02.13-16.18.22:176][  0]LogConfig: Setting CVar [[r.Upscale.Quality:3]]
[2022.02.13-16.18.22:176][  0]LogConfig: Setting CVar [[r.Tonemapper.GrainQuantization:1]]
[2022.02.13-16.18.22:176][  0]LogConfig: Setting CVar [[r.LightShaftQuality:1]]
[2022.02.13-16.18.22:176][  0]LogConfig: Setting CVar [[r.Filter.SizeScale:1]]
[2022.02.13-16.18.22:176][  0]LogConfig: Setting CVar [[r.Tonemapper.Quality:5]]
[2022.02.13-16.18.22:176][  0]LogConfig: Setting CVar [[r.DOF.Gather.AccumulatorQuality:1        ; higher gathering accumulator quality]]
[2022.02.13-16.18.22:176][  0]LogConfig: Setting CVar [[r.DOF.Gather.PostfilterMethod:1          ; Median3x3 postfilering method]]
[2022.02.13-16.18.22:176][  0]LogConfig: Setting CVar [[r.DOF.Gather.EnableBokehSettings:0       ; no bokeh simulation when gathering]]
[2022.02.13-16.18.22:176][  0]LogConfig: Setting CVar [[r.DOF.Gather.RingCount:4                 ; medium number of samples when gathering]]
[2022.02.13-16.18.22:176][  0]LogConfig: Setting CVar [[r.DOF.Scatter.ForegroundCompositing:1    ; additive foreground scattering]]
[2022.02.13-16.18.22:176][  0]LogConfig: Setting CVar [[r.DOF.Scatter.BackgroundCompositing:2    ; additive background scattering]]
[2022.02.13-16.18.22:176][  0]LogConfig: Setting CVar [[r.DOF.Scatter.EnableBokehSettings:1      ; bokeh simulation when scattering]]
[2022.02.13-16.18.22:176][  0]LogConfig: Setting CVar [[r.DOF.Scatter.MaxSpriteRatio:0.1         ; only a maximum of 10% of scattered bokeh]]
[2022.02.13-16.18.22:176][  0]LogConfig: Setting CVar [[r.DOF.Recombine.Quality:1                ; cheap slight out of focus]]
[2022.02.13-16.18.22:176][  0]LogConfig: Setting CVar [[r.DOF.Recombine.EnableBokehSettings:0    ; no bokeh simulation on slight out of focus]]
[2022.02.13-16.18.22:176][  0]LogConfig: Setting CVar [[r.DOF.TemporalAAQuality:1                ; more stable temporal accumulation]]
[2022.02.13-16.18.22:176][  0]LogConfig: Setting CVar [[r.DOF.Kernel.MaxForegroundRadius:0.025]]
[2022.02.13-16.18.22:176][  0]LogConfig: Setting CVar [[r.DOF.Kernel.MaxBackgroundRadius:0.025]]
[2022.02.13-16.18.22:177][  0]LogConfig: Applying CVar settings from Section [TextureQuality@3] File [C:/Users/annie/Desktop/Unreal Project/BossGame/Saved/Config/Windows/Scalability.ini]
[2022.02.13-16.18.22:177][  0]LogConfig: Setting CVar [[r.Streaming.MipBias:0]]
[2022.02.13-16.18.22:177][  0]LogConfig: Setting CVar [[r.Streaming.AmortizeCPUToGPUCopy:0]]
[2022.02.13-16.18.22:177][  0]LogConfig: Setting CVar [[r.Streaming.MaxNumTexturesToStreamPerFrame:0]]
[2022.02.13-16.18.22:177][  0]LogConfig: Setting CVar [[r.Streaming.Boost:1]]
[2022.02.13-16.18.22:177][  0]LogConfig: Setting CVar [[r.MaxAnisotropy:8]]
[2022.02.13-16.18.22:177][  0]LogConfig: Setting CVar [[r.VT.MaxAnisotropy:8]]
[2022.02.13-16.18.22:177][  0]LogConfig: Setting CVar [[r.Streaming.LimitPoolSizeToVRAM:0]]
[2022.02.13-16.18.22:177][  0]LogConfig: Setting CVar [[r.Streaming.PoolSize:1000]]
[2022.02.13-16.18.22:177][  0]LogConfig: Setting CVar [[r.Streaming.MaxEffectiveScreenSize:0]]
[2022.02.13-16.18.22:177][  0]LogConfig: Applying CVar settings from Section [EffectsQuality@3] File [C:/Users/annie/Desktop/Unreal Project/BossGame/Saved/Config/Windows/Scalability.ini]
[2022.02.13-16.18.22:177][  0]LogConfig: Setting CVar [[r.TranslucencyLightingVolumeDim:64]]
[2022.02.13-16.18.22:177][  0]LogConfig: Setting CVar [[r.RefractionQuality:2]]
[2022.02.13-16.18.22:177][  0]LogConfig: Setting CVar [[r.SSR.Quality:3]]
[2022.02.13-16.18.22:177][  0]LogConfig: Setting CVar [[r.SSR.HalfResSceneColor:0]]
[2022.02.13-16.18.22:177][  0]LogConfig: Setting CVar [[r.SceneColorFormat:4]]
[2022.02.13-16.18.22:177][  0]LogConfig: Setting CVar [[r.DetailMode:2]]
[2022.02.13-16.18.22:177][  0]LogConfig: Setting CVar [[r.TranslucencyVolumeBlur:1]]
[2022.02.13-16.18.22:177][  0]LogConfig: Setting CVar [[r.MaterialQualityLevel:1 ; High quality]]
[2022.02.13-16.18.22:177][  0]LogConfig: Setting CVar [[r.AnisotropicMaterials:1]]
[2022.02.13-16.18.22:177][  0]LogConfig: Setting CVar [[r.SSS.Scale:1]]
[2022.02.13-16.18.22:177][  0]LogConfig: Setting CVar [[r.SSS.SampleSet:2]]
[2022.02.13-16.18.22:177][  0]LogConfig: Setting CVar [[r.SSS.Quality:1]]
[2022.02.13-16.18.22:177][  0]LogConfig: Setting CVar [[r.SSS.HalfRes:0]]
[2022.02.13-16.18.22:177][  0]LogConfig: Setting CVar [[r.SSGI.Quality:3]]
[2022.02.13-16.18.22:177][  0]LogConfig: Setting CVar [[r.EmitterSpawnRateScale:1.0]]
[2022.02.13-16.18.22:177][  0]LogConfig: Setting CVar [[r.ParticleLightQuality:2]]
[2022.02.13-16.18.22:177][  0]LogConfig: Setting CVar [[r.SkyAtmosphere.AerialPerspectiveLUT.FastApplyOnOpaque:1 ; Always have FastSkyLUT 1 in this case to avoid wrong sky]]
[2022.02.13-16.18.22:177][  0]LogConfig: Setting CVar [[r.SkyAtmosphere.AerialPerspectiveLUT.SampleCountMaxPerSlice:4]]
[2022.02.13-16.18.22:177][  0]LogConfig: Setting CVar [[r.SkyAtmosphere.AerialPerspectiveLUT.DepthResolution:16.0]]
[2022.02.13-16.18.22:177][  0]LogConfig: Setting CVar [[r.SkyAtmosphere.FastSkyLUT:1]]
[2022.02.13-16.18.22:177][  0]LogConfig: Setting CVar [[r.SkyAtmosphere.FastSkyLUT.SampleCountMin:4.0]]
[2022.02.13-16.18.22:177][  0]LogConfig: Setting CVar [[r.SkyAtmosphere.FastSkyLUT.SampleCountMax:128.0]]
[2022.02.13-16.18.22:177][  0]LogConfig: Setting CVar [[r.SkyAtmosphere.SampleCountMin:4.0]]
[2022.02.13-16.18.22:177][  0]LogConfig: Setting CVar [[r.SkyAtmosphere.SampleCountMax:128.0]]
[2022.02.13-16.18.22:177][  0]LogConfig: Setting CVar [[r.SkyAtmosphere.TransmittanceLUT.UseSmallFormat:0]]
[2022.02.13-16.18.22:177][  0]LogConfig: Setting CVar [[r.SkyAtmosphere.TransmittanceLUT.SampleCount:10.0]]
[2022.02.13-16.18.22:177][  0]LogConfig: Setting CVar [[r.SkyAtmosphere.MultiScatteringLUT.SampleCount:15.0]]
[2022.02.13-16.18.22:177][  0]LogConfig: Setting CVar [[r.SkyLight.RealTimeReflectionCapture:1]]
[2022.02.13-16.18.22:177][  0]LogConfig: Applying CVar settings from Section [FoliageQuality@3] File [C:/Users/annie/Desktop/Unreal Project/BossGame/Saved/Config/Windows/Scalability.ini]
[2022.02.13-16.18.22:177][  0]LogConfig: Setting CVar [[foliage.DensityScale:1.0]]
[2022.02.13-16.18.22:177][  0]LogConfig: Setting CVar [[grass.DensityScale:1.0]]
[2022.02.13-16.18.22:177][  0]LogConfig: Applying CVar settings from Section [ShadingQuality@3] File [C:/Users/annie/Desktop/Unreal Project/BossGame/Saved/Config/Windows/Scalability.ini]
[2022.02.13-16.18.22:177][  0]LogConfig: Setting CVar [[r.HairStrands.SkyLighting.IntegrationType:2]]
[2022.02.13-16.18.22:177][  0]LogConfig: Setting CVar [[r.HairStrands.SkyAO.SampleCount:4]]
[2022.02.13-16.18.22:177][  0]LogConfig: Setting CVar [[r.HairStrands.Visibility.MSAA.SamplePerPixel:4]]
[2022.02.13-16.18.22:177][  0]LogInit: Selected Device Profile: [Windows]
[2022.02.13-16.18.22:177][  0]LogInit: Applying CVar settings loaded from the selected device profile: [Windows]
[2022.02.13-16.18.22:177][  0]LogHAL: Display: Platform has ~ 24 GB [25543544832 / 34359738368 / 24], which maps to Larger [LargestMinGB=32, LargerMinGB=12, DefaultMinGB=8, SmallerMinGB=6, SmallestMinGB=0)
[2022.02.13-16.18.22:177][  0]LogInit: Going up to parent DeviceProfile []
[2022.02.13-16.18.22:177][  0]LogConfig: Applying CVar settings from Section [ViewDistanceQuality@3] File [C:/Users/annie/Desktop/Unreal Project/BossGame/Saved/Config/Windows/Scalability.ini]
[2022.02.13-16.18.22:177][  0]LogConfig: Setting CVar [[r.SkeletalMeshLODBias:0]]
[2022.02.13-16.18.22:177][  0]LogConfig: Setting CVar [[r.ViewDistanceScale:1.0]]
[2022.02.13-16.18.22:177][  0]LogConfig: Applying CVar settings from Section [AntiAliasingQuality@3] File [C:/Users/annie/Desktop/Unreal Project/BossGame/Saved/Config/Windows/Scalability.ini]
[2022.02.13-16.18.22:177][  0]LogConfig: Setting CVar [[r.PostProcessAAQuality:4]]
[2022.02.13-16.18.22:177][  0]LogConfig: Applying CVar settings from Section [ShadowQuality@3] File [C:/Users/annie/Desktop/Unreal Project/BossGame/Saved/Config/Windows/Scalability.ini]
[2022.02.13-16.18.22:177][  0]LogConfig: Setting CVar [[r.LightFunctionQuality:1]]
[2022.02.13-16.18.22:177][  0]LogConfig: Setting CVar [[r.ShadowQuality:5]]
[2022.02.13-16.18.22:177][  0]LogConfig: Setting CVar [[r.Shadow.CSM.MaxCascades:10]]
[2022.02.13-16.18.22:177][  0]LogConfig: Setting CVar [[r.Shadow.MaxResolution:2048]]
[2022.02.13-16.18.22:177][  0]LogConfig: Setting CVar [[r.Shadow.MaxCSMResolution:2048]]
[2022.02.13-16.18.22:177][  0]LogConfig: Setting CVar [[r.Shadow.RadiusThreshold:0.01]]
[2022.02.13-16.18.22:177][  0]LogConfig: Setting CVar [[r.Shadow.DistanceScale:1.0]]
[2022.02.13-16.18.22:177][  0]LogConfig: Setting CVar [[r.Shadow.CSM.TransitionScale:1.0]]
[2022.02.13-16.18.22:177][  0]LogConfig: Setting CVar [[r.Shadow.PreShadowResolutionFactor:1.0]]
[2022.02.13-16.18.22:177][  0]LogConfig: Setting CVar [[r.DistanceFieldShadowing:1]]
[2022.02.13-16.18.22:177][  0]LogConfig: Setting CVar [[r.DistanceFieldAO:1]]
[2022.02.13-16.18.22:177][  0]LogConfig: Setting CVar [[r.AOQuality:2]]
[2022.02.13-16.18.22:177][  0]LogConfig: Setting CVar [[r.VolumetricFog:1]]
[2022.02.13-16.18.22:177][  0]LogConfig: Setting CVar [[r.VolumetricFog.GridPixelSize:8]]
[2022.02.13-16.18.22:178][  0]LogConfig: Setting CVar [[r.VolumetricFog.GridSizeZ:128]]
[2022.02.13-16.18.22:178][  0]LogConfig: Setting CVar [[r.VolumetricFog.HistoryMissSupersampleCount:4]]
[2022.02.13-16.18.22:178][  0]LogConfig: Setting CVar [[r.LightMaxDrawDistanceScale:1]]
[2022.02.13-16.18.22:178][  0]LogConfig: Setting CVar [[r.CapsuleShadows:1]]
[2022.02.13-16.18.22:178][  0]LogConfig: Applying CVar settings from Section [PostProcessQuality@3] File [C:/Users/annie/Desktop/Unreal Project/BossGame/Saved/Config/Windows/Scalability.ini]
[2022.02.13-16.18.22:178][  0]LogConfig: Setting CVar [[r.MotionBlurQuality:4]]
[2022.02.13-16.18.22:178][  0]LogConfig: Setting CVar [[r.AmbientOcclusionMipLevelFactor:0.4]]
[2022.02.13-16.18.22:178][  0]LogConfig: Setting CVar [[r.AmbientOcclusionMaxQuality:100]]
[2022.02.13-16.18.22:178][  0]LogConfig: Setting CVar [[r.AmbientOcclusionLevels:-1]]
[2022.02.13-16.18.22:178][  0]LogConfig: Setting CVar [[r.AmbientOcclusionRadiusScale:1.0]]
[2022.02.13-16.18.22:178][  0]LogConfig: Setting CVar [[r.DepthOfFieldQuality:2]]
[2022.02.13-16.18.22:178][  0]LogConfig: Setting CVar [[r.RenderTargetPoolMin:400]]
[2022.02.13-16.18.22:178][  0]LogConfig: Setting CVar [[r.LensFlareQuality:2]]
[2022.02.13-16.18.22:178][  0]LogConfig: Setting CVar [[r.SceneColorFringeQuality:1]]
[2022.02.13-16.18.22:178][  0]LogConfig: Setting CVar [[r.EyeAdaptationQuality:2]]
[2022.02.13-16.18.22:178][  0]LogConfig: Setting CVar [[r.BloomQuality:5]]
[2022.02.13-16.18.22:178][  0]LogConfig: Setting CVar [[r.FastBlurThreshold:100]]
[2022.02.13-16.18.22:178][  0]LogConfig: Setting CVar [[r.Upscale.Quality:3]]
[2022.02.13-16.18.22:178][  0]LogConfig: Setting CVar [[r.Tonemapper.GrainQuantization:1]]
[2022.02.13-16.18.22:178][  0]LogConfig: Setting CVar [[r.LightShaftQuality:1]]
[2022.02.13-16.18.22:178][  0]LogConfig: Setting CVar [[r.Filter.SizeScale:1]]
[2022.02.13-16.18.22:178][  0]LogConfig: Setting CVar [[r.Tonemapper.Quality:5]]
[2022.02.13-16.18.22:178][  0]LogConfig: Setting CVar [[r.DOF.Gather.AccumulatorQuality:1        ; higher gathering accumulator quality]]
[2022.02.13-16.18.22:178][  0]LogConfig: Setting CVar [[r.DOF.Gather.PostfilterMethod:1          ; Median3x3 postfilering method]]
[2022.02.13-16.18.22:178][  0]LogConfig: Setting CVar [[r.DOF.Gather.EnableBokehSettings:0       ; no bokeh simulation when gathering]]
[2022.02.13-16.18.22:178][  0]LogConfig: Setting CVar [[r.DOF.Gather.RingCount:4                 ; medium number of samples when gathering]]
[2022.02.13-16.18.22:178][  0]LogConfig: Setting CVar [[r.DOF.Scatter.ForegroundCompositing:1    ; additive foreground scattering]]
[2022.02.13-16.18.22:178][  0]LogConfig: Setting CVar [[r.DOF.Scatter.BackgroundCompositing:2    ; additive background scattering]]
[2022.02.13-16.18.22:178][  0]LogConfig: Setting CVar [[r.DOF.Scatter.EnableBokehSettings:1      ; bokeh simulation when scattering]]
[2022.02.13-16.18.22:178][  0]LogConfig: Setting CVar [[r.DOF.Scatter.MaxSpriteRatio:0.1         ; only a maximum of 10% of scattered bokeh]]
[2022.02.13-16.18.22:178][  0]LogConfig: Setting CVar [[r.DOF.Recombine.Quality:1                ; cheap slight out of focus]]
[2022.02.13-16.18.22:178][  0]LogConfig: Setting CVar [[r.DOF.Recombine.EnableBokehSettings:0    ; no bokeh simulation on slight out of focus]]
[2022.02.13-16.18.22:178][  0]LogConfig: Setting CVar [[r.DOF.TemporalAAQuality:1                ; more stable temporal accumulation]]
[2022.02.13-16.18.22:178][  0]LogConfig: Setting CVar [[r.DOF.Kernel.MaxForegroundRadius:0.025]]
[2022.02.13-16.18.22:178][  0]LogConfig: Setting CVar [[r.DOF.Kernel.MaxBackgroundRadius:0.025]]
[2022.02.13-16.18.22:178][  0]LogConfig: Applying CVar settings from Section [TextureQuality@3] File [C:/Users/annie/Desktop/Unreal Project/BossGame/Saved/Config/Windows/Scalability.ini]
[2022.02.13-16.18.22:178][  0]LogConfig: Setting CVar [[r.Streaming.MipBias:0]]
[2022.02.13-16.18.22:178][  0]LogConfig: Setting CVar [[r.Streaming.AmortizeCPUToGPUCopy:0]]
[2022.02.13-16.18.22:178][  0]LogConfig: Setting CVar [[r.Streaming.MaxNumTexturesToStreamPerFrame:0]]
[2022.02.13-16.18.22:178][  0]LogConfig: Setting CVar [[r.Streaming.Boost:1]]
[2022.02.13-16.18.22:178][  0]LogConfig: Setting CVar [[r.MaxAnisotropy:8]]
[2022.02.13-16.18.22:178][  0]LogConfig: Setting CVar [[r.VT.MaxAnisotropy:8]]
[2022.02.13-16.18.22:178][  0]LogConfig: Setting CVar [[r.Streaming.LimitPoolSizeToVRAM:0]]
[2022.02.13-16.18.22:178][  0]LogConfig: Setting CVar [[r.Streaming.PoolSize:1000]]
[2022.02.13-16.18.22:178][  0]LogConfig: Setting CVar [[r.Streaming.MaxEffectiveScreenSize:0]]
[2022.02.13-16.18.22:178][  0]LogConfig: Applying CVar settings from Section [EffectsQuality@3] File [C:/Users/annie/Desktop/Unreal Project/BossGame/Saved/Config/Windows/Scalability.ini]
[2022.02.13-16.18.22:178][  0]LogConfig: Setting CVar [[r.TranslucencyLightingVolumeDim:64]]
[2022.02.13-16.18.22:178][  0]LogConfig: Setting CVar [[r.RefractionQuality:2]]
[2022.02.13-16.18.22:178][  0]LogConfig: Setting CVar [[r.SSR.Quality:3]]
[2022.02.13-16.18.22:178][  0]LogConfig: Setting CVar [[r.SSR.HalfResSceneColor:0]]
[2022.02.13-16.18.22:178][  0]LogConfig: Setting CVar [[r.SceneColorFormat:4]]
[2022.02.13-16.18.22:179][  0]LogConfig: Setting CVar [[r.DetailMode:2]]
[2022.02.13-16.18.22:179][  0]LogConfig: Setting CVar [[r.TranslucencyVolumeBlur:1]]
[2022.02.13-16.18.22:179][  0]LogConfig: Setting CVar [[r.MaterialQualityLevel:1 ; High quality]]
[2022.02.13-16.18.22:179][  0]LogConfig: Setting CVar [[r.AnisotropicMaterials:1]]
[2022.02.13-16.18.22:179][  0]LogConfig: Setting CVar [[r.SSS.Scale:1]]
[2022.02.13-16.18.22:179][  0]LogConfig: Setting CVar [[r.SSS.SampleSet:2]]
[2022.02.13-16.18.22:179][  0]LogConfig: Setting CVar [[r.SSS.Quality:1]]
[2022.02.13-16.18.22:179][  0]LogConfig: Setting CVar [[r.SSS.HalfRes:0]]
[2022.02.13-16.18.22:179][  0]LogConfig: Setting CVar [[r.SSGI.Quality:3]]
[2022.02.13-16.18.22:179][  0]LogConfig: Setting CVar [[r.EmitterSpawnRateScale:1.0]]
[2022.02.13-16.18.22:179][  0]LogConfig: Setting CVar [[r.ParticleLightQuality:2]]
[2022.02.13-16.18.22:179][  0]LogConfig: Setting CVar [[r.SkyAtmosphere.AerialPerspectiveLUT.FastApplyOnOpaque:1 ; Always have FastSkyLUT 1 in this case to avoid wrong sky]]
[2022.02.13-16.18.22:179][  0]LogConfig: Setting CVar [[r.SkyAtmosphere.AerialPerspectiveLUT.SampleCountMaxPerSlice:4]]
[2022.02.13-16.18.22:179][  0]LogConfig: Setting CVar [[r.SkyAtmosphere.AerialPerspectiveLUT.DepthResolution:16.0]]
[2022.02.13-16.18.22:179][  0]LogConfig: Setting CVar [[r.SkyAtmosphere.FastSkyLUT:1]]
[2022.02.13-16.18.22:179][  0]LogConfig: Setting CVar [[r.SkyAtmosphere.FastSkyLUT.SampleCountMin:4.0]]
[2022.02.13-16.18.22:179][  0]LogConfig: Setting CVar [[r.SkyAtmosphere.FastSkyLUT.SampleCountMax:128.0]]
[2022.02.13-16.18.22:179][  0]LogConfig: Setting CVar [[r.SkyAtmosphere.SampleCountMin:4.0]]
[2022.02.13-16.18.22:179][  0]LogConfig: Setting CVar [[r.SkyAtmosphere.SampleCountMax:128.0]]
[2022.02.13-16.18.22:179][  0]LogConfig: Setting CVar [[r.SkyAtmosphere.TransmittanceLUT.UseSmallFormat:0]]
[2022.02.13-16.18.22:179][  0]LogConfig: Setting CVar [[r.SkyAtmosphere.TransmittanceLUT.SampleCount:10.0]]
[2022.02.13-16.18.22:179][  0]LogConfig: Setting CVar [[r.SkyAtmosphere.MultiScatteringLUT.SampleCount:15.0]]
[2022.02.13-16.18.22:179][  0]LogConfig: Setting CVar [[r.SkyLight.RealTimeReflectionCapture:1]]
[2022.02.13-16.18.22:179][  0]LogConfig: Applying CVar settings from Section [FoliageQuality@3] File [C:/Users/annie/Desktop/Unreal Project/BossGame/Saved/Config/Windows/Scalability.ini]
[2022.02.13-16.18.22:179][  0]LogConfig: Setting CVar [[foliage.DensityScale:1.0]]
[2022.02.13-16.18.22:179][  0]LogConfig: Setting CVar [[grass.DensityScale:1.0]]
[2022.02.13-16.18.22:179][  0]LogConfig: Applying CVar settings from Section [ShadingQuality@3] File [C:/Users/annie/Desktop/Unreal Project/BossGame/Saved/Config/Windows/Scalability.ini]
[2022.02.13-16.18.22:179][  0]LogConfig: Setting CVar [[r.HairStrands.SkyLighting.IntegrationType:2]]
[2022.02.13-16.18.22:179][  0]LogConfig: Setting CVar [[r.HairStrands.SkyAO.SampleCount:4]]
[2022.02.13-16.18.22:179][  0]LogConfig: Setting CVar [[r.HairStrands.Visibility.MSAA.SamplePerPixel:4]]
[2022.02.13-16.18.22:179][  0]LogConfig: Applying CVar settings from Section [Startup] File [../../../Engine/Config/ConsoleVariables.ini]
[2022.02.13-16.18.22:179][  0]LogConfig: Setting CVar [[net.UseAdaptiveNetUpdateFrequency:0]]
[2022.02.13-16.18.22:179][  0]LogConfig: Setting CVar [[p.chaos.AllowCreatePhysxBodies:1]]
[2022.02.13-16.18.22:179][  0]LogConfig: Setting CVar [[fx.SkipVectorVMBackendOptimizations:1]]
[2022.02.13-16.18.22:179][  0]LogConfig: Applying CVar settings from Section [ConsoleVariables] File [C:/Users/annie/Desktop/Unreal Project/BossGame/Saved/Config/Windows/Engine.ini]
[2022.02.13-16.18.22:179][  0]LogConfig: Applying CVar settings from Section [ConsoleVariables] File [C:/Users/annie/Desktop/Unreal Project/BossGame/Saved/Config/Windows/Editor.ini]
[2022.02.13-16.18.22:179][  0]LogInit: Computer: DESKTOP-ONRQHMG
[2022.02.13-16.18.22:179][  0]LogInit: User: annie
[2022.02.13-16.18.22:179][  0]LogInit: CPU Page size=4096, Cores=4
[2022.02.13-16.18.22:179][  0]LogInit: High frequency timer resolution =10.000000 MHz
[2022.02.13-16.18.22:179][  0]LogMemory: Memory total: Physical=23.8GB (24GB approx)
[2022.02.13-16.18.22:179][  0]LogMemory: Platform Memory Stats for Windows
[2022.02.13-16.18.22:180][  0]LogMemory: Process Physical Memory: 143.40 MB used, 143.41 MB peak
[2022.02.13-16.18.22:180][  0]LogMemory: Process Virtual Memory: 120.30 MB used, 120.30 MB peak
[2022.02.13-16.18.22:180][  0]LogMemory: Physical Memory: 8117.96 MB used,  16242.27 MB free, 24360.22 MB total
[2022.02.13-16.18.22:180][  0]LogMemory: Virtual Memory: 134201160.00 MB used,  16570.94 MB free, 134217728.00 MB total
[2022.02.13-16.18.22:185][  0]LogWindows: WindowsPlatformFeatures enabled
[2022.02.13-16.18.22:208][  0]LogInit: Physics initialised using underlying interface: PhysX
[2022.02.13-16.18.22:209][  0]LogInit: Overriding language with editor language configuration option (en).
[2022.02.13-16.18.22:209][  0]LogInit: Using OS detected locale (zh-TW).
[2022.02.13-16.18.22:389][  0]LogInit: Setting process to per monitor DPI aware
[2022.02.13-16.18.22:397][  0]LogWindowsTextInputMethodSystem: Display: IME system deactivated.
[2022.02.13-16.18.22:408][  0]LogSlate: New Slate User Created.  User Index 0, Is Virtual User: 0
[2022.02.13-16.18.22:408][  0]LogSlate: Slate User Registered.  User Index 0, Is Virtual User: 0
[2022.02.13-16.18.22:514][  0]LogD3D11RHI: Loaded GFSDK_Aftermath_Lib.x64.dll
[2022.02.13-16.18.22:526][  0]LogHMD: Failed to initialize OpenVR with code 110
[2022.02.13-16.18.22:526][  0]LogD3D11RHI: D3D11 min allowed feature level: 11_0
[2022.02.13-16.18.22:526][  0]LogD3D11RHI: D3D11 max allowed feature level: 11_0
[2022.02.13-16.18.22:526][  0]LogD3D11RHI: D3D11 adapters:
[2022.02.13-16.18.22:683][  0]LogD3D11RHI:    0. 'NVIDIA GeForce MX250' (Feature Level 11_0)
[2022.02.13-16.18.22:683][  0]LogD3D11RHI:       1983/0/12180 MB DedicatedVideo/DedicatedSystem/SharedSystem, Outputs:1, VendorId:0x10de
[2022.02.13-16.18.22:696][  0]LogD3D11RHI:    1. 'Intel(R) UHD Graphics' (Feature Level 11_0)
[2022.02.13-16.18.22:696][  0]LogD3D11RHI:       128/0/12180 MB DedicatedVideo/DedicatedSystem/SharedSystem, Outputs:0, VendorId:0x8086
[2022.02.13-16.18.22:699][  0]LogD3D11RHI:    2. 'Microsoft Basic Render Driver' (Feature Level 11_0)
[2022.02.13-16.18.22:699][  0]LogD3D11RHI:       0/0/12180 MB DedicatedVideo/DedicatedSystem/SharedSystem, Outputs:0, VendorId:0x1414
[2022.02.13-16.18.22:699][  0]LogD3D11RHI: Chosen D3D11 Adapter:
[2022.02.13-16.18.22:699][  0]LogD3D11RHI:     Description : NVIDIA GeForce MX250
[2022.02.13-16.18.22:699][  0]LogD3D11RHI:     VendorId    : 10de
[2022.02.13-16.18.22:699][  0]LogD3D11RHI:     DeviceId    : 1d13
[2022.02.13-16.18.22:699][  0]LogD3D11RHI:     SubSysId    : 9591028
[2022.02.13-16.18.22:699][  0]LogD3D11RHI:     Revision    : 00a1
[2022.02.13-16.18.22:699][  0]LogD3D11RHI:     DedicatedVideoMemory : 2080038912 bytes
[2022.02.13-16.18.22:699][  0]LogD3D11RHI:     DedicatedSystemMemory : 0 bytes
[2022.02.13-16.18.22:699][  0]LogD3D11RHI:     SharedSystemMemory : 12771772416 bytes
[2022.02.13-16.18.22:699][  0]LogD3D11RHI:     AdapterLuid : 0 90544
[2022.02.13-16.18.22:702][  0]LogD3D11RHI: Creating new Direct3DDevice
[2022.02.13-16.18.22:702][  0]LogD3D11RHI:     GPU DeviceId: 0x1d13 (for the marketing name, search the web for "GPU Device Id")
[2022.02.13-16.18.22:702][  0]LogWindows: EnumDisplayDevices:
[2022.02.13-16.18.22:702][  0]LogWindows:    0. 'Intel(R) UHD Graphics' (P:1 D:1)
[2022.02.13-16.18.22:702][  0]LogWindows:    1. 'Intel(R) UHD Graphics' (P:0 D:0)
[2022.02.13-16.18.22:702][  0]LogWindows:    2. 'Intel(R) UHD Graphics' (P:0 D:0)
[2022.02.13-16.18.22:702][  0]LogWindows: DebugString: PrimaryIsNotTheChoosenAdapter PrimaryIsNotTheChoosenAdapter PrimaryIsNotTheChoosenAdapter FoundDriverCount:0 
[2022.02.13-16.18.22:702][  0]LogD3D11RHI:     Adapter Name: NVIDIA GeForce MX250
[2022.02.13-16.18.22:702][  0]LogD3D11RHI:   Driver Version: Unknown (internal:Unknown, unified:Unknown)
[2022.02.13-16.18.22:702][  0]LogD3D11RHI:      Driver Date: Unknown
[2022.02.13-16.18.22:702][  0]LogRHI: Texture pool is 1388 MB (70% of 1983 MB)
[2022.02.13-16.18.22:702][  0]LogD3D11RHI: Creating D3DDevice using adapter:
[2022.02.13-16.18.22:702][  0]LogD3D11RHI:     Description : NVIDIA GeForce MX250
[2022.02.13-16.18.22:702][  0]LogD3D11RHI:     VendorId    : 10de
[2022.02.13-16.18.22:702][  0]LogD3D11RHI:     DeviceId    : 1d13
[2022.02.13-16.18.22:703][  0]LogD3D11RHI:     SubSysId    : 9591028
[2022.02.13-16.18.22:703][  0]LogD3D11RHI:     Revision    : 00a1
[2022.02.13-16.18.22:703][  0]LogD3D11RHI:     DedicatedVideoMemory : 2080038912 bytes
[2022.02.13-16.18.22:703][  0]LogD3D11RHI:     DedicatedSystemMemory : 0 bytes
[2022.02.13-16.18.22:703][  0]LogD3D11RHI:     SharedSystemMemory : 12771772416 bytes
[2022.02.13-16.18.22:703][  0]LogD3D11RHI:     AdapterLuid : 0 90544
[2022.02.13-16.18.22:745][  0]LogD3D11RHI: RHI has support for 64 bit atomics
[2022.02.13-16.18.22:745][  0]LogD3D11RHI: Async texture creation enabled
[2022.02.13-16.18.22:745][  0]LogD3D11RHI: Array index from any shader is supported
[2022.02.13-16.18.22:764][  0]LogD3D11RHI: GPU Timing Frequency: 1000.000000 (Debug: 2 2)
[2022.02.13-16.18.22:801][  0]LogRHI: GeForceNow SDK initialized: 1
[2022.02.13-16.18.23:083][  0]LogTargetPlatformManager: Display: Loaded TargetPlatform 'AllDesktop'
[2022.02.13-16.18.23:104][  0]LogTargetPlatformManager: Display: Loaded TargetPlatform 'Android'
[2022.02.13-16.18.23:104][  0]LogTargetPlatformManager: Display: Loaded TargetPlatform 'Android_ASTC'
[2022.02.13-16.18.23:104][  0]LogTargetPlatformManager: Display: Loaded TargetPlatform 'Android_DXT'
[2022.02.13-16.18.23:104][  0]LogTargetPlatformManager: Display: Loaded TargetPlatform 'Android_ETC2'
[2022.02.13-16.18.23:104][  0]LogTargetPlatformManager: Display: Loaded TargetPlatform 'AndroidClient'
[2022.02.13-16.18.23:104][  0]LogTargetPlatformManager: Display: Loaded TargetPlatform 'Android_ASTCClient'
[2022.02.13-16.18.23:104][  0]LogTargetPlatformManager: Display: Loaded TargetPlatform 'Android_DXTClient'
[2022.02.13-16.18.23:104][  0]LogTargetPlatformManager: Display: Loaded TargetPlatform 'Android_ETC2Client'
[2022.02.13-16.18.23:104][  0]LogTargetPlatformManager: Display: Loaded TargetPlatform 'Android_Multi'
[2022.02.13-16.18.23:104][  0]LogTargetPlatformManager: Display: Loaded TargetPlatform 'Android_MultiClient'
[2022.02.13-16.18.23:121][  0]LogTargetPlatformManager: Display: Loaded TargetPlatform 'IOSClient'
[2022.02.13-16.18.23:121][  0]LogTargetPlatformManager: Display: Loaded TargetPlatform 'IOS'
[2022.02.13-16.18.23:131][  0]LogTargetPlatformManager: Display: Loaded TargetPlatform 'Linux'
[2022.02.13-16.18.23:135][  0]LogTargetPlatformManager: Display: Loaded TargetPlatform 'LinuxNoEditor'
[2022.02.13-16.18.23:139][  0]LogTargetPlatformManager: Display: Loaded TargetPlatform 'LinuxClient'
[2022.02.13-16.18.23:143][  0]LogTargetPlatformManager: Display: Loaded TargetPlatform 'LinuxServer'
[2022.02.13-16.18.23:153][  0]LogTargetPlatformManager: Display: Loaded TargetPlatform 'LinuxAArch64NoEditor'
[2022.02.13-16.18.23:157][  0]LogTargetPlatformManager: Display: Loaded TargetPlatform 'LinuxAArch64Client'
[2022.02.13-16.18.23:161][  0]LogTargetPlatformManager: Display: Loaded TargetPlatform 'LinuxAArch64Server'
[2022.02.13-16.18.23:185][  0]LogTargetPlatformManager: Display: Loaded TargetPlatform 'Lumin'
[2022.02.13-16.18.23:185][  0]LogTargetPlatformManager: Display: Loaded TargetPlatform 'LuminClient'
[2022.02.13-16.18.23:195][  0]LogTargetPlatformManager: Display: Loaded TargetPlatform 'MacNoEditor'
[2022.02.13-16.18.23:199][  0]LogTargetPlatformManager: Display: Loaded TargetPlatform 'Mac'
[2022.02.13-16.18.23:203][  0]LogTargetPlatformManager: Display: Loaded TargetPlatform 'MacClient'
[2022.02.13-16.18.23:207][  0]LogTargetPlatformManager: Display: Loaded TargetPlatform 'MacServer'
[2022.02.13-16.18.23:216][  0]LogTargetPlatformManager: Display: Loaded TargetPlatform 'TVOSClient'
[2022.02.13-16.18.23:216][  0]LogTargetPlatformManager: Display: Loaded TargetPlatform 'TVOS'
[2022.02.13-16.18.23:225][  0]LogTargetPlatformManager: Display: Loaded TargetPlatform 'WindowsNoEditor'
[2022.02.13-16.18.23:230][  0]LogTargetPlatformManager: Display: Loaded TargetPlatform 'Windows'
[2022.02.13-16.18.23:234][  0]LogTargetPlatformManager: Display: Loaded TargetPlatform 'WindowsClient'
[2022.02.13-16.18.23:238][  0]LogTargetPlatformManager: Display: Loaded TargetPlatform 'WindowsServer'
[2022.02.13-16.18.23:238][  0]LogTargetPlatformManager: Display: Building Assets For Windows
[2022.02.13-16.18.23:245][  0]LogAudioDebug: Display: Lib vorbis DLL was dynamically loaded.
[2022.02.13-16.18.23:275][  0]LogTextureFormatOodle: Display: Oodle Texture 2.9.0 init RDO Off
[2022.02.13-16.18.23:305][  0]LogRendererCore: Ray tracing is disabled. Reason: r.RayTracing=0.
[2022.02.13-16.18.23:305][  0]LogShaderCompilers: Guid format shader working directory is -15 characters bigger than the processId version (../../../../../../Users/annie/Desktop/Unreal Project/BossGame/Intermediate/Shaders/WorkingDirectory/6708/).
[2022.02.13-16.18.23:305][  0]LogShaderCompilers: Cleaned the shader compiler working directory 'C:/Users/annie/AppData/Local/Temp/UnrealShaderWorkingDir/F26BE8BC47D78101BE8B478526F12AB6/'.
[2022.02.13-16.18.23:305][  0]LogXGEController: Cannot use XGE Controller as Incredibuild is not installed on this machine.
[2022.02.13-16.18.23:305][  0]LogShaderCompilers: Cannot use XGE Shader Compiler as Incredibuild is not installed on this machine.
[2022.02.13-16.18.23:305][  0]LogShaderCompilers: Display: Using Local Shader Compiler.
[2022.02.13-16.18.24:067][  0]LogDerivedDataCache: Display: Max Cache Size: 512 MB
[2022.02.13-16.18.24:116][  0]LogDerivedDataCache: Loaded boot cache 0.05s 94MB C:/Users/annie/AppData/Local/UnrealEngine/4.27/DerivedDataCache/Boot.ddc.
[2022.02.13-16.18.24:116][  0]LogDerivedDataCache: Display: Loaded Boot cache: C:/Users/annie/AppData/Local/UnrealEngine/4.27/DerivedDataCache/Boot.ddc
[2022.02.13-16.18.24:116][  0]LogDerivedDataCache: FDerivedDataBackendGraph:  Pak pak cache file ../../../../../../Users/annie/Desktop/Unreal Project/BossGame/DerivedDataCache/DDC.ddp not found, will not use a pak cache.
[2022.02.13-16.18.24:116][  0]LogDerivedDataCache: Unable to find inner node Pak for hierarchical cache Hierarchy.
[2022.02.13-16.18.24:116][  0]LogDerivedDataCache: FDerivedDataBackendGraph:  CompressedPak pak cache file ../../../../../../Users/annie/Desktop/Unreal Project/BossGame/DerivedDataCache/Compressed.ddp not found, will not use a pak cache.
[2022.02.13-16.18.24:116][  0]LogDerivedDataCache: Unable to find inner node CompressedPak for hierarchical cache Hierarchy.
[2022.02.13-16.18.24:132][  0]LogDerivedDataCache: Display: Pak cache opened for reading ../../../Engine/DerivedDataCache/Compressed.ddp.
[2022.02.13-16.18.24:132][  0]LogDerivedDataCache: FDerivedDataBackendGraph:  EnterprisePak pak cache file ../../../Enterprise/DerivedDataCache/Compressed.ddp not found, will not use a pak cache.
[2022.02.13-16.18.24:132][  0]LogDerivedDataCache: Unable to find inner node EnterprisePak for hierarchical cache Hierarchy.
[2022.02.13-16.18.24:138][  0]LogDerivedDataCache: Speed tests for C:/Users/annie/AppData/Local/UnrealEngine/Common/DerivedDataCache took 0.01 seconds
[2022.02.13-16.18.24:138][  0]LogDerivedDataCache: Display: Performance to C:/Users/annie/AppData/Local/UnrealEngine/Common/DerivedDataCache: Latency=0.02ms. RandomReadSpeed=1464.77MBs, RandomWriteSpeed=225.04MBs. Assigned SpeedClass 'Local'
[2022.02.13-16.18.24:139][  0]LogDerivedDataCache: Using Local data cache path C:/Users/annie/AppData/Local/UnrealEngine/Common/DerivedDataCache: Writable
[2022.02.13-16.18.24:139][  0]LogDerivedDataCache: Shared data cache path not found in *engine.ini, will not use an Shared cache.
[2022.02.13-16.18.24:139][  0]LogDerivedDataCache: Unable to find inner node Shared for hierarchical cache Hierarchy.
[2022.02.13-16.18.24:186][  0]LogSlate: Using FreeType 2.10.0
[2022.02.13-16.18.24:186][  0]LogSlate: SlateFontServices - WITH_FREETYPE: 1, WITH_HARFBUZZ: 1
[2022.02.13-16.18.24:209][  0]LogAssetRegistry: FAssetRegistry took 0.0023 seconds to start up
[2022.02.13-16.18.24:456][  0]LogInit: Selected Device Profile: [Windows]
[2022.02.13-16.18.24:456][  0]LogInit: Active device profile: [000001E482738900][000001E481BDD980 49] Windows
[2022.02.13-16.18.24:456][  0]LogInit: Profiles: [000001E482738900][000001E481BDD980 49] Windows, [000001E4826FF800][000001E4F8C13B00 49] WindowsNoEditor, [000001E48273B500][000001E4F8B7E100 49] WindowsServer, [000001E4826FCE00][000001E4F8B82280 49] WindowsClient, [000001E48273B800][000001E483008400 49] IOS, [000001E4826FE800][000001E48300C580 49] iPadAir, [000001E48273A000][000001E48310C700 49] iPadAir2, [000001E482680A00][000001E4F2812980 49] IPadPro, [000001E482680B00][000001E4834049C0 49] iPadAir3, [000001E4826FD800][000001E48340CB00 49] iPadAir4, [000001E482683400][000001E483410C40 49] iPadMini2, [000001E4826FEA00][000001E483418D80 49] iPadMini3, [000001E482681700][000001E482EE8F00 49] iPadMini4, [000001E482739000][000001E482F05080 49] iPadMini5, [000001E482684300][000001E482F7D340 49] iPhone6, [000001E482684400][000001E482F09380 49] iPodTouch6, [000001E482683600][000001E482D11640 49] iPhone7, [000001E482681800][000001E483677680 49] iPodTouch7, [000001E482687F00][000001E482D31800 49] iPhone5S, [000001E4826FE300][000001E482D35980 49] iPhone6Plus, [000001E482680200][000001E482D39B00 49] iPhone6S, [000001E4826FE200][000001E482D3C100 49] iPhone6SPlus, [000001E482683C00][000001E482D40280 49] iPhone7Plus, [000001E4826FC100][000001E4837FE400 49] iPhoneSE, [000001E482683500][000001E483808580 49] iPhone8, [000001E4826FDE00][000001E48380C700 49] iPhone8Plus, [000001E482681000][000001E483810880 49] iPhoneX, [000001E4826FCA00][000001E483814A00 49] iPhoneXS, [000001E482681200][000001E48341CB40 49] iPhoneXSMax, [000001E4826FD500][000001E483818C80 49] iPhoneXR, [000001E482683700][000001E482D4ADC0 49] iPhone11, [000001E4826FCD00][000001E4F8BD2F00 49] iPhone11Pro, [000001E482683800][000001E4F8BDB080 49] iPhone11ProMax, [000001E4826FCF00][000001E4F8BDF200 49] iPhoneSE2, [000001E482682E00][000001E4F8BE3380 49] iPhone12Mini, [000001E4826FF100][000001E4FE86D500 49] iPhone12, [000001E482682B00][000001E4FE875680 49] iPhone12Pro, [000001E4826FC800][000001E4FE879800 49] iPhone12ProMax, [000001E482682300][000001E4FE87D980 49] iPadPro105, [000001E4826FEF00][000001E4FE88BB00 49] iPadPro129, [000001E482682000][000001E4F8B6E100 49] iPadPro97, [000001E4826FD300][000001E4F8B72280 49] iPadPro2_129, [000001E482681A00][000001E4F8B76400 49] iPad5, [000001E4826FDA00][000001E4FE880580 49] iPad6, [000001E482682800][000001E4FE870700 49] iPad7, [000001E4826FCC00][000001E4F8B7A880 49] iPad8, [000001E482683200][000001E481BD2A00 49] iPadPro11, [000001E4826FD600][000001E481BD6B80 49] iPadPro2_11, [000001E482681C00][000001E482D68D00 49] iPadPro3_129, [000001E4826FF900][000001E4F8BD6E40 49] iPadPro4_129, [000001E482681500][000001E482D6CF80 49] AppleTV, [000001E4826FC300][000001E482D710C0 49] AppleTV4K, [000001E482680100][000001E482D79240 49] TVOS, [000001E4826FE400][000001E4830CF3C0 49] Mac, [000001E482682100][000001E4F280F540 49] MacClient, [000001E4826FF400][000001E4834016C0 49] MacNoEditor, [000001E482681F00][000001E4833FD840 49] MacServer, [000001E4826FC600][000001E4FE8AB9C0 49] Linux, [000001E482682200][000001E4FE8A7B40 49] LinuxAArch64, [000001E4826FF600][000001E4F280A140 49] LinuxNoEditor, [000001E482681D00][000001E4834142C0 49] LinuxAArch64NoEditor, [000001E4826FD400][000001E4830D2440 49] LinuxClient, [000001E482683100][000001E4830D65C0 49] LinuxAArch64Client, [000001E4826FD900][000001E4830DA740 49] LinuxServer, [000001E482683000][000001E4830DE8C0 49] LinuxAArch64Server, [000001E4826FE600][000001E4830E2A40 49] Android, [000001E482680700][000001E4830E6BC0 49] Android_Low, [000001E4826FDB00][000001E4830EAD40 49] Android_Mid, [000001E48273BA00][000001E481800EC0 49] Android_High, [000001E482685C00][000001E482D75000 49] Android_Default, [000001E48273A100][000001E481805140 49] Android_Adreno4xx, [000001E482686700][000001E481809280 49] Android_Adreno5xx_Low, [000001E482738B00][000001E48180D3C0 49] Android_Adreno5xx, [000001E482686D00][000001E481815540 49] Android_Adreno6xx, [000001E482739200][000001E4818196C0 49] Android_Adreno6xx_Vulkan, [000001E482686800][000001E48181D840 49] Android_Mali_T6xx, [000001E48273B200][000001E4818219C0 49] Android_Mali_T7xx, [000001E482686E00][000001E481825B40 49] Android_Mali_T8xx, [000001E48273A500][000001E4833C0140 49] Android_Mali_G71, [000001E482687E00][000001E4833C42C0 49] Android_Mali_G72, [000001E48273AA00][000001E4833C8440 49] Android_Mali_G72_Vulkan, [000001E482685B00][000001E4833CC5C0 49] Android_Mali_G76, [000001E482739B00][000001E4833D0740 49] Android_Mali_G76_Vulkan, [000001E482687D00][000001E4833D48C0 49] Android_Mali_G77, [000001E48273AD00][000001E4833D8A40 49] Android_Mali_G77_Vulkan, [000001E482687900][000001E4833DCBC0 49] Android_Mali_G78, [000001E482738D00][000001E4833E0D40 49] Android_Mali_G78_Vulkan, [000001E482684500][000001E4833E4EC0 49] Android_Mali_G710, [000001E48273AB00][000001E4833E9040 49] Android_Mali_G710_Vulkan, [000001E482687500][000001E481811180 49] Android_Vulkan_SM5, [000001E48273B400][000001E4833ED2C0 49] Android_PowerVR_G6xxx, [000001E482686400][000001E4833F1400 49] Android_PowerVR_GT7xxx, [000001E48273BC00][000001E4833F5540 49] Android_PowerVR_GE8xxx, [000001E482686200][000001E483C016C0 49] Android_PowerVR_GM9xxx, [000001E48273B000][000001E483C05840 49] Android_PowerVR_GM9xxx_Vulkan, [000001E482685500][000001E483C099C0 49] Android_TegraK1, [000001E482739100][000001E483C0DB40 49] Android_Unknown_Vulkan, [000001E4826FFD00][000001E483C10140 49] Lumin, [000001E48273A900][000001E483C142C0 49] Lumin_Desktop, [000001E4826FFE00][000001E483C18440 49] HoloLens, 
[2022.02.13-16.18.24:587][  0]LogMeshReduction: Using QuadricMeshReduction for automatic static mesh reduction
[2022.02.13-16.18.24:587][  0]LogMeshReduction: Using SimplygonMeshReduction for automatic skeletal mesh reduction
[2022.02.13-16.18.24:587][  0]LogMeshReduction: Using ProxyLODMeshReduction for automatic mesh merging
[2022.02.13-16.18.24:587][  0]LogMeshReduction: No distributed automatic mesh merging module available
[2022.02.13-16.18.24:587][  0]LogMeshMerging: No distributed automatic mesh merging module available
[2022.02.13-16.18.24:600][  0]LogNetVersion: BossGame 1.0.0, NetCL: 17155196, EngineNetVer: 17, GameNetVer: 0 (Checksum: 2323582888)
[2022.02.13-16.18.24:979][  0]LogTexture: Default maximum texture size for cubemaps generated from long-lat sources has been changed from 512 to unlimited. In order to preserve old behaiour for '/Engine/MapTemplates/Sky/DaylightAmbientCubemap.DaylightAmbientCubemap', its maximum texture size has been explicitly set to 512.
[2022.02.13-16.18.25:039][  0]LogHMD: PokeAHoleMaterial loaded successfully
[2022.02.13-16.18.25:044][  0]LogUObjectArray: 17178 objects as part of root set at end of initial load.
[2022.02.13-16.18.25:044][  0]LogUObjectAllocator: 4302048 out of 0 bytes used by permanent object pool.
[2022.02.13-16.18.25:044][  0]LogUObjectArray: CloseDisregardForGC: 0/0 objects in disregard for GC pool
[2022.02.13-16.18.25:326][  0]LogNiagaraDebuggerClient: Niagara Debugger Client Initialized | Session: 1D0F9AEB466D79361E9019875A74E52A | Instance: 8DA75B0E47605F7D3EEB5DAFCF5789AB (DESKTOP-ONRQHMG-6708).
[2022.02.13-16.18.25:460][  0]LogUdpMessaging: Initializing bridge on interface 0.0.0.0:0 to multicast group 230.0.0.1:6666.
[2022.02.13-16.18.25:465][  0]LogTcpMessaging: Initializing TcpMessaging bridge
[2022.02.13-16.18.25:478][  0]LogPython: Using Python 3.7.7
[2022.02.13-16.18.26:135][  0]SourceControl: Source control is disabled
[2022.02.13-16.18.26:135][  0]SourceControl: Source control is disabled
[2022.02.13-16.18.26:138][  0]SourceControl: Source control is disabled
[2022.02.13-16.18.26:140][  0]SourceControl: Source control is disabled
[2022.02.13-16.18.26:149][  0]SourceControl: Source control is disabled
[2022.02.13-16.18.26:155][  0]LogUProjectInfo: Found projects:
[2022.02.13-16.18.26:375][  0]LogOpenImageDenoise: OIDN starting up
[2022.02.13-16.18.26:399][  0]LogAndroidPermission: UAndroidPermissionCallbackProxy::GetInstance
[2022.02.13-16.18.26:420][  0]LogAudioCaptureCore: Display: No Audio Capture implementations found. Audio input will be silent.
[2022.02.13-16.18.26:421][  0]LogAudioCaptureCore: Display: No Audio Capture implementations found. Audio input will be silent.
[2022.02.13-16.18.26:540][  0]LogCollectionManager: Loaded 0 collections in 0.001478 seconds
[2022.02.13-16.18.26:568][  0]LogFileCache: Scanning file cache for directory 'C:/Users/annie/Desktop/Unreal Project/BossGame/Saved/Collections/' took 0.00s
[2022.02.13-16.18.26:568][  0]LogFileCache: Scanning file cache for directory 'C:/Users/annie/Desktop/Unreal Project/BossGame/Content/Developers/annie/Collections/' took 0.00s
[2022.02.13-16.18.26:568][  0]LogFileCache: Scanning file cache for directory 'C:/Users/annie/Desktop/Unreal Project/BossGame/Content/Collections/' took 0.00s
[2022.02.13-16.18.26:568][  0]LogOcInput: OculusInput pre-init called
[2022.02.13-16.18.26:869][  0]LogEngine: Initializing Engine...
[2022.02.13-16.18.26:871][  0]LogHMD: Failed to enumerate extensions. Please check that you have a valid OpenXR runtime installed.
[2022.02.13-16.18.26:871][  0]LogHMD: Failed to initialize OpenVR with code 110
[2022.02.13-16.18.26:872][  0]LogMagicLeap: Warning: VR disabled because ZI is not enabled.  To enable, in the editor, Edit -> Project Settings -> Plugins -> Magic Leap Plugin -> Enable Zero Iteration
[2022.02.13-16.18.26:872][  0]LogStats: UGameplayTagsManager::InitializeManager -  0.000 s
[2022.02.13-16.18.26:992][  0]LogInit: Initializing FReadOnlyCVARCache
[2022.02.13-16.18.27:000][  0]LogAIModule: Creating AISystem for world Untitled
[2022.02.13-16.18.27:058][  0]LogAudio: Display: Initializing Audio Device Manager...
[2022.02.13-16.18.27:061][  0]LogAudio: Display: Loading Default Audio Settings Objects...
[2022.02.13-16.18.27:062][  0]LogAudio: Display: No default SoundConcurrencyObject specified (or failed to load).
[2022.02.13-16.18.27:063][  0]LogAudio: Display: Audio Device Manager Initialized
[2022.02.13-16.18.27:063][  0]LogAudio: Display: Creating Audio Device:                 Id: 1, Scope: Shared, Realtime: True
[2022.02.13-16.18.27:063][  0]LogAudioMixer: Display: Audio Mixer Platform Settings:
[2022.02.13-16.18.27:063][  0]LogAudioMixer: Display: 	Sample Rate:						  48000
[2022.02.13-16.18.27:063][  0]LogAudioMixer: Display: 	Callback Buffer Frame Size Requested: 1024
[2022.02.13-16.18.27:063][  0]LogAudioMixer: Display: 	Callback Buffer Frame Size To Use:	  1024
[2022.02.13-16.18.27:063][  0]LogAudioMixer: Display: 	Number of buffers to queue:			  2
[2022.02.13-16.18.27:063][  0]LogAudioMixer: Display: 	Max Channels (voices):				  32
[2022.02.13-16.18.27:063][  0]LogAudioMixer: Display: 	Number of Async Source Workers:		  0
[2022.02.13-16.18.27:063][  0]LogAudio: Display: AudioDevice MaxSources: 32
[2022.02.13-16.18.27:063][  0]LogAudio: Display: Audio Spatialization Plugin: None (built-in).
[2022.02.13-16.18.27:063][  0]LogAudio: Display: Audio Reverb Plugin: None (built-in).
[2022.02.13-16.18.27:063][  0]LogAudio: Display: Audio Occlusion Plugin: None (built-in).
[2022.02.13-16.18.27:063][  0]LogAudioMixer: Display: Initializing audio mixer.
[2022.02.13-16.18.27:079][  0]LogAudioMixer: Display: 0: FrontLeft
[2022.02.13-16.18.27:079][  0]LogAudioMixer: Display: 1: FrontRight
[2022.02.13-16.18.27:125][  0]LogAudioMixer: Display: Using Audio Device 喇叭 (2- Realtek(R) Audio)
[2022.02.13-16.18.27:125][  0]LogAudioMixer: Display: Initializing Sound Submixes...
[2022.02.13-16.18.27:127][  0]LogAudioMixer: Display: Creating Master Submix 'MasterSubmixDefault'
[2022.02.13-16.18.27:127][  0]LogAudioMixer: Display: Creating Master Submix 'MasterReverbSubmixDefault'
[2022.02.13-16.18.27:128][  0]LogAudioMixer: Display: Creating Master Submix 'MasterEQSubmixDefault'
[2022.02.13-16.18.27:128][  0]LogAudioMixer: FMixerPlatformXAudio2::StartAudioStream() called
[2022.02.13-16.18.27:128][  0]LogAudioMixer: Display: Output buffers initialized: Frames=1024, Channels=2, Samples=2048
[2022.02.13-16.18.27:129][  0]LogAudioMixer: Display: Starting AudioMixerPlatformInterface::RunInternal()
[2022.02.13-16.18.27:129][  0]LogAudioMixer: Display: FMixerPlatformXAudio2::SubmitBuffer() called for the first time
[2022.02.13-16.18.27:129][  0]LogInit: FAudioDevice initialized.
[2022.02.13-16.18.27:129][  0]LogAudio: Display: Audio Device (ID: 1) registered with world 'Untitled'.
[2022.02.13-16.18.27:129][  0]LogNetVersion: Set ProjectVersion to 1.0.0.0. Version Checksum will be recalculated on next use.
[2022.02.13-16.18.27:181][  0]LogDerivedDataCache: Saved boot cache 0.05s 94MB C:/Users/annie/AppData/Local/UnrealEngine/4.27/DerivedDataCache/Boot.ddc.
[2022.02.13-16.18.27:181][  0]LogInit: Texture streaming: Enabled
[2022.02.13-16.18.27:193][  0]LogAnalytics: Display: [UEEditor.Rocket.Release] APIServer = https://datarouter.ol.epicgames.com/. AppVersion = 4.27.2-18319896+++UE4+Release-4.27
[2022.02.13-16.18.27:196][  0]LogEngineSessionManager: EngineSessionManager initialized
[2022.02.13-16.18.27:196][  0]LogEngineSessionManager: EngineSessionManager sent abnormal shutdown report. Type=Crashed, SessionId={F6A22359-428F-1D9E-19F4-E6B5FE2103D1}
[2022.02.13-16.18.27:196][  0]LogEditorSessionSummary: Verbose: Initializing EditorSessionSummaryWriter for editor session tracking
[2022.02.13-16.18.27:197][  0]LogEditorSessionSummary: EditorSessionSummaryWriter initialized
[2022.02.13-16.18.27:221][  0]LogInit: Transaction tracking system initialized
[2022.02.13-16.18.27:240][  0]BlueprintLog: New page: Editor Load
[2022.02.13-16.18.27:296][  0]LocalizationService: Localization service is disabled
[2022.02.13-16.18.27:317][  0]TimingProfiler: Initialize
[2022.02.13-16.18.27:317][  0]TimingProfiler: OnSessionChanged
[2022.02.13-16.18.27:317][  0]LoadingProfiler: Initialize
[2022.02.13-16.18.27:317][  0]LoadingProfiler: OnSessionChanged
[2022.02.13-16.18.27:317][  0]NetworkingProfiler: Initialize
[2022.02.13-16.18.27:318][  0]NetworkingProfiler: OnSessionChanged
[2022.02.13-16.18.27:318][  0]MemoryProfiler: Initialize
[2022.02.13-16.18.27:318][  0]MemoryProfiler: OnSessionChanged
[2022.02.13-16.18.27:450][  0]LogCook: Display: CookSettings for Memory: MemoryMaxUsedVirtual 0MiB, MemoryMaxUsedPhysical 16384MiB, MemoryMinFreeVirtual 0MiB, MemoryMinFreePhysical 1024MiB
[2022.02.13-16.18.27:450][  0]LogCook: Display: Mobile HDR setting 1
[2022.02.13-16.18.27:631][  0]LogFileCache: Scanning file cache for directory 'C:/Users/annie/Desktop/Unreal Project/BossGame/Content/' took 0.02s
[2022.02.13-16.18.27:861][  0]LogInit: Display: Engine is initialized. Leaving FEngineLoop::Init()
[2022.02.13-16.18.27:865][  0]SourceControl: Source control is disabled
[2022.02.13-16.18.27:865][  0]LogUnrealEdMisc: Loading editor; pre map load, took 6.682
[2022.02.13-16.18.27:865][  0]Cmd: MAP LOAD FILE="../../../../../../Users/annie/Desktop/Unreal Project/BossGame/Content/ThirdPersonBP/Maps/ThirdPersonExampleMap.umap" TEMPLATE=0 SHOWPROGRESS=1 FEATURELEVEL=3
[2022.02.13-16.18.27:865][  0]LightingResults: New page: Lighting Build
[2022.02.13-16.18.27:867][  0]LogWorld: UWorld::CleanupWorld for Untitled, bSessionEnded=true, bCleanupResources=true
[2022.02.13-16.18.27:867][  0]LogSlate: InvalidateAllWidgets triggered.  All widgets were invalidated
[2022.02.13-16.18.27:867][  0]MapCheck: New page: Map Check
[2022.02.13-16.18.27:867][  0]LightingResults: New page: Lighting Build
[2022.02.13-16.18.27:872][  0]LogAudio: Display: Audio Device unregistered from world 'None'.
[2022.02.13-16.18.27:925][  0]LogUObjectHash: Compacting FUObjectHashTables data took   0.97ms
[2022.02.13-16.18.28:862][  0]LogAudio: Display: Audio Device (ID: 1) registered with world 'ThirdPersonExampleMap'.
[2022.02.13-16.18.28:863][  0]LogAIModule: Creating AISystem for world ThirdPersonExampleMap
[2022.02.13-16.18.28:867][  0]LogEditorServer: Finished looking for orphan Actors (0.000 secs)
[2022.02.13-16.18.28:880][  0]LogUObjectHash: Compacting FUObjectHashTables data took   1.24ms
[2022.02.13-16.18.28:880][  0]Cmd: MAP CHECKDEP NOCLEARLOG
[2022.02.13-16.18.28:881][  0]MapCheck: Map check complete: 0 Error(s), 0 Warning(s), took 0.163ms to complete.
[2022.02.13-16.18.28:881][  0]LogFileHelpers: Loading map 'ThirdPersonExampleMap' took 1.016
[2022.02.13-16.18.28:882][  0]LogUnrealEdMisc: Total Editor Startup Time, took 7.700
[2022.02.13-16.18.28:967][  0]LogWindowsTextInputMethodSystem: Display: IME system activated using TSF (微軟注音).
[2022.02.13-16.18.29:007][  0]LogSlate: Updating window title bar state: overlay mode, drag disabled, window buttons hidden, title bar hidden
[2022.02.13-16.18.29:014][  0]LogSlate: Updating window title bar state: overlay mode, drag disabled, window buttons hidden, title bar hidden
[2022.02.13-16.18.29:021][  0]LogSlate: Updating window title bar state: overlay mode, drag disabled, window buttons hidden, title bar hidden
[2022.02.13-16.18.29:028][  0]LogSlate: Updating window title bar state: overlay mode, drag disabled, window buttons hidden, title bar hidden
[2022.02.13-16.18.29:042][  0]LogNativeClassHierarchy: Verbose: Native class hierarchy populated in 0.0089 seconds. Added 3827 classes and 934 folders.
[2022.02.13-16.18.29:043][  0]LogNativeClassHierarchy: Verbose: Native class hierarchy updated for 'WidgetCarousel' in 0.0002 seconds. Added 0 classes and 0 folders.
[2022.02.13-16.18.29:045][  0]LogPakFile: PakFile PrimaryIndexSize=187
[2022.02.13-16.18.29:045][  0]LogPakFile: PakFile PathHashIndexSize=101
[2022.02.13-16.18.29:045][  0]LogPakFile: PakFile FullDirectoryIndexSize=148
[2022.02.13-16.18.29:045][  0]LogShaderLibrary: Display: ShaderCodeLibraryPakFileMountedCallback: PakFile 'C:/Program Files/Epic Games/UE_4.27/FeaturePacks/FP_FirstPerson.upack' (chunk index -1, root 'root:/') mounted
[2022.02.13-16.18.29:045][  0]LogShaderLibrary: Display: ShaderCodeLibraryPakFileMountedCallback: pending pak file info (ChunkID:-1 Root:root:/ File:C:/Program Files/Epic Games/UE_4.27/FeaturePacks/FP_FirstPerson.upack)
[2022.02.13-16.18.29:045][  0]LogPakFile: OnPakFileMounted2Time == 0.000047
[2022.02.13-16.18.29:045][  0]LogPakFile: PakFile PrimaryIndexSize=189
[2022.02.13-16.18.29:045][  0]LogPakFile: PakFile PathHashIndexSize=101
[2022.02.13-16.18.29:045][  0]LogPakFile: PakFile FullDirectoryIndexSize=152
[2022.02.13-16.18.29:045][  0]LogShaderLibrary: Display: ShaderCodeLibraryPakFileMountedCallback: PakFile 'C:/Program Files/Epic Games/UE_4.27/FeaturePacks/FP_FirstPersonBP.upack' (chunk index -1, root 'root:/') mounted
[2022.02.13-16.18.29:045][  0]LogShaderLibrary: Display: ShaderCodeLibraryPakFileMountedCallback: pending pak file info (ChunkID:-1 Root:root:/ File:C:/Program Files/Epic Games/UE_4.27/FeaturePacks/FP_FirstPersonBP.upack)
[2022.02.13-16.18.29:045][  0]LogPakFile: OnPakFileMounted2Time == 0.000034
[2022.02.13-16.18.29:046][  0]LogPakFile: PakFile PrimaryIndexSize=191
[2022.02.13-16.18.29:046][  0]LogPakFile: PakFile PathHashIndexSize=101
[2022.02.13-16.18.29:046][  0]LogPakFile: PakFile FullDirectoryIndexSize=160
[2022.02.13-16.18.29:046][  0]LogShaderLibrary: Display: ShaderCodeLibraryPakFileMountedCallback: PakFile 'C:/Program Files/Epic Games/UE_4.27/FeaturePacks/MobileStarterContent.upack' (chunk index -1, root 'root:/') mounted
[2022.02.13-16.18.29:046][  0]LogShaderLibrary: Display: ShaderCodeLibraryPakFileMountedCallback: pending pak file info (ChunkID:-1 Root:root:/ File:C:/Program Files/Epic Games/UE_4.27/FeaturePacks/MobileStarterContent.upack)
[2022.02.13-16.18.29:046][  0]LogPakFile: OnPakFileMounted2Time == 0.000032
[2022.02.13-16.18.29:046][  0]LogPakFile: PakFile PrimaryIndexSize=185
[2022.02.13-16.18.29:046][  0]LogPakFile: PakFile PathHashIndexSize=101
[2022.02.13-16.18.29:046][  0]LogPakFile: PakFile FullDirectoryIndexSize=148
[2022.02.13-16.18.29:046][  0]LogShaderLibrary: Display: ShaderCodeLibraryPakFileMountedCallback: PakFile 'C:/Program Files/Epic Games/UE_4.27/FeaturePacks/StarterContent.upack' (chunk index -1, root 'root:/') mounted
[2022.02.13-16.18.29:046][  0]LogShaderLibrary: Display: ShaderCodeLibraryPakFileMountedCallback: pending pak file info (ChunkID:-1 Root:root:/ File:C:/Program Files/Epic Games/UE_4.27/FeaturePacks/StarterContent.upack)
[2022.02.13-16.18.29:046][  0]LogPakFile: OnPakFileMounted2Time == 0.000033
[2022.02.13-16.18.29:047][  0]LogPakFile: PakFile PrimaryIndexSize=190
[2022.02.13-16.18.29:047][  0]LogPakFile: PakFile PathHashIndexSize=101
[2022.02.13-16.18.29:047][  0]LogPakFile: PakFile FullDirectoryIndexSize=154
[2022.02.13-16.18.29:047][  0]LogShaderLibrary: Display: ShaderCodeLibraryPakFileMountedCallback: PakFile 'C:/Program Files/Epic Games/UE_4.27/FeaturePacks/TP_2DSideScroller.upack' (chunk index -1, root 'root:/') mounted
[2022.02.13-16.18.29:047][  0]LogShaderLibrary: Display: ShaderCodeLibraryPakFileMountedCallback: pending pak file info (ChunkID:-1 Root:root:/ File:C:/Program Files/Epic Games/UE_4.27/FeaturePacks/TP_2DSideScroller.upack)
[2022.02.13-16.18.29:047][  0]LogPakFile: OnPakFileMounted2Time == 0.000048
[2022.02.13-16.18.29:047][  0]LogPakFile: PakFile PrimaryIndexSize=192
[2022.02.13-16.18.29:047][  0]LogPakFile: PakFile PathHashIndexSize=101
[2022.02.13-16.18.29:047][  0]LogPakFile: PakFile FullDirectoryIndexSize=158
[2022.02.13-16.18.29:047][  0]LogShaderLibrary: Display: ShaderCodeLibraryPakFileMountedCallback: PakFile 'C:/Program Files/Epic Games/UE_4.27/FeaturePacks/TP_2DSideScrollerBP.upack' (chunk index -1, root 'root:/') mounted
[2022.02.13-16.18.29:047][  0]LogShaderLibrary: Display: ShaderCodeLibraryPakFileMountedCallback: pending pak file info (ChunkID:-1 Root:root:/ File:C:/Program Files/Epic Games/UE_4.27/FeaturePacks/TP_2DSideScrollerBP.upack)
[2022.02.13-16.18.29:047][  0]LogPakFile: OnPakFileMounted2Time == 0.000031
[2022.02.13-16.18.29:048][  0]LogPakFile: PakFile PrimaryIndexSize=182
[2022.02.13-16.18.29:048][  0]LogPakFile: PakFile PathHashIndexSize=101
[2022.02.13-16.18.29:048][  0]LogPakFile: PakFile FullDirectoryIndexSize=138
[2022.02.13-16.18.29:048][  0]LogShaderLibrary: Display: ShaderCodeLibraryPakFileMountedCallback: PakFile 'C:/Program Files/Epic Games/UE_4.27/FeaturePacks/TP_Flying.upack' (chunk index -1, root 'root:/') mounted
[2022.02.13-16.18.29:048][  0]LogShaderLibrary: Display: ShaderCodeLibraryPakFileMountedCallback: pending pak file info (ChunkID:-1 Root:root:/ File:C:/Program Files/Epic Games/UE_4.27/FeaturePacks/TP_Flying.upack)
[2022.02.13-16.18.29:048][  0]LogPakFile: OnPakFileMounted2Time == 0.000031
[2022.02.13-16.18.29:048][  0]LogPakFile: PakFile PrimaryIndexSize=184
[2022.02.13-16.18.29:048][  0]LogPakFile: PakFile PathHashIndexSize=101
[2022.02.13-16.18.29:048][  0]LogPakFile: PakFile FullDirectoryIndexSize=142
[2022.02.13-16.18.29:048][  0]LogShaderLibrary: Display: ShaderCodeLibraryPakFileMountedCallback: PakFile 'C:/Program Files/Epic Games/UE_4.27/FeaturePacks/TP_FlyingBP.upack' (chunk index -1, root 'root:/') mounted
[2022.02.13-16.18.29:048][  0]LogShaderLibrary: Display: ShaderCodeLibraryPakFileMountedCallback: pending pak file info (ChunkID:-1 Root:root:/ File:C:/Program Files/Epic Games/UE_4.27/FeaturePacks/TP_FlyingBP.upack)
[2022.02.13-16.18.29:048][  0]LogPakFile: OnPakFileMounted2Time == 0.000031
[2022.02.13-16.18.29:049][  0]LogPakFile: PakFile PrimaryIndexSize=188
[2022.02.13-16.18.29:049][  0]LogPakFile: PakFile PathHashIndexSize=101
[2022.02.13-16.18.29:049][  0]LogPakFile: PakFile FullDirectoryIndexSize=150
[2022.02.13-16.18.29:049][  0]LogShaderLibrary: Display: ShaderCodeLibraryPakFileMountedCallback: PakFile 'C:/Program Files/Epic Games/UE_4.27/FeaturePacks/TP_HandheldARBP.upack' (chunk index -1, root 'root:/') mounted
[2022.02.13-16.18.29:049][  0]LogShaderLibrary: Display: ShaderCodeLibraryPakFileMountedCallback: pending pak file info (ChunkID:-1 Root:root:/ File:C:/Program Files/Epic Games/UE_4.27/FeaturePacks/TP_HandheldARBP.upack)
[2022.02.13-16.18.29:049][  0]LogPakFile: OnPakFileMounted2Time == 0.000032
[2022.02.13-16.18.29:050][  0]LogPakFile: PakFile PrimaryIndexSize=182
[2022.02.13-16.18.29:050][  0]LogPakFile: PakFile PathHashIndexSize=101
[2022.02.13-16.18.29:050][  0]LogPakFile: PakFile FullDirectoryIndexSize=138
[2022.02.13-16.18.29:050][  0]LogShaderLibrary: Display: ShaderCodeLibraryPakFileMountedCallback: PakFile 'C:/Program Files/Epic Games/UE_4.27/FeaturePacks/TP_Puzzle.upack' (chunk index -1, root 'root:/') mounted
[2022.02.13-16.18.29:050][  0]LogShaderLibrary: Display: ShaderCodeLibraryPakFileMountedCallback: pending pak file info (ChunkID:-1 Root:root:/ File:C:/Program Files/Epic Games/UE_4.27/FeaturePacks/TP_Puzzle.upack)
[2022.02.13-16.18.29:050][  0]LogPakFile: OnPakFileMounted2Time == 0.000031
[2022.02.13-16.18.29:050][  0]LogPakFile: PakFile PrimaryIndexSize=184
[2022.02.13-16.18.29:050][  0]LogPakFile: PakFile PathHashIndexSize=101
[2022.02.13-16.18.29:050][  0]LogPakFile: PakFile FullDirectoryIndexSize=142
[2022.02.13-16.18.29:050][  0]LogShaderLibrary: Display: ShaderCodeLibraryPakFileMountedCallback: PakFile 'C:/Program Files/Epic Games/UE_4.27/FeaturePacks/TP_PuzzleBP.upack' (chunk index -1, root 'root:/') mounted
[2022.02.13-16.18.29:050][  0]LogShaderLibrary: Display: ShaderCodeLibraryPakFileMountedCallback: pending pak file info (ChunkID:-1 Root:root:/ File:C:/Program Files/Epic Games/UE_4.27/FeaturePacks/TP_PuzzleBP.upack)
[2022.02.13-16.18.29:050][  0]LogPakFile: OnPakFileMounted2Time == 0.000031
[2022.02.13-16.18.29:050][  0]LogPakFile: PakFile PrimaryIndexSize=183
[2022.02.13-16.18.29:050][  0]LogPakFile: PakFile PathHashIndexSize=101
[2022.02.13-16.18.29:050][  0]LogPakFile: PakFile FullDirectoryIndexSize=140
[2022.02.13-16.18.29:050][  0]LogShaderLibrary: Display: ShaderCodeLibraryPakFileMountedCallback: PakFile 'C:/Program Files/Epic Games/UE_4.27/FeaturePacks/TP_Rolling.upack' (chunk index -1, root 'root:/') mounted
[2022.02.13-16.18.29:050][  0]LogShaderLibrary: Display: ShaderCodeLibraryPakFileMountedCallback: pending pak file info (ChunkID:-1 Root:root:/ File:C:/Program Files/Epic Games/UE_4.27/FeaturePacks/TP_Rolling.upack)
[2022.02.13-16.18.29:050][  0]LogPakFile: OnPakFileMounted2Time == 0.000031
[2022.02.13-16.18.29:051][  0]LogPakFile: PakFile PrimaryIndexSize=185
[2022.02.13-16.18.29:051][  0]LogPakFile: PakFile PathHashIndexSize=101
[2022.02.13-16.18.29:051][  0]LogPakFile: PakFile FullDirectoryIndexSize=144
[2022.02.13-16.18.29:051][  0]LogShaderLibrary: Display: ShaderCodeLibraryPakFileMountedCallback: PakFile 'C:/Program Files/Epic Games/UE_4.27/FeaturePacks/TP_RollingBP.upack' (chunk index -1, root 'root:/') mounted
[2022.02.13-16.18.29:051][  0]LogShaderLibrary: Display: ShaderCodeLibraryPakFileMountedCallback: pending pak file info (ChunkID:-1 Root:root:/ File:C:/Program Files/Epic Games/UE_4.27/FeaturePacks/TP_RollingBP.upack)
[2022.02.13-16.18.29:051][  0]LogPakFile: OnPakFileMounted2Time == 0.000031
[2022.02.13-16.18.29:051][  0]LogPakFile: PakFile PrimaryIndexSize=188
[2022.02.13-16.18.29:051][  0]LogPakFile: PakFile PathHashIndexSize=101
[2022.02.13-16.18.29:051][  0]LogPakFile: PakFile FullDirectoryIndexSize=150
[2022.02.13-16.18.29:051][  0]LogShaderLibrary: Display: ShaderCodeLibraryPakFileMountedCallback: PakFile 'C:/Program Files/Epic Games/UE_4.27/FeaturePacks/TP_SideScroller.upack' (chunk index -1, root 'root:/') mounted
[2022.02.13-16.18.29:051][  0]LogShaderLibrary: Display: ShaderCodeLibraryPakFileMountedCallback: pending pak file info (ChunkID:-1 Root:root:/ File:C:/Program Files/Epic Games/UE_4.27/FeaturePacks/TP_SideScroller.upack)
[2022.02.13-16.18.29:051][  0]LogPakFile: OnPakFileMounted2Time == 0.000031
[2022.02.13-16.18.29:052][  0]LogPakFile: PakFile PrimaryIndexSize=190
[2022.02.13-16.18.29:052][  0]LogPakFile: PakFile PathHashIndexSize=101
[2022.02.13-16.18.29:052][  0]LogPakFile: PakFile FullDirectoryIndexSize=154
[2022.02.13-16.18.29:052][  0]LogShaderLibrary: Display: ShaderCodeLibraryPakFileMountedCallback: PakFile 'C:/Program Files/Epic Games/UE_4.27/FeaturePacks/TP_SideScrollerBP.upack' (chunk index -1, root 'root:/') mounted
[2022.02.13-16.18.29:052][  0]LogShaderLibrary: Display: ShaderCodeLibraryPakFileMountedCallback: pending pak file info (ChunkID:-1 Root:root:/ File:C:/Program Files/Epic Games/UE_4.27/FeaturePacks/TP_SideScrollerBP.upack)
[2022.02.13-16.18.29:052][  0]LogPakFile: OnPakFileMounted2Time == 0.000031
[2022.02.13-16.18.29:052][  0]LogPakFile: PakFile PrimaryIndexSize=187
[2022.02.13-16.18.29:052][  0]LogPakFile: PakFile PathHashIndexSize=101
[2022.02.13-16.18.29:052][  0]LogPakFile: PakFile FullDirectoryIndexSize=148
[2022.02.13-16.18.29:052][  0]LogShaderLibrary: Display: ShaderCodeLibraryPakFileMountedCallback: PakFile 'C:/Program Files/Epic Games/UE_4.27/FeaturePacks/TP_ThirdPerson.upack' (chunk index -1, root 'root:/') mounted
[2022.02.13-16.18.29:052][  0]LogShaderLibrary: Display: ShaderCodeLibraryPakFileMountedCallback: pending pak file info (ChunkID:-1 Root:root:/ File:C:/Program Files/Epic Games/UE_4.27/FeaturePacks/TP_ThirdPerson.upack)
[2022.02.13-16.18.29:052][  0]LogPakFile: OnPakFileMounted2Time == 0.000031
[2022.02.13-16.18.29:053][  0]LogPakFile: PakFile PrimaryIndexSize=189
[2022.02.13-16.18.29:053][  0]LogPakFile: PakFile PathHashIndexSize=101
[2022.02.13-16.18.29:053][  0]LogPakFile: PakFile FullDirectoryIndexSize=152
[2022.02.13-16.18.29:053][  0]LogShaderLibrary: Display: ShaderCodeLibraryPakFileMountedCallback: PakFile 'C:/Program Files/Epic Games/UE_4.27/FeaturePacks/TP_ThirdPersonBP.upack' (chunk index -1, root 'root:/') mounted
[2022.02.13-16.18.29:053][  0]LogShaderLibrary: Display: ShaderCodeLibraryPakFileMountedCallback: pending pak file info (ChunkID:-1 Root:root:/ File:C:/Program Files/Epic Games/UE_4.27/FeaturePacks/TP_ThirdPersonBP.upack)
[2022.02.13-16.18.29:053][  0]LogPakFile: OnPakFileMounted2Time == 0.000031
[2022.02.13-16.18.29:053][  0]LogPakFile: PakFile PrimaryIndexSize=183
[2022.02.13-16.18.29:053][  0]LogPakFile: PakFile PathHashIndexSize=101
[2022.02.13-16.18.29:053][  0]LogPakFile: PakFile FullDirectoryIndexSize=140
[2022.02.13-16.18.29:053][  0]LogShaderLibrary: Display: ShaderCodeLibraryPakFileMountedCallback: PakFile 'C:/Program Files/Epic Games/UE_4.27/FeaturePacks/TP_TopDown.upack' (chunk index -1, root 'root:/') mounted
[2022.02.13-16.18.29:053][  0]LogShaderLibrary: Display: ShaderCodeLibraryPakFileMountedCallback: pending pak file info (ChunkID:-1 Root:root:/ File:C:/Program Files/Epic Games/UE_4.27/FeaturePacks/TP_TopDown.upack)
[2022.02.13-16.18.29:053][  0]LogPakFile: OnPakFileMounted2Time == 0.000037
[2022.02.13-16.18.29:054][  0]LogPakFile: PakFile PrimaryIndexSize=185
[2022.02.13-16.18.29:054][  0]LogPakFile: PakFile PathHashIndexSize=101
[2022.02.13-16.18.29:054][  0]LogPakFile: PakFile FullDirectoryIndexSize=144
[2022.02.13-16.18.29:054][  0]LogShaderLibrary: Display: ShaderCodeLibraryPakFileMountedCallback: PakFile 'C:/Program Files/Epic Games/UE_4.27/FeaturePacks/TP_TopDownBP.upack' (chunk index -1, root 'root:/') mounted
[2022.02.13-16.18.29:054][  0]LogShaderLibrary: Display: ShaderCodeLibraryPakFileMountedCallback: pending pak file info (ChunkID:-1 Root:root:/ File:C:/Program Files/Epic Games/UE_4.27/FeaturePacks/TP_TopDownBP.upack)
[2022.02.13-16.18.29:054][  0]LogPakFile: OnPakFileMounted2Time == 0.000031
[2022.02.13-16.18.29:054][  0]LogPakFile: PakFile PrimaryIndexSize=185
[2022.02.13-16.18.29:054][  0]LogPakFile: PakFile PathHashIndexSize=101
[2022.02.13-16.18.29:054][  0]LogPakFile: PakFile FullDirectoryIndexSize=144
[2022.02.13-16.18.29:054][  0]LogShaderLibrary: Display: ShaderCodeLibraryPakFileMountedCallback: PakFile 'C:/Program Files/Epic Games/UE_4.27/FeaturePacks/TP_TwinStick.upack' (chunk index -1, root 'root:/') mounted
[2022.02.13-16.18.29:054][  0]LogShaderLibrary: Display: ShaderCodeLibraryPakFileMountedCallback: pending pak file info (ChunkID:-1 Root:root:/ File:C:/Program Files/Epic Games/UE_4.27/FeaturePacks/TP_TwinStick.upack)
[2022.02.13-16.18.29:054][  0]LogPakFile: OnPakFileMounted2Time == 0.000031
[2022.02.13-16.18.29:055][  0]LogPakFile: PakFile PrimaryIndexSize=187
[2022.02.13-16.18.29:055][  0]LogPakFile: PakFile PathHashIndexSize=101
[2022.02.13-16.18.29:055][  0]LogPakFile: PakFile FullDirectoryIndexSize=148
[2022.02.13-16.18.29:055][  0]LogShaderLibrary: Display: ShaderCodeLibraryPakFileMountedCallback: PakFile 'C:/Program Files/Epic Games/UE_4.27/FeaturePacks/TP_TwinStickBP.upack' (chunk index -1, root 'root:/') mounted
[2022.02.13-16.18.29:055][  0]LogShaderLibrary: Display: ShaderCodeLibraryPakFileMountedCallback: pending pak file info (ChunkID:-1 Root:root:/ File:C:/Program Files/Epic Games/UE_4.27/FeaturePacks/TP_TwinStickBP.upack)
[2022.02.13-16.18.29:055][  0]LogPakFile: OnPakFileMounted2Time == 0.000031
[2022.02.13-16.18.29:055][  0]LogPakFile: PakFile PrimaryIndexSize=183
[2022.02.13-16.18.29:055][  0]LogPakFile: PakFile PathHashIndexSize=101
[2022.02.13-16.18.29:055][  0]LogPakFile: PakFile FullDirectoryIndexSize=140
[2022.02.13-16.18.29:055][  0]LogShaderLibrary: Display: ShaderCodeLibraryPakFileMountedCallback: PakFile 'C:/Program Files/Epic Games/UE_4.27/FeaturePacks/TP_Vehicle.upack' (chunk index -1, root 'root:/') mounted
[2022.02.13-16.18.29:055][  0]LogShaderLibrary: Display: ShaderCodeLibraryPakFileMountedCallback: pending pak file info (ChunkID:-1 Root:root:/ File:C:/Program Files/Epic Games/UE_4.27/FeaturePacks/TP_Vehicle.upack)
[2022.02.13-16.18.29:055][  0]LogPakFile: OnPakFileMounted2Time == 0.000031
[2022.02.13-16.18.29:055][  0]LogPakFile: PakFile PrimaryIndexSize=186
[2022.02.13-16.18.29:055][  0]LogPakFile: PakFile PathHashIndexSize=101
[2022.02.13-16.18.29:056][  0]LogPakFile: PakFile FullDirectoryIndexSize=146
[2022.02.13-16.18.29:056][  0]LogShaderLibrary: Display: ShaderCodeLibraryPakFileMountedCallback: PakFile 'C:/Program Files/Epic Games/UE_4.27/FeaturePacks/TP_VehicleAdv.upack' (chunk index -1, root 'root:/') mounted
[2022.02.13-16.18.29:056][  0]LogShaderLibrary: Display: ShaderCodeLibraryPakFileMountedCallback: pending pak file info (ChunkID:-1 Root:root:/ File:C:/Program Files/Epic Games/UE_4.27/FeaturePacks/TP_VehicleAdv.upack)
[2022.02.13-16.18.29:056][  0]LogPakFile: OnPakFileMounted2Time == 0.000032
[2022.02.13-16.18.29:056][  0]LogPakFile: PakFile PrimaryIndexSize=188
[2022.02.13-16.18.29:056][  0]LogPakFile: PakFile PathHashIndexSize=101
[2022.02.13-16.18.29:056][  0]LogPakFile: PakFile FullDirectoryIndexSize=150
[2022.02.13-16.18.29:056][  0]LogShaderLibrary: Display: ShaderCodeLibraryPakFileMountedCallback: PakFile 'C:/Program Files/Epic Games/UE_4.27/FeaturePacks/TP_VehicleAdvBP.upack' (chunk index -1, root 'root:/') mounted
[2022.02.13-16.18.29:056][  0]LogShaderLibrary: Display: ShaderCodeLibraryPakFileMountedCallback: pending pak file info (ChunkID:-1 Root:root:/ File:C:/Program Files/Epic Games/UE_4.27/FeaturePacks/TP_VehicleAdvBP.upack)
[2022.02.13-16.18.29:056][  0]LogPakFile: OnPakFileMounted2Time == 0.000033
[2022.02.13-16.18.29:057][  0]LogPakFile: PakFile PrimaryIndexSize=185
[2022.02.13-16.18.29:057][  0]LogPakFile: PakFile PathHashIndexSize=101
[2022.02.13-16.18.29:057][  0]LogPakFile: PakFile FullDirectoryIndexSize=144
[2022.02.13-16.18.29:057][  0]LogShaderLibrary: Display: ShaderCodeLibraryPakFileMountedCallback: PakFile 'C:/Program Files/Epic Games/UE_4.27/FeaturePacks/TP_VehicleBP.upack' (chunk index -1, root 'root:/') mounted
[2022.02.13-16.18.29:057][  0]LogShaderLibrary: Display: ShaderCodeLibraryPakFileMountedCallback: pending pak file info (ChunkID:-1 Root:root:/ File:C:/Program Files/Epic Games/UE_4.27/FeaturePacks/TP_VehicleBP.upack)
[2022.02.13-16.18.29:057][  0]LogPakFile: OnPakFileMounted2Time == 0.000031
[2022.02.13-16.18.29:057][  0]LogPakFile: PakFile PrimaryIndexSize=192
[2022.02.13-16.18.29:057][  0]LogPakFile: PakFile PathHashIndexSize=101
[2022.02.13-16.18.29:057][  0]LogPakFile: PakFile FullDirectoryIndexSize=158
[2022.02.13-16.18.29:057][  0]LogShaderLibrary: Display: ShaderCodeLibraryPakFileMountedCallback: PakFile 'C:/Program Files/Epic Games/UE_4.27/FeaturePacks/TP_VirtualRealityBP.upack' (chunk index -1, root 'root:/') mounted
[2022.02.13-16.18.29:057][  0]LogShaderLibrary: Display: ShaderCodeLibraryPakFileMountedCallback: pending pak file info (ChunkID:-1 Root:root:/ File:C:/Program Files/Epic Games/UE_4.27/FeaturePacks/TP_VirtualRealityBP.upack)
[2022.02.13-16.18.29:057][  0]LogPakFile: OnPakFileMounted2Time == 0.000032
[2022.02.13-16.18.29:091][  0]LogNativeClassHierarchy: Verbose: Native class hierarchy updated for 'AddContentDialog' in 0.0003 seconds. Added 0 classes and 0 folders.
[2022.02.13-16.18.29:092][  0]LogNativeClassHierarchy: Verbose: Native class hierarchy updated for 'SceneOutliner' in 0.0003 seconds. Added 2 classes and 0 folders.
[2022.02.13-16.18.29:249][  0]LogSlate: Took 0.000160 seconds to synchronously load lazily loaded font '../../../Engine/Content/Slate/Fonts/Roboto-Regular.ttf' (155K)
[2022.02.13-16.18.29:251][  0]LogSlate: Took 0.000244 seconds to synchronously load lazily loaded font '../../../Engine/Content/Editor/Slate/Fonts/FontAwesome.ttf' (139K)
[2022.02.13-16.18.29:252][  0]LogSlate: Took 0.000209 seconds to synchronously load lazily loaded font '../../../Engine/Content/Slate/Fonts/Roboto-Bold.ttf' (160K)
[2022.02.13-16.18.29:394][  0]LogRenderer: Reallocating scene render targets to support 744x304 Format 10 NumSamples 1 (Frame:1).
[2022.02.13-16.18.29:653][  0]LogNativeClassHierarchy: Verbose: Native class hierarchy updated for 'HierarchicalLODOutliner' in 0.0003 seconds. Added 0 classes and 0 folders.
[2022.02.13-16.18.29:653][  0]LogInput: Warning: Action Jump uses invalid key OculusGo_Left_Trigger_Click.
[2022.02.13-16.18.29:653][  0]LogInput: Warning: Action ResetVR uses invalid key OculusGo_Left_Trackpad_Click.
[2022.02.13-16.18.29:653][  0]LogInput: Warning: Use -RemoveInvalidKeys to remove instances of these keys from the action mapping.
[2022.02.13-16.18.29:653][  0]LogLoad: (Engine Initialization) Total time: 8.47 seconds
[2022.02.13-16.18.29:653][  0]LogLoad: (Engine Initialization) Total Blueprint compile time: 0.00 seconds
[2022.02.13-16.18.29:731][  0]LogAssetRegistry: Asset discovery search completed in 5.5233 seconds
[2022.02.13-16.18.29:737][  0]LogCollectionManager: Fixed up redirectors for 0 collections in 0.000003 seconds (updated 0 objects)
[2022.02.13-16.18.29:739][  0]LogContentStreaming: Texture pool size now 1000 MB
[2022.02.13-16.18.29:896][  2]LogSlate: Took 0.000122 seconds to synchronously load lazily loaded font '../../../Engine/Content/Slate/Fonts/Roboto-Light.ttf' (167K)
[2022.02.13-16.18.30:697][ 48]LogSlate: Took 0.000174 seconds to synchronously load lazily loaded font '../../../Engine/Content/Slate/Fonts/Roboto-Light.ttf' (167K)
[2022.02.13-16.18.34:796][274]LogFileCache: Retrieving MD5 hashes for directory 'C:/Users/annie/Desktop/Unreal Project/BossGame/Content/' took 5.12s
[2022.02.13-16.18.36:408][363]LogAssetEditorSubsystem: Opening Asset editor for Blueprint /Game/Blueprints/BP_Character.BP_Character
[2022.02.13-16.18.36:606][363]LogNativeClassHierarchy: Verbose: Native class hierarchy updated for 'BlueprintGraph' in 0.0005 seconds. Added 126 classes and 0 folders.
[2022.02.13-16.18.37:509][363]LogSlate: Took 0.000169 seconds to synchronously load lazily loaded font '../../../Engine/Content/Slate/Fonts/Roboto-BoldCondensed.ttf' (158K)
[2022.02.13-16.18.37:693][363]LogSlate: Took 0.000108 seconds to synchronously load lazily loaded font '../../../Engine/Content/Slate/Fonts/DroidSansMono.ttf' (77K)
[2022.02.13-16.18.37:712][364]LogSlate: Took 0.000147 seconds to synchronously load lazily loaded font '../../../Engine/Content/Slate/Fonts/Roboto-Italic.ttf' (157K)
[2022.02.13-16.18.46:843][727]LogSlate: Window 'Delete Variable' being destroyed
[2022.02.13-16.18.54:494][142]LogSlate: Took 0.001509 seconds to synchronously load lazily loaded font '../../../Engine/Content/Slate/Fonts/DroidSansFallback.ttf' (3848K)
[2022.02.13-16.19.03:933][674]LogSlate: Took 0.000158 seconds to synchronously load lazily loaded font '../../../Engine/Content/Slate/Fonts/Roboto-BoldCondensedItalic.ttf' (160K)
[2022.02.13-16.19.54:395][545]LogEditorTransaction: Undo Move Node
[2022.02.13-16.19.55:327][577]LogEditorTransaction: Undo Create Reroute Node
[2022.02.13-16.21.04:620][605]BlueprintLog: New page: Compile BP_Character
[2022.02.13-16.21.04:661][605]LogOutputDevice: Warning: 

Script Stack (0 frames):

[2022.02.13-16.21.04:661][605]LogWindows: Windows GetLastError: 操作順利完成。 (0)
[2022.02.13-16.21.05:701][605]LogWindows: Error: === Critical error: ===
[2022.02.13-16.21.05:701][605]LogWindows: Error: 
[2022.02.13-16.21.05:701][605]LogWindows: Error: Assertion failed: Tag.Size == Loaded [File:D:/Build/++UE4/Sync/Engine/Source/Runtime/CoreUObject/Private/UObject/Class.cpp] [Line: 1499] 
[2022.02.13-16.21.05:701][605]LogWindows: Error: 
[2022.02.13-16.21.05:701][605]LogWindows: Error: 
[2022.02.13-16.21.05:702][605]LogWindows: Error: 
[2022.02.13-16.21.05:702][605]LogWindows: Error: [Callstack] 0x00007ffc19714f69 KERNELBASE.dll!UnknownFunction []
[2022.02.13-16.21.05:702][605]LogWindows: Error: [Callstack] 0x00007ffbd29e0216 UE4Editor-Core.dll!UnknownFunction []
[2022.02.13-16.21.05:702][605]LogWindows: Error: [Callstack] 0x00007ffbd29e4218 UE4Editor-Core.dll!UnknownFunction []
[2022.02.13-16.21.05:702][605]LogWindows: Error: [Callstack] 0x00007ffbd270242d UE4Editor-Core.dll!UnknownFunction []
[2022.02.13-16.21.05:702][605]LogWindows: Error: [Callstack] 0x00007ffbd2656a45 UE4Editor-Core.dll!UnknownFunction []
[2022.02.13-16.21.05:702][605]LogWindows: Error: [Callstack] 0x00007ffbd26580a0 UE4Editor-Core.dll!UnknownFunction []
[2022.02.13-16.21.05:702][605]LogWindows: Error: [Callstack] 0x00007ffbd33a9cb7 UE4Editor-CoreUObject.dll!UnknownFunction []
[2022.02.13-16.21.05:702][605]LogWindows: Error: [Callstack] 0x00007ffbd33a7c3c UE4Editor-CoreUObject.dll!UnknownFunction []
[2022.02.13-16.21.05:702][605]LogWindows: Error: [Callstack] 0x00007ffbd3566d74 UE4Editor-CoreUObject.dll!UnknownFunction []
[2022.02.13-16.21.05:702][605]LogWindows: Error: [Callstack] 0x00007ffbd3563470 UE4Editor-CoreUObject.dll!UnknownFunction []
[2022.02.13-16.21.05:702][605]LogWindows: Error: [Callstack] 0x00007ffbd3562edb UE4Editor-CoreUObject.dll!UnknownFunction []
[2022.02.13-16.21.05:702][605]LogWindows: Error: [Callstack] 0x00007ffbca037579 UE4Editor-Engine.dll!UnknownFunction []
[2022.02.13-16.21.05:702][605]LogWindows: Error: [Callstack] 0x00007ffbcb28df66 UE4Editor-Engine.dll!UnknownFunction []
[2022.02.13-16.21.05:702][605]LogWindows: Error: [Callstack] 0x00007ffbc8c546b2 UE4Editor-UnrealEd.dll!UnknownFunction []
[2022.02.13-16.21.05:702][605]LogWindows: Error: [Callstack] 0x00007ffbad9cdc87 UE4Editor-Kismet.dll!UnknownFunction []
[2022.02.13-16.21.05:702][605]LogWindows: Error: [Callstack] 0x00007ffbad976027 UE4Editor-Kismet.dll!UnknownFunction []
[2022.02.13-16.21.05:702][605]LogWindows: Error: [Callstack] 0x00007ffbad91c02f UE4Editor-Kismet.dll!UnknownFunction []
[2022.02.13-16.21.05:702][605]LogWindows: Error: [Callstack] 0x00007ffbad91bd71 UE4Editor-Kismet.dll!UnknownFunction []
[2022.02.13-16.21.05:702][605]LogWindows: Error: [Callstack] 0x00007ffbc8c500de UE4Editor-UnrealEd.dll!UnknownFunction []
[2022.02.13-16.21.05:702][605]LogWindows: Error: [Callstack] 0x00007ffbada1ee7c UE4Editor-Kismet.dll!UnknownFunction []
[2022.02.13-16.21.05:702][605]LogWindows: Error: [Callstack] 0x00007ffbada3ca46 UE4Editor-Kismet.dll!UnknownFunction []
[2022.02.13-16.21.05:702][605]LogWindows: Error: [Callstack] 0x00007ffbd1b6cf28 UE4Editor-Slate.dll!UnknownFunction []
[2022.02.13-16.21.05:702][605]LogWindows: Error: [Callstack] 0x00007ffbd1b92082 UE4Editor-Slate.dll!UnknownFunction []
[2022.02.13-16.21.05:703][605]LogWindows: Error: [Callstack] 0x00007ffbd1b6ca87 UE4Editor-Slate.dll!UnknownFunction []
[2022.02.13-16.21.05:703][605]LogWindows: Error: [Callstack] 0x00007ffbd1c0a6fe UE4Editor-Slate.dll!UnknownFunction []
[2022.02.13-16.21.05:703][605]LogWindows: Error: [Callstack] 0x00007ffbd1c2280e UE4Editor-Slate.dll!UnknownFunction []
[2022.02.13-16.21.05:703][605]LogWindows: Error: [Callstack] 0x00007ffbd1a7421e UE4Editor-Slate.dll!UnknownFunction []
[2022.02.13-16.21.05:703][605]LogWindows: Error: [Callstack] 0x00007ffbd1aee104 UE4Editor-Slate.dll!UnknownFunction []
[2022.02.13-16.21.05:703][605]LogWindows: Error: [Callstack] 0x00007ffbd1ad7097 UE4Editor-Slate.dll!UnknownFunction []
[2022.02.13-16.21.05:703][605]LogWindows: Error: [Callstack] 0x00007ffbd1ac9b62 UE4Editor-Slate.dll!UnknownFunction []
[2022.02.13-16.21.05:703][605]LogWindows: Error: [Callstack] 0x00007ffbd74bc025 UE4Editor-ApplicationCore.dll!UnknownFunction []
[2022.02.13-16.21.05:703][605]LogWindows: Error: [Callstack] 0x00007ffbd74a92b7 UE4Editor-ApplicationCore.dll!UnknownFunction []
[2022.02.13-16.21.05:703][605]LogWindows: Error: [Callstack] 0x00007ffbd74be465 UE4Editor-ApplicationCore.dll!UnknownFunction []
[2022.02.13-16.21.05:703][605]LogWindows: Error: [Callstack] 0x00007ffbd74a4410 UE4Editor-ApplicationCore.dll!UnknownFunction []
[2022.02.13-16.21.05:703][605]LogWindows: Error: [Callstack] 0x00007ffc1a76e858 USER32.dll!UnknownFunction []
[2022.02.13-16.21.05:703][605]LogWindows: Error: [Callstack] 0x00007ffc1a76e299 USER32.dll!UnknownFunction []
[2022.02.13-16.21.05:703][605]LogWindows: Error: [Callstack] 0x00007ffbd74bfcd4 UE4Editor-ApplicationCore.dll!UnknownFunction []
[2022.02.13-16.21.05:703][605]LogWindows: Error: [Callstack] 0x00007ff757cd7621 UE4Editor.exe!UnknownFunction []
[2022.02.13-16.21.05:703][605]LogWindows: Error: [Callstack] 0x00007ff757cf0fcc UE4Editor.exe!UnknownFunction []
[2022.02.13-16.21.05:703][605]LogWindows: Error: [Callstack] 0x00007ff757cf10ba UE4Editor.exe!UnknownFunction []
[2022.02.13-16.21.05:703][605]LogWindows: Error: [Callstack] 0x00007ff757cf40dd UE4Editor.exe!UnknownFunction []
[2022.02.13-16.21.05:703][605]LogWindows: Error: [Callstack] 0x00007ff757d05984 UE4Editor.exe!UnknownFunction []
[2022.02.13-16.21.05:703][605]LogWindows: Error: [Callstack] 0x00007ff757d0853a UE4Editor.exe!UnknownFunction []
[2022.02.13-16.21.05:703][605]LogWindows: Error: [Callstack] 0x00007ffc1a917034 KERNEL32.DLL!UnknownFunction []
[2022.02.13-16.21.05:703][605]LogWindows: Error: [Callstack] 0x00007ffc1bba2651 ntdll.dll!UnknownFunction []
[2022.02.13-16.21.05:703][605]LogWindows: Error: 
[2022.02.13-16.21.05:713][605]LogExit: Executing StaticShutdownAfterError
[2022.02.13-16.21.05:716][605]LogWindows: FPlatformMisc::RequestExit(1)
[2022.02.13-16.21.05:717][605]LogWindows: FPlatformMisc::RequestExitWithStatus(1, 3)
[2022.02.13-16.21.05:717][605]LogCore: Engine exit requested (reason: Win RequestExit)
[2022.02.13-16.21.05:725][605]Log file closed, 02/14/22 00:21:05
